Building DAG of jobs...
Using shell: /usr/bin/bash
Provided cluster nodes: 100
Job counts:
	count	jobs
	148	adapter_removal_paired
	148	aggregate_reads
	148	aggregate_results
	1	all
	1	classic_biom
	148	contigs_mapping
	148	fastqc
	1	fastqc_report
	296	filter_reads
	148	final_filter
	148	find_low_complexity
	148	get_coverage
	1	kraken_biom
	148	kraken_classify
	148	kraken_report
	148	mapping_depth
	148	megahit_paired
	1	multiqc_report
	1	preprocess_report
	296	qc_final
	296	remove_low_complexity
	296	sample_intake
	1	summarize_coverage
	148	trimmomatic_paired
	3115

[Tue Aug  3 18:27:58 2021]
rule sample_intake:
    input: /mnt/isilon/zackular_lab_hpc/data/DYNAMIC_metagenomics_2020/raw_fastq/SRR10029251_1.fastq.gz
    output: /mnt/isilon/zackular_lab_hpc/users/dic/projects/DYNAMIC_metagenomics_2020/sunbeam_output/qc/00_samples/SRR10029251_1.fastq.gz
    jobid: 2703
    wildcards: sample=SRR10029251, rp=1

Submitted job 2703 with external jobid 'Submitted batch job 5846251'.

[Tue Aug  3 18:27:58 2021]
rule sample_intake:
    input: /mnt/isilon/zackular_lab_hpc/data/DYNAMIC_metagenomics_2020/raw_fastq/SRR10029154_1.fastq.gz
    output: /mnt/isilon/zackular_lab_hpc/users/dic/projects/DYNAMIC_metagenomics_2020/sunbeam_output/qc/00_samples/SRR10029154_1.fastq.gz
    jobid: 2553
    wildcards: sample=SRR10029154, rp=1

Submitted job 2553 with external jobid 'Submitted batch job 5846253'.

[Tue Aug  3 18:27:58 2021]
rule sample_intake:
    input: /mnt/isilon/zackular_lab_hpc/data/DYNAMIC_metagenomics_2020/raw_fastq/SRR10029159_1.fastq.gz
    output: /mnt/isilon/zackular_lab_hpc/users/dic/projects/DYNAMIC_metagenomics_2020/sunbeam_output/qc/00_samples/SRR10029159_1.fastq.gz
    jobid: 2593
    wildcards: sample=SRR10029159, rp=1

Submitted job 2593 with external jobid 'Submitted batch job 5846254'.

[Tue Aug  3 18:27:58 2021]
rule sample_intake:
    input: /mnt/isilon/zackular_lab_hpc/data/DYNAMIC_metagenomics_2020/raw_fastq/SRR10029243_1.fastq.gz
    output: /mnt/isilon/zackular_lab_hpc/users/dic/projects/DYNAMIC_metagenomics_2020/sunbeam_output/qc/00_samples/SRR10029243_1.fastq.gz
    jobid: 2683
    wildcards: sample=SRR10029243, rp=1

Submitted job 2683 with external jobid 'Submitted batch job 5846255'.

[Tue Aug  3 18:27:58 2021]
rule sample_intake:
    input: /mnt/isilon/zackular_lab_hpc/data/DYNAMIC_metagenomics_2020/raw_fastq/SRR10029208_2.fastq.gz
    output: /mnt/isilon/zackular_lab_hpc/users/dic/projects/DYNAMIC_metagenomics_2020/sunbeam_output/qc/00_samples/SRR10029208_2.fastq.gz
    jobid: 2614
    wildcards: sample=SRR10029208, rp=2

Submitted job 2614 with external jobid 'Submitted batch job 5846256'.

[Tue Aug  3 18:27:58 2021]
rule sample_intake:
    input: /mnt/isilon/zackular_lab_hpc/data/DYNAMIC_metagenomics_2020/raw_fastq/SRR10029150_2.fastq.gz
    output: /mnt/isilon/zackular_lab_hpc/users/dic/projects/DYNAMIC_metagenomics_2020/sunbeam_output/qc/00_samples/SRR10029150_2.fastq.gz
    jobid: 2604
    wildcards: sample=SRR10029150, rp=2

Submitted job 2604 with external jobid 'Submitted batch job 5846257'.

[Tue Aug  3 18:27:58 2021]
rule sample_intake:
    input: /mnt/isilon/zackular_lab_hpc/data/DYNAMIC_metagenomics_2020/raw_fastq/SRR10029264_1.fastq.gz
    output: /mnt/isilon/zackular_lab_hpc/users/dic/projects/DYNAMIC_metagenomics_2020/sunbeam_output/qc/00_samples/SRR10029264_1.fastq.gz
    jobid: 2765
    wildcards: sample=SRR10029264, rp=1

Submitted job 2765 with external jobid 'Submitted batch job 5846258'.

[Tue Aug  3 18:27:58 2021]
rule sample_intake:
    input: /mnt/isilon/zackular_lab_hpc/data/DYNAMIC_metagenomics_2020/raw_fastq/SRR10029200_1.fastq.gz
    output: /mnt/isilon/zackular_lab_hpc/users/dic/projects/DYNAMIC_metagenomics_2020/sunbeam_output/qc/00_samples/SRR10029200_1.fastq.gz
    jobid: 2529
    wildcards: sample=SRR10029200, rp=1

Submitted job 2529 with external jobid 'Submitted batch job 5846259'.

[Tue Aug  3 18:27:58 2021]
rule sample_intake:
    input: /mnt/isilon/zackular_lab_hpc/data/DYNAMIC_metagenomics_2020/raw_fastq/SRR10029171_1.fastq.gz
    output: /mnt/isilon/zackular_lab_hpc/users/dic/projects/DYNAMIC_metagenomics_2020/sunbeam_output/qc/00_samples/SRR10029171_1.fastq.gz
    jobid: 2651
    wildcards: sample=SRR10029171, rp=1

Submitted job 2651 with external jobid 'Submitted batch job 5846260'.

[Tue Aug  3 18:27:58 2021]
rule sample_intake:
    input: /mnt/isilon/zackular_lab_hpc/data/DYNAMIC_metagenomics_2020/raw_fastq/SRR10029149_2.fastq.gz
    output: /mnt/isilon/zackular_lab_hpc/users/dic/projects/DYNAMIC_metagenomics_2020/sunbeam_output/qc/00_samples/SRR10029149_2.fastq.gz
    jobid: 2556
    wildcards: sample=SRR10029149, rp=2

Submitted job 2556 with external jobid 'Submitted batch job 5846261'.

[Tue Aug  3 18:27:59 2021]
rule sample_intake:
    input: /mnt/isilon/zackular_lab_hpc/data/DYNAMIC_metagenomics_2020/raw_fastq/SRR10029259_1.fastq.gz
    output: /mnt/isilon/zackular_lab_hpc/users/dic/projects/DYNAMIC_metagenomics_2020/sunbeam_output/qc/00_samples/SRR10029259_1.fastq.gz
    jobid: 2531
    wildcards: sample=SRR10029259, rp=1

Submitted job 2531 with external jobid 'Submitted batch job 5846262'.

[Tue Aug  3 18:27:59 2021]
rule sample_intake:
    input: /mnt/isilon/zackular_lab_hpc/data/DYNAMIC_metagenomics_2020/raw_fastq/SRR10029210_2.fastq.gz
    output: /mnt/isilon/zackular_lab_hpc/users/dic/projects/DYNAMIC_metagenomics_2020/sunbeam_output/qc/00_samples/SRR10029210_2.fastq.gz
    jobid: 2718
    wildcards: sample=SRR10029210, rp=2

Submitted job 2718 with external jobid 'Submitted batch job 5846263'.

[Tue Aug  3 18:27:59 2021]
rule sample_intake:
    input: /mnt/isilon/zackular_lab_hpc/data/DYNAMIC_metagenomics_2020/raw_fastq/SRR10029136_2.fastq.gz
    output: /mnt/isilon/zackular_lab_hpc/users/dic/projects/DYNAMIC_metagenomics_2020/sunbeam_output/qc/00_samples/SRR10029136_2.fastq.gz
    jobid: 2802
    wildcards: sample=SRR10029136, rp=2

Submitted job 2802 with external jobid 'Submitted batch job 5846264'.

[Tue Aug  3 18:27:59 2021]
rule sample_intake:
    input: /mnt/isilon/zackular_lab_hpc/data/DYNAMIC_metagenomics_2020/raw_fastq/SRR10029148_1.fastq.gz
    output: /mnt/isilon/zackular_lab_hpc/users/dic/projects/DYNAMIC_metagenomics_2020/sunbeam_output/qc/00_samples/SRR10029148_1.fastq.gz
    jobid: 2575
    wildcards: sample=SRR10029148, rp=1

Submitted job 2575 with external jobid 'Submitted batch job 5846265'.

[Tue Aug  3 18:27:59 2021]
rule sample_intake:
    input: /mnt/isilon/zackular_lab_hpc/data/DYNAMIC_metagenomics_2020/raw_fastq/SRR10029135_2.fastq.gz
    output: /mnt/isilon/zackular_lab_hpc/users/dic/projects/DYNAMIC_metagenomics_2020/sunbeam_output/qc/00_samples/SRR10029135_2.fastq.gz
    jobid: 2612
    wildcards: sample=SRR10029135, rp=2

Submitted job 2612 with external jobid 'Submitted batch job 5846266'.

[Tue Aug  3 18:27:59 2021]
rule sample_intake:
    input: /mnt/isilon/zackular_lab_hpc/data/DYNAMIC_metagenomics_2020/raw_fastq/SRR10029160_1.fastq.gz
    output: /mnt/isilon/zackular_lab_hpc/users/dic/projects/DYNAMIC_metagenomics_2020/sunbeam_output/qc/00_samples/SRR10029160_1.fastq.gz
    jobid: 2667
    wildcards: sample=SRR10029160, rp=1

Submitted job 2667 with external jobid 'Submitted batch job 5846267'.

[Tue Aug  3 18:27:59 2021]
rule sample_intake:
    input: /mnt/isilon/zackular_lab_hpc/data/DYNAMIC_metagenomics_2020/raw_fastq/SRR10029168_1.fastq.gz
    output: /mnt/isilon/zackular_lab_hpc/users/dic/projects/DYNAMIC_metagenomics_2020/sunbeam_output/qc/00_samples/SRR10029168_1.fastq.gz
    jobid: 2773
    wildcards: sample=SRR10029168, rp=1

Submitted job 2773 with external jobid 'Submitted batch job 5846268'.

[Tue Aug  3 18:27:59 2021]
rule sample_intake:
    input: /mnt/isilon/zackular_lab_hpc/data/DYNAMIC_metagenomics_2020/raw_fastq/SRR10029127_2.fastq.gz
    output: /mnt/isilon/zackular_lab_hpc/users/dic/projects/DYNAMIC_metagenomics_2020/sunbeam_output/qc/00_samples/SRR10029127_2.fastq.gz
    jobid: 2638
    wildcards: sample=SRR10029127, rp=2

Submitted job 2638 with external jobid 'Submitted batch job 5846269'.

[Tue Aug  3 18:27:59 2021]
rule sample_intake:
    input: /mnt/isilon/zackular_lab_hpc/data/DYNAMIC_metagenomics_2020/raw_fastq/SRR10029147_1.fastq.gz
    output: /mnt/isilon/zackular_lab_hpc/users/dic/projects/DYNAMIC_metagenomics_2020/sunbeam_output/qc/00_samples/SRR10029147_1.fastq.gz
    jobid: 2559
    wildcards: sample=SRR10029147, rp=1

Submitted job 2559 with external jobid 'Submitted batch job 5846270'.

[Tue Aug  3 18:27:59 2021]
rule sample_intake:
    input: /mnt/isilon/zackular_lab_hpc/data/DYNAMIC_metagenomics_2020/raw_fastq/SRR10029252_2.fastq.gz
    output: /mnt/isilon/zackular_lab_hpc/users/dic/projects/DYNAMIC_metagenomics_2020/sunbeam_output/qc/00_samples/SRR10029252_2.fastq.gz
    jobid: 2768
    wildcards: sample=SRR10029252, rp=2

Submitted job 2768 with external jobid 'Submitted batch job 5846271'.

[Tue Aug  3 18:28:00 2021]
rule sample_intake:
    input: /mnt/isilon/zackular_lab_hpc/data/DYNAMIC_metagenomics_2020/raw_fastq/SRR10029268_2.fastq.gz
    output: /mnt/isilon/zackular_lab_hpc/users/dic/projects/DYNAMIC_metagenomics_2020/sunbeam_output/qc/00_samples/SRR10029268_2.fastq.gz
    jobid: 2552
    wildcards: sample=SRR10029268, rp=2

Submitted job 2552 with external jobid 'Submitted batch job 5846272'.

[Tue Aug  3 18:28:00 2021]
rule sample_intake:
    input: /mnt/isilon/zackular_lab_hpc/data/DYNAMIC_metagenomics_2020/raw_fastq/SRR10029124_1.fastq.gz
    output: /mnt/isilon/zackular_lab_hpc/users/dic/projects/DYNAMIC_metagenomics_2020/sunbeam_output/qc/00_samples/SRR10029124_1.fastq.gz
    jobid: 2747
    wildcards: sample=SRR10029124, rp=1

Submitted job 2747 with external jobid 'Submitted batch job 5846273'.

[Tue Aug  3 18:28:00 2021]
rule sample_intake:
    input: /mnt/isilon/zackular_lab_hpc/data/DYNAMIC_metagenomics_2020/raw_fastq/SRR10029236_2.fastq.gz
    output: /mnt/isilon/zackular_lab_hpc/users/dic/projects/DYNAMIC_metagenomics_2020/sunbeam_output/qc/00_samples/SRR10029236_2.fastq.gz
    jobid: 2712
    wildcards: sample=SRR10029236, rp=2

Submitted job 2712 with external jobid 'Submitted batch job 5846274'.

[Tue Aug  3 18:28:00 2021]
rule sample_intake:
    input: /mnt/isilon/zackular_lab_hpc/data/DYNAMIC_metagenomics_2020/raw_fastq/SRR10029253_1.fastq.gz
    output: /mnt/isilon/zackular_lab_hpc/users/dic/projects/DYNAMIC_metagenomics_2020/sunbeam_output/qc/00_samples/SRR10029253_1.fastq.gz
    jobid: 2549
    wildcards: sample=SRR10029253, rp=1

Submitted job 2549 with external jobid 'Submitted batch job 5846275'.

[Tue Aug  3 18:28:00 2021]
rule sample_intake:
    input: /mnt/isilon/zackular_lab_hpc/data/DYNAMIC_metagenomics_2020/raw_fastq/SRR10029158_2.fastq.gz
    output: /mnt/isilon/zackular_lab_hpc/users/dic/projects/DYNAMIC_metagenomics_2020/sunbeam_output/qc/00_samples/SRR10029158_2.fastq.gz
    jobid: 2600
    wildcards: sample=SRR10029158, rp=2

Submitted job 2600 with external jobid 'Submitted batch job 5846276'.

[Tue Aug  3 18:28:00 2021]
rule sample_intake:
    input: /mnt/isilon/zackular_lab_hpc/data/DYNAMIC_metagenomics_2020/raw_fastq/SRR10029140_2.fastq.gz
    output: /mnt/isilon/zackular_lab_hpc/users/dic/projects/DYNAMIC_metagenomics_2020/sunbeam_output/qc/00_samples/SRR10029140_2.fastq.gz
    jobid: 2558
    wildcards: sample=SRR10029140, rp=2

Submitted job 2558 with external jobid 'Submitted batch job 5846277'.

[Tue Aug  3 18:28:00 2021]
rule sample_intake:
    input: /mnt/isilon/zackular_lab_hpc/data/DYNAMIC_metagenomics_2020/raw_fastq/SRR10029190_2.fastq.gz
    output: /mnt/isilon/zackular_lab_hpc/users/dic/projects/DYNAMIC_metagenomics_2020/sunbeam_output/qc/00_samples/SRR10029190_2.fastq.gz
    jobid: 2738
    wildcards: sample=SRR10029190, rp=2

Submitted job 2738 with external jobid 'Submitted batch job 5846278'.

[Tue Aug  3 18:28:00 2021]
rule sample_intake:
    input: /mnt/isilon/zackular_lab_hpc/data/DYNAMIC_metagenomics_2020/raw_fastq/SRR10029137_2.fastq.gz
    output: /mnt/isilon/zackular_lab_hpc/users/dic/projects/DYNAMIC_metagenomics_2020/sunbeam_output/qc/00_samples/SRR10029137_2.fastq.gz
    jobid: 2710
    wildcards: sample=SRR10029137, rp=2

Submitted job 2710 with external jobid 'Submitted batch job 5846279'.

[Tue Aug  3 18:28:00 2021]
rule sample_intake:
    input: /mnt/isilon/zackular_lab_hpc/data/DYNAMIC_metagenomics_2020/raw_fastq/SRR10029250_1.fastq.gz
    output: /mnt/isilon/zackular_lab_hpc/users/dic/projects/DYNAMIC_metagenomics_2020/sunbeam_output/qc/00_samples/SRR10029250_1.fastq.gz
    jobid: 2689
    wildcards: sample=SRR10029250, rp=1

Submitted job 2689 with external jobid 'Submitted batch job 5846280'.

[Tue Aug  3 18:28:00 2021]
rule sample_intake:
    input: /mnt/isilon/zackular_lab_hpc/data/DYNAMIC_metagenomics_2020/raw_fastq/SRR10029245_1.fastq.gz
    output: /mnt/isilon/zackular_lab_hpc/users/dic/projects/DYNAMIC_metagenomics_2020/sunbeam_output/qc/00_samples/SRR10029245_1.fastq.gz
    jobid: 2807
    wildcards: sample=SRR10029245, rp=1

Submitted job 2807 with external jobid 'Submitted batch job 5846281'.

[Tue Aug  3 18:28:01 2021]
rule sample_intake:
    input: /mnt/isilon/zackular_lab_hpc/data/DYNAMIC_metagenomics_2020/raw_fastq/SRR10029145_1.fastq.gz
    output: /mnt/isilon/zackular_lab_hpc/users/dic/projects/DYNAMIC_metagenomics_2020/sunbeam_output/qc/00_samples/SRR10029145_1.fastq.gz
    jobid: 2733
    wildcards: sample=SRR10029145, rp=1

Submitted job 2733 with external jobid 'Submitted batch job 5846283'.

[Tue Aug  3 18:28:01 2021]
rule sample_intake:
    input: /mnt/isilon/zackular_lab_hpc/data/DYNAMIC_metagenomics_2020/raw_fastq/SRR10029181_1.fastq.gz
    output: /mnt/isilon/zackular_lab_hpc/users/dic/projects/DYNAMIC_metagenomics_2020/sunbeam_output/qc/00_samples/SRR10029181_1.fastq.gz
    jobid: 2809
    wildcards: sample=SRR10029181, rp=1

Submitted job 2809 with external jobid 'Submitted batch job 5846284'.

[Tue Aug  3 18:28:01 2021]
rule sample_intake:
    input: /mnt/isilon/zackular_lab_hpc/data/DYNAMIC_metagenomics_2020/raw_fastq/SRR10029125_2.fastq.gz
    output: /mnt/isilon/zackular_lab_hpc/users/dic/projects/DYNAMIC_metagenomics_2020/sunbeam_output/qc/00_samples/SRR10029125_2.fastq.gz
    jobid: 2624
    wildcards: sample=SRR10029125, rp=2

Submitted job 2624 with external jobid 'Submitted batch job 5846285'.

[Tue Aug  3 18:28:01 2021]
rule sample_intake:
    input: /mnt/isilon/zackular_lab_hpc/data/DYNAMIC_metagenomics_2020/raw_fastq/SRR10029206_1.fastq.gz
    output: /mnt/isilon/zackular_lab_hpc/users/dic/projects/DYNAMIC_metagenomics_2020/sunbeam_output/qc/00_samples/SRR10029206_1.fastq.gz
    jobid: 2659
    wildcards: sample=SRR10029206, rp=1

Submitted job 2659 with external jobid 'Submitted batch job 5846286'.

[Tue Aug  3 18:28:01 2021]
rule sample_intake:
    input: /mnt/isilon/zackular_lab_hpc/data/DYNAMIC_metagenomics_2020/raw_fastq/SRR10029139_2.fastq.gz
    output: /mnt/isilon/zackular_lab_hpc/users/dic/projects/DYNAMIC_metagenomics_2020/sunbeam_output/qc/00_samples/SRR10029139_2.fastq.gz
    jobid: 2566
    wildcards: sample=SRR10029139, rp=2

Submitted job 2566 with external jobid 'Submitted batch job 5846287'.

[Tue Aug  3 18:28:01 2021]
rule sample_intake:
    input: /mnt/isilon/zackular_lab_hpc/data/DYNAMIC_metagenomics_2020/raw_fastq/SRR10029202_1.fastq.gz
    output: /mnt/isilon/zackular_lab_hpc/users/dic/projects/DYNAMIC_metagenomics_2020/sunbeam_output/qc/00_samples/SRR10029202_1.fastq.gz
    jobid: 2609
    wildcards: sample=SRR10029202, rp=1

Submitted job 2609 with external jobid 'Submitted batch job 5846288'.

[Tue Aug  3 18:28:01 2021]
rule sample_intake:
    input: /mnt/isilon/zackular_lab_hpc/data/DYNAMIC_metagenomics_2020/raw_fastq/SRR10029223_2.fastq.gz
    output: /mnt/isilon/zackular_lab_hpc/users/dic/projects/DYNAMIC_metagenomics_2020/sunbeam_output/qc/00_samples/SRR10029223_2.fastq.gz
    jobid: 2724
    wildcards: sample=SRR10029223, rp=2

Submitted job 2724 with external jobid 'Submitted batch job 5846289'.

[Tue Aug  3 18:28:01 2021]
rule sample_intake:
    input: /mnt/isilon/zackular_lab_hpc/data/DYNAMIC_metagenomics_2020/raw_fastq/SRR10029235_2.fastq.gz
    output: /mnt/isilon/zackular_lab_hpc/users/dic/projects/DYNAMIC_metagenomics_2020/sunbeam_output/qc/00_samples/SRR10029235_2.fastq.gz
    jobid: 2628
    wildcards: sample=SRR10029235, rp=2

Submitted job 2628 with external jobid 'Submitted batch job 5846290'.

[Tue Aug  3 18:28:01 2021]
rule sample_intake:
    input: /mnt/isilon/zackular_lab_hpc/data/DYNAMIC_metagenomics_2020/raw_fastq/SRR10029164_1.fastq.gz
    output: /mnt/isilon/zackular_lab_hpc/users/dic/projects/DYNAMIC_metagenomics_2020/sunbeam_output/qc/00_samples/SRR10029164_1.fastq.gz
    jobid: 2569
    wildcards: sample=SRR10029164, rp=1

Submitted job 2569 with external jobid 'Submitted batch job 5846291'.

[Tue Aug  3 18:28:01 2021]
rule sample_intake:
    input: /mnt/isilon/zackular_lab_hpc/data/DYNAMIC_metagenomics_2020/raw_fastq/SRR10029254_2.fastq.gz
    output: /mnt/isilon/zackular_lab_hpc/users/dic/projects/DYNAMIC_metagenomics_2020/sunbeam_output/qc/00_samples/SRR10029254_2.fastq.gz
    jobid: 2708
    wildcards: sample=SRR10029254, rp=2

Submitted job 2708 with external jobid 'Submitted batch job 5846292'.

[Tue Aug  3 18:28:02 2021]
rule sample_intake:
    input: /mnt/isilon/zackular_lab_hpc/data/DYNAMIC_metagenomics_2020/raw_fastq/SRR10029126_2.fastq.gz
    output: /mnt/isilon/zackular_lab_hpc/users/dic/projects/DYNAMIC_metagenomics_2020/sunbeam_output/qc/00_samples/SRR10029126_2.fastq.gz
    jobid: 2526
    wildcards: sample=SRR10029126, rp=2

Submitted job 2526 with external jobid 'Submitted batch job 5846293'.

[Tue Aug  3 18:28:02 2021]
rule sample_intake:
    input: /mnt/isilon/zackular_lab_hpc/data/DYNAMIC_metagenomics_2020/raw_fastq/SRR10029133_2.fastq.gz
    output: /mnt/isilon/zackular_lab_hpc/users/dic/projects/DYNAMIC_metagenomics_2020/sunbeam_output/qc/00_samples/SRR10029133_2.fastq.gz
    jobid: 2678
    wildcards: sample=SRR10029133, rp=2

Submitted job 2678 with external jobid 'Submitted batch job 5846294'.

[Tue Aug  3 18:28:02 2021]
rule sample_intake:
    input: /mnt/isilon/zackular_lab_hpc/data/DYNAMIC_metagenomics_2020/raw_fastq/SRR10029247_2.fastq.gz
    output: /mnt/isilon/zackular_lab_hpc/users/dic/projects/DYNAMIC_metagenomics_2020/sunbeam_output/qc/00_samples/SRR10029247_2.fastq.gz
    jobid: 2536
    wildcards: sample=SRR10029247, rp=2

Submitted job 2536 with external jobid 'Submitted batch job 5846295'.

[Tue Aug  3 18:28:02 2021]
rule sample_intake:
    input: /mnt/isilon/zackular_lab_hpc/data/DYNAMIC_metagenomics_2020/raw_fastq/SRR10029129_1.fastq.gz
    output: /mnt/isilon/zackular_lab_hpc/users/dic/projects/DYNAMIC_metagenomics_2020/sunbeam_output/qc/00_samples/SRR10029129_1.fastq.gz
    jobid: 2797
    wildcards: sample=SRR10029129, rp=1

Submitted job 2797 with external jobid 'Submitted batch job 5846296'.

[Tue Aug  3 18:28:02 2021]
rule sample_intake:
    input: /mnt/isilon/zackular_lab_hpc/data/DYNAMIC_metagenomics_2020/raw_fastq/SRR10029209_2.fastq.gz
    output: /mnt/isilon/zackular_lab_hpc/users/dic/projects/DYNAMIC_metagenomics_2020/sunbeam_output/qc/00_samples/SRR10029209_2.fastq.gz
    jobid: 2716
    wildcards: sample=SRR10029209, rp=2

Submitted job 2716 with external jobid 'Submitted batch job 5846297'.

[Tue Aug  3 18:28:02 2021]
rule sample_intake:
    input: /mnt/isilon/zackular_lab_hpc/data/DYNAMIC_metagenomics_2020/raw_fastq/SRR10029155_2.fastq.gz
    output: /mnt/isilon/zackular_lab_hpc/users/dic/projects/DYNAMIC_metagenomics_2020/sunbeam_output/qc/00_samples/SRR10029155_2.fastq.gz
    jobid: 2732
    wildcards: sample=SRR10029155, rp=2

Submitted job 2732 with external jobid 'Submitted batch job 5846298'.

[Tue Aug  3 18:28:02 2021]
rule sample_intake:
    input: /mnt/isilon/zackular_lab_hpc/data/DYNAMIC_metagenomics_2020/raw_fastq/SRR10029184_1.fastq.gz
    output: /mnt/isilon/zackular_lab_hpc/users/dic/projects/DYNAMIC_metagenomics_2020/sunbeam_output/qc/00_samples/SRR10029184_1.fastq.gz
    jobid: 2691
    wildcards: sample=SRR10029184, rp=1

Submitted job 2691 with external jobid 'Submitted batch job 5846299'.

[Tue Aug  3 18:28:02 2021]
rule sample_intake:
    input: /mnt/isilon/zackular_lab_hpc/data/DYNAMIC_metagenomics_2020/raw_fastq/SRR10029265_2.fastq.gz
    output: /mnt/isilon/zackular_lab_hpc/users/dic/projects/DYNAMIC_metagenomics_2020/sunbeam_output/qc/00_samples/SRR10029265_2.fastq.gz
    jobid: 2750
    wildcards: sample=SRR10029265, rp=2

Submitted job 2750 with external jobid 'Submitted batch job 5846300'.

[Tue Aug  3 18:28:02 2021]
rule sample_intake:
    input: /mnt/isilon/zackular_lab_hpc/data/DYNAMIC_metagenomics_2020/raw_fastq/SRR10029214_1.fastq.gz
    output: /mnt/isilon/zackular_lab_hpc/users/dic/projects/DYNAMIC_metagenomics_2020/sunbeam_output/qc/00_samples/SRR10029214_1.fastq.gz
    jobid: 2581
    wildcards: sample=SRR10029214, rp=1

Submitted job 2581 with external jobid 'Submitted batch job 5846301'.

[Tue Aug  3 18:28:02 2021]
rule sample_intake:
    input: /mnt/isilon/zackular_lab_hpc/data/DYNAMIC_metagenomics_2020/raw_fastq/SRR10029263_1.fastq.gz
    output: /mnt/isilon/zackular_lab_hpc/users/dic/projects/DYNAMIC_metagenomics_2020/sunbeam_output/qc/00_samples/SRR10029263_1.fastq.gz
    jobid: 2701
    wildcards: sample=SRR10029263, rp=1

Submitted job 2701 with external jobid 'Submitted batch job 5846302'.

[Tue Aug  3 18:28:03 2021]
rule sample_intake:
    input: /mnt/isilon/zackular_lab_hpc/data/DYNAMIC_metagenomics_2020/raw_fastq/SRR10029126_1.fastq.gz
    output: /mnt/isilon/zackular_lab_hpc/users/dic/projects/DYNAMIC_metagenomics_2020/sunbeam_output/qc/00_samples/SRR10029126_1.fastq.gz
    jobid: 2525
    wildcards: sample=SRR10029126, rp=1

Submitted job 2525 with external jobid 'Submitted batch job 5846303'.

[Tue Aug  3 18:28:03 2021]
rule sample_intake:
    input: /mnt/isilon/zackular_lab_hpc/data/DYNAMIC_metagenomics_2020/raw_fastq/SRR10029254_1.fastq.gz
    output: /mnt/isilon/zackular_lab_hpc/users/dic/projects/DYNAMIC_metagenomics_2020/sunbeam_output/qc/00_samples/SRR10029254_1.fastq.gz
    jobid: 2707
    wildcards: sample=SRR10029254, rp=1

Submitted job 2707 with external jobid 'Submitted batch job 5846304'.

[Tue Aug  3 18:28:03 2021]
rule sample_intake:
    input: /mnt/isilon/zackular_lab_hpc/data/DYNAMIC_metagenomics_2020/raw_fastq/SRR10029164_2.fastq.gz
    output: /mnt/isilon/zackular_lab_hpc/users/dic/projects/DYNAMIC_metagenomics_2020/sunbeam_output/qc/00_samples/SRR10029164_2.fastq.gz
    jobid: 2570
    wildcards: sample=SRR10029164, rp=2

Submitted job 2570 with external jobid 'Submitted batch job 5846305'.

[Tue Aug  3 18:28:03 2021]
rule sample_intake:
    input: /mnt/isilon/zackular_lab_hpc/data/DYNAMIC_metagenomics_2020/raw_fastq/SRR10029247_1.fastq.gz
    output: /mnt/isilon/zackular_lab_hpc/users/dic/projects/DYNAMIC_metagenomics_2020/sunbeam_output/qc/00_samples/SRR10029247_1.fastq.gz
    jobid: 2535
    wildcards: sample=SRR10029247, rp=1

Submitted job 2535 with external jobid 'Submitted batch job 5846306'.

[Tue Aug  3 18:28:03 2021]
rule sample_intake:
    input: /mnt/isilon/zackular_lab_hpc/data/DYNAMIC_metagenomics_2020/raw_fastq/SRR10029133_1.fastq.gz
    output: /mnt/isilon/zackular_lab_hpc/users/dic/projects/DYNAMIC_metagenomics_2020/sunbeam_output/qc/00_samples/SRR10029133_1.fastq.gz
    jobid: 2677
    wildcards: sample=SRR10029133, rp=1

Submitted job 2677 with external jobid 'Submitted batch job 5846307'.

[Tue Aug  3 18:28:03 2021]
rule sample_intake:
    input: /mnt/isilon/zackular_lab_hpc/data/DYNAMIC_metagenomics_2020/raw_fastq/SRR10029155_1.fastq.gz
    output: /mnt/isilon/zackular_lab_hpc/users/dic/projects/DYNAMIC_metagenomics_2020/sunbeam_output/qc/00_samples/SRR10029155_1.fastq.gz
    jobid: 2731
    wildcards: sample=SRR10029155, rp=1

Submitted job 2731 with external jobid 'Submitted batch job 5846308'.

[Tue Aug  3 18:28:03 2021]
rule sample_intake:
    input: /mnt/isilon/zackular_lab_hpc/data/DYNAMIC_metagenomics_2020/raw_fastq/SRR10029209_1.fastq.gz
    output: /mnt/isilon/zackular_lab_hpc/users/dic/projects/DYNAMIC_metagenomics_2020/sunbeam_output/qc/00_samples/SRR10029209_1.fastq.gz
    jobid: 2715
    wildcards: sample=SRR10029209, rp=1

Submitted job 2715 with external jobid 'Submitted batch job 5846309'.

[Tue Aug  3 18:28:03 2021]
rule sample_intake:
    input: /mnt/isilon/zackular_lab_hpc/data/DYNAMIC_metagenomics_2020/raw_fastq/SRR10029129_2.fastq.gz
    output: /mnt/isilon/zackular_lab_hpc/users/dic/projects/DYNAMIC_metagenomics_2020/sunbeam_output/qc/00_samples/SRR10029129_2.fastq.gz
    jobid: 2798
    wildcards: sample=SRR10029129, rp=2

Submitted job 2798 with external jobid 'Submitted batch job 5846310'.

[Tue Aug  3 18:28:03 2021]
rule sample_intake:
    input: /mnt/isilon/zackular_lab_hpc/data/DYNAMIC_metagenomics_2020/raw_fastq/SRR10029263_2.fastq.gz
    output: /mnt/isilon/zackular_lab_hpc/users/dic/projects/DYNAMIC_metagenomics_2020/sunbeam_output/qc/00_samples/SRR10029263_2.fastq.gz
    jobid: 2702
    wildcards: sample=SRR10029263, rp=2

Submitted job 2702 with external jobid 'Submitted batch job 5846311'.

[Tue Aug  3 18:28:03 2021]
rule sample_intake:
    input: /mnt/isilon/zackular_lab_hpc/data/DYNAMIC_metagenomics_2020/raw_fastq/SRR10029265_1.fastq.gz
    output: /mnt/isilon/zackular_lab_hpc/users/dic/projects/DYNAMIC_metagenomics_2020/sunbeam_output/qc/00_samples/SRR10029265_1.fastq.gz
    jobid: 2749
    wildcards: sample=SRR10029265, rp=1

Submitted job 2749 with external jobid 'Submitted batch job 5846312'.

[Tue Aug  3 18:28:04 2021]
rule sample_intake:
    input: /mnt/isilon/zackular_lab_hpc/data/DYNAMIC_metagenomics_2020/raw_fastq/SRR10029184_2.fastq.gz
    output: /mnt/isilon/zackular_lab_hpc/users/dic/projects/DYNAMIC_metagenomics_2020/sunbeam_output/qc/00_samples/SRR10029184_2.fastq.gz
    jobid: 2692
    wildcards: sample=SRR10029184, rp=2

Submitted job 2692 with external jobid 'Submitted batch job 5846314'.

[Tue Aug  3 18:28:04 2021]
rule sample_intake:
    input: /mnt/isilon/zackular_lab_hpc/data/DYNAMIC_metagenomics_2020/raw_fastq/SRR10029145_2.fastq.gz
    output: /mnt/isilon/zackular_lab_hpc/users/dic/projects/DYNAMIC_metagenomics_2020/sunbeam_output/qc/00_samples/SRR10029145_2.fastq.gz
    jobid: 2734
    wildcards: sample=SRR10029145, rp=2

Submitted job 2734 with external jobid 'Submitted batch job 5846315'.

[Tue Aug  3 18:28:04 2021]
rule sample_intake:
    input: /mnt/isilon/zackular_lab_hpc/data/DYNAMIC_metagenomics_2020/raw_fastq/SRR10029181_2.fastq.gz
    output: /mnt/isilon/zackular_lab_hpc/users/dic/projects/DYNAMIC_metagenomics_2020/sunbeam_output/qc/00_samples/SRR10029181_2.fastq.gz
    jobid: 2810
    wildcards: sample=SRR10029181, rp=2

Submitted job 2810 with external jobid 'Submitted batch job 5846316'.

[Tue Aug  3 18:28:04 2021]
rule sample_intake:
    input: /mnt/isilon/zackular_lab_hpc/data/DYNAMIC_metagenomics_2020/raw_fastq/SRR10029245_2.fastq.gz
    output: /mnt/isilon/zackular_lab_hpc/users/dic/projects/DYNAMIC_metagenomics_2020/sunbeam_output/qc/00_samples/SRR10029245_2.fastq.gz
    jobid: 2808
    wildcards: sample=SRR10029245, rp=2

Submitted job 2808 with external jobid 'Submitted batch job 5846317'.

[Tue Aug  3 18:28:04 2021]
rule sample_intake:
    input: /mnt/isilon/zackular_lab_hpc/data/DYNAMIC_metagenomics_2020/raw_fastq/SRR10029125_1.fastq.gz
    output: /mnt/isilon/zackular_lab_hpc/users/dic/projects/DYNAMIC_metagenomics_2020/sunbeam_output/qc/00_samples/SRR10029125_1.fastq.gz
    jobid: 2623
    wildcards: sample=SRR10029125, rp=1

Submitted job 2623 with external jobid 'Submitted batch job 5846318'.

[Tue Aug  3 18:28:04 2021]
rule sample_intake:
    input: /mnt/isilon/zackular_lab_hpc/data/DYNAMIC_metagenomics_2020/raw_fastq/SRR10029206_2.fastq.gz
    output: /mnt/isilon/zackular_lab_hpc/users/dic/projects/DYNAMIC_metagenomics_2020/sunbeam_output/qc/00_samples/SRR10029206_2.fastq.gz
    jobid: 2660
    wildcards: sample=SRR10029206, rp=2

Submitted job 2660 with external jobid 'Submitted batch job 5846319'.

[Tue Aug  3 18:28:04 2021]
rule sample_intake:
    input: /mnt/isilon/zackular_lab_hpc/data/DYNAMIC_metagenomics_2020/raw_fastq/SRR10029202_2.fastq.gz
    output: /mnt/isilon/zackular_lab_hpc/users/dic/projects/DYNAMIC_metagenomics_2020/sunbeam_output/qc/00_samples/SRR10029202_2.fastq.gz
    jobid: 2610
    wildcards: sample=SRR10029202, rp=2

Submitted job 2610 with external jobid 'Submitted batch job 5846320'.

[Tue Aug  3 18:28:04 2021]
rule sample_intake:
    input: /mnt/isilon/zackular_lab_hpc/data/DYNAMIC_metagenomics_2020/raw_fastq/SRR10029139_1.fastq.gz
    output: /mnt/isilon/zackular_lab_hpc/users/dic/projects/DYNAMIC_metagenomics_2020/sunbeam_output/qc/00_samples/SRR10029139_1.fastq.gz
    jobid: 2565
    wildcards: sample=SRR10029139, rp=1

Submitted job 2565 with external jobid 'Submitted batch job 5846321'.

[Tue Aug  3 18:28:05 2021]
rule sample_intake:
    input: /mnt/isilon/zackular_lab_hpc/data/DYNAMIC_metagenomics_2020/raw_fastq/SRR10029235_1.fastq.gz
    output: /mnt/isilon/zackular_lab_hpc/users/dic/projects/DYNAMIC_metagenomics_2020/sunbeam_output/qc/00_samples/SRR10029235_1.fastq.gz
    jobid: 2627
    wildcards: sample=SRR10029235, rp=1

Submitted job 2627 with external jobid 'Submitted batch job 5846322'.

[Tue Aug  3 18:28:05 2021]
rule sample_intake:
    input: /mnt/isilon/zackular_lab_hpc/data/DYNAMIC_metagenomics_2020/raw_fastq/SRR10029223_1.fastq.gz
    output: /mnt/isilon/zackular_lab_hpc/users/dic/projects/DYNAMIC_metagenomics_2020/sunbeam_output/qc/00_samples/SRR10029223_1.fastq.gz
    jobid: 2723
    wildcards: sample=SRR10029223, rp=1

Submitted job 2723 with external jobid 'Submitted batch job 5846323'.

[Tue Aug  3 18:28:05 2021]
rule sample_intake:
    input: /mnt/isilon/zackular_lab_hpc/data/DYNAMIC_metagenomics_2020/raw_fastq/SRR10029147_2.fastq.gz
    output: /mnt/isilon/zackular_lab_hpc/users/dic/projects/DYNAMIC_metagenomics_2020/sunbeam_output/qc/00_samples/SRR10029147_2.fastq.gz
    jobid: 2560
    wildcards: sample=SRR10029147, rp=2

Submitted job 2560 with external jobid 'Submitted batch job 5846324'.

[Tue Aug  3 18:28:05 2021]
rule sample_intake:
    input: /mnt/isilon/zackular_lab_hpc/data/DYNAMIC_metagenomics_2020/raw_fastq/SRR10029127_1.fastq.gz
    output: /mnt/isilon/zackular_lab_hpc/users/dic/projects/DYNAMIC_metagenomics_2020/sunbeam_output/qc/00_samples/SRR10029127_1.fastq.gz
    jobid: 2637
    wildcards: sample=SRR10029127, rp=1

Submitted job 2637 with external jobid 'Submitted batch job 5846325'.

[Tue Aug  3 18:28:05 2021]
rule sample_intake:
    input: /mnt/isilon/zackular_lab_hpc/data/DYNAMIC_metagenomics_2020/raw_fastq/SRR10029268_1.fastq.gz
    output: /mnt/isilon/zackular_lab_hpc/users/dic/projects/DYNAMIC_metagenomics_2020/sunbeam_output/qc/00_samples/SRR10029268_1.fastq.gz
    jobid: 2551
    wildcards: sample=SRR10029268, rp=1

Submitted job 2551 with external jobid 'Submitted batch job 5846326'.

[Tue Aug  3 18:28:05 2021]
rule sample_intake:
    input: /mnt/isilon/zackular_lab_hpc/data/DYNAMIC_metagenomics_2020/raw_fastq/SRR10029252_1.fastq.gz
    output: /mnt/isilon/zackular_lab_hpc/users/dic/projects/DYNAMIC_metagenomics_2020/sunbeam_output/qc/00_samples/SRR10029252_1.fastq.gz
    jobid: 2767
    wildcards: sample=SRR10029252, rp=1

Submitted job 2767 with external jobid 'Submitted batch job 5846327'.

[Tue Aug  3 18:28:05 2021]
rule sample_intake:
    input: /mnt/isilon/zackular_lab_hpc/data/DYNAMIC_metagenomics_2020/raw_fastq/SRR10029140_1.fastq.gz
    output: /mnt/isilon/zackular_lab_hpc/users/dic/projects/DYNAMIC_metagenomics_2020/sunbeam_output/qc/00_samples/SRR10029140_1.fastq.gz
    jobid: 2557
    wildcards: sample=SRR10029140, rp=1

Submitted job 2557 with external jobid 'Submitted batch job 5846328'.

[Tue Aug  3 18:28:05 2021]
rule sample_intake:
    input: /mnt/isilon/zackular_lab_hpc/data/DYNAMIC_metagenomics_2020/raw_fastq/SRR10029158_1.fastq.gz
    output: /mnt/isilon/zackular_lab_hpc/users/dic/projects/DYNAMIC_metagenomics_2020/sunbeam_output/qc/00_samples/SRR10029158_1.fastq.gz
    jobid: 2599
    wildcards: sample=SRR10029158, rp=1

Submitted job 2599 with external jobid 'Submitted batch job 5846329'.

[Tue Aug  3 18:28:05 2021]
rule sample_intake:
    input: /mnt/isilon/zackular_lab_hpc/data/DYNAMIC_metagenomics_2020/raw_fastq/SRR10029253_2.fastq.gz
    output: /mnt/isilon/zackular_lab_hpc/users/dic/projects/DYNAMIC_metagenomics_2020/sunbeam_output/qc/00_samples/SRR10029253_2.fastq.gz
    jobid: 2550
    wildcards: sample=SRR10029253, rp=2

Submitted job 2550 with external jobid 'Submitted batch job 5846330'.

[Tue Aug  3 18:28:06 2021]
rule sample_intake:
    input: /mnt/isilon/zackular_lab_hpc/data/DYNAMIC_metagenomics_2020/raw_fastq/SRR10029236_1.fastq.gz
    output: /mnt/isilon/zackular_lab_hpc/users/dic/projects/DYNAMIC_metagenomics_2020/sunbeam_output/qc/00_samples/SRR10029236_1.fastq.gz
    jobid: 2711
    wildcards: sample=SRR10029236, rp=1

Submitted job 2711 with external jobid 'Submitted batch job 5846331'.

[Tue Aug  3 18:28:06 2021]
rule sample_intake:
    input: /mnt/isilon/zackular_lab_hpc/data/DYNAMIC_metagenomics_2020/raw_fastq/SRR10029124_2.fastq.gz
    output: /mnt/isilon/zackular_lab_hpc/users/dic/projects/DYNAMIC_metagenomics_2020/sunbeam_output/qc/00_samples/SRR10029124_2.fastq.gz
    jobid: 2748
    wildcards: sample=SRR10029124, rp=2

Submitted job 2748 with external jobid 'Submitted batch job 5846332'.

[Tue Aug  3 18:28:06 2021]
rule sample_intake:
    input: /mnt/isilon/zackular_lab_hpc/data/DYNAMIC_metagenomics_2020/raw_fastq/SRR10029250_2.fastq.gz
    output: /mnt/isilon/zackular_lab_hpc/users/dic/projects/DYNAMIC_metagenomics_2020/sunbeam_output/qc/00_samples/SRR10029250_2.fastq.gz
    jobid: 2690
    wildcards: sample=SRR10029250, rp=2

Submitted job 2690 with external jobid 'Submitted batch job 5846333'.

[Tue Aug  3 18:28:06 2021]
rule sample_intake:
    input: /mnt/isilon/zackular_lab_hpc/data/DYNAMIC_metagenomics_2020/raw_fastq/SRR10029137_1.fastq.gz
    output: /mnt/isilon/zackular_lab_hpc/users/dic/projects/DYNAMIC_metagenomics_2020/sunbeam_output/qc/00_samples/SRR10029137_1.fastq.gz
    jobid: 2709
    wildcards: sample=SRR10029137, rp=1

Submitted job 2709 with external jobid 'Submitted batch job 5846334'.

[Tue Aug  3 18:28:06 2021]
rule sample_intake:
    input: /mnt/isilon/zackular_lab_hpc/data/DYNAMIC_metagenomics_2020/raw_fastq/SRR10029154_2.fastq.gz
    output: /mnt/isilon/zackular_lab_hpc/users/dic/projects/DYNAMIC_metagenomics_2020/sunbeam_output/qc/00_samples/SRR10029154_2.fastq.gz
    jobid: 2554
    wildcards: sample=SRR10029154, rp=2

Submitted job 2554 with external jobid 'Submitted batch job 5846335'.

[Tue Aug  3 18:28:06 2021]
rule sample_intake:
    input: /mnt/isilon/zackular_lab_hpc/data/DYNAMIC_metagenomics_2020/raw_fastq/SRR10029173_2.fastq.gz
    output: /mnt/isilon/zackular_lab_hpc/users/dic/projects/DYNAMIC_metagenomics_2020/sunbeam_output/qc/00_samples/SRR10029173_2.fastq.gz
    jobid: 2770
    wildcards: sample=SRR10029173, rp=2

Submitted job 2770 with external jobid 'Submitted batch job 5846336'.

[Tue Aug  3 18:28:06 2021]
rule sample_intake:
    input: /mnt/isilon/zackular_lab_hpc/data/DYNAMIC_metagenomics_2020/raw_fastq/SRR10029251_2.fastq.gz
    output: /mnt/isilon/zackular_lab_hpc/users/dic/projects/DYNAMIC_metagenomics_2020/sunbeam_output/qc/00_samples/SRR10029251_2.fastq.gz
    jobid: 2704
    wildcards: sample=SRR10029251, rp=2

Submitted job 2704 with external jobid 'Submitted batch job 5846337'.

[Tue Aug  3 18:28:06 2021]
rule sample_intake:
    input: /mnt/isilon/zackular_lab_hpc/data/DYNAMIC_metagenomics_2020/raw_fastq/SRR10029150_1.fastq.gz
    output: /mnt/isilon/zackular_lab_hpc/users/dic/projects/DYNAMIC_metagenomics_2020/sunbeam_output/qc/00_samples/SRR10029150_1.fastq.gz
    jobid: 2603
    wildcards: sample=SRR10029150, rp=1

Submitted job 2603 with external jobid 'Submitted batch job 5846338'.

[Tue Aug  3 18:28:07 2021]
rule sample_intake:
    input: /mnt/isilon/zackular_lab_hpc/data/DYNAMIC_metagenomics_2020/raw_fastq/SRR10029208_1.fastq.gz
    output: /mnt/isilon/zackular_lab_hpc/users/dic/projects/DYNAMIC_metagenomics_2020/sunbeam_output/qc/00_samples/SRR10029208_1.fastq.gz
    jobid: 2613
    wildcards: sample=SRR10029208, rp=1

Submitted job 2613 with external jobid 'Submitted batch job 5846339'.

[Tue Aug  3 18:28:07 2021]
rule sample_intake:
    input: /mnt/isilon/zackular_lab_hpc/data/DYNAMIC_metagenomics_2020/raw_fastq/SRR10029178_2.fastq.gz
    output: /mnt/isilon/zackular_lab_hpc/users/dic/projects/DYNAMIC_metagenomics_2020/sunbeam_output/qc/00_samples/SRR10029178_2.fastq.gz
    jobid: 2642
    wildcards: sample=SRR10029178, rp=2

Submitted job 2642 with external jobid 'Submitted batch job 5846340'.

[Tue Aug  3 18:28:07 2021]
rule sample_intake:
    input: /mnt/isilon/zackular_lab_hpc/data/DYNAMIC_metagenomics_2020/raw_fastq/SRR10029243_2.fastq.gz
    output: /mnt/isilon/zackular_lab_hpc/users/dic/projects/DYNAMIC_metagenomics_2020/sunbeam_output/qc/00_samples/SRR10029243_2.fastq.gz
    jobid: 2684
    wildcards: sample=SRR10029243, rp=2

Submitted job 2684 with external jobid 'Submitted batch job 5846341'.

[Tue Aug  3 18:28:07 2021]
rule sample_intake:
    input: /mnt/isilon/zackular_lab_hpc/data/DYNAMIC_metagenomics_2020/raw_fastq/SRR10029159_2.fastq.gz
    output: /mnt/isilon/zackular_lab_hpc/users/dic/projects/DYNAMIC_metagenomics_2020/sunbeam_output/qc/00_samples/SRR10029159_2.fastq.gz
    jobid: 2594
    wildcards: sample=SRR10029159, rp=2

Submitted job 2594 with external jobid 'Submitted batch job 5846343'.

[Tue Aug  3 18:28:07 2021]
rule sample_intake:
    input: /mnt/isilon/zackular_lab_hpc/data/DYNAMIC_metagenomics_2020/raw_fastq/SRR10029200_2.fastq.gz
    output: /mnt/isilon/zackular_lab_hpc/users/dic/projects/DYNAMIC_metagenomics_2020/sunbeam_output/qc/00_samples/SRR10029200_2.fastq.gz
    jobid: 2530
    wildcards: sample=SRR10029200, rp=2

Submitted job 2530 with external jobid 'Submitted batch job 5846344'.

[Tue Aug  3 18:28:07 2021]
rule sample_intake:
    input: /mnt/isilon/zackular_lab_hpc/data/DYNAMIC_metagenomics_2020/raw_fastq/SRR10029264_2.fastq.gz
    output: /mnt/isilon/zackular_lab_hpc/users/dic/projects/DYNAMIC_metagenomics_2020/sunbeam_output/qc/00_samples/SRR10029264_2.fastq.gz
    jobid: 2766
    wildcards: sample=SRR10029264, rp=2

Submitted job 2766 with external jobid 'Submitted batch job 5846345'.

[Tue Aug  3 18:28:07 2021]
rule sample_intake:
    input: /mnt/isilon/zackular_lab_hpc/data/DYNAMIC_metagenomics_2020/raw_fastq/SRR10029160_2.fastq.gz
    output: /mnt/isilon/zackular_lab_hpc/users/dic/projects/DYNAMIC_metagenomics_2020/sunbeam_output/qc/00_samples/SRR10029160_2.fastq.gz
    jobid: 2668
    wildcards: sample=SRR10029160, rp=2

Submitted job 2668 with external jobid 'Submitted batch job 5846346'.

[Tue Aug  3 18:28:07 2021]
rule sample_intake:
    input: /mnt/isilon/zackular_lab_hpc/data/DYNAMIC_metagenomics_2020/raw_fastq/SRR10029168_2.fastq.gz
    output: /mnt/isilon/zackular_lab_hpc/users/dic/projects/DYNAMIC_metagenomics_2020/sunbeam_output/qc/00_samples/SRR10029168_2.fastq.gz
    jobid: 2774
    wildcards: sample=SRR10029168, rp=2

Submitted job 2774 with external jobid 'Submitted batch job 5846347'.

[Tue Aug  3 18:28:07 2021]
rule sample_intake:
    input: /mnt/isilon/zackular_lab_hpc/data/DYNAMIC_metagenomics_2020/raw_fastq/SRR10029135_1.fastq.gz
    output: /mnt/isilon/zackular_lab_hpc/users/dic/projects/DYNAMIC_metagenomics_2020/sunbeam_output/qc/00_samples/SRR10029135_1.fastq.gz
    jobid: 2611
    wildcards: sample=SRR10029135, rp=1

Submitted job 2611 with external jobid 'Submitted batch job 5846348'.

[Tue Aug  3 18:28:20 2021]
rule sample_intake:
    input: /mnt/isilon/zackular_lab_hpc/data/DYNAMIC_metagenomics_2020/raw_fastq/SRR10029148_2.fastq.gz
    output: /mnt/isilon/zackular_lab_hpc/users/dic/projects/DYNAMIC_metagenomics_2020/sunbeam_output/qc/00_samples/SRR10029148_2.fastq.gz
    jobid: 2576
    wildcards: sample=SRR10029148, rp=2

Submitted job 2576 with external jobid 'Submitted batch job 5846351'.

[Tue Aug  3 18:28:20 2021]
rule sample_intake:
    input: /mnt/isilon/zackular_lab_hpc/data/DYNAMIC_metagenomics_2020/raw_fastq/SRR10029136_1.fastq.gz
    output: /mnt/isilon/zackular_lab_hpc/users/dic/projects/DYNAMIC_metagenomics_2020/sunbeam_output/qc/00_samples/SRR10029136_1.fastq.gz
    jobid: 2801
    wildcards: sample=SRR10029136, rp=1

Submitted job 2801 with external jobid 'Submitted batch job 5846352'.

[Tue Aug  3 18:28:20 2021]
rule sample_intake:
    input: /mnt/isilon/zackular_lab_hpc/data/DYNAMIC_metagenomics_2020/raw_fastq/SRR10029210_1.fastq.gz
    output: /mnt/isilon/zackular_lab_hpc/users/dic/projects/DYNAMIC_metagenomics_2020/sunbeam_output/qc/00_samples/SRR10029210_1.fastq.gz
    jobid: 2717
    wildcards: sample=SRR10029210, rp=1

Submitted job 2717 with external jobid 'Submitted batch job 5846353'.

[Tue Aug  3 18:28:20 2021]
rule sample_intake:
    input: /mnt/isilon/zackular_lab_hpc/data/DYNAMIC_metagenomics_2020/raw_fastq/SRR10029259_2.fastq.gz
    output: /mnt/isilon/zackular_lab_hpc/users/dic/projects/DYNAMIC_metagenomics_2020/sunbeam_output/qc/00_samples/SRR10029259_2.fastq.gz
    jobid: 2532
    wildcards: sample=SRR10029259, rp=2

Submitted job 2532 with external jobid 'Submitted batch job 5846354'.

[Tue Aug  3 18:28:20 2021]
rule sample_intake:
    input: /mnt/isilon/zackular_lab_hpc/data/DYNAMIC_metagenomics_2020/raw_fastq/SRR10029149_1.fastq.gz
    output: /mnt/isilon/zackular_lab_hpc/users/dic/projects/DYNAMIC_metagenomics_2020/sunbeam_output/qc/00_samples/SRR10029149_1.fastq.gz
    jobid: 2555
    wildcards: sample=SRR10029149, rp=1

Submitted job 2555 with external jobid 'Submitted batch job 5846355'.

[Tue Aug  3 18:28:20 2021]
rule sample_intake:
    input: /mnt/isilon/zackular_lab_hpc/data/DYNAMIC_metagenomics_2020/raw_fastq/SRR10029171_2.fastq.gz
    output: /mnt/isilon/zackular_lab_hpc/users/dic/projects/DYNAMIC_metagenomics_2020/sunbeam_output/qc/00_samples/SRR10029171_2.fastq.gz
    jobid: 2652
    wildcards: sample=SRR10029171, rp=2

Submitted job 2652 with external jobid 'Submitted batch job 5846356'.
