Building DAG of jobs...
Using shell: /usr/bin/bash
Provided cluster nodes: 50
Job counts:
	count	jobs
	148	aggregate_results
	1	all_annotate
	98	prodigal
	148	run_blastn
	148	run_blastp
	148	run_blastx
	691

[Fri Aug 13 20:18:06 2021]
rule run_blastn:
    input: /mnt/isilon/zackular_lab_hpc/users/dic/projects/DYNAMIC_metagenomics_2020/sunbeam_output/assembly/contigs/SRR10029154-contigs.fa
    output: /mnt/isilon/zackular_lab_hpc/users/dic/projects/DYNAMIC_metagenomics_2020/sunbeam_output/annotation/blastn/nt/contig/SRR10029154.xml
    jobid: 210
    wildcards: db=nt, contigs=contig, sample=SRR10029154
    threads: 4

Submitted job 210 with external jobid 'Submitted batch job 6103947'.

[Fri Aug 13 20:18:10 2021]
rule run_blastn:
    input: /mnt/isilon/zackular_lab_hpc/users/dic/projects/DYNAMIC_metagenomics_2020/sunbeam_output/assembly/contigs/SRR10029155-contigs.fa
    output: /mnt/isilon/zackular_lab_hpc/users/dic/projects/DYNAMIC_metagenomics_2020/sunbeam_output/annotation/blastn/nt/contig/SRR10029155.xml
    jobid: 566
    wildcards: db=nt, contigs=contig, sample=SRR10029155
    threads: 4

Submitted job 566 with external jobid 'Submitted batch job 6103948'.

[Fri Aug 13 20:18:10 2021]
rule run_blastn:
    input: /mnt/isilon/zackular_lab_hpc/users/dic/projects/DYNAMIC_metagenomics_2020/sunbeam_output/assembly/contigs/SRR10029124-contigs.fa
    output: /mnt/isilon/zackular_lab_hpc/users/dic/projects/DYNAMIC_metagenomics_2020/sunbeam_output/annotation/blastn/nt/contig/SRR10029124.xml
    jobid: 598
    wildcards: db=nt, contigs=contig, sample=SRR10029124
    threads: 4

Submitted job 598 with external jobid 'Submitted batch job 6103949'.

[Fri Aug 13 20:18:10 2021]
rule run_blastn:
    input: /mnt/isilon/zackular_lab_hpc/users/dic/projects/DYNAMIC_metagenomics_2020/sunbeam_output/assembly/contigs/SRR10029129-contigs.fa
    output: /mnt/isilon/zackular_lab_hpc/users/dic/projects/DYNAMIC_metagenomics_2020/sunbeam_output/annotation/blastn/nt/contig/SRR10029129.xml
    jobid: 698
    wildcards: db=nt, contigs=contig, sample=SRR10029129
    threads: 4

Error submitting jobscript (exit code 1):


[Fri Aug 13 20:18:10 2021]
rule run_blastx:
    input: /mnt/isilon/zackular_lab_hpc/users/dic/projects/DYNAMIC_metagenomics_2020/sunbeam_output/annotation/genes/prodigal/SRR10029181_genes_nucl.fa
    output: /mnt/isilon/zackular_lab_hpc/users/dic/projects/DYNAMIC_metagenomics_2020/sunbeam_output/annotation/blastx/nr/prodigal/SRR10029181.xml
    jobid: 724
    wildcards: db=nr, orf_finder=prodigal, sample=SRR10029181
    threads: 4

Error submitting jobscript (exit code 1):


[Fri Aug 13 20:18:10 2021]
rule run_blastx:
    input: /mnt/isilon/zackular_lab_hpc/users/dic/projects/DYNAMIC_metagenomics_2020/sunbeam_output/annotation/genes/prodigal/SRR10029184_genes_nucl.fa
    output: /mnt/isilon/zackular_lab_hpc/users/dic/projects/DYNAMIC_metagenomics_2020/sunbeam_output/annotation/blastx/nr/prodigal/SRR10029184.xml
    jobid: 488
    wildcards: db=nr, orf_finder=prodigal, sample=SRR10029184
    threads: 4

Error submitting jobscript (exit code 1):


[Fri Aug 13 20:18:10 2021]
rule run_blastx:
    input: /mnt/isilon/zackular_lab_hpc/users/dic/projects/DYNAMIC_metagenomics_2020/sunbeam_output/annotation/genes/prodigal/SRR10029270_genes_nucl.fa
    output: /mnt/isilon/zackular_lab_hpc/users/dic/projects/DYNAMIC_metagenomics_2020/sunbeam_output/annotation/blastx/nr/prodigal/SRR10029270.xml
    jobid: 468
    wildcards: db=nr, orf_finder=prodigal, sample=SRR10029270
    threads: 4

Error submitting jobscript (exit code 1):


[Fri Aug 13 20:18:10 2021]
rule run_blastn:
    input: /mnt/isilon/zackular_lab_hpc/users/dic/projects/DYNAMIC_metagenomics_2020/sunbeam_output/assembly/contigs/SRR10029271-contigs.fa
    output: /mnt/isilon/zackular_lab_hpc/users/dic/projects/DYNAMIC_metagenomics_2020/sunbeam_output/annotation/blastn/nt/contig/SRR10029271.xml
    jobid: 530
    wildcards: db=nt, contigs=contig, sample=SRR10029271
    threads: 4

Error submitting jobscript (exit code 1):


[Fri Aug 13 20:18:10 2021]
rule run_blastx:
    input: /mnt/isilon/zackular_lab_hpc/users/dic/projects/DYNAMIC_metagenomics_2020/sunbeam_output/annotation/genes/prodigal/SRR10029230_genes_nucl.fa
    output: /mnt/isilon/zackular_lab_hpc/users/dic/projects/DYNAMIC_metagenomics_2020/sunbeam_output/annotation/blastx/nr/prodigal/SRR10029230.xml
    jobid: 368
    wildcards: db=nr, orf_finder=prodigal, sample=SRR10029230
    threads: 4

Error submitting jobscript (exit code 1):


[Fri Aug 13 20:18:10 2021]
rule run_blastn:
    input: /mnt/isilon/zackular_lab_hpc/users/dic/projects/DYNAMIC_metagenomics_2020/sunbeam_output/assembly/contigs/SRR10029257-contigs.fa
    output: /mnt/isilon/zackular_lab_hpc/users/dic/projects/DYNAMIC_metagenomics_2020/sunbeam_output/annotation/blastn/nt/contig/SRR10029257.xml
    jobid: 594
    wildcards: db=nt, contigs=contig, sample=SRR10029257
    threads: 4

Error submitting jobscript (exit code 1):


[Fri Aug 13 20:18:11 2021]
rule run_blastn:
    input: /mnt/isilon/zackular_lab_hpc/users/dic/projects/DYNAMIC_metagenomics_2020/sunbeam_output/assembly/contigs/SRR10029150-contigs.fa
    output: /mnt/isilon/zackular_lab_hpc/users/dic/projects/DYNAMIC_metagenomics_2020/sunbeam_output/annotation/blastn/nt/contig/SRR10029150.xml
    jobid: 310
    wildcards: db=nt, contigs=contig, sample=SRR10029150
    threads: 4

Error submitting jobscript (exit code 1):


[Fri Aug 13 20:18:11 2021]
rule run_blastn:
    input: /mnt/isilon/zackular_lab_hpc/users/dic/projects/DYNAMIC_metagenomics_2020/sunbeam_output/assembly/contigs/SRR10029168-contigs.fa
    output: /mnt/isilon/zackular_lab_hpc/users/dic/projects/DYNAMIC_metagenomics_2020/sunbeam_output/annotation/blastn/nt/contig/SRR10029168.xml
    jobid: 650
    wildcards: db=nt, contigs=contig, sample=SRR10029168
    threads: 4

Error submitting jobscript (exit code 1):


[Fri Aug 13 20:18:11 2021]
rule run_blastx:
    input: /mnt/isilon/zackular_lab_hpc/users/dic/projects/DYNAMIC_metagenomics_2020/sunbeam_output/annotation/genes/prodigal/SRR10029158_genes_nucl.fa
    output: /mnt/isilon/zackular_lab_hpc/users/dic/projects/DYNAMIC_metagenomics_2020/sunbeam_output/annotation/blastx/nr/prodigal/SRR10029158.xml
    jobid: 304
    wildcards: db=nr, orf_finder=prodigal, sample=SRR10029158
    threads: 4

Error submitting jobscript (exit code 1):


[Fri Aug 13 20:18:11 2021]
rule run_blastx:
    input: /mnt/isilon/zackular_lab_hpc/users/dic/projects/DYNAMIC_metagenomics_2020/sunbeam_output/annotation/genes/prodigal/SRR10029139_genes_nucl.fa
    output: /mnt/isilon/zackular_lab_hpc/users/dic/projects/DYNAMIC_metagenomics_2020/sunbeam_output/annotation/blastx/nr/prodigal/SRR10029139.xml
    jobid: 236
    wildcards: db=nr, orf_finder=prodigal, sample=SRR10029139
    threads: 4

Error submitting jobscript (exit code 1):


[Fri Aug 13 20:18:11 2021]
rule run_blastn:
    input: /mnt/isilon/zackular_lab_hpc/users/dic/projects/DYNAMIC_metagenomics_2020/sunbeam_output/assembly/contigs/SRR10029235-contigs.fa
    output: /mnt/isilon/zackular_lab_hpc/users/dic/projects/DYNAMIC_metagenomics_2020/sunbeam_output/annotation/blastn/nt/contig/SRR10029235.xml
    jobid: 358
    wildcards: db=nt, contigs=contig, sample=SRR10029235
    threads: 4

Error submitting jobscript (exit code 1):


[Fri Aug 13 20:18:11 2021]
rule run_blastn:
    input: /mnt/isilon/zackular_lab_hpc/users/dic/projects/DYNAMIC_metagenomics_2020/sunbeam_output/assembly/contigs/SRR10029268-contigs.fa
    output: /mnt/isilon/zackular_lab_hpc/users/dic/projects/DYNAMIC_metagenomics_2020/sunbeam_output/annotation/blastn/nt/contig/SRR10029268.xml
    jobid: 206
    wildcards: db=nt, contigs=contig, sample=SRR10029268
    threads: 4

Error submitting jobscript (exit code 1):


[Fri Aug 13 20:18:11 2021]
rule run_blastx:
    input: /mnt/isilon/zackular_lab_hpc/users/dic/projects/DYNAMIC_metagenomics_2020/sunbeam_output/annotation/genes/prodigal/SRR10029143_genes_nucl.fa
    output: /mnt/isilon/zackular_lab_hpc/users/dic/projects/DYNAMIC_metagenomics_2020/sunbeam_output/annotation/blastx/nr/prodigal/SRR10029143.xml
    jobid: 680
    wildcards: db=nr, orf_finder=prodigal, sample=SRR10029143
    threads: 4

Error submitting jobscript (exit code 1):


[Fri Aug 13 20:18:11 2021]
rule run_blastn:
    input: /mnt/isilon/zackular_lab_hpc/users/dic/projects/DYNAMIC_metagenomics_2020/sunbeam_output/assembly/contigs/SRR10029182-contigs.fa
    output: /mnt/isilon/zackular_lab_hpc/users/dic/projects/DYNAMIC_metagenomics_2020/sunbeam_output/annotation/blastn/nt/contig/SRR10029182.xml
    jobid: 338
    wildcards: db=nt, contigs=contig, sample=SRR10029182
    threads: 4

Error submitting jobscript (exit code 1):


[Fri Aug 13 20:18:11 2021]
rule run_blastx:
    input: /mnt/isilon/zackular_lab_hpc/users/dic/projects/DYNAMIC_metagenomics_2020/sunbeam_output/annotation/genes/prodigal/SRR10029135_genes_nucl.fa
    output: /mnt/isilon/zackular_lab_hpc/users/dic/projects/DYNAMIC_metagenomics_2020/sunbeam_output/annotation/blastx/nr/prodigal/SRR10029135.xml
    jobid: 328
    wildcards: db=nr, orf_finder=prodigal, sample=SRR10029135
    threads: 4

Error submitting jobscript (exit code 1):


[Fri Aug 13 20:18:12 2021]
rule run_blastn:
    input: /mnt/isilon/zackular_lab_hpc/users/dic/projects/DYNAMIC_metagenomics_2020/sunbeam_output/assembly/contigs/SRR10029223-contigs.fa
    output: /mnt/isilon/zackular_lab_hpc/users/dic/projects/DYNAMIC_metagenomics_2020/sunbeam_output/annotation/blastn/nt/contig/SRR10029223.xml
    jobid: 550
    wildcards: db=nt, contigs=contig, sample=SRR10029223
    threads: 4

Error submitting jobscript (exit code 1):


[Fri Aug 13 20:18:12 2021]
rule run_blastx:
    input: /mnt/isilon/zackular_lab_hpc/users/dic/projects/DYNAMIC_metagenomics_2020/sunbeam_output/annotation/genes/prodigal/SRR10029127_genes_nucl.fa
    output: /mnt/isilon/zackular_lab_hpc/users/dic/projects/DYNAMIC_metagenomics_2020/sunbeam_output/annotation/blastx/nr/prodigal/SRR10029127.xml
    jobid: 380
    wildcards: db=nr, orf_finder=prodigal, sample=SRR10029127
    threads: 4

Error submitting jobscript (exit code 1):


[Fri Aug 13 20:18:12 2021]
rule run_blastx:
    input: /mnt/isilon/zackular_lab_hpc/users/dic/projects/DYNAMIC_metagenomics_2020/sunbeam_output/annotation/genes/prodigal/SRR10029132_genes_nucl.fa
    output: /mnt/isilon/zackular_lab_hpc/users/dic/projects/DYNAMIC_metagenomics_2020/sunbeam_output/annotation/blastx/nr/prodigal/SRR10029132.xml
    jobid: 684
    wildcards: db=nr, orf_finder=prodigal, sample=SRR10029132
    threads: 4

Error submitting jobscript (exit code 1):


[Fri Aug 13 20:18:12 2021]
rule run_blastx:
    input: /mnt/isilon/zackular_lab_hpc/users/dic/projects/DYNAMIC_metagenomics_2020/sunbeam_output/annotation/genes/prodigal/SRR10029141_genes_nucl.fa
    output: /mnt/isilon/zackular_lab_hpc/users/dic/projects/DYNAMIC_metagenomics_2020/sunbeam_output/annotation/blastx/nr/prodigal/SRR10029141.xml
    jobid: 464
    wildcards: db=nr, orf_finder=prodigal, sample=SRR10029141
    threads: 4

Error submitting jobscript (exit code 1):


[Fri Aug 13 20:18:12 2021]
rule run_blastn:
    input: /mnt/isilon/zackular_lab_hpc/users/dic/projects/DYNAMIC_metagenomics_2020/sunbeam_output/assembly/contigs/SRR10029264-contigs.fa
    output: /mnt/isilon/zackular_lab_hpc/users/dic/projects/DYNAMIC_metagenomics_2020/sunbeam_output/annotation/blastn/nt/contig/SRR10029264.xml
    jobid: 634
    wildcards: db=nt, contigs=contig, sample=SRR10029264
    threads: 4

Error submitting jobscript (exit code 1):


[Fri Aug 13 20:18:12 2021]
rule run_blastn:
    input: /mnt/isilon/zackular_lab_hpc/users/dic/projects/DYNAMIC_metagenomics_2020/sunbeam_output/assembly/contigs/SRR10029142-contigs.fa
    output: /mnt/isilon/zackular_lab_hpc/users/dic/projects/DYNAMIC_metagenomics_2020/sunbeam_output/annotation/blastn/nt/contig/SRR10029142.xml
    jobid: 614
    wildcards: db=nt, contigs=contig, sample=SRR10029142
    threads: 4

Error submitting jobscript (exit code 1):


[Fri Aug 13 20:18:12 2021]
rule run_blastx:
    input: /mnt/isilon/zackular_lab_hpc/users/dic/projects/DYNAMIC_metagenomics_2020/sunbeam_output/annotation/genes/prodigal/SRR10029131_genes_nucl.fa
    output: /mnt/isilon/zackular_lab_hpc/users/dic/projects/DYNAMIC_metagenomics_2020/sunbeam_output/annotation/blastx/nr/prodigal/SRR10029131.xml
    jobid: 412
    wildcards: db=nr, orf_finder=prodigal, sample=SRR10029131
    threads: 4

Error submitting jobscript (exit code 1):


[Fri Aug 13 20:18:12 2021]
rule run_blastx:
    input: /mnt/isilon/zackular_lab_hpc/users/dic/projects/DYNAMIC_metagenomics_2020/sunbeam_output/annotation/genes/prodigal/SRR10029150_genes_nucl.fa
    output: /mnt/isilon/zackular_lab_hpc/users/dic/projects/DYNAMIC_metagenomics_2020/sunbeam_output/annotation/blastx/nr/prodigal/SRR10029150.xml
    jobid: 312
    wildcards: db=nr, orf_finder=prodigal, sample=SRR10029150
    threads: 4

Error submitting jobscript (exit code 1):


[Fri Aug 13 20:18:12 2021]
rule run_blastx:
    input: /mnt/isilon/zackular_lab_hpc/users/dic/projects/DYNAMIC_metagenomics_2020/sunbeam_output/annotation/genes/prodigal/SRR10029168_genes_nucl.fa
    output: /mnt/isilon/zackular_lab_hpc/users/dic/projects/DYNAMIC_metagenomics_2020/sunbeam_output/annotation/blastx/nr/prodigal/SRR10029168.xml
    jobid: 652
    wildcards: db=nr, orf_finder=prodigal, sample=SRR10029168
    threads: 4

Error submitting jobscript (exit code 1):


[Fri Aug 13 20:18:13 2021]
rule run_blastn:
    input: /mnt/isilon/zackular_lab_hpc/users/dic/projects/DYNAMIC_metagenomics_2020/sunbeam_output/assembly/contigs/SRR10029230-contigs.fa
    output: /mnt/isilon/zackular_lab_hpc/users/dic/projects/DYNAMIC_metagenomics_2020/sunbeam_output/annotation/blastn/nt/contig/SRR10029230.xml
    jobid: 366
    wildcards: db=nt, contigs=contig, sample=SRR10029230
    threads: 4

Error submitting jobscript (exit code 1):


[Fri Aug 13 20:18:13 2021]
rule run_blastx:
    input: /mnt/isilon/zackular_lab_hpc/users/dic/projects/DYNAMIC_metagenomics_2020/sunbeam_output/annotation/genes/prodigal/SRR10029257_genes_nucl.fa
    output: /mnt/isilon/zackular_lab_hpc/users/dic/projects/DYNAMIC_metagenomics_2020/sunbeam_output/annotation/blastx/nr/prodigal/SRR10029257.xml
    jobid: 596
    wildcards: db=nr, orf_finder=prodigal, sample=SRR10029257
    threads: 4

Error submitting jobscript (exit code 1):


[Fri Aug 13 20:18:13 2021]
rule run_blastx:
    input: /mnt/isilon/zackular_lab_hpc/users/dic/projects/DYNAMIC_metagenomics_2020/sunbeam_output/annotation/genes/prodigal/SRR10029271_genes_nucl.fa
    output: /mnt/isilon/zackular_lab_hpc/users/dic/projects/DYNAMIC_metagenomics_2020/sunbeam_output/annotation/blastx/nr/prodigal/SRR10029271.xml
    jobid: 532
    wildcards: db=nr, orf_finder=prodigal, sample=SRR10029271
    threads: 4

Error submitting jobscript (exit code 1):


[Fri Aug 13 20:18:13 2021]
rule run_blastn:
    input: /mnt/isilon/zackular_lab_hpc/users/dic/projects/DYNAMIC_metagenomics_2020/sunbeam_output/assembly/contigs/SRR10029270-contigs.fa
    output: /mnt/isilon/zackular_lab_hpc/users/dic/projects/DYNAMIC_metagenomics_2020/sunbeam_output/annotation/blastn/nt/contig/SRR10029270.xml
    jobid: 466
    wildcards: db=nt, contigs=contig, sample=SRR10029270
    threads: 4

Error submitting jobscript (exit code 1):


[Fri Aug 13 20:18:13 2021]
rule run_blastn:
    input: /mnt/isilon/zackular_lab_hpc/users/dic/projects/DYNAMIC_metagenomics_2020/sunbeam_output/assembly/contigs/SRR10029139-contigs.fa
    output: /mnt/isilon/zackular_lab_hpc/users/dic/projects/DYNAMIC_metagenomics_2020/sunbeam_output/annotation/blastn/nt/contig/SRR10029139.xml
    jobid: 234
    wildcards: db=nt, contigs=contig, sample=SRR10029139
    threads: 4

Error submitting jobscript (exit code 1):


[Fri Aug 13 20:18:13 2021]
rule run_blastn:
    input: /mnt/isilon/zackular_lab_hpc/users/dic/projects/DYNAMIC_metagenomics_2020/sunbeam_output/assembly/contigs/SRR10029158-contigs.fa
    output: /mnt/isilon/zackular_lab_hpc/users/dic/projects/DYNAMIC_metagenomics_2020/sunbeam_output/annotation/blastn/nt/contig/SRR10029158.xml
    jobid: 302
    wildcards: db=nt, contigs=contig, sample=SRR10029158
    threads: 4

Error submitting jobscript (exit code 1):


[Fri Aug 13 20:18:13 2021]
rule run_blastx:
    input: /mnt/isilon/zackular_lab_hpc/users/dic/projects/DYNAMIC_metagenomics_2020/sunbeam_output/annotation/genes/prodigal/SRR10029155_genes_nucl.fa
    output: /mnt/isilon/zackular_lab_hpc/users/dic/projects/DYNAMIC_metagenomics_2020/sunbeam_output/annotation/blastx/nr/prodigal/SRR10029155.xml
    jobid: 568
    wildcards: db=nr, orf_finder=prodigal, sample=SRR10029155
    threads: 4

Error submitting jobscript (exit code 1):


[Fri Aug 13 20:18:14 2021]
rule run_blastx:
    input: /mnt/isilon/zackular_lab_hpc/users/dic/projects/DYNAMIC_metagenomics_2020/sunbeam_output/annotation/genes/prodigal/SRR10029154_genes_nucl.fa
    output: /mnt/isilon/zackular_lab_hpc/users/dic/projects/DYNAMIC_metagenomics_2020/sunbeam_output/annotation/blastx/nr/prodigal/SRR10029154.xml
    jobid: 212
    wildcards: db=nr, orf_finder=prodigal, sample=SRR10029154
    threads: 4

Error submitting jobscript (exit code 1):


[Fri Aug 13 20:18:14 2021]
rule run_blastn:
    input: /mnt/isilon/zackular_lab_hpc/users/dic/projects/DYNAMIC_metagenomics_2020/sunbeam_output/assembly/contigs/SRR10029184-contigs.fa
    output: /mnt/isilon/zackular_lab_hpc/users/dic/projects/DYNAMIC_metagenomics_2020/sunbeam_output/annotation/blastn/nt/contig/SRR10029184.xml
    jobid: 486
    wildcards: db=nt, contigs=contig, sample=SRR10029184
    threads: 4

Error submitting jobscript (exit code 1):


[Fri Aug 13 20:18:14 2021]
rule run_blastn:
    input: /mnt/isilon/zackular_lab_hpc/users/dic/projects/DYNAMIC_metagenomics_2020/sunbeam_output/assembly/contigs/SRR10029181-contigs.fa
    output: /mnt/isilon/zackular_lab_hpc/users/dic/projects/DYNAMIC_metagenomics_2020/sunbeam_output/annotation/blastn/nt/contig/SRR10029181.xml
    jobid: 722
    wildcards: db=nt, contigs=contig, sample=SRR10029181
    threads: 4

Error submitting jobscript (exit code 1):


[Fri Aug 13 20:18:14 2021]
rule run_blastx:
    input: /mnt/isilon/zackular_lab_hpc/users/dic/projects/DYNAMIC_metagenomics_2020/sunbeam_output/annotation/genes/prodigal/SRR10029129_genes_nucl.fa
    output: /mnt/isilon/zackular_lab_hpc/users/dic/projects/DYNAMIC_metagenomics_2020/sunbeam_output/annotation/blastx/nr/prodigal/SRR10029129.xml
    jobid: 700
    wildcards: db=nr, orf_finder=prodigal, sample=SRR10029129
    threads: 4

Error submitting jobscript (exit code 1):


[Fri Aug 13 20:18:14 2021]
rule run_blastx:
    input: /mnt/isilon/zackular_lab_hpc/users/dic/projects/DYNAMIC_metagenomics_2020/sunbeam_output/annotation/genes/prodigal/SRR10029124_genes_nucl.fa
    output: /mnt/isilon/zackular_lab_hpc/users/dic/projects/DYNAMIC_metagenomics_2020/sunbeam_output/annotation/blastx/nr/prodigal/SRR10029124.xml
    jobid: 600
    wildcards: db=nr, orf_finder=prodigal, sample=SRR10029124
    threads: 4

Error submitting jobscript (exit code 1):


[Fri Aug 13 20:18:14 2021]
rule run_blastn:
    input: /mnt/isilon/zackular_lab_hpc/users/dic/projects/DYNAMIC_metagenomics_2020/sunbeam_output/assembly/contigs/SRR10029132-contigs.fa
    output: /mnt/isilon/zackular_lab_hpc/users/dic/projects/DYNAMIC_metagenomics_2020/sunbeam_output/annotation/blastn/nt/contig/SRR10029132.xml
    jobid: 682
    wildcards: db=nt, contigs=contig, sample=SRR10029132
    threads: 4

Error submitting jobscript (exit code 1):


[Fri Aug 13 20:18:14 2021]
rule run_blastx:
    input: /mnt/isilon/zackular_lab_hpc/users/dic/projects/DYNAMIC_metagenomics_2020/sunbeam_output/annotation/genes/prodigal/SRR10029223_genes_nucl.fa
    output: /mnt/isilon/zackular_lab_hpc/users/dic/projects/DYNAMIC_metagenomics_2020/sunbeam_output/annotation/blastx/nr/prodigal/SRR10029223.xml
    jobid: 552
    wildcards: db=nr, orf_finder=prodigal, sample=SRR10029223
    threads: 4

Error submitting jobscript (exit code 1):


[Fri Aug 13 20:18:14 2021]
rule run_blastn:
    input: /mnt/isilon/zackular_lab_hpc/users/dic/projects/DYNAMIC_metagenomics_2020/sunbeam_output/assembly/contigs/SRR10029127-contigs.fa
    output: /mnt/isilon/zackular_lab_hpc/users/dic/projects/DYNAMIC_metagenomics_2020/sunbeam_output/annotation/blastn/nt/contig/SRR10029127.xml
    jobid: 378
    wildcards: db=nt, contigs=contig, sample=SRR10029127
    threads: 4

Error submitting jobscript (exit code 1):


[Fri Aug 13 20:18:14 2021]
rule run_blastx:
    input: /mnt/isilon/zackular_lab_hpc/users/dic/projects/DYNAMIC_metagenomics_2020/sunbeam_output/annotation/genes/prodigal/SRR10029142_genes_nucl.fa
    output: /mnt/isilon/zackular_lab_hpc/users/dic/projects/DYNAMIC_metagenomics_2020/sunbeam_output/annotation/blastx/nr/prodigal/SRR10029142.xml
    jobid: 616
    wildcards: db=nr, orf_finder=prodigal, sample=SRR10029142
    threads: 4

Error submitting jobscript (exit code 1):


[Fri Aug 13 20:18:15 2021]
rule run_blastx:
    input: /mnt/isilon/zackular_lab_hpc/users/dic/projects/DYNAMIC_metagenomics_2020/sunbeam_output/annotation/genes/prodigal/SRR10029264_genes_nucl.fa
    output: /mnt/isilon/zackular_lab_hpc/users/dic/projects/DYNAMIC_metagenomics_2020/sunbeam_output/annotation/blastx/nr/prodigal/SRR10029264.xml
    jobid: 636
    wildcards: db=nr, orf_finder=prodigal, sample=SRR10029264
    threads: 4

Error submitting jobscript (exit code 1):


[Fri Aug 13 20:18:15 2021]
rule run_blastn:
    input: /mnt/isilon/zackular_lab_hpc/users/dic/projects/DYNAMIC_metagenomics_2020/sunbeam_output/assembly/contigs/SRR10029141-contigs.fa
    output: /mnt/isilon/zackular_lab_hpc/users/dic/projects/DYNAMIC_metagenomics_2020/sunbeam_output/annotation/blastn/nt/contig/SRR10029141.xml
    jobid: 462
    wildcards: db=nt, contigs=contig, sample=SRR10029141
    threads: 4

Error submitting jobscript (exit code 1):


[Fri Aug 13 20:18:15 2021]
rule run_blastn:
    input: /mnt/isilon/zackular_lab_hpc/users/dic/projects/DYNAMIC_metagenomics_2020/sunbeam_output/assembly/contigs/SRR10029143-contigs.fa
    output: /mnt/isilon/zackular_lab_hpc/users/dic/projects/DYNAMIC_metagenomics_2020/sunbeam_output/annotation/blastn/nt/contig/SRR10029143.xml
    jobid: 678
    wildcards: db=nt, contigs=contig, sample=SRR10029143
    threads: 4

Error submitting jobscript (exit code 1):


[Fri Aug 13 20:18:15 2021]
rule run_blastx:
    input: /mnt/isilon/zackular_lab_hpc/users/dic/projects/DYNAMIC_metagenomics_2020/sunbeam_output/annotation/genes/prodigal/SRR10029268_genes_nucl.fa
    output: /mnt/isilon/zackular_lab_hpc/users/dic/projects/DYNAMIC_metagenomics_2020/sunbeam_output/annotation/blastx/nr/prodigal/SRR10029268.xml
    jobid: 208
    wildcards: db=nr, orf_finder=prodigal, sample=SRR10029268
    threads: 4

Error submitting jobscript (exit code 1):


[Fri Aug 13 20:18:15 2021]
rule run_blastx:
    input: /mnt/isilon/zackular_lab_hpc/users/dic/projects/DYNAMIC_metagenomics_2020/sunbeam_output/annotation/genes/prodigal/SRR10029235_genes_nucl.fa
    output: /mnt/isilon/zackular_lab_hpc/users/dic/projects/DYNAMIC_metagenomics_2020/sunbeam_output/annotation/blastx/nr/prodigal/SRR10029235.xml
    jobid: 360
    wildcards: db=nr, orf_finder=prodigal, sample=SRR10029235
    threads: 4

Error submitting jobscript (exit code 1):


[Fri Aug 13 20:18:15 2021]
rule run_blastx:
    input: /mnt/isilon/zackular_lab_hpc/users/dic/projects/DYNAMIC_metagenomics_2020/sunbeam_output/annotation/genes/prodigal/SRR10029182_genes_nucl.fa
    output: /mnt/isilon/zackular_lab_hpc/users/dic/projects/DYNAMIC_metagenomics_2020/sunbeam_output/annotation/blastx/nr/prodigal/SRR10029182.xml
    jobid: 340
    wildcards: db=nr, orf_finder=prodigal, sample=SRR10029182
    threads: 4

Error submitting jobscript (exit code 1):

