Building DAG of jobs...
Using shell: /usr/bin/bash
Provided cluster nodes: 100
Job counts:
	count	jobs
	2298	align_to_genome
	1	all_mapping
	2372	samtools_convert
	2830	samtools_get_coverage
	2830	samtools_index
	2830	samtools_mpileup
	10	samtools_summarize_coverage
	13171

[Mon Aug 30 23:27:23 2021]
rule samtools_convert:
    input: /mnt/isilon/zackular_lab_hpc/users/dic/projects/DYNAMIC_metagenomics_2020/sunbeam_output/mapping/intermediates/Staphylococcus_schleiferi/s.314.Healthy.Antibiotics.Stool.3.2567.sam
    output: /mnt/isilon/zackular_lab_hpc/users/dic/projects/DYNAMIC_metagenomics_2020/sunbeam_output/mapping/Staphylococcus_schleiferi/s.314.Healthy.Antibiotics.Stool.3.2567.bam
    jobid: 5704
    wildcards: genome=Staphylococcus_schleiferi, sample=s.314.Healthy.Antibiotics.Stool.3.2567
    threads: 4

Submitted job 5704 with external jobid 'Submitted batch job 6776275'.

[Mon Aug 30 23:27:43 2021]
rule samtools_convert:
    input: /mnt/isilon/zackular_lab_hpc/users/dic/projects/DYNAMIC_metagenomics_2020/sunbeam_output/mapping/intermediates/Levilactobacillus_brevis/s.197.Healthy.Antibiotics.Feces.Week.4.sam
    output: /mnt/isilon/zackular_lab_hpc/users/dic/projects/DYNAMIC_metagenomics_2020/sunbeam_output/mapping/Levilactobacillus_brevis/s.197.Healthy.Antibiotics.Feces.Week.4.bam
    jobid: 6535
    wildcards: genome=Levilactobacillus_brevis, sample=s.197.Healthy.Antibiotics.Feces.Week.4
    threads: 4

Submitted job 6535 with external jobid 'Submitted batch job 6776276'.

[Mon Aug 30 23:27:43 2021]
rule samtools_convert:
    input: /mnt/isilon/zackular_lab_hpc/users/dic/projects/DYNAMIC_metagenomics_2020/sunbeam_output/mapping/intermediates/Enterococcus_gallinarum/s.314.Healthy.Antibiotics.Stool.3.2567.sam
    output: /mnt/isilon/zackular_lab_hpc/users/dic/projects/DYNAMIC_metagenomics_2020/sunbeam_output/mapping/Enterococcus_gallinarum/s.314.Healthy.Antibiotics.Stool.3.2567.bam
    jobid: 8251
    wildcards: genome=Enterococcus_gallinarum, sample=s.314.Healthy.Antibiotics.Stool.3.2567
    threads: 4

Submitted job 8251 with external jobid 'Submitted batch job 6776277'.

[Mon Aug 30 23:27:43 2021]
rule align_to_genome:
    input: /mnt/isilon/zackular_lab_hpc/users/dic/projects/DYNAMIC_metagenomics_2020/sunbeam_output/qc/decontam/s.154.VEO.Feces.Week.8_1.fastq.gz, /mnt/isilon/zackular_lab_hpc/users/dic/projects/DYNAMIC_metagenomics_2020/sunbeam_output/qc/decontam/s.154.VEO.Feces.Week.8_2.fastq.gz, /mnt/isilon/zackular_lab_hpc/users/dic/projects/DYNAMIC_metagenomics_2020/ArcOperon_fa/Pseudomonas_aeruginosa.fasta.amb
    output: /mnt/isilon/zackular_lab_hpc/users/dic/projects/DYNAMIC_metagenomics_2020/sunbeam_output/mapping/intermediates/Pseudomonas_aeruginosa/s.154.VEO.Feces.Week.8.sam
    jobid: 12170
    wildcards: genome=Pseudomonas_aeruginosa, sample=s.154.VEO.Feces.Week.8
    threads: 4

Submitted job 12170 with external jobid 'Submitted batch job 6776278'.

[Mon Aug 30 23:27:43 2021]
rule samtools_convert:
    input: /mnt/isilon/zackular_lab_hpc/users/dic/projects/DYNAMIC_metagenomics_2020/sunbeam_output/mapping/intermediates/Latilactobacillus_sakei/s.261.IBD_Therapy.Feces.Baseline.sam
    output: /mnt/isilon/zackular_lab_hpc/users/dic/projects/DYNAMIC_metagenomics_2020/sunbeam_output/mapping/Latilactobacillus_sakei/s.261.IBD_Therapy.Feces.Baseline.bam
    jobid: 7360
    wildcards: genome=Latilactobacillus_sakei, sample=s.261.IBD_Therapy.Feces.Baseline
    threads: 4

Submitted job 7360 with external jobid 'Submitted batch job 6776279'.

[Mon Aug 30 23:27:43 2021]
rule samtools_convert:
    input: /mnt/isilon/zackular_lab_hpc/users/dic/projects/DYNAMIC_metagenomics_2020/sunbeam_output/mapping/intermediates/Staphylococcus_epidermidis/s.295.IBD.CDiff.Feces.week.4.sam
    output: /mnt/isilon/zackular_lab_hpc/users/dic/projects/DYNAMIC_metagenomics_2020/sunbeam_output/mapping/Staphylococcus_epidermidis/s.295.IBD.CDiff.Feces.week.4.bam
    jobid: 7742
    wildcards: genome=Staphylococcus_epidermidis, sample=s.295.IBD.CDiff.Feces.week.4
    threads: 4

Submitted job 7742 with external jobid 'Submitted batch job 6776280'.

[Mon Aug 30 23:27:43 2021]
rule samtools_convert:
    input: /mnt/isilon/zackular_lab_hpc/users/dic/projects/DYNAMIC_metagenomics_2020/sunbeam_output/mapping/intermediates/Pediococcus_acidlactici/s.175.VEO.Feces.Week_8.sam
    output: /mnt/isilon/zackular_lab_hpc/users/dic/projects/DYNAMIC_metagenomics_2020/sunbeam_output/mapping/Pediococcus_acidlactici/s.175.VEO.Feces.Week_8.bam
    jobid: 6099
    wildcards: genome=Pediococcus_acidlactici, sample=s.175.VEO.Feces.Week_8
    threads: 4

Submitted job 6099 with external jobid 'Submitted batch job 6776281'.

[Mon Aug 30 23:27:43 2021]
rule align_to_genome:
    input: /mnt/isilon/zackular_lab_hpc/users/dic/projects/DYNAMIC_metagenomics_2020/sunbeam_output/qc/decontam/s26.Healthy.Feces.Visit1_1.fastq.gz, /mnt/isilon/zackular_lab_hpc/users/dic/projects/DYNAMIC_metagenomics_2020/sunbeam_output/qc/decontam/s26.Healthy.Feces.Visit1_2.fastq.gz, /mnt/isilon/zackular_lab_hpc/users/dic/projects/DYNAMIC_metagenomics_2020/ArcOperon_fa/Pediococcus_acidlactici.fasta.amb
    output: /mnt/isilon/zackular_lab_hpc/users/dic/projects/DYNAMIC_metagenomics_2020/sunbeam_output/mapping/intermediates/Pediococcus_acidlactici/s26.Healthy.Feces.Visit1.sam
    jobid: 11703
    wildcards: genome=Pediococcus_acidlactici, sample=s26.Healthy.Feces.Visit1
    threads: 4

Submitted job 11703 with external jobid 'Submitted batch job 6776282'.

[Mon Aug 30 23:27:43 2021]
rule samtools_convert:
    input: /mnt/isilon/zackular_lab_hpc/users/dic/projects/DYNAMIC_metagenomics_2020/sunbeam_output/mapping/intermediates/Staphylococcus_epidermidis/s.175.VEO.Feces.Week_8.sam
    output: /mnt/isilon/zackular_lab_hpc/users/dic/projects/DYNAMIC_metagenomics_2020/sunbeam_output/mapping/Staphylococcus_epidermidis/s.175.VEO.Feces.Week_8.bam
    jobid: 7797
    wildcards: genome=Staphylococcus_epidermidis, sample=s.175.VEO.Feces.Week_8
    threads: 4

Submitted job 7797 with external jobid 'Submitted batch job 6776283'.

[Mon Aug 30 23:27:43 2021]
rule samtools_convert:
    input: /mnt/isilon/zackular_lab_hpc/users/dic/projects/DYNAMIC_metagenomics_2020/sunbeam_output/mapping/intermediates/Pediococcus_acidlactici/s.295.IBD.CDiff.Feces.week.4.sam
    output: /mnt/isilon/zackular_lab_hpc/users/dic/projects/DYNAMIC_metagenomics_2020/sunbeam_output/mapping/Pediococcus_acidlactici/s.295.IBD.CDiff.Feces.week.4.bam
    jobid: 6044
    wildcards: genome=Pediococcus_acidlactici, sample=s.295.IBD.CDiff.Feces.week.4
    threads: 4

Submitted job 6044 with external jobid 'Submitted batch job 6776284'.

[Mon Aug 30 23:27:44 2021]
rule align_to_genome:
    input: /mnt/isilon/zackular_lab_hpc/users/dic/projects/DYNAMIC_metagenomics_2020/sunbeam_output/qc/decontam/s26.Healthy.Feces.Visit1_1.fastq.gz, /mnt/isilon/zackular_lab_hpc/users/dic/projects/DYNAMIC_metagenomics_2020/sunbeam_output/qc/decontam/s26.Healthy.Feces.Visit1_2.fastq.gz, /mnt/isilon/zackular_lab_hpc/users/dic/projects/DYNAMIC_metagenomics_2020/ArcOperon_fa/Staphylococcus_epidermidis.fasta.amb
    output: /mnt/isilon/zackular_lab_hpc/users/dic/projects/DYNAMIC_metagenomics_2020/sunbeam_output/mapping/intermediates/Staphylococcus_epidermidis/s26.Healthy.Feces.Visit1.sam
    jobid: 13401
    wildcards: genome=Staphylococcus_epidermidis, sample=s26.Healthy.Feces.Visit1
    threads: 4

Submitted job 13401 with external jobid 'Submitted batch job 6776285'.

[Mon Aug 30 23:27:44 2021]
rule samtools_convert:
    input: /mnt/isilon/zackular_lab_hpc/users/dic/projects/DYNAMIC_metagenomics_2020/sunbeam_output/mapping/intermediates/Latilactobacillus_sakei/s70.Healthy_greaterthan5.Feces.Week_8.sam
    output: /mnt/isilon/zackular_lab_hpc/users/dic/projects/DYNAMIC_metagenomics_2020/sunbeam_output/mapping/Latilactobacillus_sakei/s70.Healthy_greaterthan5.Feces.Week_8.bam
    jobid: 7086
    wildcards: genome=Latilactobacillus_sakei, sample=s70.Healthy_greaterthan5.Feces.Week_8
    threads: 4

Submitted job 7086 with external jobid 'Submitted batch job 6776286'.

[Mon Aug 30 23:27:44 2021]
rule align_to_genome:
    input: /mnt/isilon/zackular_lab_hpc/users/dic/projects/DYNAMIC_metagenomics_2020/sunbeam_output/qc/decontam/s.214.Healthy.Antibiotics.Feces.Week.8_1.fastq.gz, /mnt/isilon/zackular_lab_hpc/users/dic/projects/DYNAMIC_metagenomics_2020/sunbeam_output/qc/decontam/s.214.Healthy.Antibiotics.Feces.Week.8_2.fastq.gz, /mnt/isilon/zackular_lab_hpc/users/dic/projects/DYNAMIC_metagenomics_2020/ArcOperon_fa/Levilactobacillus_brevis.fasta.amb
    output: /mnt/isilon/zackular_lab_hpc/users/dic/projects/DYNAMIC_metagenomics_2020/sunbeam_output/mapping/intermediates/Levilactobacillus_brevis/s.214.Healthy.Antibiotics.Feces.Week.8.sam
    jobid: 12306
    wildcards: genome=Levilactobacillus_brevis, sample=s.214.Healthy.Antibiotics.Feces.Week.8
    threads: 4

Submitted job 12306 with external jobid 'Submitted batch job 6776287'.

[Mon Aug 30 23:27:44 2021]
rule samtools_convert:
    input: /mnt/isilon/zackular_lab_hpc/users/dic/projects/DYNAMIC_metagenomics_2020/sunbeam_output/mapping/intermediates/Pseudomonas_aeruginosa/s.334.Healthy.Antibiotics.Stool.3.2749.sam
    output: /mnt/isilon/zackular_lab_hpc/users/dic/projects/DYNAMIC_metagenomics_2020/sunbeam_output/mapping/Pseudomonas_aeruginosa/s.334.Healthy.Antibiotics.Stool.3.2749.bam
    jobid: 6292
    wildcards: genome=Pseudomonas_aeruginosa, sample=s.334.Healthy.Antibiotics.Stool.3.2749
    threads: 4

Submitted job 6292 with external jobid 'Submitted batch job 6776288'.

[Mon Aug 30 23:27:44 2021]
rule samtools_convert:
    input: /mnt/isilon/zackular_lab_hpc/users/dic/projects/DYNAMIC_metagenomics_2020/sunbeam_output/mapping/intermediates/Streptococcus_agalactiae/s.261.IBD_Therapy.Feces.Baseline.sam
    output: /mnt/isilon/zackular_lab_hpc/users/dic/projects/DYNAMIC_metagenomics_2020/sunbeam_output/mapping/Streptococcus_agalactiae/s.261.IBD_Therapy.Feces.Baseline.bam
    jobid: 8209
    wildcards: genome=Streptococcus_agalactiae, sample=s.261.IBD_Therapy.Feces.Baseline
    threads: 4

Submitted job 8209 with external jobid 'Submitted batch job 6776289'.

[Mon Aug 30 23:27:44 2021]
rule samtools_convert:
    input: /mnt/isilon/zackular_lab_hpc/users/dic/projects/DYNAMIC_metagenomics_2020/sunbeam_output/mapping/intermediates/Levilactobacillus_brevis/s.334.Healthy.Antibiotics.Stool.3.2749.sam
    output: /mnt/isilon/zackular_lab_hpc/users/dic/projects/DYNAMIC_metagenomics_2020/sunbeam_output/mapping/Levilactobacillus_brevis/s.334.Healthy.Antibiotics.Stool.3.2749.bam
    jobid: 6575
    wildcards: genome=Levilactobacillus_brevis, sample=s.334.Healthy.Antibiotics.Stool.3.2749
    threads: 4

Submitted job 6575 with external jobid 'Submitted batch job 6776290'.

[Mon Aug 30 23:27:44 2021]
rule samtools_convert:
    input: /mnt/isilon/zackular_lab_hpc/users/dic/projects/DYNAMIC_metagenomics_2020/sunbeam_output/mapping/intermediates/Streptococcus_agalactiae/s70.Healthy_greaterthan5.Feces.Week_8.sam
    output: /mnt/isilon/zackular_lab_hpc/users/dic/projects/DYNAMIC_metagenomics_2020/sunbeam_output/mapping/Streptococcus_agalactiae/s70.Healthy_greaterthan5.Feces.Week_8.bam
    jobid: 7935
    wildcards: genome=Streptococcus_agalactiae, sample=s70.Healthy_greaterthan5.Feces.Week_8
    threads: 4

Submitted job 7935 with external jobid 'Submitted batch job 6776291'.

[Mon Aug 30 23:27:44 2021]
rule align_to_genome:
    input: /mnt/isilon/zackular_lab_hpc/users/dic/projects/DYNAMIC_metagenomics_2020/sunbeam_output/qc/decontam/s.214.Healthy.Antibiotics.Feces.Week.8_1.fastq.gz, /mnt/isilon/zackular_lab_hpc/users/dic/projects/DYNAMIC_metagenomics_2020/sunbeam_output/qc/decontam/s.214.Healthy.Antibiotics.Feces.Week.8_2.fastq.gz, /mnt/isilon/zackular_lab_hpc/users/dic/projects/DYNAMIC_metagenomics_2020/ArcOperon_fa/Pseudomonas_aeruginosa.fasta.amb
    output: /mnt/isilon/zackular_lab_hpc/users/dic/projects/DYNAMIC_metagenomics_2020/sunbeam_output/mapping/intermediates/Pseudomonas_aeruginosa/s.214.Healthy.Antibiotics.Feces.Week.8.sam
    jobid: 12023
    wildcards: genome=Pseudomonas_aeruginosa, sample=s.214.Healthy.Antibiotics.Feces.Week.8
    threads: 4

Submitted job 12023 with external jobid 'Submitted batch job 6776292'.

[Mon Aug 30 23:27:44 2021]
rule align_to_genome:
    input: /mnt/isilon/zackular_lab_hpc/users/dic/projects/DYNAMIC_metagenomics_2020/sunbeam_output/qc/decontam/s26.Healthy.Feces.Visit1_1.fastq.gz, /mnt/isilon/zackular_lab_hpc/users/dic/projects/DYNAMIC_metagenomics_2020/sunbeam_output/qc/decontam/s26.Healthy.Feces.Visit1_2.fastq.gz, /mnt/isilon/zackular_lab_hpc/users/dic/projects/DYNAMIC_metagenomics_2020/ArcOperon_fa/Enterococcus_gallinarum.fasta.amb
    output: /mnt/isilon/zackular_lab_hpc/users/dic/projects/DYNAMIC_metagenomics_2020/sunbeam_output/mapping/intermediates/Enterococcus_gallinarum/s26.Healthy.Feces.Visit1.sam
    jobid: 13967
    wildcards: genome=Enterococcus_gallinarum, sample=s26.Healthy.Feces.Visit1
    threads: 4

Submitted job 13967 with external jobid 'Submitted batch job 6776293'.

[Mon Aug 30 23:27:45 2021]
rule samtools_convert:
    input: /mnt/isilon/zackular_lab_hpc/users/dic/projects/DYNAMIC_metagenomics_2020/sunbeam_output/mapping/intermediates/Enterococcus_gallinarum/s.175.VEO.Feces.Week_8.sam
    output: /mnt/isilon/zackular_lab_hpc/users/dic/projects/DYNAMIC_metagenomics_2020/sunbeam_output/mapping/Enterococcus_gallinarum/s.175.VEO.Feces.Week_8.bam
    jobid: 8363
    wildcards: genome=Enterococcus_gallinarum, sample=s.175.VEO.Feces.Week_8
    threads: 4

Submitted job 8363 with external jobid 'Submitted batch job 6776294'.

[Mon Aug 30 23:27:45 2021]
rule samtools_convert:
    input: /mnt/isilon/zackular_lab_hpc/users/dic/projects/DYNAMIC_metagenomics_2020/sunbeam_output/mapping/intermediates/Clostridium_perfringens/s.261.IBD_Therapy.Feces.Baseline.sam
    output: /mnt/isilon/zackular_lab_hpc/users/dic/projects/DYNAMIC_metagenomics_2020/sunbeam_output/mapping/Clostridium_perfringens/s.261.IBD_Therapy.Feces.Baseline.bam
    jobid: 7643
    wildcards: genome=Clostridium_perfringens, sample=s.261.IBD_Therapy.Feces.Baseline
    threads: 4

Submitted job 7643 with external jobid 'Submitted batch job 6776295'.

[Mon Aug 30 23:27:45 2021]
rule samtools_convert:
    input: /mnt/isilon/zackular_lab_hpc/users/dic/projects/DYNAMIC_metagenomics_2020/sunbeam_output/mapping/intermediates/Staphylococcus_schleiferi/s.175.VEO.Feces.Week_8.sam
    output: /mnt/isilon/zackular_lab_hpc/users/dic/projects/DYNAMIC_metagenomics_2020/sunbeam_output/mapping/Staphylococcus_schleiferi/s.175.VEO.Feces.Week_8.bam
    jobid: 5816
    wildcards: genome=Staphylococcus_schleiferi, sample=s.175.VEO.Feces.Week_8
    threads: 4

Submitted job 5816 with external jobid 'Submitted batch job 6776296'.

[Mon Aug 30 23:27:45 2021]
rule align_to_genome:
    input: /mnt/isilon/zackular_lab_hpc/users/dic/projects/DYNAMIC_metagenomics_2020/sunbeam_output/qc/decontam/s26.Healthy.Feces.Visit1_1.fastq.gz, /mnt/isilon/zackular_lab_hpc/users/dic/projects/DYNAMIC_metagenomics_2020/sunbeam_output/qc/decontam/s26.Healthy.Feces.Visit1_2.fastq.gz, /mnt/isilon/zackular_lab_hpc/users/dic/projects/DYNAMIC_metagenomics_2020/ArcOperon_fa/Staphylococcus_schleiferi.fasta.amb
    output: /mnt/isilon/zackular_lab_hpc/users/dic/projects/DYNAMIC_metagenomics_2020/sunbeam_output/mapping/intermediates/Staphylococcus_schleiferi/s26.Healthy.Feces.Visit1.sam
    jobid: 11420
    wildcards: genome=Staphylococcus_schleiferi, sample=s26.Healthy.Feces.Visit1
    threads: 4

Submitted job 11420 with external jobid 'Submitted batch job 6776297'.

[Mon Aug 30 23:27:45 2021]
rule samtools_convert:
    input: /mnt/isilon/zackular_lab_hpc/users/dic/projects/DYNAMIC_metagenomics_2020/sunbeam_output/mapping/intermediates/Enterococcus_gallinarum/s.295.IBD.CDiff.Feces.week.4.sam
    output: /mnt/isilon/zackular_lab_hpc/users/dic/projects/DYNAMIC_metagenomics_2020/sunbeam_output/mapping/Enterococcus_gallinarum/s.295.IBD.CDiff.Feces.week.4.bam
    jobid: 8308
    wildcards: genome=Enterococcus_gallinarum, sample=s.295.IBD.CDiff.Feces.week.4
    threads: 4

Submitted job 8308 with external jobid 'Submitted batch job 6776298'.

[Mon Aug 30 23:27:45 2021]
rule samtools_convert:
    input: /mnt/isilon/zackular_lab_hpc/users/dic/projects/DYNAMIC_metagenomics_2020/sunbeam_output/mapping/intermediates/Staphylococcus_schleiferi/s.295.IBD.CDiff.Feces.week.4.sam
    output: /mnt/isilon/zackular_lab_hpc/users/dic/projects/DYNAMIC_metagenomics_2020/sunbeam_output/mapping/Staphylococcus_schleiferi/s.295.IBD.CDiff.Feces.week.4.bam
    jobid: 5761
    wildcards: genome=Staphylococcus_schleiferi, sample=s.295.IBD.CDiff.Feces.week.4
    threads: 4

Submitted job 5761 with external jobid 'Submitted batch job 6776299'.

[Mon Aug 30 23:27:45 2021]
rule samtools_convert:
    input: /mnt/isilon/zackular_lab_hpc/users/dic/projects/DYNAMIC_metagenomics_2020/sunbeam_output/mapping/intermediates/Clostridium_perfringens/s70.Healthy_greaterthan5.Feces.Week_8.sam
    output: /mnt/isilon/zackular_lab_hpc/users/dic/projects/DYNAMIC_metagenomics_2020/sunbeam_output/mapping/Clostridium_perfringens/s70.Healthy_greaterthan5.Feces.Week_8.bam
    jobid: 7369
    wildcards: genome=Clostridium_perfringens, sample=s70.Healthy_greaterthan5.Feces.Week_8
    threads: 4

Submitted job 7369 with external jobid 'Submitted batch job 6776300'.

[Mon Aug 30 23:27:45 2021]
rule align_to_genome:
    input: /mnt/isilon/zackular_lab_hpc/users/dic/projects/DYNAMIC_metagenomics_2020/sunbeam_output/qc/decontam/s.154.VEO.Feces.Week.8_1.fastq.gz, /mnt/isilon/zackular_lab_hpc/users/dic/projects/DYNAMIC_metagenomics_2020/sunbeam_output/qc/decontam/s.154.VEO.Feces.Week.8_2.fastq.gz, /mnt/isilon/zackular_lab_hpc/users/dic/projects/DYNAMIC_metagenomics_2020/ArcOperon_fa/Levilactobacillus_brevis.fasta.amb
    output: /mnt/isilon/zackular_lab_hpc/users/dic/projects/DYNAMIC_metagenomics_2020/sunbeam_output/mapping/intermediates/Levilactobacillus_brevis/s.154.VEO.Feces.Week.8.sam
    jobid: 12453
    wildcards: genome=Levilactobacillus_brevis, sample=s.154.VEO.Feces.Week.8
    threads: 4

Submitted job 12453 with external jobid 'Submitted batch job 6776301'.

[Mon Aug 30 23:27:45 2021]
rule samtools_convert:
    input: /mnt/isilon/zackular_lab_hpc/users/dic/projects/DYNAMIC_metagenomics_2020/sunbeam_output/mapping/intermediates/Pediococcus_acidlactici/s.314.Healthy.Antibiotics.Stool.3.2567.sam
    output: /mnt/isilon/zackular_lab_hpc/users/dic/projects/DYNAMIC_metagenomics_2020/sunbeam_output/mapping/Pediococcus_acidlactici/s.314.Healthy.Antibiotics.Stool.3.2567.bam
    jobid: 5987
    wildcards: genome=Pediococcus_acidlactici, sample=s.314.Healthy.Antibiotics.Stool.3.2567
    threads: 4

Submitted job 5987 with external jobid 'Submitted batch job 6776302'.

[Mon Aug 30 23:27:45 2021]
rule samtools_convert:
    input: /mnt/isilon/zackular_lab_hpc/users/dic/projects/DYNAMIC_metagenomics_2020/sunbeam_output/mapping/intermediates/Pseudomonas_aeruginosa/s.197.Healthy.Antibiotics.Feces.Week.4.sam
    output: /mnt/isilon/zackular_lab_hpc/users/dic/projects/DYNAMIC_metagenomics_2020/sunbeam_output/mapping/Pseudomonas_aeruginosa/s.197.Healthy.Antibiotics.Feces.Week.4.bam
    jobid: 6252
    wildcards: genome=Pseudomonas_aeruginosa, sample=s.197.Healthy.Antibiotics.Feces.Week.4
    threads: 4

Submitted job 6252 with external jobid 'Submitted batch job 6776303'.

[Mon Aug 30 23:27:46 2021]
rule samtools_convert:
    input: /mnt/isilon/zackular_lab_hpc/users/dic/projects/DYNAMIC_metagenomics_2020/sunbeam_output/mapping/intermediates/Staphylococcus_epidermidis/s.314.Healthy.Antibiotics.Stool.3.2567.sam
    output: /mnt/isilon/zackular_lab_hpc/users/dic/projects/DYNAMIC_metagenomics_2020/sunbeam_output/mapping/Staphylococcus_epidermidis/s.314.Healthy.Antibiotics.Stool.3.2567.bam
    jobid: 7685
    wildcards: genome=Staphylococcus_epidermidis, sample=s.314.Healthy.Antibiotics.Stool.3.2567
    threads: 4

Submitted job 7685 with external jobid 'Submitted batch job 6776304'.

[Mon Aug 30 23:27:46 2021]
rule align_to_genome:
    input: /mnt/isilon/zackular_lab_hpc/users/dic/projects/DYNAMIC_metagenomics_2020/sunbeam_output/qc/decontam/s.154.VEO.Feces.Week.8_1.fastq.gz, /mnt/isilon/zackular_lab_hpc/users/dic/projects/DYNAMIC_metagenomics_2020/sunbeam_output/qc/decontam/s.154.VEO.Feces.Week.8_2.fastq.gz, /mnt/isilon/zackular_lab_hpc/users/dic/projects/DYNAMIC_metagenomics_2020/ArcOperon_fa/Staphylococcus_schleiferi.fasta.amb
    output: /mnt/isilon/zackular_lab_hpc/users/dic/projects/DYNAMIC_metagenomics_2020/sunbeam_output/mapping/intermediates/Staphylococcus_schleiferi/s.154.VEO.Feces.Week.8.sam
    jobid: 11604
    wildcards: genome=Staphylococcus_schleiferi, sample=s.154.VEO.Feces.Week.8
    threads: 4

Submitted job 11604 with external jobid 'Submitted batch job 6776305'.

[Mon Aug 30 23:27:46 2021]
rule samtools_convert:
    input: /mnt/isilon/zackular_lab_hpc/users/dic/projects/DYNAMIC_metagenomics_2020/sunbeam_output/mapping/intermediates/Pediococcus_acidlactici/s.197.Healthy.Antibiotics.Feces.Week.4.sam
    output: /mnt/isilon/zackular_lab_hpc/users/dic/projects/DYNAMIC_metagenomics_2020/sunbeam_output/mapping/Pediococcus_acidlactici/s.197.Healthy.Antibiotics.Feces.Week.4.bam
    jobid: 5969
    wildcards: genome=Pediococcus_acidlactici, sample=s.197.Healthy.Antibiotics.Feces.Week.4
    threads: 4

Submitted job 5969 with external jobid 'Submitted batch job 6776306'.

[Mon Aug 30 23:27:46 2021]
rule align_to_genome:
    input: /mnt/isilon/zackular_lab_hpc/users/dic/projects/DYNAMIC_metagenomics_2020/sunbeam_output/qc/decontam/s.154.VEO.Feces.Week.8_1.fastq.gz, /mnt/isilon/zackular_lab_hpc/users/dic/projects/DYNAMIC_metagenomics_2020/sunbeam_output/qc/decontam/s.154.VEO.Feces.Week.8_2.fastq.gz, /mnt/isilon/zackular_lab_hpc/users/dic/projects/DYNAMIC_metagenomics_2020/ArcOperon_fa/Enterococcus_gallinarum.fasta.amb
    output: /mnt/isilon/zackular_lab_hpc/users/dic/projects/DYNAMIC_metagenomics_2020/sunbeam_output/mapping/intermediates/Enterococcus_gallinarum/s.154.VEO.Feces.Week.8.sam
    jobid: 14151
    wildcards: genome=Enterococcus_gallinarum, sample=s.154.VEO.Feces.Week.8
    threads: 4

Submitted job 14151 with external jobid 'Submitted batch job 6776307'.

[Mon Aug 30 23:27:46 2021]
rule samtools_convert:
    input: /mnt/isilon/zackular_lab_hpc/users/dic/projects/DYNAMIC_metagenomics_2020/sunbeam_output/mapping/intermediates/Pseudomonas_aeruginosa/s.314.Healthy.Antibiotics.Stool.3.2567.sam
    output: /mnt/isilon/zackular_lab_hpc/users/dic/projects/DYNAMIC_metagenomics_2020/sunbeam_output/mapping/Pseudomonas_aeruginosa/s.314.Healthy.Antibiotics.Stool.3.2567.bam
    jobid: 6270
    wildcards: genome=Pseudomonas_aeruginosa, sample=s.314.Healthy.Antibiotics.Stool.3.2567
    threads: 4

Submitted job 6270 with external jobid 'Submitted batch job 6776308'.

[Mon Aug 30 23:27:46 2021]
rule samtools_convert:
    input: /mnt/isilon/zackular_lab_hpc/users/dic/projects/DYNAMIC_metagenomics_2020/sunbeam_output/mapping/intermediates/Streptococcus_agalactiae/s.344.Healthy.Antibiotics.Stool.1.2655.sam
    output: /mnt/isilon/zackular_lab_hpc/users/dic/projects/DYNAMIC_metagenomics_2020/sunbeam_output/mapping/Streptococcus_agalactiae/s.344.Healthy.Antibiotics.Stool.1.2655.bam
    jobid: 8097
    wildcards: genome=Streptococcus_agalactiae, sample=s.344.Healthy.Antibiotics.Stool.1.2655
    threads: 4

Submitted job 8097 with external jobid 'Submitted batch job 6776309'.

[Mon Aug 30 23:27:46 2021]
rule samtools_convert:
    input: /mnt/isilon/zackular_lab_hpc/users/dic/projects/DYNAMIC_metagenomics_2020/sunbeam_output/mapping/intermediates/Staphylococcus_epidermidis/s.197.Healthy.Antibiotics.Feces.Week.4.sam
    output: /mnt/isilon/zackular_lab_hpc/users/dic/projects/DYNAMIC_metagenomics_2020/sunbeam_output/mapping/Staphylococcus_epidermidis/s.197.Healthy.Antibiotics.Feces.Week.4.bam
    jobid: 7667
    wildcards: genome=Staphylococcus_epidermidis, sample=s.197.Healthy.Antibiotics.Feces.Week.4
    threads: 4

Submitted job 7667 with external jobid 'Submitted batch job 6776310'.

[Mon Aug 30 23:27:46 2021]
rule samtools_convert:
    input: /mnt/isilon/zackular_lab_hpc/users/dic/projects/DYNAMIC_metagenomics_2020/sunbeam_output/mapping/intermediates/Levilactobacillus_brevis/s.175.VEO.Feces.Week_8.sam
    output: /mnt/isilon/zackular_lab_hpc/users/dic/projects/DYNAMIC_metagenomics_2020/sunbeam_output/mapping/Levilactobacillus_brevis/s.175.VEO.Feces.Week_8.bam
    jobid: 6665
    wildcards: genome=Levilactobacillus_brevis, sample=s.175.VEO.Feces.Week_8
    threads: 4

Submitted job 6665 with external jobid 'Submitted batch job 6776311'.

[Mon Aug 30 23:27:46 2021]
rule align_to_genome:
    input: /mnt/isilon/zackular_lab_hpc/users/dic/projects/DYNAMIC_metagenomics_2020/sunbeam_output/qc/decontam/s26.Healthy.Feces.Visit1_1.fastq.gz, /mnt/isilon/zackular_lab_hpc/users/dic/projects/DYNAMIC_metagenomics_2020/sunbeam_output/qc/decontam/s26.Healthy.Feces.Visit1_2.fastq.gz, /mnt/isilon/zackular_lab_hpc/users/dic/projects/DYNAMIC_metagenomics_2020/ArcOperon_fa/Levilactobacillus_brevis.fasta.amb
    output: /mnt/isilon/zackular_lab_hpc/users/dic/projects/DYNAMIC_metagenomics_2020/sunbeam_output/mapping/intermediates/Levilactobacillus_brevis/s26.Healthy.Feces.Visit1.sam
    jobid: 12269
    wildcards: genome=Levilactobacillus_brevis, sample=s26.Healthy.Feces.Visit1
    threads: 4

Submitted job 12269 with external jobid 'Submitted batch job 6776312'.

[Mon Aug 30 23:27:46 2021]
rule samtools_convert:
    input: /mnt/isilon/zackular_lab_hpc/users/dic/projects/DYNAMIC_metagenomics_2020/sunbeam_output/mapping/intermediates/Levilactobacillus_brevis/s.295.IBD.CDiff.Feces.week.4.sam
    output: /mnt/isilon/zackular_lab_hpc/users/dic/projects/DYNAMIC_metagenomics_2020/sunbeam_output/mapping/Levilactobacillus_brevis/s.295.IBD.CDiff.Feces.week.4.bam
    jobid: 6610
    wildcards: genome=Levilactobacillus_brevis, sample=s.295.IBD.CDiff.Feces.week.4
    threads: 4

Submitted job 6610 with external jobid 'Submitted batch job 6776313'.

[Mon Aug 30 23:27:47 2021]
rule align_to_genome:
    input: /mnt/isilon/zackular_lab_hpc/users/dic/projects/DYNAMIC_metagenomics_2020/sunbeam_output/qc/decontam/s.214.Healthy.Antibiotics.Feces.Week.8_1.fastq.gz, /mnt/isilon/zackular_lab_hpc/users/dic/projects/DYNAMIC_metagenomics_2020/sunbeam_output/qc/decontam/s.214.Healthy.Antibiotics.Feces.Week.8_2.fastq.gz, /mnt/isilon/zackular_lab_hpc/users/dic/projects/DYNAMIC_metagenomics_2020/ArcOperon_fa/Staphylococcus_epidermidis.fasta.amb
    output: /mnt/isilon/zackular_lab_hpc/users/dic/projects/DYNAMIC_metagenomics_2020/sunbeam_output/mapping/intermediates/Staphylococcus_epidermidis/s.214.Healthy.Antibiotics.Feces.Week.8.sam
    jobid: 13438
    wildcards: genome=Staphylococcus_epidermidis, sample=s.214.Healthy.Antibiotics.Feces.Week.8
    threads: 4

Submitted job 13438 with external jobid 'Submitted batch job 6776314'.

[Mon Aug 30 23:27:47 2021]
rule align_to_genome:
    input: /mnt/isilon/zackular_lab_hpc/users/dic/projects/DYNAMIC_metagenomics_2020/sunbeam_output/qc/decontam/s.214.Healthy.Antibiotics.Feces.Week.8_1.fastq.gz, /mnt/isilon/zackular_lab_hpc/users/dic/projects/DYNAMIC_metagenomics_2020/sunbeam_output/qc/decontam/s.214.Healthy.Antibiotics.Feces.Week.8_2.fastq.gz, /mnt/isilon/zackular_lab_hpc/users/dic/projects/DYNAMIC_metagenomics_2020/ArcOperon_fa/Pediococcus_acidlactici.fasta.amb
    output: /mnt/isilon/zackular_lab_hpc/users/dic/projects/DYNAMIC_metagenomics_2020/sunbeam_output/mapping/intermediates/Pediococcus_acidlactici/s.214.Healthy.Antibiotics.Feces.Week.8.sam
    jobid: 11740
    wildcards: genome=Pediococcus_acidlactici, sample=s.214.Healthy.Antibiotics.Feces.Week.8
    threads: 4

Submitted job 11740 with external jobid 'Submitted batch job 6776315'.

[Mon Aug 30 23:27:47 2021]
rule samtools_convert:
    input: /mnt/isilon/zackular_lab_hpc/users/dic/projects/DYNAMIC_metagenomics_2020/sunbeam_output/mapping/intermediates/Streptococcus_agalactiae/s.197.Healthy.Antibiotics.Feces.Baseline.sam
    output: /mnt/isilon/zackular_lab_hpc/users/dic/projects/DYNAMIC_metagenomics_2020/sunbeam_output/mapping/Streptococcus_agalactiae/s.197.Healthy.Antibiotics.Feces.Baseline.bam
    jobid: 7986
    wildcards: genome=Streptococcus_agalactiae, sample=s.197.Healthy.Antibiotics.Feces.Baseline
    threads: 4

Submitted job 7986 with external jobid 'Submitted batch job 6776316'.

[Mon Aug 30 23:27:47 2021]
rule samtools_convert:
    input: /mnt/isilon/zackular_lab_hpc/users/dic/projects/DYNAMIC_metagenomics_2020/sunbeam_output/mapping/intermediates/Staphylococcus_schleiferi/s.334.Healthy.Antibiotics.Stool.3.2749.sam
    output: /mnt/isilon/zackular_lab_hpc/users/dic/projects/DYNAMIC_metagenomics_2020/sunbeam_output/mapping/Staphylococcus_schleiferi/s.334.Healthy.Antibiotics.Stool.3.2749.bam
    jobid: 5726
    wildcards: genome=Staphylococcus_schleiferi, sample=s.334.Healthy.Antibiotics.Stool.3.2749
    threads: 4

Submitted job 5726 with external jobid 'Submitted batch job 6776317'.

[Mon Aug 30 23:27:47 2021]
rule samtools_convert:
    input: /mnt/isilon/zackular_lab_hpc/users/dic/projects/DYNAMIC_metagenomics_2020/sunbeam_output/mapping/intermediates/Staphylococcus_epidermidis/s.334.Healthy.Antibiotics.Stool.3.2749.sam
    output: /mnt/isilon/zackular_lab_hpc/users/dic/projects/DYNAMIC_metagenomics_2020/sunbeam_output/mapping/Staphylococcus_epidermidis/s.334.Healthy.Antibiotics.Stool.3.2749.bam
    jobid: 7707
    wildcards: genome=Staphylococcus_epidermidis, sample=s.334.Healthy.Antibiotics.Stool.3.2749
    threads: 4

Submitted job 7707 with external jobid 'Submitted batch job 6776318'.

[Mon Aug 30 23:27:47 2021]
rule samtools_convert:
    input: /mnt/isilon/zackular_lab_hpc/users/dic/projects/DYNAMIC_metagenomics_2020/sunbeam_output/mapping/intermediates/Latilactobacillus_sakei/s.344.Healthy.Antibiotics.Stool.1.2655.sam
    output: /mnt/isilon/zackular_lab_hpc/users/dic/projects/DYNAMIC_metagenomics_2020/sunbeam_output/mapping/Latilactobacillus_sakei/s.344.Healthy.Antibiotics.Stool.1.2655.bam
    jobid: 7248
    wildcards: genome=Latilactobacillus_sakei, sample=s.344.Healthy.Antibiotics.Stool.1.2655
    threads: 4

Submitted job 7248 with external jobid 'Submitted batch job 6776319'.

[Mon Aug 30 23:27:47 2021]
rule samtools_convert:
    input: /mnt/isilon/zackular_lab_hpc/users/dic/projects/DYNAMIC_metagenomics_2020/sunbeam_output/mapping/intermediates/Pediococcus_acidlactici/s.334.Healthy.Antibiotics.Stool.3.2749.sam
    output: /mnt/isilon/zackular_lab_hpc/users/dic/projects/DYNAMIC_metagenomics_2020/sunbeam_output/mapping/Pediococcus_acidlactici/s.334.Healthy.Antibiotics.Stool.3.2749.bam
    jobid: 6009
    wildcards: genome=Pediococcus_acidlactici, sample=s.334.Healthy.Antibiotics.Stool.3.2749
    threads: 4

Submitted job 6009 with external jobid 'Submitted batch job 6776320'.

[Mon Aug 30 23:27:47 2021]
rule align_to_genome:
    input: /mnt/isilon/zackular_lab_hpc/users/dic/projects/DYNAMIC_metagenomics_2020/sunbeam_output/qc/decontam/s.214.Healthy.Antibiotics.Feces.Week.8_1.fastq.gz, /mnt/isilon/zackular_lab_hpc/users/dic/projects/DYNAMIC_metagenomics_2020/sunbeam_output/qc/decontam/s.214.Healthy.Antibiotics.Feces.Week.8_2.fastq.gz, /mnt/isilon/zackular_lab_hpc/users/dic/projects/DYNAMIC_metagenomics_2020/ArcOperon_fa/Enterococcus_gallinarum.fasta.amb
    output: /mnt/isilon/zackular_lab_hpc/users/dic/projects/DYNAMIC_metagenomics_2020/sunbeam_output/mapping/intermediates/Enterococcus_gallinarum/s.214.Healthy.Antibiotics.Feces.Week.8.sam
    jobid: 14004
    wildcards: genome=Enterococcus_gallinarum, sample=s.214.Healthy.Antibiotics.Feces.Week.8
    threads: 4

Submitted job 14004 with external jobid 'Submitted batch job 6776321'.

[Mon Aug 30 23:27:47 2021]
rule align_to_genome:
    input: /mnt/isilon/zackular_lab_hpc/users/dic/projects/DYNAMIC_metagenomics_2020/sunbeam_output/qc/decontam/s.214.Healthy.Antibiotics.Feces.Week.8_1.fastq.gz, /mnt/isilon/zackular_lab_hpc/users/dic/projects/DYNAMIC_metagenomics_2020/sunbeam_output/qc/decontam/s.214.Healthy.Antibiotics.Feces.Week.8_2.fastq.gz, /mnt/isilon/zackular_lab_hpc/users/dic/projects/DYNAMIC_metagenomics_2020/ArcOperon_fa/Staphylococcus_schleiferi.fasta.amb
    output: /mnt/isilon/zackular_lab_hpc/users/dic/projects/DYNAMIC_metagenomics_2020/sunbeam_output/mapping/intermediates/Staphylococcus_schleiferi/s.214.Healthy.Antibiotics.Feces.Week.8.sam
    jobid: 11457
    wildcards: genome=Staphylococcus_schleiferi, sample=s.214.Healthy.Antibiotics.Feces.Week.8
    threads: 4

Submitted job 11457 with external jobid 'Submitted batch job 6776322'.

[Mon Aug 30 23:27:48 2021]
rule samtools_convert:
    input: /mnt/isilon/zackular_lab_hpc/users/dic/projects/DYNAMIC_metagenomics_2020/sunbeam_output/mapping/intermediates/Pseudomonas_aeruginosa/s.295.IBD.CDiff.Feces.week.4.sam
    output: /mnt/isilon/zackular_lab_hpc/users/dic/projects/DYNAMIC_metagenomics_2020/sunbeam_output/mapping/Pseudomonas_aeruginosa/s.295.IBD.CDiff.Feces.week.4.bam
    jobid: 6327
    wildcards: genome=Pseudomonas_aeruginosa, sample=s.295.IBD.CDiff.Feces.week.4
    threads: 4

Submitted job 6327 with external jobid 'Submitted batch job 6776323'.

[Mon Aug 30 23:27:48 2021]
rule samtools_convert:
    input: /mnt/isilon/zackular_lab_hpc/users/dic/projects/DYNAMIC_metagenomics_2020/sunbeam_output/mapping/intermediates/Pseudomonas_aeruginosa/s.175.VEO.Feces.Week_8.sam
    output: /mnt/isilon/zackular_lab_hpc/users/dic/projects/DYNAMIC_metagenomics_2020/sunbeam_output/mapping/Pseudomonas_aeruginosa/s.175.VEO.Feces.Week_8.bam
    jobid: 6382
    wildcards: genome=Pseudomonas_aeruginosa, sample=s.175.VEO.Feces.Week_8
    threads: 4

Submitted job 6382 with external jobid 'Submitted batch job 6776324'.

[Mon Aug 30 23:27:48 2021]
rule align_to_genome:
    input: /mnt/isilon/zackular_lab_hpc/users/dic/projects/DYNAMIC_metagenomics_2020/sunbeam_output/qc/decontam/s26.Healthy.Feces.Visit1_1.fastq.gz, /mnt/isilon/zackular_lab_hpc/users/dic/projects/DYNAMIC_metagenomics_2020/sunbeam_output/qc/decontam/s26.Healthy.Feces.Visit1_2.fastq.gz, /mnt/isilon/zackular_lab_hpc/users/dic/projects/DYNAMIC_metagenomics_2020/ArcOperon_fa/Pseudomonas_aeruginosa.fasta.amb
    output: /mnt/isilon/zackular_lab_hpc/users/dic/projects/DYNAMIC_metagenomics_2020/sunbeam_output/mapping/intermediates/Pseudomonas_aeruginosa/s26.Healthy.Feces.Visit1.sam
    jobid: 11986
    wildcards: genome=Pseudomonas_aeruginosa, sample=s26.Healthy.Feces.Visit1
    threads: 4

Submitted job 11986 with external jobid 'Submitted batch job 6776325'.

[Mon Aug 30 23:27:48 2021]
rule samtools_convert:
    input: /mnt/isilon/zackular_lab_hpc/users/dic/projects/DYNAMIC_metagenomics_2020/sunbeam_output/mapping/intermediates/Staphylococcus_schleiferi/s.197.Healthy.Antibiotics.Feces.Week.4.sam
    output: /mnt/isilon/zackular_lab_hpc/users/dic/projects/DYNAMIC_metagenomics_2020/sunbeam_output/mapping/Staphylococcus_schleiferi/s.197.Healthy.Antibiotics.Feces.Week.4.bam
    jobid: 5686
    wildcards: genome=Staphylococcus_schleiferi, sample=s.197.Healthy.Antibiotics.Feces.Week.4
    threads: 4

Submitted job 5686 with external jobid 'Submitted batch job 6776326'.

[Mon Aug 30 23:27:48 2021]
rule samtools_convert:
    input: /mnt/isilon/zackular_lab_hpc/users/dic/projects/DYNAMIC_metagenomics_2020/sunbeam_output/mapping/intermediates/Levilactobacillus_brevis/s.314.Healthy.Antibiotics.Stool.3.2567.sam
    output: /mnt/isilon/zackular_lab_hpc/users/dic/projects/DYNAMIC_metagenomics_2020/sunbeam_output/mapping/Levilactobacillus_brevis/s.314.Healthy.Antibiotics.Stool.3.2567.bam
    jobid: 6553
    wildcards: genome=Levilactobacillus_brevis, sample=s.314.Healthy.Antibiotics.Stool.3.2567
    threads: 4

Submitted job 6553 with external jobid 'Submitted batch job 6776327'.

[Mon Aug 30 23:27:48 2021]
rule align_to_genome:
    input: /mnt/isilon/zackular_lab_hpc/users/dic/projects/DYNAMIC_metagenomics_2020/sunbeam_output/qc/decontam/s.154.VEO.Feces.Week.8_1.fastq.gz, /mnt/isilon/zackular_lab_hpc/users/dic/projects/DYNAMIC_metagenomics_2020/sunbeam_output/qc/decontam/s.154.VEO.Feces.Week.8_2.fastq.gz, /mnt/isilon/zackular_lab_hpc/users/dic/projects/DYNAMIC_metagenomics_2020/ArcOperon_fa/Pediococcus_acidlactici.fasta.amb
    output: /mnt/isilon/zackular_lab_hpc/users/dic/projects/DYNAMIC_metagenomics_2020/sunbeam_output/mapping/intermediates/Pediococcus_acidlactici/s.154.VEO.Feces.Week.8.sam
    jobid: 11887
    wildcards: genome=Pediococcus_acidlactici, sample=s.154.VEO.Feces.Week.8
    threads: 4

Submitted job 11887 with external jobid 'Submitted batch job 6776328'.

[Mon Aug 30 23:27:48 2021]
rule samtools_convert:
    input: /mnt/isilon/zackular_lab_hpc/users/dic/projects/DYNAMIC_metagenomics_2020/sunbeam_output/mapping/intermediates/Enterococcus_gallinarum/s.197.Healthy.Antibiotics.Feces.Week.4.sam
    output: /mnt/isilon/zackular_lab_hpc/users/dic/projects/DYNAMIC_metagenomics_2020/sunbeam_output/mapping/Enterococcus_gallinarum/s.197.Healthy.Antibiotics.Feces.Week.4.bam
    jobid: 8233
    wildcards: genome=Enterococcus_gallinarum, sample=s.197.Healthy.Antibiotics.Feces.Week.4
    threads: 4

Submitted job 8233 with external jobid 'Submitted batch job 6776329'.

[Mon Aug 30 23:27:48 2021]
rule align_to_genome:
    input: /mnt/isilon/zackular_lab_hpc/users/dic/projects/DYNAMIC_metagenomics_2020/sunbeam_output/qc/decontam/s.154.VEO.Feces.Week.8_1.fastq.gz, /mnt/isilon/zackular_lab_hpc/users/dic/projects/DYNAMIC_metagenomics_2020/sunbeam_output/qc/decontam/s.154.VEO.Feces.Week.8_2.fastq.gz, /mnt/isilon/zackular_lab_hpc/users/dic/projects/DYNAMIC_metagenomics_2020/ArcOperon_fa/Staphylococcus_epidermidis.fasta.amb
    output: /mnt/isilon/zackular_lab_hpc/users/dic/projects/DYNAMIC_metagenomics_2020/sunbeam_output/mapping/intermediates/Staphylococcus_epidermidis/s.154.VEO.Feces.Week.8.sam
    jobid: 13585
    wildcards: genome=Staphylococcus_epidermidis, sample=s.154.VEO.Feces.Week.8
    threads: 4

Submitted job 13585 with external jobid 'Submitted batch job 6776330'.

[Mon Aug 30 23:27:48 2021]
rule samtools_convert:
    input: /mnt/isilon/zackular_lab_hpc/users/dic/projects/DYNAMIC_metagenomics_2020/sunbeam_output/mapping/intermediates/Pediococcus_acidlactici/s.261.IBD_Therapy.Feces.Baseline.sam
    output: /mnt/isilon/zackular_lab_hpc/users/dic/projects/DYNAMIC_metagenomics_2020/sunbeam_output/mapping/Pediococcus_acidlactici/s.261.IBD_Therapy.Feces.Baseline.bam
    jobid: 6228
    wildcards: genome=Pediococcus_acidlactici, sample=s.261.IBD_Therapy.Feces.Baseline
    threads: 4

Submitted job 6228 with external jobid 'Submitted batch job 6776331'.

[Mon Aug 30 23:27:48 2021]
rule samtools_convert:
    input: /mnt/isilon/zackular_lab_hpc/users/dic/projects/DYNAMIC_metagenomics_2020/sunbeam_output/mapping/intermediates/Staphylococcus_epidermidis/s.261.IBD_Therapy.Feces.Baseline.sam
    output: /mnt/isilon/zackular_lab_hpc/users/dic/projects/DYNAMIC_metagenomics_2020/sunbeam_output/mapping/Staphylococcus_epidermidis/s.261.IBD_Therapy.Feces.Baseline.bam
    jobid: 7926
    wildcards: genome=Staphylococcus_epidermidis, sample=s.261.IBD_Therapy.Feces.Baseline
    threads: 4

Submitted job 7926 with external jobid 'Submitted batch job 6776332'.

[Mon Aug 30 23:27:49 2021]
rule samtools_convert:
    input: /mnt/isilon/zackular_lab_hpc/users/dic/projects/DYNAMIC_metagenomics_2020/sunbeam_output/mapping/intermediates/Latilactobacillus_sakei/s.295.IBD.CDiff.Feces.week.4.sam
    output: /mnt/isilon/zackular_lab_hpc/users/dic/projects/DYNAMIC_metagenomics_2020/sunbeam_output/mapping/Latilactobacillus_sakei/s.295.IBD.CDiff.Feces.week.4.bam
    jobid: 7176
    wildcards: genome=Latilactobacillus_sakei, sample=s.295.IBD.CDiff.Feces.week.4
    threads: 4

Submitted job 7176 with external jobid 'Submitted batch job 6776333'.

[Mon Aug 30 23:27:49 2021]
rule samtools_convert:
    input: /mnt/isilon/zackular_lab_hpc/users/dic/projects/DYNAMIC_metagenomics_2020/sunbeam_output/mapping/intermediates/Clostridium_perfringens/s.314.Healthy.Antibiotics.Stool.3.2567.sam
    output: /mnt/isilon/zackular_lab_hpc/users/dic/projects/DYNAMIC_metagenomics_2020/sunbeam_output/mapping/Clostridium_perfringens/s.314.Healthy.Antibiotics.Stool.3.2567.bam
    jobid: 7402
    wildcards: genome=Clostridium_perfringens, sample=s.314.Healthy.Antibiotics.Stool.3.2567
    threads: 4

Submitted job 7402 with external jobid 'Submitted batch job 6776334'.

[Mon Aug 30 23:27:49 2021]
rule samtools_convert:
    input: /mnt/isilon/zackular_lab_hpc/users/dic/projects/DYNAMIC_metagenomics_2020/sunbeam_output/mapping/intermediates/Pediococcus_acidlactici/s70.Healthy_greaterthan5.Feces.Week_8.sam
    output: /mnt/isilon/zackular_lab_hpc/users/dic/projects/DYNAMIC_metagenomics_2020/sunbeam_output/mapping/Pediococcus_acidlactici/s70.Healthy_greaterthan5.Feces.Week_8.bam
    jobid: 5954
    wildcards: genome=Pediococcus_acidlactici, sample=s70.Healthy_greaterthan5.Feces.Week_8
    threads: 4

Submitted job 5954 with external jobid 'Submitted batch job 6776335'.

[Mon Aug 30 23:27:49 2021]
rule samtools_convert:
    input: /mnt/isilon/zackular_lab_hpc/users/dic/projects/DYNAMIC_metagenomics_2020/sunbeam_output/mapping/intermediates/Pseudomonas_aeruginosa/s.197.Healthy.Antibiotics.Feces.Baseline.sam
    output: /mnt/isilon/zackular_lab_hpc/users/dic/projects/DYNAMIC_metagenomics_2020/sunbeam_output/mapping/Pseudomonas_aeruginosa/s.197.Healthy.Antibiotics.Feces.Baseline.bam
    jobid: 6288
    wildcards: genome=Pseudomonas_aeruginosa, sample=s.197.Healthy.Antibiotics.Feces.Baseline
    threads: 4

Submitted job 6288 with external jobid 'Submitted batch job 6776336'.

[Mon Aug 30 23:27:49 2021]
rule samtools_convert:
    input: /mnt/isilon/zackular_lab_hpc/users/dic/projects/DYNAMIC_metagenomics_2020/sunbeam_output/mapping/intermediates/Latilactobacillus_sakei/s.175.VEO.Feces.Week_8.sam
    output: /mnt/isilon/zackular_lab_hpc/users/dic/projects/DYNAMIC_metagenomics_2020/sunbeam_output/mapping/Latilactobacillus_sakei/s.175.VEO.Feces.Week_8.bam
    jobid: 7231
    wildcards: genome=Latilactobacillus_sakei, sample=s.175.VEO.Feces.Week_8
    threads: 4

Submitted job 7231 with external jobid 'Submitted batch job 6776337'.

[Mon Aug 30 23:27:49 2021]
rule align_to_genome:
    input: /mnt/isilon/zackular_lab_hpc/users/dic/projects/DYNAMIC_metagenomics_2020/sunbeam_output/qc/decontam/s26.Healthy.Feces.Visit1_1.fastq.gz, /mnt/isilon/zackular_lab_hpc/users/dic/projects/DYNAMIC_metagenomics_2020/sunbeam_output/qc/decontam/s26.Healthy.Feces.Visit1_2.fastq.gz, /mnt/isilon/zackular_lab_hpc/users/dic/projects/DYNAMIC_metagenomics_2020/ArcOperon_fa/Latilactobacillus_sakei.fasta.amb
    output: /mnt/isilon/zackular_lab_hpc/users/dic/projects/DYNAMIC_metagenomics_2020/sunbeam_output/mapping/intermediates/Latilactobacillus_sakei/s26.Healthy.Feces.Visit1.sam
    jobid: 12835
    wildcards: genome=Latilactobacillus_sakei, sample=s26.Healthy.Feces.Visit1
    threads: 4

Submitted job 12835 with external jobid 'Submitted batch job 6776338'.

[Mon Aug 30 23:27:49 2021]
rule samtools_convert:
    input: /mnt/isilon/zackular_lab_hpc/users/dic/projects/DYNAMIC_metagenomics_2020/sunbeam_output/mapping/intermediates/Staphylococcus_epidermidis/s70.Healthy_greaterthan5.Feces.Week_8.sam
    output: /mnt/isilon/zackular_lab_hpc/users/dic/projects/DYNAMIC_metagenomics_2020/sunbeam_output/mapping/Staphylococcus_epidermidis/s70.Healthy_greaterthan5.Feces.Week_8.bam
    jobid: 7652
    wildcards: genome=Staphylococcus_epidermidis, sample=s70.Healthy_greaterthan5.Feces.Week_8
    threads: 4

Submitted job 7652 with external jobid 'Submitted batch job 6776339'.

[Mon Aug 30 23:27:49 2021]
rule samtools_convert:
    input: /mnt/isilon/zackular_lab_hpc/users/dic/projects/DYNAMIC_metagenomics_2020/sunbeam_output/mapping/intermediates/Streptococcus_agalactiae/s.314.Healthy.Antibiotics.Stool.3.2567.sam
    output: /mnt/isilon/zackular_lab_hpc/users/dic/projects/DYNAMIC_metagenomics_2020/sunbeam_output/mapping/Streptococcus_agalactiae/s.314.Healthy.Antibiotics.Stool.3.2567.bam
    jobid: 7968
    wildcards: genome=Streptococcus_agalactiae, sample=s.314.Healthy.Antibiotics.Stool.3.2567
    threads: 4

Submitted job 7968 with external jobid 'Submitted batch job 6776340'.

[Mon Aug 30 23:27:49 2021]
rule samtools_convert:
    input: /mnt/isilon/zackular_lab_hpc/users/dic/projects/DYNAMIC_metagenomics_2020/sunbeam_output/mapping/intermediates/Levilactobacillus_brevis/s.344.Healthy.Antibiotics.Stool.1.2655.sam
    output: /mnt/isilon/zackular_lab_hpc/users/dic/projects/DYNAMIC_metagenomics_2020/sunbeam_output/mapping/Levilactobacillus_brevis/s.344.Healthy.Antibiotics.Stool.1.2655.bam
    jobid: 6682
    wildcards: genome=Levilactobacillus_brevis, sample=s.344.Healthy.Antibiotics.Stool.1.2655
    threads: 4

Submitted job 6682 with external jobid 'Submitted batch job 6776341'.

[Mon Aug 30 23:27:50 2021]
rule align_to_genome:
    input: /mnt/isilon/zackular_lab_hpc/users/dic/projects/DYNAMIC_metagenomics_2020/sunbeam_output/qc/decontam/s26.Healthy.Feces.Visit1_1.fastq.gz, /mnt/isilon/zackular_lab_hpc/users/dic/projects/DYNAMIC_metagenomics_2020/sunbeam_output/qc/decontam/s26.Healthy.Feces.Visit1_2.fastq.gz, /mnt/isilon/zackular_lab_hpc/users/dic/projects/DYNAMIC_metagenomics_2020/ArcOperon_fa/Streptococcus_agalactiae.fasta.amb
    output: /mnt/isilon/zackular_lab_hpc/users/dic/projects/DYNAMIC_metagenomics_2020/sunbeam_output/mapping/intermediates/Streptococcus_agalactiae/s26.Healthy.Feces.Visit1.sam
    jobid: 13684
    wildcards: genome=Streptococcus_agalactiae, sample=s26.Healthy.Feces.Visit1
    threads: 4

Submitted job 13684 with external jobid 'Submitted batch job 6776342'.

[Mon Aug 30 23:27:50 2021]
rule samtools_convert:
    input: /mnt/isilon/zackular_lab_hpc/users/dic/projects/DYNAMIC_metagenomics_2020/sunbeam_output/mapping/intermediates/Streptococcus_agalactiae/s.175.VEO.Feces.Week_8.sam
    output: /mnt/isilon/zackular_lab_hpc/users/dic/projects/DYNAMIC_metagenomics_2020/sunbeam_output/mapping/Streptococcus_agalactiae/s.175.VEO.Feces.Week_8.bam
    jobid: 8080
    wildcards: genome=Streptococcus_agalactiae, sample=s.175.VEO.Feces.Week_8
    threads: 4

Submitted job 8080 with external jobid 'Submitted batch job 6776343'.

[Mon Aug 30 23:27:50 2021]
rule samtools_convert:
    input: /mnt/isilon/zackular_lab_hpc/users/dic/projects/DYNAMIC_metagenomics_2020/sunbeam_output/mapping/intermediates/Streptococcus_agalactiae/s.295.IBD.CDiff.Feces.week.4.sam
    output: /mnt/isilon/zackular_lab_hpc/users/dic/projects/DYNAMIC_metagenomics_2020/sunbeam_output/mapping/Streptococcus_agalactiae/s.295.IBD.CDiff.Feces.week.4.bam
    jobid: 8025
    wildcards: genome=Streptococcus_agalactiae, sample=s.295.IBD.CDiff.Feces.week.4
    threads: 4

Submitted job 8025 with external jobid 'Submitted batch job 6776344'.

[Mon Aug 30 23:27:50 2021]
rule samtools_convert:
    input: /mnt/isilon/zackular_lab_hpc/users/dic/projects/DYNAMIC_metagenomics_2020/sunbeam_output/mapping/intermediates/Staphylococcus_schleiferi/s70.Healthy_greaterthan5.Feces.Week_8.sam
    output: /mnt/isilon/zackular_lab_hpc/users/dic/projects/DYNAMIC_metagenomics_2020/sunbeam_output/mapping/Staphylococcus_schleiferi/s70.Healthy_greaterthan5.Feces.Week_8.bam
    jobid: 5671
    wildcards: genome=Staphylococcus_schleiferi, sample=s70.Healthy_greaterthan5.Feces.Week_8
    threads: 4

Submitted job 5671 with external jobid 'Submitted batch job 6776345'.

[Mon Aug 30 23:27:50 2021]
rule samtools_convert:
    input: /mnt/isilon/zackular_lab_hpc/users/dic/projects/DYNAMIC_metagenomics_2020/sunbeam_output/mapping/intermediates/Enterococcus_gallinarum/s70.Healthy_greaterthan5.Feces.Week_8.sam
    output: /mnt/isilon/zackular_lab_hpc/users/dic/projects/DYNAMIC_metagenomics_2020/sunbeam_output/mapping/Enterococcus_gallinarum/s70.Healthy_greaterthan5.Feces.Week_8.bam
    jobid: 8218
    wildcards: genome=Enterococcus_gallinarum, sample=s70.Healthy_greaterthan5.Feces.Week_8
    threads: 4

Submitted job 8218 with external jobid 'Submitted batch job 6776346'.

[Mon Aug 30 23:27:50 2021]
rule samtools_convert:
    input: /mnt/isilon/zackular_lab_hpc/users/dic/projects/DYNAMIC_metagenomics_2020/sunbeam_output/mapping/intermediates/Levilactobacillus_brevis/s.197.Healthy.Antibiotics.Feces.Baseline.sam
    output: /mnt/isilon/zackular_lab_hpc/users/dic/projects/DYNAMIC_metagenomics_2020/sunbeam_output/mapping/Levilactobacillus_brevis/s.197.Healthy.Antibiotics.Feces.Baseline.bam
    jobid: 6571
    wildcards: genome=Levilactobacillus_brevis, sample=s.197.Healthy.Antibiotics.Feces.Baseline
    threads: 4

Submitted job 6571 with external jobid 'Submitted batch job 6776347'.

[Mon Aug 30 23:27:50 2021]
rule samtools_convert:
    input: /mnt/isilon/zackular_lab_hpc/users/dic/projects/DYNAMIC_metagenomics_2020/sunbeam_output/mapping/intermediates/Staphylococcus_schleiferi/s.261.IBD_Therapy.Feces.Baseline.sam
    output: /mnt/isilon/zackular_lab_hpc/users/dic/projects/DYNAMIC_metagenomics_2020/sunbeam_output/mapping/Staphylococcus_schleiferi/s.261.IBD_Therapy.Feces.Baseline.bam
    jobid: 5945
    wildcards: genome=Staphylococcus_schleiferi, sample=s.261.IBD_Therapy.Feces.Baseline
    threads: 4

Submitted job 5945 with external jobid 'Submitted batch job 6776348'.

[Mon Aug 30 23:27:50 2021]
rule samtools_convert:
    input: /mnt/isilon/zackular_lab_hpc/users/dic/projects/DYNAMIC_metagenomics_2020/sunbeam_output/mapping/intermediates/Clostridium_perfringens/s.175.VEO.Feces.Week_8.sam
    output: /mnt/isilon/zackular_lab_hpc/users/dic/projects/DYNAMIC_metagenomics_2020/sunbeam_output/mapping/Clostridium_perfringens/s.175.VEO.Feces.Week_8.bam
    jobid: 7514
    wildcards: genome=Clostridium_perfringens, sample=s.175.VEO.Feces.Week_8
    threads: 4

Submitted job 7514 with external jobid 'Submitted batch job 6776349'.

[Mon Aug 30 23:27:50 2021]
rule samtools_convert:
    input: /mnt/isilon/zackular_lab_hpc/users/dic/projects/DYNAMIC_metagenomics_2020/sunbeam_output/mapping/intermediates/Enterococcus_gallinarum/s.261.IBD_Therapy.Feces.Baseline.sam
    output: /mnt/isilon/zackular_lab_hpc/users/dic/projects/DYNAMIC_metagenomics_2020/sunbeam_output/mapping/Enterococcus_gallinarum/s.261.IBD_Therapy.Feces.Baseline.bam
    jobid: 8492
    wildcards: genome=Enterococcus_gallinarum, sample=s.261.IBD_Therapy.Feces.Baseline
    threads: 4

Submitted job 8492 with external jobid 'Submitted batch job 6776350'.

[Mon Aug 30 23:27:51 2021]
rule align_to_genome:
    input: /mnt/isilon/zackular_lab_hpc/users/dic/projects/DYNAMIC_metagenomics_2020/sunbeam_output/qc/decontam/s26.Healthy.Feces.Visit1_1.fastq.gz, /mnt/isilon/zackular_lab_hpc/users/dic/projects/DYNAMIC_metagenomics_2020/sunbeam_output/qc/decontam/s26.Healthy.Feces.Visit1_2.fastq.gz, /mnt/isilon/zackular_lab_hpc/users/dic/projects/DYNAMIC_metagenomics_2020/ArcOperon_fa/Clostridium_perfringens.fasta.amb
    output: /mnt/isilon/zackular_lab_hpc/users/dic/projects/DYNAMIC_metagenomics_2020/sunbeam_output/mapping/intermediates/Clostridium_perfringens/s26.Healthy.Feces.Visit1.sam
    jobid: 13118
    wildcards: genome=Clostridium_perfringens, sample=s26.Healthy.Feces.Visit1
    threads: 4

Submitted job 13118 with external jobid 'Submitted batch job 6776351'.

[Mon Aug 30 23:27:51 2021]
rule samtools_convert:
    input: /mnt/isilon/zackular_lab_hpc/users/dic/projects/DYNAMIC_metagenomics_2020/sunbeam_output/mapping/intermediates/Clostridium_perfringens/s.295.IBD.CDiff.Feces.week.4.sam
    output: /mnt/isilon/zackular_lab_hpc/users/dic/projects/DYNAMIC_metagenomics_2020/sunbeam_output/mapping/Clostridium_perfringens/s.295.IBD.CDiff.Feces.week.4.bam
    jobid: 7459
    wildcards: genome=Clostridium_perfringens, sample=s.295.IBD.CDiff.Feces.week.4
    threads: 4

Submitted job 7459 with external jobid 'Submitted batch job 6776352'.

[Mon Aug 30 23:27:51 2021]
rule samtools_convert:
    input: /mnt/isilon/zackular_lab_hpc/users/dic/projects/DYNAMIC_metagenomics_2020/sunbeam_output/mapping/intermediates/Latilactobacillus_sakei/s.314.Healthy.Antibiotics.Stool.3.2567.sam
    output: /mnt/isilon/zackular_lab_hpc/users/dic/projects/DYNAMIC_metagenomics_2020/sunbeam_output/mapping/Latilactobacillus_sakei/s.314.Healthy.Antibiotics.Stool.3.2567.bam
    jobid: 7119
    wildcards: genome=Latilactobacillus_sakei, sample=s.314.Healthy.Antibiotics.Stool.3.2567
    threads: 4

Submitted job 7119 with external jobid 'Submitted batch job 6776353'.

[Mon Aug 30 23:27:51 2021]
rule samtools_convert:
    input: /mnt/isilon/zackular_lab_hpc/users/dic/projects/DYNAMIC_metagenomics_2020/sunbeam_output/mapping/intermediates/Levilactobacillus_brevis/s.261.IBD_Therapy.Feces.Baseline.sam
    output: /mnt/isilon/zackular_lab_hpc/users/dic/projects/DYNAMIC_metagenomics_2020/sunbeam_output/mapping/Levilactobacillus_brevis/s.261.IBD_Therapy.Feces.Baseline.bam
    jobid: 6794
    wildcards: genome=Levilactobacillus_brevis, sample=s.261.IBD_Therapy.Feces.Baseline
    threads: 4

Submitted job 6794 with external jobid 'Submitted batch job 6776354'.

[Mon Aug 30 23:27:51 2021]
rule samtools_convert:
    input: /mnt/isilon/zackular_lab_hpc/users/dic/projects/DYNAMIC_metagenomics_2020/sunbeam_output/mapping/intermediates/Latilactobacillus_sakei/s.197.Healthy.Antibiotics.Feces.Week.4.sam
    output: /mnt/isilon/zackular_lab_hpc/users/dic/projects/DYNAMIC_metagenomics_2020/sunbeam_output/mapping/Latilactobacillus_sakei/s.197.Healthy.Antibiotics.Feces.Week.4.bam
    jobid: 7101
    wildcards: genome=Latilactobacillus_sakei, sample=s.197.Healthy.Antibiotics.Feces.Week.4
    threads: 4

Submitted job 7101 with external jobid 'Submitted batch job 6776355'.

[Mon Aug 30 23:27:51 2021]
rule samtools_convert:
    input: /mnt/isilon/zackular_lab_hpc/users/dic/projects/DYNAMIC_metagenomics_2020/sunbeam_output/mapping/intermediates/Streptococcus_agalactiae/s.334.Healthy.Antibiotics.Stool.3.2749.sam
    output: /mnt/isilon/zackular_lab_hpc/users/dic/projects/DYNAMIC_metagenomics_2020/sunbeam_output/mapping/Streptococcus_agalactiae/s.334.Healthy.Antibiotics.Stool.3.2749.bam
    jobid: 7990
    wildcards: genome=Streptococcus_agalactiae, sample=s.334.Healthy.Antibiotics.Stool.3.2749
    threads: 4

Submitted job 7990 with external jobid 'Submitted batch job 6776356'.

[Mon Aug 30 23:27:51 2021]
rule align_to_genome:
    input: /mnt/isilon/zackular_lab_hpc/users/dic/projects/DYNAMIC_metagenomics_2020/sunbeam_output/qc/decontam/s.154.VEO.Feces.Week.8_1.fastq.gz, /mnt/isilon/zackular_lab_hpc/users/dic/projects/DYNAMIC_metagenomics_2020/sunbeam_output/qc/decontam/s.154.VEO.Feces.Week.8_2.fastq.gz, /mnt/isilon/zackular_lab_hpc/users/dic/projects/DYNAMIC_metagenomics_2020/ArcOperon_fa/Clostridium_perfringens.fasta.amb
    output: /mnt/isilon/zackular_lab_hpc/users/dic/projects/DYNAMIC_metagenomics_2020/sunbeam_output/mapping/intermediates/Clostridium_perfringens/s.154.VEO.Feces.Week.8.sam
    jobid: 13302
    wildcards: genome=Clostridium_perfringens, sample=s.154.VEO.Feces.Week.8
    threads: 4

Submitted job 13302 with external jobid 'Submitted batch job 6776357'.

[Mon Aug 30 23:27:51 2021]
rule samtools_convert:
    input: /mnt/isilon/zackular_lab_hpc/users/dic/projects/DYNAMIC_metagenomics_2020/sunbeam_output/mapping/intermediates/Levilactobacillus_brevis/s70.Healthy_greaterthan5.Feces.Week_8.sam
    output: /mnt/isilon/zackular_lab_hpc/users/dic/projects/DYNAMIC_metagenomics_2020/sunbeam_output/mapping/Levilactobacillus_brevis/s70.Healthy_greaterthan5.Feces.Week_8.bam
    jobid: 6520
    wildcards: genome=Levilactobacillus_brevis, sample=s70.Healthy_greaterthan5.Feces.Week_8
    threads: 4

Submitted job 6520 with external jobid 'Submitted batch job 6776358'.

[Mon Aug 30 23:27:51 2021]
rule samtools_convert:
    input: /mnt/isilon/zackular_lab_hpc/users/dic/projects/DYNAMIC_metagenomics_2020/sunbeam_output/mapping/intermediates/Enterococcus_gallinarum/s.197.Healthy.Antibiotics.Feces.Baseline.sam
    output: /mnt/isilon/zackular_lab_hpc/users/dic/projects/DYNAMIC_metagenomics_2020/sunbeam_output/mapping/Enterococcus_gallinarum/s.197.Healthy.Antibiotics.Feces.Baseline.bam
    jobid: 8269
    wildcards: genome=Enterococcus_gallinarum, sample=s.197.Healthy.Antibiotics.Feces.Baseline
    threads: 4

Submitted job 8269 with external jobid 'Submitted batch job 6776359'.

[Mon Aug 30 23:27:52 2021]
rule align_to_genome:
    input: /mnt/isilon/zackular_lab_hpc/users/dic/projects/DYNAMIC_metagenomics_2020/sunbeam_output/qc/decontam/s.214.Healthy.Antibiotics.Feces.Week.8_1.fastq.gz, /mnt/isilon/zackular_lab_hpc/users/dic/projects/DYNAMIC_metagenomics_2020/sunbeam_output/qc/decontam/s.214.Healthy.Antibiotics.Feces.Week.8_2.fastq.gz, /mnt/isilon/zackular_lab_hpc/users/dic/projects/DYNAMIC_metagenomics_2020/ArcOperon_fa/Latilactobacillus_sakei.fasta.amb
    output: /mnt/isilon/zackular_lab_hpc/users/dic/projects/DYNAMIC_metagenomics_2020/sunbeam_output/mapping/intermediates/Latilactobacillus_sakei/s.214.Healthy.Antibiotics.Feces.Week.8.sam
    jobid: 12872
    wildcards: genome=Latilactobacillus_sakei, sample=s.214.Healthy.Antibiotics.Feces.Week.8
    threads: 4

Submitted job 12872 with external jobid 'Submitted batch job 6776360'.

[Mon Aug 30 23:27:52 2021]
rule samtools_convert:
    input: /mnt/isilon/zackular_lab_hpc/users/dic/projects/DYNAMIC_metagenomics_2020/sunbeam_output/mapping/intermediates/Clostridium_perfringens/s.334.Healthy.Antibiotics.Stool.3.2749.sam
    output: /mnt/isilon/zackular_lab_hpc/users/dic/projects/DYNAMIC_metagenomics_2020/sunbeam_output/mapping/Clostridium_perfringens/s.334.Healthy.Antibiotics.Stool.3.2749.bam
    jobid: 7424
    wildcards: genome=Clostridium_perfringens, sample=s.334.Healthy.Antibiotics.Stool.3.2749
    threads: 4

Submitted job 7424 with external jobid 'Submitted batch job 6776361'.

[Mon Aug 30 23:27:52 2021]
rule align_to_genome:
    input: /mnt/isilon/zackular_lab_hpc/users/dic/projects/DYNAMIC_metagenomics_2020/sunbeam_output/qc/decontam/s.154.VEO.Feces.Week.8_1.fastq.gz, /mnt/isilon/zackular_lab_hpc/users/dic/projects/DYNAMIC_metagenomics_2020/sunbeam_output/qc/decontam/s.154.VEO.Feces.Week.8_2.fastq.gz, /mnt/isilon/zackular_lab_hpc/users/dic/projects/DYNAMIC_metagenomics_2020/ArcOperon_fa/Streptococcus_agalactiae.fasta.amb
    output: /mnt/isilon/zackular_lab_hpc/users/dic/projects/DYNAMIC_metagenomics_2020/sunbeam_output/mapping/intermediates/Streptococcus_agalactiae/s.154.VEO.Feces.Week.8.sam
    jobid: 13868
    wildcards: genome=Streptococcus_agalactiae, sample=s.154.VEO.Feces.Week.8
    threads: 4

Submitted job 13868 with external jobid 'Submitted batch job 6776362'.

[Mon Aug 30 23:27:52 2021]
rule samtools_convert:
    input: /mnt/isilon/zackular_lab_hpc/users/dic/projects/DYNAMIC_metagenomics_2020/sunbeam_output/mapping/intermediates/Staphylococcus_schleiferi/s.344.Healthy.Antibiotics.Stool.1.2655.sam
    output: /mnt/isilon/zackular_lab_hpc/users/dic/projects/DYNAMIC_metagenomics_2020/sunbeam_output/mapping/Staphylococcus_schleiferi/s.344.Healthy.Antibiotics.Stool.1.2655.bam
    jobid: 5833
    wildcards: genome=Staphylococcus_schleiferi, sample=s.344.Healthy.Antibiotics.Stool.1.2655
    threads: 4

Submitted job 5833 with external jobid 'Submitted batch job 6776363'.

[Mon Aug 30 23:27:52 2021]
rule samtools_convert:
    input: /mnt/isilon/zackular_lab_hpc/users/dic/projects/DYNAMIC_metagenomics_2020/sunbeam_output/mapping/intermediates/Enterococcus_gallinarum/s.344.Healthy.Antibiotics.Stool.1.2655.sam
    output: /mnt/isilon/zackular_lab_hpc/users/dic/projects/DYNAMIC_metagenomics_2020/sunbeam_output/mapping/Enterococcus_gallinarum/s.344.Healthy.Antibiotics.Stool.1.2655.bam
    jobid: 8380
    wildcards: genome=Enterococcus_gallinarum, sample=s.344.Healthy.Antibiotics.Stool.1.2655
    threads: 4

Submitted job 8380 with external jobid 'Submitted batch job 6776364'.

[Mon Aug 30 23:27:52 2021]
rule samtools_convert:
    input: /mnt/isilon/zackular_lab_hpc/users/dic/projects/DYNAMIC_metagenomics_2020/sunbeam_output/mapping/intermediates/Latilactobacillus_sakei/s.334.Healthy.Antibiotics.Stool.3.2749.sam
    output: /mnt/isilon/zackular_lab_hpc/users/dic/projects/DYNAMIC_metagenomics_2020/sunbeam_output/mapping/Latilactobacillus_sakei/s.334.Healthy.Antibiotics.Stool.3.2749.bam
    jobid: 7141
    wildcards: genome=Latilactobacillus_sakei, sample=s.334.Healthy.Antibiotics.Stool.3.2749
    threads: 4

Submitted job 7141 with external jobid 'Submitted batch job 6776365'.

[Mon Aug 30 23:27:52 2021]
rule samtools_convert:
    input: /mnt/isilon/zackular_lab_hpc/users/dic/projects/DYNAMIC_metagenomics_2020/sunbeam_output/mapping/intermediates/Streptococcus_agalactiae/s.197.Healthy.Antibiotics.Feces.Week.4.sam
    output: /mnt/isilon/zackular_lab_hpc/users/dic/projects/DYNAMIC_metagenomics_2020/sunbeam_output/mapping/Streptococcus_agalactiae/s.197.Healthy.Antibiotics.Feces.Week.4.bam
    jobid: 7950
    wildcards: genome=Streptococcus_agalactiae, sample=s.197.Healthy.Antibiotics.Feces.Week.4
    threads: 4

Submitted job 7950 with external jobid 'Submitted batch job 6776366'.

[Mon Aug 30 23:27:52 2021]
rule samtools_convert:
    input: /mnt/isilon/zackular_lab_hpc/users/dic/projects/DYNAMIC_metagenomics_2020/sunbeam_output/mapping/intermediates/Staphylococcus_epidermidis/s.344.Healthy.Antibiotics.Stool.1.2655.sam
    output: /mnt/isilon/zackular_lab_hpc/users/dic/projects/DYNAMIC_metagenomics_2020/sunbeam_output/mapping/Staphylococcus_epidermidis/s.344.Healthy.Antibiotics.Stool.1.2655.bam
    jobid: 7814
    wildcards: genome=Staphylococcus_epidermidis, sample=s.344.Healthy.Antibiotics.Stool.1.2655
    threads: 4

Submitted job 7814 with external jobid 'Submitted batch job 6776367'.

[Mon Aug 30 23:27:52 2021]
rule align_to_genome:
    input: /mnt/isilon/zackular_lab_hpc/users/dic/projects/DYNAMIC_metagenomics_2020/sunbeam_output/qc/decontam/s.214.Healthy.Antibiotics.Feces.Week.8_1.fastq.gz, /mnt/isilon/zackular_lab_hpc/users/dic/projects/DYNAMIC_metagenomics_2020/sunbeam_output/qc/decontam/s.214.Healthy.Antibiotics.Feces.Week.8_2.fastq.gz, /mnt/isilon/zackular_lab_hpc/users/dic/projects/DYNAMIC_metagenomics_2020/ArcOperon_fa/Clostridium_perfringens.fasta.amb
    output: /mnt/isilon/zackular_lab_hpc/users/dic/projects/DYNAMIC_metagenomics_2020/sunbeam_output/mapping/intermediates/Clostridium_perfringens/s.214.Healthy.Antibiotics.Feces.Week.8.sam
    jobid: 13155
    wildcards: genome=Clostridium_perfringens, sample=s.214.Healthy.Antibiotics.Feces.Week.8
    threads: 4

Submitted job 13155 with external jobid 'Submitted batch job 6776368'.

[Mon Aug 30 23:27:53 2021]
rule samtools_convert:
    input: /mnt/isilon/zackular_lab_hpc/users/dic/projects/DYNAMIC_metagenomics_2020/sunbeam_output/mapping/intermediates/Clostridium_perfringens/s.197.Healthy.Antibiotics.Feces.Week.4.sam
    output: /mnt/isilon/zackular_lab_hpc/users/dic/projects/DYNAMIC_metagenomics_2020/sunbeam_output/mapping/Clostridium_perfringens/s.197.Healthy.Antibiotics.Feces.Week.4.bam
    jobid: 7384
    wildcards: genome=Clostridium_perfringens, sample=s.197.Healthy.Antibiotics.Feces.Week.4
    threads: 4

Submitted job 7384 with external jobid 'Submitted batch job 6776369'.

[Mon Aug 30 23:27:53 2021]
rule samtools_convert:
    input: /mnt/isilon/zackular_lab_hpc/users/dic/projects/DYNAMIC_metagenomics_2020/sunbeam_output/mapping/intermediates/Staphylococcus_epidermidis/s.197.Healthy.Antibiotics.Feces.Baseline.sam
    output: /mnt/isilon/zackular_lab_hpc/users/dic/projects/DYNAMIC_metagenomics_2020/sunbeam_output/mapping/Staphylococcus_epidermidis/s.197.Healthy.Antibiotics.Feces.Baseline.bam
    jobid: 7703
    wildcards: genome=Staphylococcus_epidermidis, sample=s.197.Healthy.Antibiotics.Feces.Baseline
    threads: 4

Submitted job 7703 with external jobid 'Submitted batch job 6776370'.

[Mon Aug 30 23:27:53 2021]
rule samtools_convert:
    input: /mnt/isilon/zackular_lab_hpc/users/dic/projects/DYNAMIC_metagenomics_2020/sunbeam_output/mapping/intermediates/Pseudomonas_aeruginosa/s70.Healthy_greaterthan5.Feces.Week_8.sam
    output: /mnt/isilon/zackular_lab_hpc/users/dic/projects/DYNAMIC_metagenomics_2020/sunbeam_output/mapping/Pseudomonas_aeruginosa/s70.Healthy_greaterthan5.Feces.Week_8.bam
    jobid: 6237
    wildcards: genome=Pseudomonas_aeruginosa, sample=s70.Healthy_greaterthan5.Feces.Week_8
    threads: 4

Submitted job 6237 with external jobid 'Submitted batch job 6776371'.

[Mon Aug 30 23:27:53 2021]
rule samtools_convert:
    input: /mnt/isilon/zackular_lab_hpc/users/dic/projects/DYNAMIC_metagenomics_2020/sunbeam_output/mapping/intermediates/Pediococcus_acidlactici/s.197.Healthy.Antibiotics.Feces.Baseline.sam
    output: /mnt/isilon/zackular_lab_hpc/users/dic/projects/DYNAMIC_metagenomics_2020/sunbeam_output/mapping/Pediococcus_acidlactici/s.197.Healthy.Antibiotics.Feces.Baseline.bam
    jobid: 6005
    wildcards: genome=Pediococcus_acidlactici, sample=s.197.Healthy.Antibiotics.Feces.Baseline
    threads: 4

Submitted job 6005 with external jobid 'Submitted batch job 6776372'.

[Mon Aug 30 23:27:53 2021]
rule align_to_genome:
    input: /mnt/isilon/zackular_lab_hpc/users/dic/projects/DYNAMIC_metagenomics_2020/sunbeam_output/qc/decontam/s.214.Healthy.Antibiotics.Feces.Week.8_1.fastq.gz, /mnt/isilon/zackular_lab_hpc/users/dic/projects/DYNAMIC_metagenomics_2020/sunbeam_output/qc/decontam/s.214.Healthy.Antibiotics.Feces.Week.8_2.fastq.gz, /mnt/isilon/zackular_lab_hpc/users/dic/projects/DYNAMIC_metagenomics_2020/ArcOperon_fa/Streptococcus_agalactiae.fasta.amb
    output: /mnt/isilon/zackular_lab_hpc/users/dic/projects/DYNAMIC_metagenomics_2020/sunbeam_output/mapping/intermediates/Streptococcus_agalactiae/s.214.Healthy.Antibiotics.Feces.Week.8.sam
    jobid: 13721
    wildcards: genome=Streptococcus_agalactiae, sample=s.214.Healthy.Antibiotics.Feces.Week.8
    threads: 4

Submitted job 13721 with external jobid 'Submitted batch job 6776373'.

[Mon Aug 30 23:27:53 2021]
rule samtools_convert:
    input: /mnt/isilon/zackular_lab_hpc/users/dic/projects/DYNAMIC_metagenomics_2020/sunbeam_output/mapping/intermediates/Pseudomonas_aeruginosa/s.261.IBD_Therapy.Feces.Baseline.sam
    output: /mnt/isilon/zackular_lab_hpc/users/dic/projects/DYNAMIC_metagenomics_2020/sunbeam_output/mapping/Pseudomonas_aeruginosa/s.261.IBD_Therapy.Feces.Baseline.bam
    jobid: 6511
    wildcards: genome=Pseudomonas_aeruginosa, sample=s.261.IBD_Therapy.Feces.Baseline
    threads: 4

Submitted job 6511 with external jobid 'Submitted batch job 6776374'.
