Building DAG of jobs...
Using shell: /usr/bin/bash
Provided cluster nodes: 100
Job counts:
	count	jobs
	283	aggregate_results
	1	all_annotate
	128	prodigal
	127	run_blastn
	283	run_blastp
	283	run_blastx
	1105

[Wed Sep  8 10:25:57 2021]
rule run_blastx:
    input: /mnt/isilon/zackular_lab_hpc/users/dic/projects/DYNAMIC_metagenomics_2020/sunbeam_output/annotation/genes/prodigal/s53.VEO.Feces.Week_16_genes_nucl.fa
    output: /mnt/isilon/zackular_lab_hpc/users/dic/projects/DYNAMIC_metagenomics_2020/sunbeam_output/annotation/blastx/nr/prodigal/s53.VEO.Feces.Week_16.xml
    jobid: 1103
    wildcards: db=nr, orf_finder=prodigal, sample=s53.VEO.Feces.Week_16
    threads: 8

Submitted job 1103 with external jobid 'Submitted batch job 7283181'.

[Wed Sep  8 10:25:57 2021]
rule run_blastx:
    input: /mnt/isilon/zackular_lab_hpc/users/dic/projects/DYNAMIC_metagenomics_2020/sunbeam_output/annotation/genes/prodigal/s.88.Healthy.greaterthan5.Feces.Week.4_genes_nucl.fa
    output: /mnt/isilon/zackular_lab_hpc/users/dic/projects/DYNAMIC_metagenomics_2020/sunbeam_output/annotation/blastx/nr/prodigal/s.88.Healthy.greaterthan5.Feces.Week.4.xml
    jobid: 1183
    wildcards: db=nr, orf_finder=prodigal, sample=s.88.Healthy.greaterthan5.Feces.Week.4
    threads: 8

Submitted job 1183 with external jobid 'Submitted batch job 7283182'.

[Wed Sep  8 10:25:58 2021]
rule run_blastx:
    input: /mnt/isilon/zackular_lab_hpc/users/dic/projects/DYNAMIC_metagenomics_2020/sunbeam_output/annotation/genes/prodigal/s067.Healthy.Antibiotics.Feces.Week.8_genes_nucl.fa
    output: /mnt/isilon/zackular_lab_hpc/users/dic/projects/DYNAMIC_metagenomics_2020/sunbeam_output/annotation/blastx/nr/prodigal/s067.Healthy.Antibiotics.Feces.Week.8.xml
    jobid: 1307
    wildcards: db=nr, orf_finder=prodigal, sample=s067.Healthy.Antibiotics.Feces.Week.8
    threads: 8

Submitted job 1307 with external jobid 'Submitted batch job 7283183'.

[Wed Sep  8 10:25:58 2021]
rule run_blastx:
    input: /mnt/isilon/zackular_lab_hpc/users/dic/projects/DYNAMIC_metagenomics_2020/sunbeam_output/annotation/genes/prodigal/s078.IBD.Therapy.Feces.Week.8_genes_nucl.fa
    output: /mnt/isilon/zackular_lab_hpc/users/dic/projects/DYNAMIC_metagenomics_2020/sunbeam_output/annotation/blastx/nr/prodigal/s078.IBD.Therapy.Feces.Week.8.xml
    jobid: 795
    wildcards: db=nr, orf_finder=prodigal, sample=s078.IBD.Therapy.Feces.Week.8
    threads: 8

Submitted job 795 with external jobid 'Submitted batch job 7283184'.

[Wed Sep  8 10:25:59 2021]
rule run_blastx:
    input: /mnt/isilon/zackular_lab_hpc/users/dic/projects/DYNAMIC_metagenomics_2020/sunbeam_output/annotation/genes/prodigal/s.197.Healthy.Antibiotics.Feces.Week.8_genes_nucl.fa
    output: /mnt/isilon/zackular_lab_hpc/users/dic/projects/DYNAMIC_metagenomics_2020/sunbeam_output/annotation/blastx/nr/prodigal/s.197.Healthy.Antibiotics.Feces.Week.8.xml
    jobid: 579
    wildcards: db=nr, orf_finder=prodigal, sample=s.197.Healthy.Antibiotics.Feces.Week.8
    threads: 8

Submitted job 579 with external jobid 'Submitted batch job 7283185'.

[Wed Sep  8 10:25:59 2021]
rule run_blastx:
    input: /mnt/isilon/zackular_lab_hpc/users/dic/projects/DYNAMIC_metagenomics_2020/sunbeam_output/annotation/genes/prodigal/s2_genes_nucl.fa
    output: /mnt/isilon/zackular_lab_hpc/users/dic/projects/DYNAMIC_metagenomics_2020/sunbeam_output/annotation/blastx/nr/prodigal/s2.xml
    jobid: 667
    wildcards: db=nr, orf_finder=prodigal, sample=s2
    threads: 8

Submitted job 667 with external jobid 'Submitted batch job 7283186'.

[Wed Sep  8 10:25:59 2021]
rule run_blastx:
    input: /mnt/isilon/zackular_lab_hpc/users/dic/projects/DYNAMIC_metagenomics_2020/sunbeam_output/annotation/genes/prodigal/s.355.IBD.Antibiotics.Stool.1.2765_genes_nucl.fa
    output: /mnt/isilon/zackular_lab_hpc/users/dic/projects/DYNAMIC_metagenomics_2020/sunbeam_output/annotation/blastx/nr/prodigal/s.355.IBD.Antibiotics.Stool.1.2765.xml
    jobid: 783
    wildcards: db=nr, orf_finder=prodigal, sample=s.355.IBD.Antibiotics.Stool.1.2765
    threads: 8

Submitted job 783 with external jobid 'Submitted batch job 7283187'.

[Wed Sep  8 10:26:00 2021]
rule run_blastx:
    input: /mnt/isilon/zackular_lab_hpc/users/dic/projects/DYNAMIC_metagenomics_2020/sunbeam_output/annotation/genes/prodigal/s.197.Healthy.Antibiotics.Feces.Baseline_genes_nucl.fa
    output: /mnt/isilon/zackular_lab_hpc/users/dic/projects/DYNAMIC_metagenomics_2020/sunbeam_output/annotation/blastx/nr/prodigal/s.197.Healthy.Antibiotics.Feces.Baseline.xml
    jobid: 491
    wildcards: db=nr, orf_finder=prodigal, sample=s.197.Healthy.Antibiotics.Feces.Baseline
    threads: 8

Submitted job 491 with external jobid 'Submitted batch job 7283188'.

[Wed Sep  8 10:26:00 2021]
rule run_blastx:
    input: /mnt/isilon/zackular_lab_hpc/users/dic/projects/DYNAMIC_metagenomics_2020/sunbeam_output/annotation/genes/prodigal/s.204.Healthy.Antibiotics.Feces.Week.4_genes_nucl.fa
    output: /mnt/isilon/zackular_lab_hpc/users/dic/projects/DYNAMIC_metagenomics_2020/sunbeam_output/annotation/blastx/nr/prodigal/s.204.Healthy.Antibiotics.Feces.Week.4.xml
    jobid: 343
    wildcards: db=nr, orf_finder=prodigal, sample=s.204.Healthy.Antibiotics.Feces.Week.4
    threads: 8

Submitted job 343 with external jobid 'Submitted batch job 7283189'.

[Wed Sep  8 10:26:00 2021]
rule run_blastx:
    input: /mnt/isilon/zackular_lab_hpc/users/dic/projects/DYNAMIC_metagenomics_2020/sunbeam_output/annotation/genes/prodigal/s.308.IBDC.Diff.Stool.visit2.2500_genes_nucl.fa
    output: /mnt/isilon/zackular_lab_hpc/users/dic/projects/DYNAMIC_metagenomics_2020/sunbeam_output/annotation/blastx/nr/prodigal/s.308.IBDC.Diff.Stool.visit2.2500.xml
    jobid: 1159
    wildcards: db=nr, orf_finder=prodigal, sample=s.308.IBDC.Diff.Stool.visit2.2500
    threads: 8

Submitted job 1159 with external jobid 'Submitted batch job 7283190'.

[Wed Sep  8 10:26:00 2021]
rule run_blastx:
    input: /mnt/isilon/zackular_lab_hpc/users/dic/projects/DYNAMIC_metagenomics_2020/sunbeam_output/annotation/genes/prodigal/s.190.Healthy.Antibiotics.Feces.Week.8_genes_nucl.fa
    output: /mnt/isilon/zackular_lab_hpc/users/dic/projects/DYNAMIC_metagenomics_2020/sunbeam_output/annotation/blastx/nr/prodigal/s.190.Healthy.Antibiotics.Feces.Week.8.xml
    jobid: 303
    wildcards: db=nr, orf_finder=prodigal, sample=s.190.Healthy.Antibiotics.Feces.Week.8
    threads: 8

Submitted job 303 with external jobid 'Submitted batch job 7283191'.

[Wed Sep  8 10:26:01 2021]
rule run_blastx:
    input: /mnt/isilon/zackular_lab_hpc/users/dic/projects/DYNAMIC_metagenomics_2020/sunbeam_output/annotation/genes/prodigal/s39.VEO.Feces.Visit1_genes_nucl.fa
    output: /mnt/isilon/zackular_lab_hpc/users/dic/projects/DYNAMIC_metagenomics_2020/sunbeam_output/annotation/blastx/nr/prodigal/s39.VEO.Feces.Visit1.xml
    jobid: 503
    wildcards: db=nr, orf_finder=prodigal, sample=s39.VEO.Feces.Visit1
    threads: 8

Submitted job 503 with external jobid 'Submitted batch job 7283192'.

[Wed Sep  8 10:26:01 2021]
rule run_blastx:
    input: /mnt/isilon/zackular_lab_hpc/users/dic/projects/DYNAMIC_metagenomics_2020/sunbeam_output/annotation/genes/prodigal/s.88.Healthy.greaterthan5.Feces.Baseline_genes_nucl.fa
    output: /mnt/isilon/zackular_lab_hpc/users/dic/projects/DYNAMIC_metagenomics_2020/sunbeam_output/annotation/blastx/nr/prodigal/s.88.Healthy.greaterthan5.Feces.Baseline.xml
    jobid: 659
    wildcards: db=nr, orf_finder=prodigal, sample=s.88.Healthy.greaterthan5.Feces.Baseline
    threads: 8

Submitted job 659 with external jobid 'Submitted batch job 7283193'.

[Wed Sep  8 10:26:01 2021]
rule run_blastx:
    input: /mnt/isilon/zackular_lab_hpc/users/dic/projects/DYNAMIC_metagenomics_2020/sunbeam_output/annotation/genes/prodigal/s157.IBD_CDiff.Feces.Baseline_genes_nucl.fa
    output: /mnt/isilon/zackular_lab_hpc/users/dic/projects/DYNAMIC_metagenomics_2020/sunbeam_output/annotation/blastx/nr/prodigal/s157.IBD_CDiff.Feces.Baseline.xml
    jobid: 1003
    wildcards: db=nr, orf_finder=prodigal, sample=s157.IBD_CDiff.Feces.Baseline
    threads: 8

Submitted job 1003 with external jobid 'Submitted batch job 7283194'.

[Wed Sep  8 10:26:02 2021]
rule run_blastx:
    input: /mnt/isilon/zackular_lab_hpc/users/dic/projects/DYNAMIC_metagenomics_2020/sunbeam_output/annotation/genes/prodigal/s58.Healthy_greaterthan5.Feces.Week_4_genes_nucl.fa
    output: /mnt/isilon/zackular_lab_hpc/users/dic/projects/DYNAMIC_metagenomics_2020/sunbeam_output/annotation/blastx/nr/prodigal/s58.Healthy_greaterthan5.Feces.Week_4.xml
    jobid: 963
    wildcards: db=nr, orf_finder=prodigal, sample=s58.Healthy_greaterthan5.Feces.Week_4
    threads: 8

Submitted job 963 with external jobid 'Submitted batch job 7283195'.

[Wed Sep  8 10:26:02 2021]
rule run_blastx:
    input: /mnt/isilon/zackular_lab_hpc/users/dic/projects/DYNAMIC_metagenomics_2020/sunbeam_output/annotation/genes/prodigal/s49_genes_nucl.fa
    output: /mnt/isilon/zackular_lab_hpc/users/dic/projects/DYNAMIC_metagenomics_2020/sunbeam_output/annotation/blastx/nr/prodigal/s49.xml
    jobid: 1411
    wildcards: db=nr, orf_finder=prodigal, sample=s49
    threads: 8

Submitted job 1411 with external jobid 'Submitted batch job 7283196'.

[Wed Sep  8 10:26:03 2021]
rule run_blastx:
    input: /mnt/isilon/zackular_lab_hpc/users/dic/projects/DYNAMIC_metagenomics_2020/sunbeam_output/annotation/genes/prodigal/s.109.Healthy.greaterthan5.Stool.2.1046_genes_nucl.fa
    output: /mnt/isilon/zackular_lab_hpc/users/dic/projects/DYNAMIC_metagenomics_2020/sunbeam_output/annotation/blastx/nr/prodigal/s.109.Healthy.greaterthan5.Stool.2.1046.xml
    jobid: 847
    wildcards: db=nr, orf_finder=prodigal, sample=s.109.Healthy.greaterthan5.Stool.2.1046
    threads: 8

Submitted job 847 with external jobid 'Submitted batch job 7283197'.

[Wed Sep  8 10:26:03 2021]
rule run_blastx:
    input: /mnt/isilon/zackular_lab_hpc/users/dic/projects/DYNAMIC_metagenomics_2020/sunbeam_output/annotation/genes/prodigal/s70.Healthy_greaterthan5.Feces.Week_8_genes_nucl.fa
    output: /mnt/isilon/zackular_lab_hpc/users/dic/projects/DYNAMIC_metagenomics_2020/sunbeam_output/annotation/blastx/nr/prodigal/s70.Healthy_greaterthan5.Feces.Week_8.xml
    jobid: 287
    wildcards: db=nr, orf_finder=prodigal, sample=s70.Healthy_greaterthan5.Feces.Week_8
    threads: 8

Submitted job 287 with external jobid 'Submitted batch job 7283198'.

[Wed Sep  8 10:26:03 2021]
rule run_blastx:
    input: /mnt/isilon/zackular_lab_hpc/users/dic/projects/DYNAMIC_metagenomics_2020/sunbeam_output/annotation/genes/prodigal/s.100.Healthygreaterthan5.Stool.visit1.798_genes_nucl.fa
    output: /mnt/isilon/zackular_lab_hpc/users/dic/projects/DYNAMIC_metagenomics_2020/sunbeam_output/annotation/blastx/nr/prodigal/s.100.Healthygreaterthan5.Stool.visit1.798.xml
    jobid: 1143
    wildcards: db=nr, orf_finder=prodigal, sample=s.100.Healthygreaterthan5.Stool.visit1.798
    threads: 8

Submitted job 1143 with external jobid 'Submitted batch job 7283199'.

[Wed Sep  8 10:26:04 2021]
rule run_blastx:
    input: /mnt/isilon/zackular_lab_hpc/users/dic/projects/DYNAMIC_metagenomics_2020/sunbeam_output/annotation/genes/prodigal/s70.Healthy_greaterthan5.Feces.Week_4_genes_nucl.fa
    output: /mnt/isilon/zackular_lab_hpc/users/dic/projects/DYNAMIC_metagenomics_2020/sunbeam_output/annotation/blastx/nr/prodigal/s70.Healthy_greaterthan5.Feces.Week_4.xml
    jobid: 1171
    wildcards: db=nr, orf_finder=prodigal, sample=s70.Healthy_greaterthan5.Feces.Week_4
    threads: 8

Submitted job 1171 with external jobid 'Submitted batch job 7283200'.

[Wed Sep  8 10:26:04 2021]
rule run_blastx:
    input: /mnt/isilon/zackular_lab_hpc/users/dic/projects/DYNAMIC_metagenomics_2020/sunbeam_output/annotation/genes/prodigal/s58.Healthy_greaterthan5.Feces.Week_8_genes_nucl.fa
    output: /mnt/isilon/zackular_lab_hpc/users/dic/projects/DYNAMIC_metagenomics_2020/sunbeam_output/annotation/blastx/nr/prodigal/s58.Healthy_greaterthan5.Feces.Week_8.xml
    jobid: 539
    wildcards: db=nr, orf_finder=prodigal, sample=s58.Healthy_greaterthan5.Feces.Week_8
    threads: 8

Submitted job 539 with external jobid 'Submitted batch job 7283201'.

[Wed Sep  8 10:26:04 2021]
rule run_blastx:
    input: /mnt/isilon/zackular_lab_hpc/users/dic/projects/DYNAMIC_metagenomics_2020/sunbeam_output/annotation/genes/prodigal/s.314.Healthy.Antibiotics.Stool.1.2490_genes_nucl.fa
    output: /mnt/isilon/zackular_lab_hpc/users/dic/projects/DYNAMIC_metagenomics_2020/sunbeam_output/annotation/blastx/nr/prodigal/s.314.Healthy.Antibiotics.Stool.1.2490.xml
    jobid: 1403
    wildcards: db=nr, orf_finder=prodigal, sample=s.314.Healthy.Antibiotics.Stool.1.2490
    threads: 8

Submitted job 1403 with external jobid 'Submitted batch job 7283202'.

[Wed Sep  8 10:26:05 2021]
rule run_blastp:
    input: /mnt/isilon/zackular_lab_hpc/users/dic/projects/DYNAMIC_metagenomics_2020/sunbeam_output/annotation/genes/prodigal/s.347.IBDTherapy.Stool.1.2668_genes_prot.fa
    output: /mnt/isilon/zackular_lab_hpc/users/dic/projects/DYNAMIC_metagenomics_2020/sunbeam_output/annotation/blastp/nr/prodigal/s.347.IBDTherapy.Stool.1.2668.xml
    jobid: 1286
    wildcards: db=nr, orf_finder=prodigal, sample=s.347.IBDTherapy.Stool.1.2668
    threads: 8

Submitted job 1286 with external jobid 'Submitted batch job 7283203'.

[Wed Sep  8 10:26:05 2021]
rule run_blastx:
    input: /mnt/isilon/zackular_lab_hpc/users/dic/projects/DYNAMIC_metagenomics_2020/sunbeam_output/annotation/genes/prodigal/s.327.Healthy.Antibiotics.Stool.3.2644_genes_nucl.fa
    output: /mnt/isilon/zackular_lab_hpc/users/dic/projects/DYNAMIC_metagenomics_2020/sunbeam_output/annotation/blastx/nr/prodigal/s.327.Healthy.Antibiotics.Stool.3.2644.xml
    jobid: 1323
    wildcards: db=nr, orf_finder=prodigal, sample=s.327.Healthy.Antibiotics.Stool.3.2644
    threads: 8

Submitted job 1323 with external jobid 'Submitted batch job 7283204'.

[Wed Sep  8 10:26:06 2021]
rule run_blastx:
    input: /mnt/isilon/zackular_lab_hpc/users/dic/projects/DYNAMIC_metagenomics_2020/sunbeam_output/annotation/genes/prodigal/s53.VEO.Feces.Week_8_genes_nucl.fa
    output: /mnt/isilon/zackular_lab_hpc/users/dic/projects/DYNAMIC_metagenomics_2020/sunbeam_output/annotation/blastx/nr/prodigal/s53.VEO.Feces.Week_8.xml
    jobid: 475
    wildcards: db=nr, orf_finder=prodigal, sample=s53.VEO.Feces.Week_8
    threads: 8

Submitted job 475 with external jobid 'Submitted batch job 7283205'.

[Wed Sep  8 10:26:06 2021]
rule run_blastx:
    input: /mnt/isilon/zackular_lab_hpc/users/dic/projects/DYNAMIC_metagenomics_2020/sunbeam_output/annotation/genes/prodigal/s39.VEO.Feces.Week_4_genes_nucl.fa
    output: /mnt/isilon/zackular_lab_hpc/users/dic/projects/DYNAMIC_metagenomics_2020/sunbeam_output/annotation/blastx/nr/prodigal/s39.VEO.Feces.Week_4.xml
    jobid: 883
    wildcards: db=nr, orf_finder=prodigal, sample=s39.VEO.Feces.Week_4
    threads: 8

Submitted job 883 with external jobid 'Submitted batch job 7283206'.

[Wed Sep  8 10:26:06 2021]
rule run_blastx:
    input: /mnt/isilon/zackular_lab_hpc/users/dic/projects/DYNAMIC_metagenomics_2020/sunbeam_output/annotation/genes/prodigal/s.355.IBD.Antibiotics.Stool.3.2867_genes_nucl.fa
    output: /mnt/isilon/zackular_lab_hpc/users/dic/projects/DYNAMIC_metagenomics_2020/sunbeam_output/annotation/blastx/nr/prodigal/s.355.IBD.Antibiotics.Stool.3.2867.xml
    jobid: 331
    wildcards: db=nr, orf_finder=prodigal, sample=s.355.IBD.Antibiotics.Stool.3.2867
    threads: 8

Submitted job 331 with external jobid 'Submitted batch job 7283207'.

[Wed Sep  8 10:26:07 2021]
rule run_blastx:
    input: /mnt/isilon/zackular_lab_hpc/users/dic/projects/DYNAMIC_metagenomics_2020/sunbeam_output/annotation/genes/prodigal/s55.IBD_Therapy.Feces.Baseline_genes_nucl.fa
    output: /mnt/isilon/zackular_lab_hpc/users/dic/projects/DYNAMIC_metagenomics_2020/sunbeam_output/annotation/blastx/nr/prodigal/s55.IBD_Therapy.Feces.Baseline.xml
    jobid: 511
    wildcards: db=nr, orf_finder=prodigal, sample=s55.IBD_Therapy.Feces.Baseline
    threads: 8

Submitted job 511 with external jobid 'Submitted batch job 7283208'.

[Wed Sep  8 10:26:07 2021]
rule run_blastx:
    input: /mnt/isilon/zackular_lab_hpc/users/dic/projects/DYNAMIC_metagenomics_2020/sunbeam_output/annotation/genes/prodigal/s.327.Healthy.Antibiotics.Stool.2.2643_genes_nucl.fa
    output: /mnt/isilon/zackular_lab_hpc/users/dic/projects/DYNAMIC_metagenomics_2020/sunbeam_output/annotation/blastx/nr/prodigal/s.327.Healthy.Antibiotics.Stool.2.2643.xml
    jobid: 535
    wildcards: db=nr, orf_finder=prodigal, sample=s.327.Healthy.Antibiotics.Stool.2.2643
    threads: 8

Submitted job 535 with external jobid 'Submitted batch job 7283209'.

[Wed Sep  8 10:26:07 2021]
rule run_blastx:
    input: /mnt/isilon/zackular_lab_hpc/users/dic/projects/DYNAMIC_metagenomics_2020/sunbeam_output/annotation/genes/prodigal/s.109.Healthy.greaterthan5.Stool.1.910_genes_nucl.fa
    output: /mnt/isilon/zackular_lab_hpc/users/dic/projects/DYNAMIC_metagenomics_2020/sunbeam_output/annotation/blastx/nr/prodigal/s.109.Healthy.greaterthan5.Stool.1.910.xml
    jobid: 407
    wildcards: db=nr, orf_finder=prodigal, sample=s.109.Healthy.greaterthan5.Stool.1.910
    threads: 8

Submitted job 407 with external jobid 'Submitted batch job 7283210'.

[Wed Sep  8 10:26:07 2021]
rule run_blastx:
    input: /mnt/isilon/zackular_lab_hpc/users/dic/projects/DYNAMIC_metagenomics_2020/sunbeam_output/annotation/genes/prodigal/s6.Healthy.Feces.Visit3_genes_nucl.fa
    output: /mnt/isilon/zackular_lab_hpc/users/dic/projects/DYNAMIC_metagenomics_2020/sunbeam_output/annotation/blastx/nr/prodigal/s6.Healthy.Feces.Visit3.xml
    jobid: 1027
    wildcards: db=nr, orf_finder=prodigal, sample=s6.Healthy.Feces.Visit3
    threads: 8

Submitted job 1027 with external jobid 'Submitted batch job 7283211'.

[Wed Sep  8 10:26:08 2021]
rule run_blastx:
    input: /mnt/isilon/zackular_lab_hpc/users/dic/projects/DYNAMIC_metagenomics_2020/sunbeam_output/annotation/genes/prodigal/s55.IBD_Therapy.Feces.Week_4_genes_nucl.fa
    output: /mnt/isilon/zackular_lab_hpc/users/dic/projects/DYNAMIC_metagenomics_2020/sunbeam_output/annotation/blastx/nr/prodigal/s55.IBD_Therapy.Feces.Week_4.xml
    jobid: 1355
    wildcards: db=nr, orf_finder=prodigal, sample=s55.IBD_Therapy.Feces.Week_4
    threads: 8

Submitted job 1355 with external jobid 'Submitted batch job 7283212'.

[Wed Sep  8 10:26:08 2021]
rule run_blastx:
    input: /mnt/isilon/zackular_lab_hpc/users/dic/projects/DYNAMIC_metagenomics_2020/sunbeam_output/annotation/genes/prodigal/s065.IBD.Antibiotics.Feces.Baseline_genes_nucl.fa
    output: /mnt/isilon/zackular_lab_hpc/users/dic/projects/DYNAMIC_metagenomics_2020/sunbeam_output/annotation/blastx/nr/prodigal/s065.IBD.Antibiotics.Feces.Baseline.xml
    jobid: 1375
    wildcards: db=nr, orf_finder=prodigal, sample=s065.IBD.Antibiotics.Feces.Baseline
    threads: 8

Submitted job 1375 with external jobid 'Submitted batch job 7283213'.

[Wed Sep  8 10:26:09 2021]
rule run_blastx:
    input: /mnt/isilon/zackular_lab_hpc/users/dic/projects/DYNAMIC_metagenomics_2020/sunbeam_output/annotation/genes/prodigal/s.100.Healthygreaterthan5.Stool.visit3.918_genes_nucl.fa
    output: /mnt/isilon/zackular_lab_hpc/users/dic/projects/DYNAMIC_metagenomics_2020/sunbeam_output/annotation/blastx/nr/prodigal/s.100.Healthygreaterthan5.Stool.visit3.918.xml
    jobid: 911
    wildcards: db=nr, orf_finder=prodigal, sample=s.100.Healthygreaterthan5.Stool.visit3.918
    threads: 8

Submitted job 911 with external jobid 'Submitted batch job 7283214'.

[Wed Sep  8 10:26:09 2021]
rule run_blastx:
    input: /mnt/isilon/zackular_lab_hpc/users/dic/projects/DYNAMIC_metagenomics_2020/sunbeam_output/annotation/genes/prodigal/s.135.Healthy.Antibiotics.Feces.Baseline_genes_nucl.fa
    output: /mnt/isilon/zackular_lab_hpc/users/dic/projects/DYNAMIC_metagenomics_2020/sunbeam_output/annotation/blastx/nr/prodigal/s.135.Healthy.Antibiotics.Feces.Baseline.xml
    jobid: 943
    wildcards: db=nr, orf_finder=prodigal, sample=s.135.Healthy.Antibiotics.Feces.Baseline
    threads: 8

Submitted job 943 with external jobid 'Submitted batch job 7283215'.

[Wed Sep  8 10:26:09 2021]
rule run_blastx:
    input: /mnt/isilon/zackular_lab_hpc/users/dic/projects/DYNAMIC_metagenomics_2020/sunbeam_output/annotation/genes/prodigal/s.135.Healthy.Antibiotics.Feces.Week.8_genes_nucl.fa
    output: /mnt/isilon/zackular_lab_hpc/users/dic/projects/DYNAMIC_metagenomics_2020/sunbeam_output/annotation/blastx/nr/prodigal/s.135.Healthy.Antibiotics.Feces.Week.8.xml
    jobid: 443
    wildcards: db=nr, orf_finder=prodigal, sample=s.135.Healthy.Antibiotics.Feces.Week.8
    threads: 8

Submitted job 443 with external jobid 'Submitted batch job 7283216'.

[Wed Sep  8 10:26:10 2021]
rule run_blastx:
    input: /mnt/isilon/zackular_lab_hpc/users/dic/projects/DYNAMIC_metagenomics_2020/sunbeam_output/annotation/genes/prodigal/s38.IBD.Antibiotics.Feces.Week.4_genes_nucl.fa
    output: /mnt/isilon/zackular_lab_hpc/users/dic/projects/DYNAMIC_metagenomics_2020/sunbeam_output/annotation/blastx/nr/prodigal/s38.IBD.Antibiotics.Feces.Week.4.xml
    jobid: 863
    wildcards: db=nr, orf_finder=prodigal, sample=s38.IBD.Antibiotics.Feces.Week.4
    threads: 8

Submitted job 863 with external jobid 'Submitted batch job 7283217'.

[Wed Sep  8 10:26:10 2021]
rule run_blastx:
    input: /mnt/isilon/zackular_lab_hpc/users/dic/projects/DYNAMIC_metagenomics_2020/sunbeam_output/annotation/genes/prodigal/s.200.Healthy.Antibiotics.Feces.Baseline_genes_nucl.fa
    output: /mnt/isilon/zackular_lab_hpc/users/dic/projects/DYNAMIC_metagenomics_2020/sunbeam_output/annotation/blastx/nr/prodigal/s.200.Healthy.Antibiotics.Feces.Baseline.xml
    jobid: 1107
    wildcards: db=nr, orf_finder=prodigal, sample=s.200.Healthy.Antibiotics.Feces.Baseline
    threads: 8

Submitted job 1107 with external jobid 'Submitted batch job 7283218'.

[Wed Sep  8 10:26:10 2021]
rule run_blastx:
    input: /mnt/isilon/zackular_lab_hpc/users/dic/projects/DYNAMIC_metagenomics_2020/sunbeam_output/annotation/genes/prodigal/s.347.IBDTherapy.Stool.1.2668_genes_nucl.fa
    output: /mnt/isilon/zackular_lab_hpc/users/dic/projects/DYNAMIC_metagenomics_2020/sunbeam_output/annotation/blastx/nr/prodigal/s.347.IBDTherapy.Stool.1.2668.xml
    jobid: 1287
    wildcards: db=nr, orf_finder=prodigal, sample=s.347.IBDTherapy.Stool.1.2668
    threads: 8

Submitted job 1287 with external jobid 'Submitted batch job 7283219'.

[Wed Sep  8 10:26:11 2021]
rule run_blastx:
    input: /mnt/isilon/zackular_lab_hpc/users/dic/projects/DYNAMIC_metagenomics_2020/sunbeam_output/annotation/genes/prodigal/s.204.Healthy.Antibiotics.Feces.Week.8_genes_nucl.fa
    output: /mnt/isilon/zackular_lab_hpc/users/dic/projects/DYNAMIC_metagenomics_2020/sunbeam_output/annotation/blastx/nr/prodigal/s.204.Healthy.Antibiotics.Feces.Week.8.xml
    jobid: 1339
    wildcards: db=nr, orf_finder=prodigal, sample=s.204.Healthy.Antibiotics.Feces.Week.8
    threads: 8

Submitted job 1339 with external jobid 'Submitted batch job 7283220'.

[Wed Sep  8 10:26:11 2021]
rule run_blastx:
    input: /mnt/isilon/zackular_lab_hpc/users/dic/projects/DYNAMIC_metagenomics_2020/sunbeam_output/annotation/genes/prodigal/s46.Healthy_greaterthan5.Feces.Baseline_genes_nucl.fa
    output: /mnt/isilon/zackular_lab_hpc/users/dic/projects/DYNAMIC_metagenomics_2020/sunbeam_output/annotation/blastx/nr/prodigal/s46.Healthy_greaterthan5.Feces.Baseline.xml
    jobid: 1023
    wildcards: db=nr, orf_finder=prodigal, sample=s46.Healthy_greaterthan5.Feces.Baseline
    threads: 8

Submitted job 1023 with external jobid 'Submitted batch job 7283221'.

[Wed Sep  8 10:26:11 2021]
rule run_blastx:
    input: /mnt/isilon/zackular_lab_hpc/users/dic/projects/DYNAMIC_metagenomics_2020/sunbeam_output/annotation/genes/prodigal/s.347.IBDTherapy.Stool.2.2758_genes_nucl.fa
    output: /mnt/isilon/zackular_lab_hpc/users/dic/projects/DYNAMIC_metagenomics_2020/sunbeam_output/annotation/blastx/nr/prodigal/s.347.IBDTherapy.Stool.2.2758.xml
    jobid: 383
    wildcards: db=nr, orf_finder=prodigal, sample=s.347.IBDTherapy.Stool.2.2758
    threads: 8

Submitted job 383 with external jobid 'Submitted batch job 7283222'.

[Wed Sep  8 10:26:12 2021]
rule run_blastx:
    input: /mnt/isilon/zackular_lab_hpc/users/dic/projects/DYNAMIC_metagenomics_2020/sunbeam_output/annotation/genes/prodigal/s159.Healthy.Antibiotics.Feces.Baseline_genes_nucl.fa
    output: /mnt/isilon/zackular_lab_hpc/users/dic/projects/DYNAMIC_metagenomics_2020/sunbeam_output/annotation/blastx/nr/prodigal/s159.Healthy.Antibiotics.Feces.Baseline.xml
    jobid: 523
    wildcards: db=nr, orf_finder=prodigal, sample=s159.Healthy.Antibiotics.Feces.Baseline
    threads: 8

Submitted job 523 with external jobid 'Submitted batch job 7283223'.

[Wed Sep  8 10:26:12 2021]
rule run_blastx:
    input: /mnt/isilon/zackular_lab_hpc/users/dic/projects/DYNAMIC_metagenomics_2020/sunbeam_output/annotation/genes/prodigal/s.355.IBD.Antibiotics.Stool.2.2866_genes_nucl.fa
    output: /mnt/isilon/zackular_lab_hpc/users/dic/projects/DYNAMIC_metagenomics_2020/sunbeam_output/annotation/blastx/nr/prodigal/s.355.IBD.Antibiotics.Stool.2.2866.xml
    jobid: 363
    wildcards: db=nr, orf_finder=prodigal, sample=s.355.IBD.Antibiotics.Stool.2.2866
    threads: 8

Submitted job 363 with external jobid 'Submitted batch job 7283224'.

[Wed Sep  8 10:26:12 2021]
rule run_blastx:
    input: /mnt/isilon/zackular_lab_hpc/users/dic/projects/DYNAMIC_metagenomics_2020/sunbeam_output/annotation/genes/prodigal/s.314.Healthy.Antibiotics.Stool.2.2505_genes_nucl.fa
    output: /mnt/isilon/zackular_lab_hpc/users/dic/projects/DYNAMIC_metagenomics_2020/sunbeam_output/annotation/blastx/nr/prodigal/s.314.Healthy.Antibiotics.Stool.2.2505.xml
    jobid: 1327
    wildcards: db=nr, orf_finder=prodigal, sample=s.314.Healthy.Antibiotics.Stool.2.2505
    threads: 8

Submitted job 1327 with external jobid 'Submitted batch job 7283225'.

[Wed Sep  8 10:26:13 2021]
rule run_blastx:
    input: /mnt/isilon/zackular_lab_hpc/users/dic/projects/DYNAMIC_metagenomics_2020/sunbeam_output/annotation/genes/prodigal/s.308.IBDC.Diff.Stool.visit4.2660_genes_nucl.fa
    output: /mnt/isilon/zackular_lab_hpc/users/dic/projects/DYNAMIC_metagenomics_2020/sunbeam_output/annotation/blastx/nr/prodigal/s.308.IBDC.Diff.Stool.visit4.2660.xml
    jobid: 711
    wildcards: db=nr, orf_finder=prodigal, sample=s.308.IBDC.Diff.Stool.visit4.2660
    threads: 8

Submitted job 711 with external jobid 'Submitted batch job 7283226'.

[Wed Sep  8 10:26:13 2021]
rule run_blastx:
    input: /mnt/isilon/zackular_lab_hpc/users/dic/projects/DYNAMIC_metagenomics_2020/sunbeam_output/annotation/genes/prodigal/s.175.VEO.Feces.Baseline_genes_nucl.fa
    output: /mnt/isilon/zackular_lab_hpc/users/dic/projects/DYNAMIC_metagenomics_2020/sunbeam_output/annotation/blastx/nr/prodigal/s.175.VEO.Feces.Baseline.xml
    jobid: 1035
    wildcards: db=nr, orf_finder=prodigal, sample=s.175.VEO.Feces.Baseline
    threads: 8

Submitted job 1035 with external jobid 'Submitted batch job 7283227'.

[Wed Sep  8 10:26:14 2021]
rule run_blastx:
    input: /mnt/isilon/zackular_lab_hpc/users/dic/projects/DYNAMIC_metagenomics_2020/sunbeam_output/annotation/genes/prodigal/s20.C_diff.Feces.Visit2_genes_nucl.fa
    output: /mnt/isilon/zackular_lab_hpc/users/dic/projects/DYNAMIC_metagenomics_2020/sunbeam_output/annotation/blastx/nr/prodigal/s20.C_diff.Feces.Visit2.xml
    jobid: 707
    wildcards: db=nr, orf_finder=prodigal, sample=s20.C_diff.Feces.Visit2
    threads: 8

Submitted job 707 with external jobid 'Submitted batch job 7283228'.

[Wed Sep  8 10:26:14 2021]
rule run_blastx:
    input: /mnt/isilon/zackular_lab_hpc/users/dic/projects/DYNAMIC_metagenomics_2020/sunbeam_output/annotation/genes/prodigal/s.135.Healthy.Antibiotics.Feces.Week.4_genes_nucl.fa
    output: /mnt/isilon/zackular_lab_hpc/users/dic/projects/DYNAMIC_metagenomics_2020/sunbeam_output/annotation/blastx/nr/prodigal/s.135.Healthy.Antibiotics.Feces.Week.4.xml
    jobid: 1083
    wildcards: db=nr, orf_finder=prodigal, sample=s.135.Healthy.Antibiotics.Feces.Week.4
    threads: 8

Submitted job 1083 with external jobid 'Submitted batch job 7283229'.

[Wed Sep  8 10:26:14 2021]
rule run_blastx:
    input: /mnt/isilon/zackular_lab_hpc/users/dic/projects/DYNAMIC_metagenomics_2020/sunbeam_output/annotation/genes/prodigal/s172.IBD_CDiff.Feces.Week_4_genes_nucl.fa
    output: /mnt/isilon/zackular_lab_hpc/users/dic/projects/DYNAMIC_metagenomics_2020/sunbeam_output/annotation/blastx/nr/prodigal/s172.IBD_CDiff.Feces.Week_4.xml
    jobid: 1247
    wildcards: db=nr, orf_finder=prodigal, sample=s172.IBD_CDiff.Feces.Week_4
    threads: 8

Submitted job 1247 with external jobid 'Submitted batch job 7283230'.

[Wed Sep  8 10:26:15 2021]
rule run_blastx:
    input: /mnt/isilon/zackular_lab_hpc/users/dic/projects/DYNAMIC_metagenomics_2020/sunbeam_output/annotation/genes/prodigal/s22.Healthy.Feces.Visit1_genes_nucl.fa
    output: /mnt/isilon/zackular_lab_hpc/users/dic/projects/DYNAMIC_metagenomics_2020/sunbeam_output/annotation/blastx/nr/prodigal/s22.Healthy.Feces.Visit1.xml
    jobid: 439
    wildcards: db=nr, orf_finder=prodigal, sample=s22.Healthy.Feces.Visit1
    threads: 8

Submitted job 439 with external jobid 'Submitted batch job 7283231'.

[Wed Sep  8 10:26:15 2021]
rule run_blastx:
    input: /mnt/isilon/zackular_lab_hpc/users/dic/projects/DYNAMIC_metagenomics_2020/sunbeam_output/annotation/genes/prodigal/s159.Healthy.Antibiotics.Feces.Week.8_genes_nucl.fa
    output: /mnt/isilon/zackular_lab_hpc/users/dic/projects/DYNAMIC_metagenomics_2020/sunbeam_output/annotation/blastx/nr/prodigal/s159.Healthy.Antibiotics.Feces.Week.8.xml
    jobid: 639
    wildcards: db=nr, orf_finder=prodigal, sample=s159.Healthy.Antibiotics.Feces.Week.8
    threads: 8

Submitted job 639 with external jobid 'Submitted batch job 7283232'.

[Wed Sep  8 10:26:15 2021]
rule run_blastx:
    input: /mnt/isilon/zackular_lab_hpc/users/dic/projects/DYNAMIC_metagenomics_2020/sunbeam_output/annotation/genes/prodigal/s.308.IBDC.Diff.Stool.visit3.2507_genes_nucl.fa
    output: /mnt/isilon/zackular_lab_hpc/users/dic/projects/DYNAMIC_metagenomics_2020/sunbeam_output/annotation/blastx/nr/prodigal/s.308.IBDC.Diff.Stool.visit3.2507.xml
    jobid: 947
    wildcards: db=nr, orf_finder=prodigal, sample=s.308.IBDC.Diff.Stool.visit3.2507
    threads: 8

Submitted job 947 with external jobid 'Submitted batch job 7283233'.

[Wed Sep  8 10:26:16 2021]
rule run_blastx:
    input: /mnt/isilon/zackular_lab_hpc/users/dic/projects/DYNAMIC_metagenomics_2020/sunbeam_output/annotation/genes/prodigal/s.316.IBDC.Diff.Stool.visit4.2742_genes_nucl.fa
    output: /mnt/isilon/zackular_lab_hpc/users/dic/projects/DYNAMIC_metagenomics_2020/sunbeam_output/annotation/blastx/nr/prodigal/s.316.IBDC.Diff.Stool.visit4.2742.xml
    jobid: 543
    wildcards: db=nr, orf_finder=prodigal, sample=s.316.IBDC.Diff.Stool.visit4.2742
    threads: 8

Submitted job 543 with external jobid 'Submitted batch job 7283234'.

[Wed Sep  8 10:26:16 2021]
rule run_blastx:
    input: /mnt/isilon/zackular_lab_hpc/users/dic/projects/DYNAMIC_metagenomics_2020/sunbeam_output/annotation/genes/prodigal/s102.IBD.Therapy.Feces.Week.4_genes_nucl.fa
    output: /mnt/isilon/zackular_lab_hpc/users/dic/projects/DYNAMIC_metagenomics_2020/sunbeam_output/annotation/blastx/nr/prodigal/s102.IBD.Therapy.Feces.Week.4.xml
    jobid: 635
    wildcards: db=nr, orf_finder=prodigal, sample=s102.IBD.Therapy.Feces.Week.4
    threads: 8

Submitted job 635 with external jobid 'Submitted batch job 7283235'.

[Wed Sep  8 10:26:17 2021]
rule run_blastx:
    input: /mnt/isilon/zackular_lab_hpc/users/dic/projects/DYNAMIC_metagenomics_2020/sunbeam_output/annotation/genes/prodigal/s.293.Healthy.Antibiotics.Feces.week.4_genes_nucl.fa
    output: /mnt/isilon/zackular_lab_hpc/users/dic/projects/DYNAMIC_metagenomics_2020/sunbeam_output/annotation/blastx/nr/prodigal/s.293.Healthy.Antibiotics.Feces.week.4.xml
    jobid: 1195
    wildcards: db=nr, orf_finder=prodigal, sample=s.293.Healthy.Antibiotics.Feces.week.4
    threads: 8

Submitted job 1195 with external jobid 'Submitted batch job 7283236'.

[Wed Sep  8 10:26:17 2021]
rule run_blastx:
    input: /mnt/isilon/zackular_lab_hpc/users/dic/projects/DYNAMIC_metagenomics_2020/sunbeam_output/annotation/genes/prodigal/s.304.VEO.Stool.visit1.2442_genes_nucl.fa
    output: /mnt/isilon/zackular_lab_hpc/users/dic/projects/DYNAMIC_metagenomics_2020/sunbeam_output/annotation/blastx/nr/prodigal/s.304.VEO.Stool.visit1.2442.xml
    jobid: 875
    wildcards: db=nr, orf_finder=prodigal, sample=s.304.VEO.Stool.visit1.2442
    threads: 8

Submitted job 875 with external jobid 'Submitted batch job 7283237'.

[Wed Sep  8 10:26:18 2021]
rule run_blastx:
    input: /mnt/isilon/zackular_lab_hpc/users/dic/projects/DYNAMIC_metagenomics_2020/sunbeam_output/annotation/genes/prodigal/s172.IBD_CDiff.Feces.Week_8_genes_nucl.fa
    output: /mnt/isilon/zackular_lab_hpc/users/dic/projects/DYNAMIC_metagenomics_2020/sunbeam_output/annotation/blastx/nr/prodigal/s172.IBD_CDiff.Feces.Week_8.xml
    jobid: 1363
    wildcards: db=nr, orf_finder=prodigal, sample=s172.IBD_CDiff.Feces.Week_8
    threads: 8

Submitted job 1363 with external jobid 'Submitted batch job 7283238'.

[Wed Sep  8 10:26:18 2021]
rule run_blastx:
    input: /mnt/isilon/zackular_lab_hpc/users/dic/projects/DYNAMIC_metagenomics_2020/sunbeam_output/annotation/genes/prodigal/s20.C_diff.Feces.Visit1_genes_nucl.fa
    output: /mnt/isilon/zackular_lab_hpc/users/dic/projects/DYNAMIC_metagenomics_2020/sunbeam_output/annotation/blastx/nr/prodigal/s20.C_diff.Feces.Visit1.xml
    jobid: 1123
    wildcards: db=nr, orf_finder=prodigal, sample=s20.C_diff.Feces.Visit1
    threads: 8

Submitted job 1123 with external jobid 'Submitted batch job 7283239'.

[Wed Sep  8 10:26:18 2021]
rule run_blastx:
    input: /mnt/isilon/zackular_lab_hpc/users/dic/projects/DYNAMIC_metagenomics_2020/sunbeam_output/annotation/genes/prodigal/s078.IBD.Therapy.Feces.Week.4_genes_nucl.fa
    output: /mnt/isilon/zackular_lab_hpc/users/dic/projects/DYNAMIC_metagenomics_2020/sunbeam_output/annotation/blastx/nr/prodigal/s078.IBD.Therapy.Feces.Week.4.xml
    jobid: 891
    wildcards: db=nr, orf_finder=prodigal, sample=s078.IBD.Therapy.Feces.Week.4
    threads: 8

Submitted job 891 with external jobid 'Submitted batch job 7283240'.

[Wed Sep  8 10:26:19 2021]
rule run_blastx:
    input: /mnt/isilon/zackular_lab_hpc/users/dic/projects/DYNAMIC_metagenomics_2020/sunbeam_output/annotation/genes/prodigal/s.197.Healthy.Antibiotics.Feces.Week.4_genes_nucl.fa
    output: /mnt/isilon/zackular_lab_hpc/users/dic/projects/DYNAMIC_metagenomics_2020/sunbeam_output/annotation/blastx/nr/prodigal/s.197.Healthy.Antibiotics.Feces.Week.4.xml
    jobid: 347
    wildcards: db=nr, orf_finder=prodigal, sample=s.197.Healthy.Antibiotics.Feces.Week.4
    threads: 8

Submitted job 347 with external jobid 'Submitted batch job 7283241'.

[Wed Sep  8 10:26:19 2021]
rule run_blastx:
    input: /mnt/isilon/zackular_lab_hpc/users/dic/projects/DYNAMIC_metagenomics_2020/sunbeam_output/annotation/genes/prodigal/s.200.Healthy.Antibiotics.Feces.Week.8_genes_nucl.fa
    output: /mnt/isilon/zackular_lab_hpc/users/dic/projects/DYNAMIC_metagenomics_2020/sunbeam_output/annotation/blastx/nr/prodigal/s.200.Healthy.Antibiotics.Feces.Week.8.xml
    jobid: 991
    wildcards: db=nr, orf_finder=prodigal, sample=s.200.Healthy.Antibiotics.Feces.Week.8
    threads: 8

Submitted job 991 with external jobid 'Submitted batch job 7283242'.

[Wed Sep  8 10:26:19 2021]
rule run_blastx:
    input: /mnt/isilon/zackular_lab_hpc/users/dic/projects/DYNAMIC_metagenomics_2020/sunbeam_output/annotation/genes/prodigal/s.173.VEO.Feces.Week.8_genes_nucl.fa
    output: /mnt/isilon/zackular_lab_hpc/users/dic/projects/DYNAMIC_metagenomics_2020/sunbeam_output/annotation/blastx/nr/prodigal/s.173.VEO.Feces.Week.8.xml
    jobid: 367
    wildcards: db=nr, orf_finder=prodigal, sample=s.173.VEO.Feces.Week.8
    threads: 8

Submitted job 367 with external jobid 'Submitted batch job 7283243'.

[Wed Sep  8 10:26:20 2021]
rule run_blastx:
    input: /mnt/isilon/zackular_lab_hpc/users/dic/projects/DYNAMIC_metagenomics_2020/sunbeam_output/annotation/genes/prodigal/s31.IBDNaturalHistory.Feces.Visit1_genes_nucl.fa
    output: /mnt/isilon/zackular_lab_hpc/users/dic/projects/DYNAMIC_metagenomics_2020/sunbeam_output/annotation/blastx/nr/prodigal/s31.IBDNaturalHistory.Feces.Visit1.xml
    jobid: 631
    wildcards: db=nr, orf_finder=prodigal, sample=s31.IBDNaturalHistory.Feces.Visit1
    threads: 8

Submitted job 631 with external jobid 'Submitted batch job 7283244'.

[Wed Sep  8 10:26:20 2021]
rule run_blastx:
    input: /mnt/isilon/zackular_lab_hpc/users/dic/projects/DYNAMIC_metagenomics_2020/sunbeam_output/annotation/genes/prodigal/s067.Healthy.Antibiotics.Feces.Baseline_genes_nucl.fa
    output: /mnt/isilon/zackular_lab_hpc/users/dic/projects/DYNAMIC_metagenomics_2020/sunbeam_output/annotation/blastx/nr/prodigal/s067.Healthy.Antibiotics.Feces.Baseline.xml
    jobid: 567
    wildcards: db=nr, orf_finder=prodigal, sample=s067.Healthy.Antibiotics.Feces.Baseline
    threads: 8

Submitted job 567 with external jobid 'Submitted batch job 7283245'.

[Wed Sep  8 10:26:20 2021]
rule run_blastx:
    input: /mnt/isilon/zackular_lab_hpc/users/dic/projects/DYNAMIC_metagenomics_2020/sunbeam_output/annotation/genes/prodigal/s.293.Healthy.Antibiotics.Feces.Baseline_genes_nucl.fa
    output: /mnt/isilon/zackular_lab_hpc/users/dic/projects/DYNAMIC_metagenomics_2020/sunbeam_output/annotation/blastx/nr/prodigal/s.293.Healthy.Antibiotics.Feces.Baseline.xml
    jobid: 599
    wildcards: db=nr, orf_finder=prodigal, sample=s.293.Healthy.Antibiotics.Feces.Baseline
    threads: 8

Submitted job 599 with external jobid 'Submitted batch job 7283246'.

[Wed Sep  8 10:26:21 2021]
rule run_blastx:
    input: /mnt/isilon/zackular_lab_hpc/users/dic/projects/DYNAMIC_metagenomics_2020/sunbeam_output/annotation/genes/prodigal/s55.IBD_Therapy.Feces.Week_8_genes_nucl.fa
    output: /mnt/isilon/zackular_lab_hpc/users/dic/projects/DYNAMIC_metagenomics_2020/sunbeam_output/annotation/blastx/nr/prodigal/s55.IBD_Therapy.Feces.Week_8.xml
    jobid: 591
    wildcards: db=nr, orf_finder=prodigal, sample=s55.IBD_Therapy.Feces.Week_8
    threads: 8

Submitted job 591 with external jobid 'Submitted batch job 7283247'.

[Wed Sep  8 10:26:21 2021]
rule run_blastx:
    input: /mnt/isilon/zackular_lab_hpc/users/dic/projects/DYNAMIC_metagenomics_2020/sunbeam_output/annotation/genes/prodigal/s32.C_diff.Feces.Visit3_genes_nucl.fa
    output: /mnt/isilon/zackular_lab_hpc/users/dic/projects/DYNAMIC_metagenomics_2020/sunbeam_output/annotation/blastx/nr/prodigal/s32.C_diff.Feces.Visit3.xml
    jobid: 299
    wildcards: db=nr, orf_finder=prodigal, sample=s32.C_diff.Feces.Visit3
    threads: 8

Submitted job 299 with external jobid 'Submitted batch job 7283248'.

[Wed Sep  8 10:26:21 2021]
rule run_blastx:
    input: /mnt/isilon/zackular_lab_hpc/users/dic/projects/DYNAMIC_metagenomics_2020/sunbeam_output/annotation/genes/prodigal/s077.IBD_C.Diff.Feces.Baseline_genes_nucl.fa
    output: /mnt/isilon/zackular_lab_hpc/users/dic/projects/DYNAMIC_metagenomics_2020/sunbeam_output/annotation/blastx/nr/prodigal/s077.IBD_C.Diff.Feces.Baseline.xml
    jobid: 615
    wildcards: db=nr, orf_finder=prodigal, sample=s077.IBD_C.Diff.Feces.Baseline
    threads: 8

Submitted job 615 with external jobid 'Submitted batch job 7283249'.

[Wed Sep  8 10:26:22 2021]
rule run_blastx:
    input: /mnt/isilon/zackular_lab_hpc/users/dic/projects/DYNAMIC_metagenomics_2020/sunbeam_output/annotation/genes/prodigal/s157.IBD_CDiff.Feces.Week_4_genes_nucl.fa
    output: /mnt/isilon/zackular_lab_hpc/users/dic/projects/DYNAMIC_metagenomics_2020/sunbeam_output/annotation/blastx/nr/prodigal/s157.IBD_CDiff.Feces.Week_4.xml
    jobid: 819
    wildcards: db=nr, orf_finder=prodigal, sample=s157.IBD_CDiff.Feces.Week_4
    threads: 8

Submitted job 819 with external jobid 'Submitted batch job 7283250'.

[Wed Sep  8 10:26:22 2021]
rule run_blastx:
    input: /mnt/isilon/zackular_lab_hpc/users/dic/projects/DYNAMIC_metagenomics_2020/sunbeam_output/annotation/genes/prodigal/s26.Healthy.Feces.Visit2_genes_nucl.fa
    output: /mnt/isilon/zackular_lab_hpc/users/dic/projects/DYNAMIC_metagenomics_2020/sunbeam_output/annotation/blastx/nr/prodigal/s26.Healthy.Feces.Visit2.xml
    jobid: 519
    wildcards: db=nr, orf_finder=prodigal, sample=s26.Healthy.Feces.Visit2
    threads: 8

Submitted job 519 with external jobid 'Submitted batch job 7283251'.

[Wed Sep  8 10:26:23 2021]
rule run_blastx:
    input: /mnt/isilon/zackular_lab_hpc/users/dic/projects/DYNAMIC_metagenomics_2020/sunbeam_output/annotation/genes/prodigal/s097.IBD.Antibiotics.Feces.Baseline_genes_nucl.fa
    output: /mnt/isilon/zackular_lab_hpc/users/dic/projects/DYNAMIC_metagenomics_2020/sunbeam_output/annotation/blastx/nr/prodigal/s097.IBD.Antibiotics.Feces.Baseline.xml
    jobid: 379
    wildcards: db=nr, orf_finder=prodigal, sample=s097.IBD.Antibiotics.Feces.Baseline
    threads: 8

Submitted job 379 with external jobid 'Submitted batch job 7283252'.

[Wed Sep  8 10:26:23 2021]
rule run_blastx:
    input: /mnt/isilon/zackular_lab_hpc/users/dic/projects/DYNAMIC_metagenomics_2020/sunbeam_output/annotation/genes/prodigal/s061.IBD_Therapy.Feces.Week_8_genes_nucl.fa
    output: /mnt/isilon/zackular_lab_hpc/users/dic/projects/DYNAMIC_metagenomics_2020/sunbeam_output/annotation/blastx/nr/prodigal/s061.IBD_Therapy.Feces.Week_8.xml
    jobid: 879
    wildcards: db=nr, orf_finder=prodigal, sample=s061.IBD_Therapy.Feces.Week_8
    threads: 8

Submitted job 879 with external jobid 'Submitted batch job 7283253'.

[Wed Sep  8 10:26:23 2021]
rule run_blastx:
    input: /mnt/isilon/zackular_lab_hpc/users/dic/projects/DYNAMIC_metagenomics_2020/sunbeam_output/annotation/genes/prodigal/s143.VEO.Feces.Week.4_genes_nucl.fa
    output: /mnt/isilon/zackular_lab_hpc/users/dic/projects/DYNAMIC_metagenomics_2020/sunbeam_output/annotation/blastx/nr/prodigal/s143.VEO.Feces.Week.4.xml
    jobid: 619
    wildcards: db=nr, orf_finder=prodigal, sample=s143.VEO.Feces.Week.4
    threads: 8

Submitted job 619 with external jobid 'Submitted batch job 7283254'.

[Wed Sep  8 10:26:24 2021]
rule run_blastx:
    input: /mnt/isilon/zackular_lab_hpc/users/dic/projects/DYNAMIC_metagenomics_2020/sunbeam_output/annotation/genes/prodigal/s.155.Healthy.Antibiotics.Feces.Week.4_genes_nucl.fa
    output: /mnt/isilon/zackular_lab_hpc/users/dic/projects/DYNAMIC_metagenomics_2020/sunbeam_output/annotation/blastx/nr/prodigal/s.155.Healthy.Antibiotics.Feces.Week.4.xml
    jobid: 375
    wildcards: db=nr, orf_finder=prodigal, sample=s.155.Healthy.Antibiotics.Feces.Week.4
    threads: 8

Submitted job 375 with external jobid 'Submitted batch job 7283255'.

[Wed Sep  8 10:26:24 2021]
rule run_blastx:
    input: /mnt/isilon/zackular_lab_hpc/users/dic/projects/DYNAMIC_metagenomics_2020/sunbeam_output/annotation/genes/prodigal/s.271.C.Diff_Oncology.Feces.Baseline_genes_nucl.fa
    output: /mnt/isilon/zackular_lab_hpc/users/dic/projects/DYNAMIC_metagenomics_2020/sunbeam_output/annotation/blastx/nr/prodigal/s.271.C.Diff_Oncology.Feces.Baseline.xml
    jobid: 467
    wildcards: db=nr, orf_finder=prodigal, sample=s.271.C.Diff_Oncology.Feces.Baseline
    threads: 8

Submitted job 467 with external jobid 'Submitted batch job 7283256'.

[Wed Sep  8 10:26:24 2021]
rule run_blastx:
    input: /mnt/isilon/zackular_lab_hpc/users/dic/projects/DYNAMIC_metagenomics_2020/sunbeam_output/annotation/genes/prodigal/s58.Healthy_greaterthan5.Feces.Baseline_genes_nucl.fa
    output: /mnt/isilon/zackular_lab_hpc/users/dic/projects/DYNAMIC_metagenomics_2020/sunbeam_output/annotation/blastx/nr/prodigal/s58.Healthy_greaterthan5.Feces.Baseline.xml
    jobid: 755
    wildcards: db=nr, orf_finder=prodigal, sample=s58.Healthy_greaterthan5.Feces.Baseline
    threads: 8

Submitted job 755 with external jobid 'Submitted batch job 7283257'.

[Wed Sep  8 10:26:25 2021]
rule run_blastx:
    input: /mnt/isilon/zackular_lab_hpc/users/dic/projects/DYNAMIC_metagenomics_2020/sunbeam_output/annotation/genes/prodigal/s.293.Healthy.Antibiotics.Feces.week.8_genes_nucl.fa
    output: /mnt/isilon/zackular_lab_hpc/users/dic/projects/DYNAMIC_metagenomics_2020/sunbeam_output/annotation/blastx/nr/prodigal/s.293.Healthy.Antibiotics.Feces.week.8.xml
    jobid: 827
    wildcards: db=nr, orf_finder=prodigal, sample=s.293.Healthy.Antibiotics.Feces.week.8
    threads: 8

Submitted job 827 with external jobid 'Submitted batch job 7283258'.

[Wed Sep  8 10:26:25 2021]
rule run_blastx:
    input: /mnt/isilon/zackular_lab_hpc/users/dic/projects/DYNAMIC_metagenomics_2020/sunbeam_output/annotation/genes/prodigal/s077.IBD_C.Diff.Feces.Week_8_genes_nucl.fa
    output: /mnt/isilon/zackular_lab_hpc/users/dic/projects/DYNAMIC_metagenomics_2020/sunbeam_output/annotation/blastx/nr/prodigal/s077.IBD_C.Diff.Feces.Week_8.xml
    jobid: 903
    wildcards: db=nr, orf_finder=prodigal, sample=s077.IBD_C.Diff.Feces.Week_8
    threads: 8

Submitted job 903 with external jobid 'Submitted batch job 7283259'.

[Wed Sep  8 10:26:25 2021]
rule run_blastx:
    input: /mnt/isilon/zackular_lab_hpc/users/dic/projects/DYNAMIC_metagenomics_2020/sunbeam_output/annotation/genes/prodigal/s.259.Healthy.Antibiotics.Feces.Week.8_genes_nucl.fa
    output: /mnt/isilon/zackular_lab_hpc/users/dic/projects/DYNAMIC_metagenomics_2020/sunbeam_output/annotation/blastx/nr/prodigal/s.259.Healthy.Antibiotics.Feces.Week.8.xml
    jobid: 771
    wildcards: db=nr, orf_finder=prodigal, sample=s.259.Healthy.Antibiotics.Feces.Week.8
    threads: 8

Submitted job 771 with external jobid 'Submitted batch job 7283260'.

[Wed Sep  8 10:26:26 2021]
rule run_blastx:
    input: /mnt/isilon/zackular_lab_hpc/users/dic/projects/DYNAMIC_metagenomics_2020/sunbeam_output/annotation/genes/prodigal/s60.Healthy_greaterthan5.Feces.Week_4_genes_nucl.fa
    output: /mnt/isilon/zackular_lab_hpc/users/dic/projects/DYNAMIC_metagenomics_2020/sunbeam_output/annotation/blastx/nr/prodigal/s60.Healthy_greaterthan5.Feces.Week_4.xml
    jobid: 1299
    wildcards: db=nr, orf_finder=prodigal, sample=s60.Healthy_greaterthan5.Feces.Week_4
    threads: 8

Submitted job 1299 with external jobid 'Submitted batch job 7283261'.

[Wed Sep  8 10:26:26 2021]
rule run_blastx:
    input: /mnt/isilon/zackular_lab_hpc/users/dic/projects/DYNAMIC_metagenomics_2020/sunbeam_output/annotation/genes/prodigal/s38_genes_nucl.fa
    output: /mnt/isilon/zackular_lab_hpc/users/dic/projects/DYNAMIC_metagenomics_2020/sunbeam_output/annotation/blastx/nr/prodigal/s38.xml
    jobid: 1071
    wildcards: db=nr, orf_finder=prodigal, sample=s38
    threads: 8

Submitted job 1071 with external jobid 'Submitted batch job 7283262'.

[Wed Sep  8 10:26:26 2021]
rule run_blastx:
    input: /mnt/isilon/zackular_lab_hpc/users/dic/projects/DYNAMIC_metagenomics_2020/sunbeam_output/annotation/genes/prodigal/s3_genes_nucl.fa
    output: /mnt/isilon/zackular_lab_hpc/users/dic/projects/DYNAMIC_metagenomics_2020/sunbeam_output/annotation/blastx/nr/prodigal/s3.xml
    jobid: 699
    wildcards: db=nr, orf_finder=prodigal, sample=s3
    threads: 8

Submitted job 699 with external jobid 'Submitted batch job 7283263'.

[Wed Sep  8 10:26:27 2021]
rule run_blastx:
    input: /mnt/isilon/zackular_lab_hpc/users/dic/projects/DYNAMIC_metagenomics_2020/sunbeam_output/annotation/genes/prodigal/s157_genes_nucl.fa
    output: /mnt/isilon/zackular_lab_hpc/users/dic/projects/DYNAMIC_metagenomics_2020/sunbeam_output/annotation/blastx/nr/prodigal/s157.xml
    jobid: 1191
    wildcards: db=nr, orf_finder=prodigal, sample=s157
    threads: 8

Submitted job 1191 with external jobid 'Submitted batch job 7283264'.

[Wed Sep  8 10:26:27 2021]
rule run_blastx:
    input: /mnt/isilon/zackular_lab_hpc/users/dic/projects/DYNAMIC_metagenomics_2020/sunbeam_output/annotation/genes/prodigal/s.209.Healthy.Antibiotics.Feces.Week.4_genes_nucl.fa
    output: /mnt/isilon/zackular_lab_hpc/users/dic/projects/DYNAMIC_metagenomics_2020/sunbeam_output/annotation/blastx/nr/prodigal/s.209.Healthy.Antibiotics.Feces.Week.4.xml
    jobid: 463
    wildcards: db=nr, orf_finder=prodigal, sample=s.209.Healthy.Antibiotics.Feces.Week.4
    threads: 8

Submitted job 463 with external jobid 'Submitted batch job 7283265'.

[Wed Sep  8 10:26:27 2021]
rule run_blastx:
    input: /mnt/isilon/zackular_lab_hpc/users/dic/projects/DYNAMIC_metagenomics_2020/sunbeam_output/annotation/genes/prodigal/s46.Healthy_greaterthan5.Feces.Week_8_genes_nucl.fa
    output: /mnt/isilon/zackular_lab_hpc/users/dic/projects/DYNAMIC_metagenomics_2020/sunbeam_output/annotation/blastx/nr/prodigal/s46.Healthy_greaterthan5.Feces.Week_8.xml
    jobid: 931
    wildcards: db=nr, orf_finder=prodigal, sample=s46.Healthy_greaterthan5.Feces.Week_8
    threads: 8

Submitted job 931 with external jobid 'Submitted batch job 7283266'.

[Wed Sep  8 10:26:28 2021]
rule run_blastx:
    input: /mnt/isilon/zackular_lab_hpc/users/dic/projects/DYNAMIC_metagenomics_2020/sunbeam_output/annotation/genes/prodigal/s.147.IBD_Therapy.Feces.Week_4_genes_nucl.fa
    output: /mnt/isilon/zackular_lab_hpc/users/dic/projects/DYNAMIC_metagenomics_2020/sunbeam_output/annotation/blastx/nr/prodigal/s.147.IBD_Therapy.Feces.Week_4.xml
    jobid: 471
    wildcards: db=nr, orf_finder=prodigal, sample=s.147.IBD_Therapy.Feces.Week_4
    threads: 8

Submitted job 471 with external jobid 'Submitted batch job 7283267'.

[Wed Sep  8 10:26:28 2021]
rule run_blastx:
    input: /mnt/isilon/zackular_lab_hpc/users/dic/projects/DYNAMIC_metagenomics_2020/sunbeam_output/annotation/genes/prodigal/s95.Healthy.lessthan5.Feces.Week.8_genes_nucl.fa
    output: /mnt/isilon/zackular_lab_hpc/users/dic/projects/DYNAMIC_metagenomics_2020/sunbeam_output/annotation/blastx/nr/prodigal/s95.Healthy.lessthan5.Feces.Week.8.xml
    jobid: 1087
    wildcards: db=nr, orf_finder=prodigal, sample=s95.Healthy.lessthan5.Feces.Week.8
    threads: 8

Submitted job 1087 with external jobid 'Submitted batch job 7283268'.

[Wed Sep  8 10:26:28 2021]
rule run_blastx:
    input: /mnt/isilon/zackular_lab_hpc/users/dic/projects/DYNAMIC_metagenomics_2020/sunbeam_output/annotation/genes/prodigal/s.204.Healthy.Antibiotics.Feces.Baseline_genes_nucl.fa
    output: /mnt/isilon/zackular_lab_hpc/users/dic/projects/DYNAMIC_metagenomics_2020/sunbeam_output/annotation/blastx/nr/prodigal/s.204.Healthy.Antibiotics.Feces.Baseline.xml
    jobid: 955
    wildcards: db=nr, orf_finder=prodigal, sample=s.204.Healthy.Antibiotics.Feces.Baseline
    threads: 8

Submitted job 955 with external jobid 'Submitted batch job 7283269'.

[Wed Sep  8 10:26:29 2021]
rule run_blastx:
    input: /mnt/isilon/zackular_lab_hpc/users/dic/projects/DYNAMIC_metagenomics_2020/sunbeam_output/annotation/genes/prodigal/s.88.Healthy.greaterthan5.Feces.Week.8_genes_nucl.fa
    output: /mnt/isilon/zackular_lab_hpc/users/dic/projects/DYNAMIC_metagenomics_2020/sunbeam_output/annotation/blastx/nr/prodigal/s.88.Healthy.greaterthan5.Feces.Week.8.xml
    jobid: 1239
    wildcards: db=nr, orf_finder=prodigal, sample=s.88.Healthy.greaterthan5.Feces.Week.8
    threads: 8

Submitted job 1239 with external jobid 'Submitted batch job 7283270'.

[Wed Sep  8 10:26:29 2021]
rule run_blastx:
    input: /mnt/isilon/zackular_lab_hpc/users/dic/projects/DYNAMIC_metagenomics_2020/sunbeam_output/annotation/genes/prodigal/s.314.Healthy.Antibiotics.Stool.3.2567_genes_nucl.fa
    output: /mnt/isilon/zackular_lab_hpc/users/dic/projects/DYNAMIC_metagenomics_2020/sunbeam_output/annotation/blastx/nr/prodigal/s.314.Healthy.Antibiotics.Stool.3.2567.xml
    jobid: 419
    wildcards: db=nr, orf_finder=prodigal, sample=s.314.Healthy.Antibiotics.Stool.3.2567
    threads: 8

Submitted job 419 with external jobid 'Submitted batch job 7283271'.

[Wed Sep  8 10:26:29 2021]
rule run_blastx:
    input: /mnt/isilon/zackular_lab_hpc/users/dic/projects/DYNAMIC_metagenomics_2020/sunbeam_output/annotation/genes/prodigal/s.175.VEO.Feces.Week_8_genes_nucl.fa
    output: /mnt/isilon/zackular_lab_hpc/users/dic/projects/DYNAMIC_metagenomics_2020/sunbeam_output/annotation/blastx/nr/prodigal/s.175.VEO.Feces.Week_8.xml
    jobid: 867
    wildcards: db=nr, orf_finder=prodigal, sample=s.175.VEO.Feces.Week_8
    threads: 8

Submitted job 867 with external jobid 'Submitted batch job 7283272'.

[Wed Sep  8 10:26:30 2021]
rule run_blastx:
    input: /mnt/isilon/zackular_lab_hpc/users/dic/projects/DYNAMIC_metagenomics_2020/sunbeam_output/annotation/genes/prodigal/s.347.IBDTherapy.Stool.3.2886_genes_nucl.fa
    output: /mnt/isilon/zackular_lab_hpc/users/dic/projects/DYNAMIC_metagenomics_2020/sunbeam_output/annotation/blastx/nr/prodigal/s.347.IBDTherapy.Stool.3.2886.xml
    jobid: 671
    wildcards: db=nr, orf_finder=prodigal, sample=s.347.IBDTherapy.Stool.3.2886
    threads: 8

Submitted job 671 with external jobid 'Submitted batch job 7283273'.

[Wed Sep  8 10:26:30 2021]
rule run_blastx:
    input: /mnt/isilon/zackular_lab_hpc/users/dic/projects/DYNAMIC_metagenomics_2020/sunbeam_output/annotation/genes/prodigal/s159.Healthy.Antibiotics.Feces.Week.4_genes_nucl.fa
    output: /mnt/isilon/zackular_lab_hpc/users/dic/projects/DYNAMIC_metagenomics_2020/sunbeam_output/annotation/blastx/nr/prodigal/s159.Healthy.Antibiotics.Feces.Week.4.xml
    jobid: 499
    wildcards: db=nr, orf_finder=prodigal, sample=s159.Healthy.Antibiotics.Feces.Week.4
    threads: 8

Submitted job 499 with external jobid 'Submitted batch job 7283274'.

[Wed Sep  8 10:26:30 2021]
rule run_blastx:
    input: /mnt/isilon/zackular_lab_hpc/users/dic/projects/DYNAMIC_metagenomics_2020/sunbeam_output/annotation/genes/prodigal/s22.Healthy.Feces.Visit2_genes_nucl.fa
    output: /mnt/isilon/zackular_lab_hpc/users/dic/projects/DYNAMIC_metagenomics_2020/sunbeam_output/annotation/blastx/nr/prodigal/s22.Healthy.Feces.Visit2.xml
    jobid: 431
    wildcards: db=nr, orf_finder=prodigal, sample=s22.Healthy.Feces.Visit2
    threads: 8

Submitted job 431 with external jobid 'Submitted batch job 7283275'.

[Wed Sep  8 10:26:31 2021]
rule run_blastx:
    input: /mnt/isilon/zackular_lab_hpc/users/dic/projects/DYNAMIC_metagenomics_2020/sunbeam_output/annotation/genes/prodigal/s152.Healthy.Antibiotics.Feces.Week.8_genes_nucl.fa
    output: /mnt/isilon/zackular_lab_hpc/users/dic/projects/DYNAMIC_metagenomics_2020/sunbeam_output/annotation/blastx/nr/prodigal/s152.Healthy.Antibiotics.Feces.Week.8.xml
    jobid: 1231
    wildcards: db=nr, orf_finder=prodigal, sample=s152.Healthy.Antibiotics.Feces.Week.8
    threads: 8

Submitted job 1231 with external jobid 'Submitted batch job 7283276'.

[Wed Sep  8 10:26:31 2021]
rule run_blastx:
    input: /mnt/isilon/zackular_lab_hpc/users/dic/projects/DYNAMIC_metagenomics_2020/sunbeam_output/annotation/genes/prodigal/s.175.VEO.Feces.Week_4_genes_nucl.fa
    output: /mnt/isilon/zackular_lab_hpc/users/dic/projects/DYNAMIC_metagenomics_2020/sunbeam_output/annotation/blastx/nr/prodigal/s.175.VEO.Feces.Week_4.xml
    jobid: 327
    wildcards: db=nr, orf_finder=prodigal, sample=s.175.VEO.Feces.Week_4
    threads: 8

Submitted job 327 with external jobid 'Submitted batch job 7283277'.

[Wed Sep  8 10:26:31 2021]
rule run_blastx:
    input: /mnt/isilon/zackular_lab_hpc/users/dic/projects/DYNAMIC_metagenomics_2020/sunbeam_output/annotation/genes/prodigal/s.100.Healthygreaterthan5.Stool.visit2.919_genes_nucl.fa
    output: /mnt/isilon/zackular_lab_hpc/users/dic/projects/DYNAMIC_metagenomics_2020/sunbeam_output/annotation/blastx/nr/prodigal/s.100.Healthygreaterthan5.Stool.visit2.919.xml
    jobid: 1235
    wildcards: db=nr, orf_finder=prodigal, sample=s.100.Healthygreaterthan5.Stool.visit2.919
    threads: 8

Submitted job 1235 with external jobid 'Submitted batch job 7283278'.

[Wed Sep  8 10:26:32 2021]
rule run_blastx:
    input: /mnt/isilon/zackular_lab_hpc/users/dic/projects/DYNAMIC_metagenomics_2020/sunbeam_output/annotation/genes/prodigal/s26.Healthy.Feces.Visit1_genes_nucl.fa
    output: /mnt/isilon/zackular_lab_hpc/users/dic/projects/DYNAMIC_metagenomics_2020/sunbeam_output/annotation/blastx/nr/prodigal/s26.Healthy.Feces.Visit1.xml
    jobid: 643
    wildcards: db=nr, orf_finder=prodigal, sample=s26.Healthy.Feces.Visit1
    threads: 8

Submitted job 643 with external jobid 'Submitted batch job 7283279'.

[Wed Sep  8 10:26:32 2021]
rule run_blastx:
    input: /mnt/isilon/zackular_lab_hpc/users/dic/projects/DYNAMIC_metagenomics_2020/sunbeam_output/annotation/genes/prodigal/s25.IBD_Therapy.Feces.Week_8_genes_nucl.fa
    output: /mnt/isilon/zackular_lab_hpc/users/dic/projects/DYNAMIC_metagenomics_2020/sunbeam_output/annotation/blastx/nr/prodigal/s25.IBD_Therapy.Feces.Week_8.xml
    jobid: 971
    wildcards: db=nr, orf_finder=prodigal, sample=s25.IBD_Therapy.Feces.Week_8
    threads: 8

Submitted job 971 with external jobid 'Submitted batch job 7283280'.
Terminating processes on user request, this might take some time.
Will exit after finishing currently running jobs.
