Building DAG of jobs...
Using shell: /usr/bin/bash
Provided cluster nodes: 100
Job counts:
	count	jobs
	148	aggregate_results
	1	all_annotate
	98	prodigal
	148	run_blastn
	148	run_blastp
	148	run_blastx
	691

[Mon Aug 23 10:40:48 2021]
rule run_blastn:
    input: /mnt/isilon/zackular_lab_hpc/users/dic/projects/DYNAMIC_metagenomics_2020/sunbeam_output/assembly/contigs/SRR10029128-contigs.fa
    output: /mnt/isilon/zackular_lab_hpc/users/dic/projects/DYNAMIC_metagenomics_2020/sunbeam_output/annotation/blastn/nt/contig/SRR10029128.xml
    jobid: 414
    wildcards: db=nt, contigs=contig, sample=SRR10029128
    threads: 4

Submitted job 414 with external jobid 'Submitted batch job 6364261'.

[Mon Aug 23 10:40:49 2021]
rule run_blastx:
    input: /mnt/isilon/zackular_lab_hpc/users/dic/projects/DYNAMIC_metagenomics_2020/sunbeam_output/annotation/genes/prodigal/SRR10029141_genes_nucl.fa
    output: /mnt/isilon/zackular_lab_hpc/users/dic/projects/DYNAMIC_metagenomics_2020/sunbeam_output/annotation/blastx/nr/prodigal/SRR10029141.xml
    jobid: 464
    wildcards: db=nr, orf_finder=prodigal, sample=SRR10029141
    threads: 4

Submitted job 464 with external jobid 'Submitted batch job 6364262'.

[Mon Aug 23 10:40:49 2021]
rule run_blastx:
    input: /mnt/isilon/zackular_lab_hpc/users/dic/projects/DYNAMIC_metagenomics_2020/sunbeam_output/annotation/genes/prodigal/SRR10029182_genes_nucl.fa
    output: /mnt/isilon/zackular_lab_hpc/users/dic/projects/DYNAMIC_metagenomics_2020/sunbeam_output/annotation/blastx/nr/prodigal/SRR10029182.xml
    jobid: 340
    wildcards: db=nr, orf_finder=prodigal, sample=SRR10029182
    threads: 4

Submitted job 340 with external jobid 'Submitted batch job 6364263'.

[Mon Aug 23 10:40:49 2021]
rule run_blastx:
    input: /mnt/isilon/zackular_lab_hpc/users/dic/projects/DYNAMIC_metagenomics_2020/sunbeam_output/annotation/genes/prodigal/SRR10029159_genes_nucl.fa
    output: /mnt/isilon/zackular_lab_hpc/users/dic/projects/DYNAMIC_metagenomics_2020/sunbeam_output/annotation/blastx/nr/prodigal/SRR10029159.xml
    jobid: 292
    wildcards: db=nr, orf_finder=prodigal, sample=SRR10029159
    threads: 4

Submitted job 292 with external jobid 'Submitted batch job 6364264'.

[Mon Aug 23 10:40:49 2021]
rule run_blastx:
    input: /mnt/isilon/zackular_lab_hpc/users/dic/projects/DYNAMIC_metagenomics_2020/sunbeam_output/annotation/genes/prodigal/SRR10029203_genes_nucl.fa
    output: /mnt/isilon/zackular_lab_hpc/users/dic/projects/DYNAMIC_metagenomics_2020/sunbeam_output/annotation/blastx/nr/prodigal/SRR10029203.xml
    jobid: 396
    wildcards: db=nr, orf_finder=prodigal, sample=SRR10029203
    threads: 4

Submitted job 396 with external jobid 'Submitted batch job 6364265'.

[Mon Aug 23 10:40:49 2021]
rule run_blastx:
    input: /mnt/isilon/zackular_lab_hpc/users/dic/projects/DYNAMIC_metagenomics_2020/sunbeam_output/annotation/genes/prodigal/SRR10029257_genes_nucl.fa
    output: /mnt/isilon/zackular_lab_hpc/users/dic/projects/DYNAMIC_metagenomics_2020/sunbeam_output/annotation/blastx/nr/prodigal/SRR10029257.xml
    jobid: 596
    wildcards: db=nr, orf_finder=prodigal, sample=SRR10029257
    threads: 4

Submitted job 596 with external jobid 'Submitted batch job 6364266'.

[Mon Aug 23 10:40:49 2021]
rule run_blastn:
    input: /mnt/isilon/zackular_lab_hpc/users/dic/projects/DYNAMIC_metagenomics_2020/sunbeam_output/assembly/contigs/SRR10029131-contigs.fa
    output: /mnt/isilon/zackular_lab_hpc/users/dic/projects/DYNAMIC_metagenomics_2020/sunbeam_output/annotation/blastn/nt/contig/SRR10029131.xml
    jobid: 410
    wildcards: db=nt, contigs=contig, sample=SRR10029131
    threads: 4

Submitted job 410 with external jobid 'Submitted batch job 6364267'.

[Mon Aug 23 10:40:49 2021]
rule run_blastn:
    input: /mnt/isilon/zackular_lab_hpc/users/dic/projects/DYNAMIC_metagenomics_2020/sunbeam_output/assembly/contigs/SRR10029166-contigs.fa
    output: /mnt/isilon/zackular_lab_hpc/users/dic/projects/DYNAMIC_metagenomics_2020/sunbeam_output/annotation/blastn/nt/contig/SRR10029166.xml
    jobid: 238
    wildcards: db=nt, contigs=contig, sample=SRR10029166
    threads: 4

Submitted job 238 with external jobid 'Submitted batch job 6364268'.

[Mon Aug 23 10:40:49 2021]
rule run_blastx:
    input: /mnt/isilon/zackular_lab_hpc/users/dic/projects/DYNAMIC_metagenomics_2020/sunbeam_output/annotation/genes/prodigal/SRR10029234_genes_nucl.fa
    output: /mnt/isilon/zackular_lab_hpc/users/dic/projects/DYNAMIC_metagenomics_2020/sunbeam_output/annotation/blastx/nr/prodigal/SRR10029234.xml
    jobid: 448
    wildcards: db=nr, orf_finder=prodigal, sample=SRR10029234
    threads: 4

Submitted job 448 with external jobid 'Submitted batch job 6364269'.

[Mon Aug 23 10:40:51 2021]
rule run_blastx:
    input: /mnt/isilon/zackular_lab_hpc/users/dic/projects/DYNAMIC_metagenomics_2020/sunbeam_output/annotation/genes/prodigal/SRR10029167_genes_nucl.fa
    output: /mnt/isilon/zackular_lab_hpc/users/dic/projects/DYNAMIC_metagenomics_2020/sunbeam_output/annotation/blastx/nr/prodigal/SRR10029167.xml
    jobid: 432
    wildcards: db=nr, orf_finder=prodigal, sample=SRR10029167
    threads: 4

Submitted job 432 with external jobid 'Submitted batch job 6364270'.

[Mon Aug 23 10:40:51 2021]
rule run_blastx:
    input: /mnt/isilon/zackular_lab_hpc/users/dic/projects/DYNAMIC_metagenomics_2020/sunbeam_output/annotation/genes/prodigal/SRR10029160_genes_nucl.fa
    output: /mnt/isilon/zackular_lab_hpc/users/dic/projects/DYNAMIC_metagenomics_2020/sunbeam_output/annotation/blastx/nr/prodigal/SRR10029160.xml
    jobid: 440
    wildcards: db=nr, orf_finder=prodigal, sample=SRR10029160
    threads: 4

Submitted job 440 with external jobid 'Submitted batch job 6364271'.

[Mon Aug 23 10:40:51 2021]
rule run_blastx:
    input: /mnt/isilon/zackular_lab_hpc/users/dic/projects/DYNAMIC_metagenomics_2020/sunbeam_output/annotation/genes/prodigal/SRR10029147_genes_nucl.fa
    output: /mnt/isilon/zackular_lab_hpc/users/dic/projects/DYNAMIC_metagenomics_2020/sunbeam_output/annotation/blastx/nr/prodigal/SRR10029147.xml
    jobid: 224
    wildcards: db=nr, orf_finder=prodigal, sample=SRR10029147
    threads: 4

Submitted job 224 with external jobid 'Submitted batch job 6364272'.

[Mon Aug 23 10:40:52 2021]
rule run_blastn:
    input: /mnt/isilon/zackular_lab_hpc/users/dic/projects/DYNAMIC_metagenomics_2020/sunbeam_output/assembly/contigs/SRR10029236-contigs.fa
    output: /mnt/isilon/zackular_lab_hpc/users/dic/projects/DYNAMIC_metagenomics_2020/sunbeam_output/annotation/blastn/nt/contig/SRR10029236.xml
    jobid: 526
    wildcards: db=nt, contigs=contig, sample=SRR10029236
    threads: 4

Submitted job 526 with external jobid 'Submitted batch job 6364273'.

[Mon Aug 23 10:40:52 2021]
rule run_blastx:
    input: /mnt/isilon/zackular_lab_hpc/users/dic/projects/DYNAMIC_metagenomics_2020/sunbeam_output/annotation/genes/prodigal/SRR10029138_genes_nucl.fa
    output: /mnt/isilon/zackular_lab_hpc/users/dic/projects/DYNAMIC_metagenomics_2020/sunbeam_output/annotation/blastx/nr/prodigal/SRR10029138.xml
    jobid: 392
    wildcards: db=nr, orf_finder=prodigal, sample=SRR10029138
    threads: 4

Submitted job 392 with external jobid 'Submitted batch job 6364274'.

[Mon Aug 23 10:40:52 2021]
rule run_blastn:
    input: /mnt/isilon/zackular_lab_hpc/users/dic/projects/DYNAMIC_metagenomics_2020/sunbeam_output/assembly/contigs/SRR10029221-contigs.fa
    output: /mnt/isilon/zackular_lab_hpc/users/dic/projects/DYNAMIC_metagenomics_2020/sunbeam_output/annotation/blastn/nt/contig/SRR10029221.xml
    jobid: 726
    wildcards: db=nt, contigs=contig, sample=SRR10029221
    threads: 4

Submitted job 726 with external jobid 'Submitted batch job 6364275'.

[Mon Aug 23 10:40:52 2021]
rule run_blastn:
    input: /mnt/isilon/zackular_lab_hpc/users/dic/projects/DYNAMIC_metagenomics_2020/sunbeam_output/assembly/contigs/SRR10029271-contigs.fa
    output: /mnt/isilon/zackular_lab_hpc/users/dic/projects/DYNAMIC_metagenomics_2020/sunbeam_output/annotation/blastn/nt/contig/SRR10029271.xml
    jobid: 530
    wildcards: db=nt, contigs=contig, sample=SRR10029271
    threads: 4

Submitted job 530 with external jobid 'Submitted batch job 6364276'.

[Mon Aug 23 10:40:52 2021]
rule run_blastx:
    input: /mnt/isilon/zackular_lab_hpc/users/dic/projects/DYNAMIC_metagenomics_2020/sunbeam_output/annotation/genes/prodigal/SRR10029127_genes_nucl.fa
    output: /mnt/isilon/zackular_lab_hpc/users/dic/projects/DYNAMIC_metagenomics_2020/sunbeam_output/annotation/blastx/nr/prodigal/SRR10029127.xml
    jobid: 380
    wildcards: db=nr, orf_finder=prodigal, sample=SRR10029127
    threads: 4

Submitted job 380 with external jobid 'Submitted batch job 6364277'.

[Mon Aug 23 10:40:53 2021]
rule run_blastn:
    input: /mnt/isilon/zackular_lab_hpc/users/dic/projects/DYNAMIC_metagenomics_2020/sunbeam_output/assembly/contigs/SRR10029184-contigs.fa
    output: /mnt/isilon/zackular_lab_hpc/users/dic/projects/DYNAMIC_metagenomics_2020/sunbeam_output/annotation/blastn/nt/contig/SRR10029184.xml
    jobid: 486
    wildcards: db=nt, contigs=contig, sample=SRR10029184
    threads: 4

Submitted job 486 with external jobid 'Submitted batch job 6364278'.

[Mon Aug 23 10:40:53 2021]
rule run_blastx:
    input: /mnt/isilon/zackular_lab_hpc/users/dic/projects/DYNAMIC_metagenomics_2020/sunbeam_output/annotation/genes/prodigal/SRR10029264_genes_nucl.fa
    output: /mnt/isilon/zackular_lab_hpc/users/dic/projects/DYNAMIC_metagenomics_2020/sunbeam_output/annotation/blastx/nr/prodigal/SRR10029264.xml
    jobid: 636
    wildcards: db=nr, orf_finder=prodigal, sample=SRR10029264
    threads: 4

Submitted job 636 with external jobid 'Submitted batch job 6364279'.

[Mon Aug 23 10:40:53 2021]
rule run_blastn:
    input: /mnt/isilon/zackular_lab_hpc/users/dic/projects/DYNAMIC_metagenomics_2020/sunbeam_output/assembly/contigs/SRR10029143-contigs.fa
    output: /mnt/isilon/zackular_lab_hpc/users/dic/projects/DYNAMIC_metagenomics_2020/sunbeam_output/annotation/blastn/nt/contig/SRR10029143.xml
    jobid: 678
    wildcards: db=nt, contigs=contig, sample=SRR10029143
    threads: 4

Submitted job 678 with external jobid 'Submitted batch job 6364280'.

[Mon Aug 23 10:40:54 2021]
rule run_blastx:
    input: /mnt/isilon/zackular_lab_hpc/users/dic/projects/DYNAMIC_metagenomics_2020/sunbeam_output/annotation/genes/prodigal/SRR10029154_genes_nucl.fa
    output: /mnt/isilon/zackular_lab_hpc/users/dic/projects/DYNAMIC_metagenomics_2020/sunbeam_output/annotation/blastx/nr/prodigal/SRR10029154.xml
    jobid: 212
    wildcards: db=nr, orf_finder=prodigal, sample=SRR10029154
    threads: 4

Submitted job 212 with external jobid 'Submitted batch job 6364281'.

[Mon Aug 23 10:40:54 2021]
rule run_blastx:
    input: /mnt/isilon/zackular_lab_hpc/users/dic/projects/DYNAMIC_metagenomics_2020/sunbeam_output/annotation/genes/prodigal/SRR10029265_genes_nucl.fa
    output: /mnt/isilon/zackular_lab_hpc/users/dic/projects/DYNAMIC_metagenomics_2020/sunbeam_output/annotation/blastx/nr/prodigal/SRR10029265.xml
    jobid: 604
    wildcards: db=nr, orf_finder=prodigal, sample=SRR10029265
    threads: 4

Submitted job 604 with external jobid 'Submitted batch job 6364282'.

[Mon Aug 23 10:41:00 2021]
rule run_blastn:
    input: /mnt/isilon/zackular_lab_hpc/users/dic/projects/DYNAMIC_metagenomics_2020/sunbeam_output/assembly/contigs/SRR10029244-contigs.fa
    output: /mnt/isilon/zackular_lab_hpc/users/dic/projects/DYNAMIC_metagenomics_2020/sunbeam_output/annotation/blastn/nt/contig/SRR10029244.xml
    jobid: 702
    wildcards: db=nt, contigs=contig, sample=SRR10029244
    threads: 4

Submitted job 702 with external jobid 'Submitted batch job 6364283'.

[Mon Aug 23 10:41:00 2021]
rule run_blastx:
    input: /mnt/isilon/zackular_lab_hpc/users/dic/projects/DYNAMIC_metagenomics_2020/sunbeam_output/annotation/genes/prodigal/SRR10029130_genes_nucl.fa
    output: /mnt/isilon/zackular_lab_hpc/users/dic/projects/DYNAMIC_metagenomics_2020/sunbeam_output/annotation/blastx/nr/prodigal/SRR10029130.xml
    jobid: 452
    wildcards: db=nr, orf_finder=prodigal, sample=SRR10029130
    threads: 4

Submitted job 452 with external jobid 'Submitted batch job 6364284'.

[Mon Aug 23 10:41:01 2021]
rule run_blastx:
    input: /mnt/isilon/zackular_lab_hpc/users/dic/projects/DYNAMIC_metagenomics_2020/sunbeam_output/annotation/genes/prodigal/SRR10029235_genes_nucl.fa
    output: /mnt/isilon/zackular_lab_hpc/users/dic/projects/DYNAMIC_metagenomics_2020/sunbeam_output/annotation/blastx/nr/prodigal/SRR10029235.xml
    jobid: 360
    wildcards: db=nr, orf_finder=prodigal, sample=SRR10029235
    threads: 4

Submitted job 360 with external jobid 'Submitted batch job 6364285'.

[Mon Aug 23 10:41:01 2021]
rule run_blastn:
    input: /mnt/isilon/zackular_lab_hpc/users/dic/projects/DYNAMIC_metagenomics_2020/sunbeam_output/assembly/contigs/SRR10029125-contigs.fa
    output: /mnt/isilon/zackular_lab_hpc/users/dic/projects/DYNAMIC_metagenomics_2020/sunbeam_output/annotation/blastn/nt/contig/SRR10029125.xml
    jobid: 350
    wildcards: db=nt, contigs=contig, sample=SRR10029125
    threads: 4

Submitted job 350 with external jobid 'Submitted batch job 6364286'.

[Mon Aug 23 10:41:01 2021]
rule run_blastx:
    input: /mnt/isilon/zackular_lab_hpc/users/dic/projects/DYNAMIC_metagenomics_2020/sunbeam_output/annotation/genes/prodigal/SRR10029155_genes_nucl.fa
    output: /mnt/isilon/zackular_lab_hpc/users/dic/projects/DYNAMIC_metagenomics_2020/sunbeam_output/annotation/blastx/nr/prodigal/SRR10029155.xml
    jobid: 568
    wildcards: db=nr, orf_finder=prodigal, sample=SRR10029155
    threads: 4

Submitted job 568 with external jobid 'Submitted batch job 6364287'.

[Mon Aug 23 10:41:06 2021]
rule run_blastn:
    input: /mnt/isilon/zackular_lab_hpc/users/dic/projects/DYNAMIC_metagenomics_2020/sunbeam_output/assembly/contigs/SRR10029129-contigs.fa
    output: /mnt/isilon/zackular_lab_hpc/users/dic/projects/DYNAMIC_metagenomics_2020/sunbeam_output/annotation/blastn/nt/contig/SRR10029129.xml
    jobid: 698
    wildcards: db=nt, contigs=contig, sample=SRR10029129
    threads: 4

Submitted job 698 with external jobid 'Submitted batch job 6364288'.

[Mon Aug 23 10:41:06 2021]
rule run_blastn:
    input: /mnt/isilon/zackular_lab_hpc/users/dic/projects/DYNAMIC_metagenomics_2020/sunbeam_output/assembly/contigs/SRR10029149-contigs.fa
    output: /mnt/isilon/zackular_lab_hpc/users/dic/projects/DYNAMIC_metagenomics_2020/sunbeam_output/annotation/blastn/nt/contig/SRR10029149.xml
    jobid: 214
    wildcards: db=nt, contigs=contig, sample=SRR10029149
    threads: 4

Submitted job 214 with external jobid 'Submitted batch job 6364289'.

[Mon Aug 23 10:41:11 2021]
rule run_blastx:
    input: /mnt/isilon/zackular_lab_hpc/users/dic/projects/DYNAMIC_metagenomics_2020/sunbeam_output/annotation/genes/prodigal/SRR10029223_genes_nucl.fa
    output: /mnt/isilon/zackular_lab_hpc/users/dic/projects/DYNAMIC_metagenomics_2020/sunbeam_output/annotation/blastx/nr/prodigal/SRR10029223.xml
    jobid: 552
    wildcards: db=nr, orf_finder=prodigal, sample=SRR10029223
    threads: 4

Submitted job 552 with external jobid 'Submitted batch job 6364290'.

[Mon Aug 23 10:41:12 2021]
rule run_blastx:
    input: /mnt/isilon/zackular_lab_hpc/users/dic/projects/DYNAMIC_metagenomics_2020/sunbeam_output/annotation/genes/prodigal/SRR10029132_genes_nucl.fa
    output: /mnt/isilon/zackular_lab_hpc/users/dic/projects/DYNAMIC_metagenomics_2020/sunbeam_output/annotation/blastx/nr/prodigal/SRR10029132.xml
    jobid: 684
    wildcards: db=nr, orf_finder=prodigal, sample=SRR10029132
    threads: 4

Submitted job 684 with external jobid 'Submitted batch job 6364291'.

[Mon Aug 23 10:41:12 2021]
rule run_blastn:
    input: /mnt/isilon/zackular_lab_hpc/users/dic/projects/DYNAMIC_metagenomics_2020/sunbeam_output/assembly/contigs/SRR10029124-contigs.fa
    output: /mnt/isilon/zackular_lab_hpc/users/dic/projects/DYNAMIC_metagenomics_2020/sunbeam_output/annotation/blastn/nt/contig/SRR10029124.xml
    jobid: 598
    wildcards: db=nt, contigs=contig, sample=SRR10029124
    threads: 4

Submitted job 598 with external jobid 'Submitted batch job 6364292'.

[Mon Aug 23 10:41:12 2021]
rule run_blastx:
    input: /mnt/isilon/zackular_lab_hpc/users/dic/projects/DYNAMIC_metagenomics_2020/sunbeam_output/annotation/genes/prodigal/SRR10029139_genes_nucl.fa
    output: /mnt/isilon/zackular_lab_hpc/users/dic/projects/DYNAMIC_metagenomics_2020/sunbeam_output/annotation/blastx/nr/prodigal/SRR10029139.xml
    jobid: 236
    wildcards: db=nr, orf_finder=prodigal, sample=SRR10029139
    threads: 4

Submitted job 236 with external jobid 'Submitted batch job 6364293'.

[Mon Aug 23 10:41:12 2021]
rule run_blastx:
    input: /mnt/isilon/zackular_lab_hpc/users/dic/projects/DYNAMIC_metagenomics_2020/sunbeam_output/annotation/genes/prodigal/SRR10029233_genes_nucl.fa
    output: /mnt/isilon/zackular_lab_hpc/users/dic/projects/DYNAMIC_metagenomics_2020/sunbeam_output/annotation/blastx/nr/prodigal/SRR10029233.xml
    jobid: 516
    wildcards: db=nr, orf_finder=prodigal, sample=SRR10029233
    threads: 4

Submitted job 516 with external jobid 'Submitted batch job 6364294'.

[Mon Aug 23 10:41:18 2021]
rule run_blastn:
    input: /mnt/isilon/zackular_lab_hpc/users/dic/projects/DYNAMIC_metagenomics_2020/sunbeam_output/assembly/contigs/SRR10029158-contigs.fa
    output: /mnt/isilon/zackular_lab_hpc/users/dic/projects/DYNAMIC_metagenomics_2020/sunbeam_output/annotation/blastn/nt/contig/SRR10029158.xml
    jobid: 302
    wildcards: db=nt, contigs=contig, sample=SRR10029158
    threads: 4

Submitted job 302 with external jobid 'Submitted batch job 6364295'.

[Mon Aug 23 10:41:18 2021]
rule run_blastn:
    input: /mnt/isilon/zackular_lab_hpc/users/dic/projects/DYNAMIC_metagenomics_2020/sunbeam_output/assembly/contigs/SRR10029247-contigs.fa
    output: /mnt/isilon/zackular_lab_hpc/users/dic/projects/DYNAMIC_metagenomics_2020/sunbeam_output/annotation/blastn/nt/contig/SRR10029247.xml
    jobid: 174
    wildcards: db=nt, contigs=contig, sample=SRR10029247
    threads: 4

Submitted job 174 with external jobid 'Submitted batch job 6364296'.

[Mon Aug 23 10:41:18 2021]
rule run_blastp:
    input: /mnt/isilon/zackular_lab_hpc/users/dic/projects/DYNAMIC_metagenomics_2020/sunbeam_output/annotation/genes/prodigal/SRR10029223_genes_prot.fa
    output: /mnt/isilon/zackular_lab_hpc/users/dic/projects/DYNAMIC_metagenomics_2020/sunbeam_output/annotation/blastp/nr/prodigal/SRR10029223.xml
    jobid: 551
    wildcards: db=nr, orf_finder=prodigal, sample=SRR10029223
    threads: 4

Submitted job 551 with external jobid 'Submitted batch job 6364297'.

[Mon Aug 23 10:41:18 2021]
rule run_blastn:
    input: /mnt/isilon/zackular_lab_hpc/users/dic/projects/DYNAMIC_metagenomics_2020/sunbeam_output/assembly/contigs/SRR10029162-contigs.fa
    output: /mnt/isilon/zackular_lab_hpc/users/dic/projects/DYNAMIC_metagenomics_2020/sunbeam_output/annotation/blastn/nt/contig/SRR10029162.xml
    jobid: 666
    wildcards: db=nt, contigs=contig, sample=SRR10029162
    threads: 4

Submitted job 666 with external jobid 'Submitted batch job 6364298'.

[Mon Aug 23 10:41:19 2021]
rule run_blastn:
    input: /mnt/isilon/zackular_lab_hpc/users/dic/projects/DYNAMIC_metagenomics_2020/sunbeam_output/assembly/contigs/SRR10029142-contigs.fa
    output: /mnt/isilon/zackular_lab_hpc/users/dic/projects/DYNAMIC_metagenomics_2020/sunbeam_output/annotation/blastn/nt/contig/SRR10029142.xml
    jobid: 614
    wildcards: db=nt, contigs=contig, sample=SRR10029142
    threads: 4

Submitted job 614 with external jobid 'Submitted batch job 6364299'.

[Mon Aug 23 10:41:19 2021]
rule run_blastx:
    input: /mnt/isilon/zackular_lab_hpc/users/dic/projects/DYNAMIC_metagenomics_2020/sunbeam_output/annotation/genes/prodigal/SRR10029268_genes_nucl.fa
    output: /mnt/isilon/zackular_lab_hpc/users/dic/projects/DYNAMIC_metagenomics_2020/sunbeam_output/annotation/blastx/nr/prodigal/SRR10029268.xml
    jobid: 208
    wildcards: db=nr, orf_finder=prodigal, sample=SRR10029268
    threads: 4

Submitted job 208 with external jobid 'Submitted batch job 6364300'.

[Mon Aug 23 10:41:24 2021]
rule run_blastn:
    input: /mnt/isilon/zackular_lab_hpc/users/dic/projects/DYNAMIC_metagenomics_2020/sunbeam_output/assembly/contigs/SRR10029161-contigs.fa
    output: /mnt/isilon/zackular_lab_hpc/users/dic/projects/DYNAMIC_metagenomics_2020/sunbeam_output/annotation/blastn/nt/contig/SRR10029161.xml
    jobid: 354
    wildcards: db=nt, contigs=contig, sample=SRR10029161
    threads: 4

Submitted job 354 with external jobid 'Submitted batch job 6364301'.

[Mon Aug 23 10:41:25 2021]
rule run_blastx:
    input: /mnt/isilon/zackular_lab_hpc/users/dic/projects/DYNAMIC_metagenomics_2020/sunbeam_output/annotation/genes/prodigal/SRR10029157_genes_nucl.fa
    output: /mnt/isilon/zackular_lab_hpc/users/dic/projects/DYNAMIC_metagenomics_2020/sunbeam_output/annotation/blastx/nr/prodigal/SRR10029157.xml
    jobid: 320
    wildcards: db=nr, orf_finder=prodigal, sample=SRR10029157
    threads: 4

Submitted job 320 with external jobid 'Submitted batch job 6364302'.

[Mon Aug 23 10:41:25 2021]
rule run_blastn:
    input: /mnt/isilon/zackular_lab_hpc/users/dic/projects/DYNAMIC_metagenomics_2020/sunbeam_output/assembly/contigs/SRR10029168-contigs.fa
    output: /mnt/isilon/zackular_lab_hpc/users/dic/projects/DYNAMIC_metagenomics_2020/sunbeam_output/annotation/blastn/nt/contig/SRR10029168.xml
    jobid: 650
    wildcards: db=nt, contigs=contig, sample=SRR10029168
    threads: 4

Submitted job 650 with external jobid 'Submitted batch job 6364303'.

[Mon Aug 23 10:41:25 2021]
rule run_blastx:
    input: /mnt/isilon/zackular_lab_hpc/users/dic/projects/DYNAMIC_metagenomics_2020/sunbeam_output/annotation/genes/prodigal/SRR10029171_genes_nucl.fa
    output: /mnt/isilon/zackular_lab_hpc/users/dic/projects/DYNAMIC_metagenomics_2020/sunbeam_output/annotation/blastx/nr/prodigal/SRR10029171.xml
    jobid: 408
    wildcards: db=nr, orf_finder=prodigal, sample=SRR10029171
    threads: 4

Submitted job 408 with external jobid 'Submitted batch job 6364304'.

[Mon Aug 23 10:41:25 2021]
rule run_blastx:
    input: /mnt/isilon/zackular_lab_hpc/users/dic/projects/DYNAMIC_metagenomics_2020/sunbeam_output/annotation/genes/prodigal/SRR10029185_genes_nucl.fa
    output: /mnt/isilon/zackular_lab_hpc/users/dic/projects/DYNAMIC_metagenomics_2020/sunbeam_output/annotation/blastx/nr/prodigal/SRR10029185.xml
    jobid: 280
    wildcards: db=nr, orf_finder=prodigal, sample=SRR10029185
    threads: 4

Submitted job 280 with external jobid 'Submitted batch job 6364305'.

[Mon Aug 23 10:41:30 2021]
rule run_blastx:
    input: /mnt/isilon/zackular_lab_hpc/users/dic/projects/DYNAMIC_metagenomics_2020/sunbeam_output/annotation/genes/prodigal/SRR10029230_genes_nucl.fa
    output: /mnt/isilon/zackular_lab_hpc/users/dic/projects/DYNAMIC_metagenomics_2020/sunbeam_output/annotation/blastx/nr/prodigal/SRR10029230.xml
    jobid: 368
    wildcards: db=nr, orf_finder=prodigal, sample=SRR10029230
    threads: 4

Submitted job 368 with external jobid 'Submitted batch job 6364306'.

[Mon Aug 23 10:41:36 2021]
rule run_blastn:
    input: /mnt/isilon/zackular_lab_hpc/users/dic/projects/DYNAMIC_metagenomics_2020/sunbeam_output/assembly/contigs/SRR10029135-contigs.fa
    output: /mnt/isilon/zackular_lab_hpc/users/dic/projects/DYNAMIC_metagenomics_2020/sunbeam_output/annotation/blastn/nt/contig/SRR10029135.xml
    jobid: 326
    wildcards: db=nt, contigs=contig, sample=SRR10029135
    threads: 4

Submitted job 326 with external jobid 'Submitted batch job 6364307'.

[Mon Aug 23 10:41:36 2021]
rule run_blastx:
    input: /mnt/isilon/zackular_lab_hpc/users/dic/projects/DYNAMIC_metagenomics_2020/sunbeam_output/annotation/genes/prodigal/SRR10029222_genes_nucl.fa
    output: /mnt/isilon/zackular_lab_hpc/users/dic/projects/DYNAMIC_metagenomics_2020/sunbeam_output/annotation/blastx/nr/prodigal/SRR10029222.xml
    jobid: 160
    wildcards: db=nr, orf_finder=prodigal, sample=SRR10029222
    threads: 4

Submitted job 160 with external jobid 'Submitted batch job 6364308'.

[Mon Aug 23 10:41:36 2021]
rule run_blastn:
    input: /mnt/isilon/zackular_lab_hpc/users/dic/projects/DYNAMIC_metagenomics_2020/sunbeam_output/assembly/contigs/SRR10029181-contigs.fa
    output: /mnt/isilon/zackular_lab_hpc/users/dic/projects/DYNAMIC_metagenomics_2020/sunbeam_output/annotation/blastn/nt/contig/SRR10029181.xml
    jobid: 722
    wildcards: db=nt, contigs=contig, sample=SRR10029181
    threads: 4

Submitted job 722 with external jobid 'Submitted batch job 6364309'.

[Mon Aug 23 10:41:41 2021]
rule run_blastn:
    input: /mnt/isilon/zackular_lab_hpc/users/dic/projects/DYNAMIC_metagenomics_2020/sunbeam_output/assembly/contigs/SRR10029150-contigs.fa
    output: /mnt/isilon/zackular_lab_hpc/users/dic/projects/DYNAMIC_metagenomics_2020/sunbeam_output/annotation/blastn/nt/contig/SRR10029150.xml
    jobid: 310
    wildcards: db=nt, contigs=contig, sample=SRR10029150
    threads: 4

Submitted job 310 with external jobid 'Submitted batch job 6364310'.

[Mon Aug 23 10:41:41 2021]
rule run_blastn:
    input: /mnt/isilon/zackular_lab_hpc/users/dic/projects/DYNAMIC_metagenomics_2020/sunbeam_output/assembly/contigs/SRR10029270-contigs.fa
    output: /mnt/isilon/zackular_lab_hpc/users/dic/projects/DYNAMIC_metagenomics_2020/sunbeam_output/annotation/blastn/nt/contig/SRR10029270.xml
    jobid: 466
    wildcards: db=nt, contigs=contig, sample=SRR10029270
    threads: 4

Submitted job 466 with external jobid 'Submitted batch job 6364311'.

[Mon Aug 23 10:41:41 2021]
rule run_blastn:
    input: /mnt/isilon/zackular_lab_hpc/users/dic/projects/DYNAMIC_metagenomics_2020/sunbeam_output/assembly/contigs/SRR10029139-contigs.fa
    output: /mnt/isilon/zackular_lab_hpc/users/dic/projects/DYNAMIC_metagenomics_2020/sunbeam_output/annotation/blastn/nt/contig/SRR10029139.xml
    jobid: 234
    wildcards: db=nt, contigs=contig, sample=SRR10029139
    threads: 4

Submitted job 234 with external jobid 'Submitted batch job 6364312'.

[Mon Aug 23 10:41:41 2021]
rule run_blastn:
    input: /mnt/isilon/zackular_lab_hpc/users/dic/projects/DYNAMIC_metagenomics_2020/sunbeam_output/assembly/contigs/SRR10029233-contigs.fa
    output: /mnt/isilon/zackular_lab_hpc/users/dic/projects/DYNAMIC_metagenomics_2020/sunbeam_output/annotation/blastn/nt/contig/SRR10029233.xml
    jobid: 514
    wildcards: db=nt, contigs=contig, sample=SRR10029233
    threads: 4

Submitted job 514 with external jobid 'Submitted batch job 6364313'.

[Mon Aug 23 10:41:41 2021]
rule run_blastn:
    input: /mnt/isilon/zackular_lab_hpc/users/dic/projects/DYNAMIC_metagenomics_2020/sunbeam_output/assembly/contigs/SRR10029223-contigs.fa
    output: /mnt/isilon/zackular_lab_hpc/users/dic/projects/DYNAMIC_metagenomics_2020/sunbeam_output/annotation/blastn/nt/contig/SRR10029223.xml
    jobid: 550
    wildcards: db=nt, contigs=contig, sample=SRR10029223
    threads: 4

Submitted job 550 with external jobid 'Submitted batch job 6364314'.

[Mon Aug 23 10:41:42 2021]
rule run_blastx:
    input: /mnt/isilon/zackular_lab_hpc/users/dic/projects/DYNAMIC_metagenomics_2020/sunbeam_output/annotation/genes/prodigal/SRR10029124_genes_nucl.fa
    output: /mnt/isilon/zackular_lab_hpc/users/dic/projects/DYNAMIC_metagenomics_2020/sunbeam_output/annotation/blastx/nr/prodigal/SRR10029124.xml
    jobid: 600
    wildcards: db=nr, orf_finder=prodigal, sample=SRR10029124
    threads: 4

Submitted job 600 with external jobid 'Submitted batch job 6364315'.

[Mon Aug 23 10:41:47 2021]
rule run_blastn:
    input: /mnt/isilon/zackular_lab_hpc/users/dic/projects/DYNAMIC_metagenomics_2020/sunbeam_output/assembly/contigs/SRR10029132-contigs.fa
    output: /mnt/isilon/zackular_lab_hpc/users/dic/projects/DYNAMIC_metagenomics_2020/sunbeam_output/annotation/blastn/nt/contig/SRR10029132.xml
    jobid: 682
    wildcards: db=nt, contigs=contig, sample=SRR10029132
    threads: 4

Submitted job 682 with external jobid 'Submitted batch job 6364316'.

[Mon Aug 23 10:41:52 2021]
rule run_blastx:
    input: /mnt/isilon/zackular_lab_hpc/users/dic/projects/DYNAMIC_metagenomics_2020/sunbeam_output/annotation/genes/prodigal/SRR10029158_genes_nucl.fa
    output: /mnt/isilon/zackular_lab_hpc/users/dic/projects/DYNAMIC_metagenomics_2020/sunbeam_output/annotation/blastx/nr/prodigal/SRR10029158.xml
    jobid: 304
    wildcards: db=nr, orf_finder=prodigal, sample=SRR10029158
    threads: 4

Submitted job 304 with external jobid 'Submitted batch job 6364317'.

[Mon Aug 23 10:41:57 2021]
rule run_blastx:
    input: /mnt/isilon/zackular_lab_hpc/users/dic/projects/DYNAMIC_metagenomics_2020/sunbeam_output/annotation/genes/prodigal/SRR10029247_genes_nucl.fa
    output: /mnt/isilon/zackular_lab_hpc/users/dic/projects/DYNAMIC_metagenomics_2020/sunbeam_output/annotation/blastx/nr/prodigal/SRR10029247.xml
    jobid: 176
    wildcards: db=nr, orf_finder=prodigal, sample=SRR10029247
    threads: 4

Submitted job 176 with external jobid 'Submitted batch job 6364318'.

[Mon Aug 23 10:41:57 2021]
rule run_blastx:
    input: /mnt/isilon/zackular_lab_hpc/users/dic/projects/DYNAMIC_metagenomics_2020/sunbeam_output/annotation/genes/prodigal/SRR10029162_genes_nucl.fa
    output: /mnt/isilon/zackular_lab_hpc/users/dic/projects/DYNAMIC_metagenomics_2020/sunbeam_output/annotation/blastx/nr/prodigal/SRR10029162.xml
    jobid: 668
    wildcards: db=nr, orf_finder=prodigal, sample=SRR10029162
    threads: 4

Submitted job 668 with external jobid 'Submitted batch job 6364319'.

[Mon Aug 23 10:42:02 2021]
rule run_blastn:
    input: /mnt/isilon/zackular_lab_hpc/users/dic/projects/DYNAMIC_metagenomics_2020/sunbeam_output/assembly/contigs/SRR10029268-contigs.fa
    output: /mnt/isilon/zackular_lab_hpc/users/dic/projects/DYNAMIC_metagenomics_2020/sunbeam_output/annotation/blastn/nt/contig/SRR10029268.xml
    jobid: 206
    wildcards: db=nt, contigs=contig, sample=SRR10029268
    threads: 4

Submitted job 206 with external jobid 'Submitted batch job 6364320'.

[Mon Aug 23 10:42:02 2021]
rule run_blastx:
    input: /mnt/isilon/zackular_lab_hpc/users/dic/projects/DYNAMIC_metagenomics_2020/sunbeam_output/annotation/genes/prodigal/SRR10029161_genes_nucl.fa
    output: /mnt/isilon/zackular_lab_hpc/users/dic/projects/DYNAMIC_metagenomics_2020/sunbeam_output/annotation/blastx/nr/prodigal/SRR10029161.xml
    jobid: 356
    wildcards: db=nr, orf_finder=prodigal, sample=SRR10029161
    threads: 4

Submitted job 356 with external jobid 'Submitted batch job 6364321'.

[Mon Aug 23 10:42:03 2021]
rule run_blastx:
    input: /mnt/isilon/zackular_lab_hpc/users/dic/projects/DYNAMIC_metagenomics_2020/sunbeam_output/annotation/genes/prodigal/SRR10029142_genes_nucl.fa
    output: /mnt/isilon/zackular_lab_hpc/users/dic/projects/DYNAMIC_metagenomics_2020/sunbeam_output/annotation/blastx/nr/prodigal/SRR10029142.xml
    jobid: 616
    wildcards: db=nr, orf_finder=prodigal, sample=SRR10029142
    threads: 4

Submitted job 616 with external jobid 'Submitted batch job 6364322'.

[Mon Aug 23 10:42:04 2021]
rule run_blastn:
    input: /mnt/isilon/zackular_lab_hpc/users/dic/projects/DYNAMIC_metagenomics_2020/sunbeam_output/assembly/contigs/SRR10029157-contigs.fa
    output: /mnt/isilon/zackular_lab_hpc/users/dic/projects/DYNAMIC_metagenomics_2020/sunbeam_output/annotation/blastn/nt/contig/SRR10029157.xml
    jobid: 318
    wildcards: db=nt, contigs=contig, sample=SRR10029157
    threads: 4

Submitted job 318 with external jobid 'Submitted batch job 6364323'.

[Mon Aug 23 10:42:04 2021]
rule run_blastn:
    input: /mnt/isilon/zackular_lab_hpc/users/dic/projects/DYNAMIC_metagenomics_2020/sunbeam_output/assembly/contigs/SRR10029171-contigs.fa
    output: /mnt/isilon/zackular_lab_hpc/users/dic/projects/DYNAMIC_metagenomics_2020/sunbeam_output/annotation/blastn/nt/contig/SRR10029171.xml
    jobid: 406
    wildcards: db=nt, contigs=contig, sample=SRR10029171
    threads: 4

Submitted job 406 with external jobid 'Submitted batch job 6364324'.

[Mon Aug 23 10:42:04 2021]
rule run_blastx:
    input: /mnt/isilon/zackular_lab_hpc/users/dic/projects/DYNAMIC_metagenomics_2020/sunbeam_output/annotation/genes/prodigal/SRR10029168_genes_nucl.fa
    output: /mnt/isilon/zackular_lab_hpc/users/dic/projects/DYNAMIC_metagenomics_2020/sunbeam_output/annotation/blastx/nr/prodigal/SRR10029168.xml
    jobid: 652
    wildcards: db=nr, orf_finder=prodigal, sample=SRR10029168
    threads: 4

Submitted job 652 with external jobid 'Submitted batch job 6364325'.

[Mon Aug 23 10:42:04 2021]
rule run_blastx:
    input: /mnt/isilon/zackular_lab_hpc/users/dic/projects/DYNAMIC_metagenomics_2020/sunbeam_output/annotation/genes/prodigal/SRR10029135_genes_nucl.fa
    output: /mnt/isilon/zackular_lab_hpc/users/dic/projects/DYNAMIC_metagenomics_2020/sunbeam_output/annotation/blastx/nr/prodigal/SRR10029135.xml
    jobid: 328
    wildcards: db=nr, orf_finder=prodigal, sample=SRR10029135
    threads: 4

Submitted job 328 with external jobid 'Submitted batch job 6364326'.

[Mon Aug 23 10:42:05 2021]
rule run_blastn:
    input: /mnt/isilon/zackular_lab_hpc/users/dic/projects/DYNAMIC_metagenomics_2020/sunbeam_output/assembly/contigs/SRR10029222-contigs.fa
    output: /mnt/isilon/zackular_lab_hpc/users/dic/projects/DYNAMIC_metagenomics_2020/sunbeam_output/annotation/blastn/nt/contig/SRR10029222.xml
    jobid: 158
    wildcards: db=nt, contigs=contig, sample=SRR10029222
    threads: 4

Submitted job 158 with external jobid 'Submitted batch job 6364327'.

[Mon Aug 23 10:42:10 2021]
rule run_blastn:
    input: /mnt/isilon/zackular_lab_hpc/users/dic/projects/DYNAMIC_metagenomics_2020/sunbeam_output/assembly/contigs/SRR10029230-contigs.fa
    output: /mnt/isilon/zackular_lab_hpc/users/dic/projects/DYNAMIC_metagenomics_2020/sunbeam_output/annotation/blastn/nt/contig/SRR10029230.xml
    jobid: 366
    wildcards: db=nt, contigs=contig, sample=SRR10029230
    threads: 4

Submitted job 366 with external jobid 'Submitted batch job 6364328'.

[Mon Aug 23 10:42:10 2021]
rule run_blastx:
    input: /mnt/isilon/zackular_lab_hpc/users/dic/projects/DYNAMIC_metagenomics_2020/sunbeam_output/annotation/genes/prodigal/SRR10029150_genes_nucl.fa
    output: /mnt/isilon/zackular_lab_hpc/users/dic/projects/DYNAMIC_metagenomics_2020/sunbeam_output/annotation/blastx/nr/prodigal/SRR10029150.xml
    jobid: 312
    wildcards: db=nr, orf_finder=prodigal, sample=SRR10029150
    threads: 4

Submitted job 312 with external jobid 'Submitted batch job 6364329'.

[Mon Aug 23 10:42:10 2021]
rule run_blastx:
    input: /mnt/isilon/zackular_lab_hpc/users/dic/projects/DYNAMIC_metagenomics_2020/sunbeam_output/annotation/genes/prodigal/SRR10029270_genes_nucl.fa
    output: /mnt/isilon/zackular_lab_hpc/users/dic/projects/DYNAMIC_metagenomics_2020/sunbeam_output/annotation/blastx/nr/prodigal/SRR10029270.xml
    jobid: 468
    wildcards: db=nr, orf_finder=prodigal, sample=SRR10029270
    threads: 4

Submitted job 468 with external jobid 'Submitted batch job 6364330'.

[Mon Aug 23 10:42:11 2021]
rule run_blastx:
    input: /mnt/isilon/zackular_lab_hpc/users/dic/projects/DYNAMIC_metagenomics_2020/sunbeam_output/annotation/genes/prodigal/SRR10029125_genes_nucl.fa
    output: /mnt/isilon/zackular_lab_hpc/users/dic/projects/DYNAMIC_metagenomics_2020/sunbeam_output/annotation/blastx/nr/prodigal/SRR10029125.xml
    jobid: 352
    wildcards: db=nr, orf_finder=prodigal, sample=SRR10029125
    threads: 4

Submitted job 352 with external jobid 'Submitted batch job 6364331'.

[Mon Aug 23 10:42:11 2021]
rule run_blastx:
    input: /mnt/isilon/zackular_lab_hpc/users/dic/projects/DYNAMIC_metagenomics_2020/sunbeam_output/annotation/genes/prodigal/SRR10029181_genes_nucl.fa
    output: /mnt/isilon/zackular_lab_hpc/users/dic/projects/DYNAMIC_metagenomics_2020/sunbeam_output/annotation/blastx/nr/prodigal/SRR10029181.xml
    jobid: 724
    wildcards: db=nr, orf_finder=prodigal, sample=SRR10029181
    threads: 4

Submitted job 724 with external jobid 'Submitted batch job 6364332'.

[Mon Aug 23 10:42:12 2021]
rule run_blastn:
    input: /mnt/isilon/zackular_lab_hpc/users/dic/projects/DYNAMIC_metagenomics_2020/sunbeam_output/assembly/contigs/SRR10029141-contigs.fa
    output: /mnt/isilon/zackular_lab_hpc/users/dic/projects/DYNAMIC_metagenomics_2020/sunbeam_output/annotation/blastn/nt/contig/SRR10029141.xml
    jobid: 462
    wildcards: db=nt, contigs=contig, sample=SRR10029141
    threads: 4

Submitted job 462 with external jobid 'Submitted batch job 6364333'.

[Mon Aug 23 10:42:12 2021]
rule run_blastx:
    input: /mnt/isilon/zackular_lab_hpc/users/dic/projects/DYNAMIC_metagenomics_2020/sunbeam_output/annotation/genes/prodigal/SRR10029128_genes_nucl.fa
    output: /mnt/isilon/zackular_lab_hpc/users/dic/projects/DYNAMIC_metagenomics_2020/sunbeam_output/annotation/blastx/nr/prodigal/SRR10029128.xml
    jobid: 416
    wildcards: db=nr, orf_finder=prodigal, sample=SRR10029128
    threads: 4

Submitted job 416 with external jobid 'Submitted batch job 6364334'.

[Mon Aug 23 10:42:12 2021]
rule run_blastn:
    input: /mnt/isilon/zackular_lab_hpc/users/dic/projects/DYNAMIC_metagenomics_2020/sunbeam_output/assembly/contigs/SRR10029159-contigs.fa
    output: /mnt/isilon/zackular_lab_hpc/users/dic/projects/DYNAMIC_metagenomics_2020/sunbeam_output/annotation/blastn/nt/contig/SRR10029159.xml
    jobid: 290
    wildcards: db=nt, contigs=contig, sample=SRR10029159
    threads: 4

Submitted job 290 with external jobid 'Submitted batch job 6364335'.

[Mon Aug 23 10:42:12 2021]
rule run_blastn:
    input: /mnt/isilon/zackular_lab_hpc/users/dic/projects/DYNAMIC_metagenomics_2020/sunbeam_output/assembly/contigs/SRR10029182-contigs.fa
    output: /mnt/isilon/zackular_lab_hpc/users/dic/projects/DYNAMIC_metagenomics_2020/sunbeam_output/annotation/blastn/nt/contig/SRR10029182.xml
    jobid: 338
    wildcards: db=nt, contigs=contig, sample=SRR10029182
    threads: 4

Submitted job 338 with external jobid 'Submitted batch job 6364336'.

[Mon Aug 23 10:42:12 2021]
rule run_blastx:
    input: /mnt/isilon/zackular_lab_hpc/users/dic/projects/DYNAMIC_metagenomics_2020/sunbeam_output/annotation/genes/prodigal/SRR10029131_genes_nucl.fa
    output: /mnt/isilon/zackular_lab_hpc/users/dic/projects/DYNAMIC_metagenomics_2020/sunbeam_output/annotation/blastx/nr/prodigal/SRR10029131.xml
    jobid: 412
    wildcards: db=nr, orf_finder=prodigal, sample=SRR10029131
    threads: 4

Submitted job 412 with external jobid 'Submitted batch job 6364337'.

[Mon Aug 23 10:42:12 2021]
rule run_blastn:
    input: /mnt/isilon/zackular_lab_hpc/users/dic/projects/DYNAMIC_metagenomics_2020/sunbeam_output/assembly/contigs/SRR10029234-contigs.fa
    output: /mnt/isilon/zackular_lab_hpc/users/dic/projects/DYNAMIC_metagenomics_2020/sunbeam_output/annotation/blastn/nt/contig/SRR10029234.xml
    jobid: 446
    wildcards: db=nt, contigs=contig, sample=SRR10029234
    threads: 4

Submitted job 446 with external jobid 'Submitted batch job 6364339'.

[Mon Aug 23 10:42:17 2021]
rule run_blastx:
    input: /mnt/isilon/zackular_lab_hpc/users/dic/projects/DYNAMIC_metagenomics_2020/sunbeam_output/annotation/genes/prodigal/SRR10029166_genes_nucl.fa
    output: /mnt/isilon/zackular_lab_hpc/users/dic/projects/DYNAMIC_metagenomics_2020/sunbeam_output/annotation/blastx/nr/prodigal/SRR10029166.xml
    jobid: 240
    wildcards: db=nr, orf_finder=prodigal, sample=SRR10029166
    threads: 4

Submitted job 240 with external jobid 'Submitted batch job 6364340'.

[Mon Aug 23 10:42:22 2021]
rule run_blastn:
    input: /mnt/isilon/zackular_lab_hpc/users/dic/projects/DYNAMIC_metagenomics_2020/sunbeam_output/assembly/contigs/SRR10029257-contigs.fa
    output: /mnt/isilon/zackular_lab_hpc/users/dic/projects/DYNAMIC_metagenomics_2020/sunbeam_output/annotation/blastn/nt/contig/SRR10029257.xml
    jobid: 594
    wildcards: db=nt, contigs=contig, sample=SRR10029257
    threads: 4

Submitted job 594 with external jobid 'Submitted batch job 6364341'.

[Mon Aug 23 10:42:22 2021]
rule run_blastn:
    input: /mnt/isilon/zackular_lab_hpc/users/dic/projects/DYNAMIC_metagenomics_2020/sunbeam_output/assembly/contigs/SRR10029203-contigs.fa
    output: /mnt/isilon/zackular_lab_hpc/users/dic/projects/DYNAMIC_metagenomics_2020/sunbeam_output/annotation/blastn/nt/contig/SRR10029203.xml
    jobid: 394
    wildcards: db=nt, contigs=contig, sample=SRR10029203
    threads: 4

Submitted job 394 with external jobid 'Submitted batch job 6364342'.

[Mon Aug 23 10:42:22 2021]
rule run_blastn:
    input: /mnt/isilon/zackular_lab_hpc/users/dic/projects/DYNAMIC_metagenomics_2020/sunbeam_output/assembly/contigs/SRR10029167-contigs.fa
    output: /mnt/isilon/zackular_lab_hpc/users/dic/projects/DYNAMIC_metagenomics_2020/sunbeam_output/annotation/blastn/nt/contig/SRR10029167.xml
    jobid: 430
    wildcards: db=nt, contigs=contig, sample=SRR10029167
    threads: 4

Submitted job 430 with external jobid 'Submitted batch job 6364343'.

[Mon Aug 23 10:42:28 2021]
rule run_blastn:
    input: /mnt/isilon/zackular_lab_hpc/users/dic/projects/DYNAMIC_metagenomics_2020/sunbeam_output/assembly/contigs/SRR10029160-contigs.fa
    output: /mnt/isilon/zackular_lab_hpc/users/dic/projects/DYNAMIC_metagenomics_2020/sunbeam_output/annotation/blastn/nt/contig/SRR10029160.xml
    jobid: 438
    wildcards: db=nt, contigs=contig, sample=SRR10029160
    threads: 4

Submitted job 438 with external jobid 'Submitted batch job 6364344'.

[Mon Aug 23 10:42:28 2021]
rule run_blastn:
    input: /mnt/isilon/zackular_lab_hpc/users/dic/projects/DYNAMIC_metagenomics_2020/sunbeam_output/assembly/contigs/SRR10029138-contigs.fa
    output: /mnt/isilon/zackular_lab_hpc/users/dic/projects/DYNAMIC_metagenomics_2020/sunbeam_output/annotation/blastn/nt/contig/SRR10029138.xml
    jobid: 390
    wildcards: db=nt, contigs=contig, sample=SRR10029138
    threads: 4

Submitted job 390 with external jobid 'Submitted batch job 6364345'.

[Mon Aug 23 10:42:28 2021]
rule run_blastx:
    input: /mnt/isilon/zackular_lab_hpc/users/dic/projects/DYNAMIC_metagenomics_2020/sunbeam_output/annotation/genes/prodigal/SRR10029236_genes_nucl.fa
    output: /mnt/isilon/zackular_lab_hpc/users/dic/projects/DYNAMIC_metagenomics_2020/sunbeam_output/annotation/blastx/nr/prodigal/SRR10029236.xml
    jobid: 528
    wildcards: db=nr, orf_finder=prodigal, sample=SRR10029236
    threads: 4

Submitted job 528 with external jobid 'Submitted batch job 6364346'.

[Mon Aug 23 10:42:28 2021]
rule run_blastn:
    input: /mnt/isilon/zackular_lab_hpc/users/dic/projects/DYNAMIC_metagenomics_2020/sunbeam_output/assembly/contigs/SRR10029147-contigs.fa
    output: /mnt/isilon/zackular_lab_hpc/users/dic/projects/DYNAMIC_metagenomics_2020/sunbeam_output/annotation/blastn/nt/contig/SRR10029147.xml
    jobid: 222
    wildcards: db=nt, contigs=contig, sample=SRR10029147
    threads: 4

Submitted job 222 with external jobid 'Submitted batch job 6364347'.

[Mon Aug 23 10:42:28 2021]
rule run_blastx:
    input: /mnt/isilon/zackular_lab_hpc/users/dic/projects/DYNAMIC_metagenomics_2020/sunbeam_output/annotation/genes/prodigal/SRR10029221_genes_nucl.fa
    output: /mnt/isilon/zackular_lab_hpc/users/dic/projects/DYNAMIC_metagenomics_2020/sunbeam_output/annotation/blastx/nr/prodigal/SRR10029221.xml
    jobid: 728
    wildcards: db=nr, orf_finder=prodigal, sample=SRR10029221
    threads: 4

Submitted job 728 with external jobid 'Submitted batch job 6364348'.

[Mon Aug 23 10:42:28 2021]
rule run_blastn:
    input: /mnt/isilon/zackular_lab_hpc/users/dic/projects/DYNAMIC_metagenomics_2020/sunbeam_output/assembly/contigs/SRR10029127-contigs.fa
    output: /mnt/isilon/zackular_lab_hpc/users/dic/projects/DYNAMIC_metagenomics_2020/sunbeam_output/annotation/blastn/nt/contig/SRR10029127.xml
    jobid: 378
    wildcards: db=nt, contigs=contig, sample=SRR10029127
    threads: 4

Submitted job 378 with external jobid 'Submitted batch job 6364349'.

[Mon Aug 23 10:42:29 2021]
rule run_blastx:
    input: /mnt/isilon/zackular_lab_hpc/users/dic/projects/DYNAMIC_metagenomics_2020/sunbeam_output/annotation/genes/prodigal/SRR10029184_genes_nucl.fa
    output: /mnt/isilon/zackular_lab_hpc/users/dic/projects/DYNAMIC_metagenomics_2020/sunbeam_output/annotation/blastx/nr/prodigal/SRR10029184.xml
    jobid: 488
    wildcards: db=nr, orf_finder=prodigal, sample=SRR10029184
    threads: 4

Submitted job 488 with external jobid 'Submitted batch job 6364350'.

[Mon Aug 23 10:42:29 2021]
rule run_blastn:
    input: /mnt/isilon/zackular_lab_hpc/users/dic/projects/DYNAMIC_metagenomics_2020/sunbeam_output/assembly/contigs/SRR10029264-contigs.fa
    output: /mnt/isilon/zackular_lab_hpc/users/dic/projects/DYNAMIC_metagenomics_2020/sunbeam_output/annotation/blastn/nt/contig/SRR10029264.xml
    jobid: 634
    wildcards: db=nt, contigs=contig, sample=SRR10029264
    threads: 4

Submitted job 634 with external jobid 'Submitted batch job 6364351'.

[Mon Aug 23 10:42:29 2021]
rule run_blastx:
    input: /mnt/isilon/zackular_lab_hpc/users/dic/projects/DYNAMIC_metagenomics_2020/sunbeam_output/annotation/genes/prodigal/SRR10029271_genes_nucl.fa
    output: /mnt/isilon/zackular_lab_hpc/users/dic/projects/DYNAMIC_metagenomics_2020/sunbeam_output/annotation/blastx/nr/prodigal/SRR10029271.xml
    jobid: 532
    wildcards: db=nr, orf_finder=prodigal, sample=SRR10029271
    threads: 4

Submitted job 532 with external jobid 'Submitted batch job 6364352'.

[Mon Aug 23 10:42:29 2021]
rule run_blastx:
    input: /mnt/isilon/zackular_lab_hpc/users/dic/projects/DYNAMIC_metagenomics_2020/sunbeam_output/annotation/genes/prodigal/SRR10029244_genes_nucl.fa
    output: /mnt/isilon/zackular_lab_hpc/users/dic/projects/DYNAMIC_metagenomics_2020/sunbeam_output/annotation/blastx/nr/prodigal/SRR10029244.xml
    jobid: 704
    wildcards: db=nr, orf_finder=prodigal, sample=SRR10029244
    threads: 4

Submitted job 704 with external jobid 'Submitted batch job 6364353'.

[Mon Aug 23 10:42:29 2021]
rule run_blastn:
    input: /mnt/isilon/zackular_lab_hpc/users/dic/projects/DYNAMIC_metagenomics_2020/sunbeam_output/assembly/contigs/SRR10029265-contigs.fa
    output: /mnt/isilon/zackular_lab_hpc/users/dic/projects/DYNAMIC_metagenomics_2020/sunbeam_output/annotation/blastn/nt/contig/SRR10029265.xml
    jobid: 602
    wildcards: db=nt, contigs=contig, sample=SRR10029265
    threads: 4

Submitted job 602 with external jobid 'Submitted batch job 6364354'.

[Mon Aug 23 10:42:30 2021]
rule run_blastn:
    input: /mnt/isilon/zackular_lab_hpc/users/dic/projects/DYNAMIC_metagenomics_2020/sunbeam_output/assembly/contigs/SRR10029154-contigs.fa
    output: /mnt/isilon/zackular_lab_hpc/users/dic/projects/DYNAMIC_metagenomics_2020/sunbeam_output/annotation/blastn/nt/contig/SRR10029154.xml
    jobid: 210
    wildcards: db=nt, contigs=contig, sample=SRR10029154
    threads: 4

Submitted job 210 with external jobid 'Submitted batch job 6364355'.

[Mon Aug 23 10:42:35 2021]
rule run_blastx:
    input: /mnt/isilon/zackular_lab_hpc/users/dic/projects/DYNAMIC_metagenomics_2020/sunbeam_output/annotation/genes/prodigal/SRR10029143_genes_nucl.fa
    output: /mnt/isilon/zackular_lab_hpc/users/dic/projects/DYNAMIC_metagenomics_2020/sunbeam_output/annotation/blastx/nr/prodigal/SRR10029143.xml
    jobid: 680
    wildcards: db=nr, orf_finder=prodigal, sample=SRR10029143
    threads: 4

Submitted job 680 with external jobid 'Submitted batch job 6364356'.

[Mon Aug 23 10:42:35 2021]
rule run_blastx:
    input: /mnt/isilon/zackular_lab_hpc/users/dic/projects/DYNAMIC_metagenomics_2020/sunbeam_output/annotation/genes/prodigal/SRR10029149_genes_nucl.fa
    output: /mnt/isilon/zackular_lab_hpc/users/dic/projects/DYNAMIC_metagenomics_2020/sunbeam_output/annotation/blastx/nr/prodigal/SRR10029149.xml
    jobid: 216
    wildcards: db=nr, orf_finder=prodigal, sample=SRR10029149
    threads: 4

Submitted job 216 with external jobid 'Submitted batch job 6364357'.

[Mon Aug 23 10:42:36 2021]
rule run_blastn:
    input: /mnt/isilon/zackular_lab_hpc/users/dic/projects/DYNAMIC_metagenomics_2020/sunbeam_output/assembly/contigs/SRR10029235-contigs.fa
    output: /mnt/isilon/zackular_lab_hpc/users/dic/projects/DYNAMIC_metagenomics_2020/sunbeam_output/annotation/blastn/nt/contig/SRR10029235.xml
    jobid: 358
    wildcards: db=nt, contigs=contig, sample=SRR10029235
    threads: 4

Submitted job 358 with external jobid 'Submitted batch job 6364358'.

[Mon Aug 23 10:42:36 2021]
rule run_blastn:
    input: /mnt/isilon/zackular_lab_hpc/users/dic/projects/DYNAMIC_metagenomics_2020/sunbeam_output/assembly/contigs/SRR10029130-contigs.fa
    output: /mnt/isilon/zackular_lab_hpc/users/dic/projects/DYNAMIC_metagenomics_2020/sunbeam_output/annotation/blastn/nt/contig/SRR10029130.xml
    jobid: 450
    wildcards: db=nt, contigs=contig, sample=SRR10029130
    threads: 4

Submitted job 450 with external jobid 'Submitted batch job 6364359'.

[Mon Aug 23 10:42:36 2021]
rule run_blastn:
    input: /mnt/isilon/zackular_lab_hpc/users/dic/projects/DYNAMIC_metagenomics_2020/sunbeam_output/assembly/contigs/SRR10029155-contigs.fa
    output: /mnt/isilon/zackular_lab_hpc/users/dic/projects/DYNAMIC_metagenomics_2020/sunbeam_output/annotation/blastn/nt/contig/SRR10029155.xml
    jobid: 566
    wildcards: db=nt, contigs=contig, sample=SRR10029155
    threads: 4

Submitted job 566 with external jobid 'Submitted batch job 6364360'.

[Mon Aug 23 10:42:36 2021]
rule run_blastx:
    input: /mnt/isilon/zackular_lab_hpc/users/dic/projects/DYNAMIC_metagenomics_2020/sunbeam_output/annotation/genes/prodigal/SRR10029129_genes_nucl.fa
    output: /mnt/isilon/zackular_lab_hpc/users/dic/projects/DYNAMIC_metagenomics_2020/sunbeam_output/annotation/blastx/nr/prodigal/SRR10029129.xml
    jobid: 700
    wildcards: db=nr, orf_finder=prodigal, sample=SRR10029129
    threads: 4

Submitted job 700 with external jobid 'Submitted batch job 6364361'.
[Mon Aug 23 12:50:31 2021]
Error in rule run_blastn:
    jobid: 234
    output: /mnt/isilon/zackular_lab_hpc/users/dic/projects/DYNAMIC_metagenomics_2020/sunbeam_output/annotation/blastn/nt/contig/SRR10029139.xml
    shell:
        
        blastn         -query /mnt/isilon/zackular_lab_hpc/users/dic/projects/DYNAMIC_metagenomics_2020/sunbeam_output/assembly/contigs/SRR10029139-contigs.fa         -db /mnt/isilon/zackular_lab_hpc/resources/ncbi_dbs/nt_20210809/nt         -outfmt 5         -num_threads 4         -evalue 1e-10         -max_target_seqs 5000         -out /mnt/isilon/zackular_lab_hpc/users/dic/projects/DYNAMIC_metagenomics_2020/sunbeam_output/annotation/blastn/nt/contig/SRR10029139.xml         
        (exited with non-zero exit code)
    cluster_jobid: Submitted batch job 6364312

Error executing rule run_blastn on cluster (jobid: 234, external: Submitted batch job 6364312, jobscript: /mnt/isilon/zackular_lab_hpc/users/dic/projects/DYNAMIC_metagenomics_2020/sunbeam_output/.snakemake/tmp.c8xjml9z/snakejob.run_blastn.234.sh). For error details see the cluster log and the log files of the involved rule(s).
Terminating processes on user request, this might take some time.
Will exit after finishing currently running jobs.
