Building DAG of jobs...
Using shell: /usr/bin/bash
Provided cluster nodes: 100
Job counts:
	count	jobs
	283	aggregate_results
	1	all_annotate
	128	prodigal
	127	run_blastn
	283	run_blastp
	283	run_blastx
	1105

[Fri Sep  3 21:50:25 2021]
rule run_blastx:
    input: /mnt/isilon/zackular_lab_hpc/users/dic/projects/DYNAMIC_metagenomics_2020/sunbeam_output/annotation/genes/prodigal/s.204.Healthy.Antibiotics.Feces.Baseline_genes_nucl.fa
    output: /mnt/isilon/zackular_lab_hpc/users/dic/projects/DYNAMIC_metagenomics_2020/sunbeam_output/annotation/blastx/nr/prodigal/s.204.Healthy.Antibiotics.Feces.Baseline.xml
    jobid: 955
    wildcards: db=nr, orf_finder=prodigal, sample=s.204.Healthy.Antibiotics.Feces.Baseline
    threads: 8

Submitted job 955 with external jobid 'Submitted batch job 7157713'.

[Fri Sep  3 21:50:25 2021]
rule run_blastx:
    input: /mnt/isilon/zackular_lab_hpc/users/dic/projects/DYNAMIC_metagenomics_2020/sunbeam_output/annotation/genes/prodigal/s.88.Healthy.greaterthan5.Feces.Week.8_genes_nucl.fa
    output: /mnt/isilon/zackular_lab_hpc/users/dic/projects/DYNAMIC_metagenomics_2020/sunbeam_output/annotation/blastx/nr/prodigal/s.88.Healthy.greaterthan5.Feces.Week.8.xml
    jobid: 1239
    wildcards: db=nr, orf_finder=prodigal, sample=s.88.Healthy.greaterthan5.Feces.Week.8
    threads: 8

Submitted job 1239 with external jobid 'Submitted batch job 7157714'.

[Fri Sep  3 21:50:26 2021]
rule run_blastx:
    input: /mnt/isilon/zackular_lab_hpc/users/dic/projects/DYNAMIC_metagenomics_2020/sunbeam_output/annotation/genes/prodigal/s46.Healthy_greaterthan5.Feces.Week_8_genes_nucl.fa
    output: /mnt/isilon/zackular_lab_hpc/users/dic/projects/DYNAMIC_metagenomics_2020/sunbeam_output/annotation/blastx/nr/prodigal/s46.Healthy_greaterthan5.Feces.Week_8.xml
    jobid: 931
    wildcards: db=nr, orf_finder=prodigal, sample=s46.Healthy_greaterthan5.Feces.Week_8
    threads: 8

Submitted job 931 with external jobid 'Submitted batch job 7157715'.

[Fri Sep  3 21:50:28 2021]
rule run_blastx:
    input: /mnt/isilon/zackular_lab_hpc/users/dic/projects/DYNAMIC_metagenomics_2020/sunbeam_output/annotation/genes/prodigal/s.308.IBDC.Diff.Stool.visit3.2507_genes_nucl.fa
    output: /mnt/isilon/zackular_lab_hpc/users/dic/projects/DYNAMIC_metagenomics_2020/sunbeam_output/annotation/blastx/nr/prodigal/s.308.IBDC.Diff.Stool.visit3.2507.xml
    jobid: 947
    wildcards: db=nr, orf_finder=prodigal, sample=s.308.IBDC.Diff.Stool.visit3.2507
    threads: 8

Submitted job 947 with external jobid 'Submitted batch job 7157716'.

[Fri Sep  3 21:50:28 2021]
rule run_blastx:
    input: /mnt/isilon/zackular_lab_hpc/users/dic/projects/DYNAMIC_metagenomics_2020/sunbeam_output/annotation/genes/prodigal/s.100.Healthygreaterthan5.Stool.visit2.919_genes_nucl.fa
    output: /mnt/isilon/zackular_lab_hpc/users/dic/projects/DYNAMIC_metagenomics_2020/sunbeam_output/annotation/blastx/nr/prodigal/s.100.Healthygreaterthan5.Stool.visit2.919.xml
    jobid: 1235
    wildcards: db=nr, orf_finder=prodigal, sample=s.100.Healthygreaterthan5.Stool.visit2.919
    threads: 8

Submitted job 1235 with external jobid 'Submitted batch job 7157717'.

[Fri Sep  3 21:50:30 2021]
rule run_blastx:
    input: /mnt/isilon/zackular_lab_hpc/users/dic/projects/DYNAMIC_metagenomics_2020/sunbeam_output/annotation/genes/prodigal/s.100.Healthygreaterthan5.Stool.visit1.798_genes_nucl.fa
    output: /mnt/isilon/zackular_lab_hpc/users/dic/projects/DYNAMIC_metagenomics_2020/sunbeam_output/annotation/blastx/nr/prodigal/s.100.Healthygreaterthan5.Stool.visit1.798.xml
    jobid: 1143
    wildcards: db=nr, orf_finder=prodigal, sample=s.100.Healthygreaterthan5.Stool.visit1.798
    threads: 8

Submitted job 1143 with external jobid 'Submitted batch job 7157718'.

[Fri Sep  3 21:50:30 2021]
rule run_blastx:
    input: /mnt/isilon/zackular_lab_hpc/users/dic/projects/DYNAMIC_metagenomics_2020/sunbeam_output/annotation/genes/prodigal/s.204.Healthy.Antibiotics.Feces.Week.4_genes_nucl.fa
    output: /mnt/isilon/zackular_lab_hpc/users/dic/projects/DYNAMIC_metagenomics_2020/sunbeam_output/annotation/blastx/nr/prodigal/s.204.Healthy.Antibiotics.Feces.Week.4.xml
    jobid: 343
    wildcards: db=nr, orf_finder=prodigal, sample=s.204.Healthy.Antibiotics.Feces.Week.4
    threads: 8

Submitted job 343 with external jobid 'Submitted batch job 7157719'.

[Fri Sep  3 21:50:31 2021]
rule run_blastx:
    input: /mnt/isilon/zackular_lab_hpc/users/dic/projects/DYNAMIC_metagenomics_2020/sunbeam_output/annotation/genes/prodigal/s.293.Healthy.Antibiotics.Feces.week.4_genes_nucl.fa
    output: /mnt/isilon/zackular_lab_hpc/users/dic/projects/DYNAMIC_metagenomics_2020/sunbeam_output/annotation/blastx/nr/prodigal/s.293.Healthy.Antibiotics.Feces.week.4.xml
    jobid: 1195
    wildcards: db=nr, orf_finder=prodigal, sample=s.293.Healthy.Antibiotics.Feces.week.4
    threads: 8

Submitted job 1195 with external jobid 'Submitted batch job 7157720'.

[Fri Sep  3 21:50:31 2021]
rule run_blastx:
    input: /mnt/isilon/zackular_lab_hpc/users/dic/projects/DYNAMIC_metagenomics_2020/sunbeam_output/annotation/genes/prodigal/s.304.VEO.Stool.visit1.2442_genes_nucl.fa
    output: /mnt/isilon/zackular_lab_hpc/users/dic/projects/DYNAMIC_metagenomics_2020/sunbeam_output/annotation/blastx/nr/prodigal/s.304.VEO.Stool.visit1.2442.xml
    jobid: 875
    wildcards: db=nr, orf_finder=prodigal, sample=s.304.VEO.Stool.visit1.2442
    threads: 8

Submitted job 875 with external jobid 'Submitted batch job 7157721'.

[Fri Sep  3 21:50:33 2021]
rule run_blastx:
    input: /mnt/isilon/zackular_lab_hpc/users/dic/projects/DYNAMIC_metagenomics_2020/sunbeam_output/annotation/genes/prodigal/s46.Healthy_greaterthan5.Feces.Baseline_genes_nucl.fa
    output: /mnt/isilon/zackular_lab_hpc/users/dic/projects/DYNAMIC_metagenomics_2020/sunbeam_output/annotation/blastx/nr/prodigal/s46.Healthy_greaterthan5.Feces.Baseline.xml
    jobid: 1023
    wildcards: db=nr, orf_finder=prodigal, sample=s46.Healthy_greaterthan5.Feces.Baseline
    threads: 8

Submitted job 1023 with external jobid 'Submitted batch job 7157722'.

[Fri Sep  3 21:50:35 2021]
rule run_blastx:
    input: /mnt/isilon/zackular_lab_hpc/users/dic/projects/DYNAMIC_metagenomics_2020/sunbeam_output/annotation/genes/prodigal/s39.VEO.Feces.Week_4_genes_nucl.fa
    output: /mnt/isilon/zackular_lab_hpc/users/dic/projects/DYNAMIC_metagenomics_2020/sunbeam_output/annotation/blastx/nr/prodigal/s39.VEO.Feces.Week_4.xml
    jobid: 883
    wildcards: db=nr, orf_finder=prodigal, sample=s39.VEO.Feces.Week_4
    threads: 8

Submitted job 883 with external jobid 'Submitted batch job 7157723'.

[Fri Sep  3 21:50:36 2021]
rule run_blastx:
    input: /mnt/isilon/zackular_lab_hpc/users/dic/projects/DYNAMIC_metagenomics_2020/sunbeam_output/annotation/genes/prodigal/s.314.Healthy.Antibiotics.Stool.3.2567_genes_nucl.fa
    output: /mnt/isilon/zackular_lab_hpc/users/dic/projects/DYNAMIC_metagenomics_2020/sunbeam_output/annotation/blastx/nr/prodigal/s.314.Healthy.Antibiotics.Stool.3.2567.xml
    jobid: 419
    wildcards: db=nr, orf_finder=prodigal, sample=s.314.Healthy.Antibiotics.Stool.3.2567
    threads: 8

Submitted job 419 with external jobid 'Submitted batch job 7157724'.

[Fri Sep  3 21:50:36 2021]
rule run_blastx:
    input: /mnt/isilon/zackular_lab_hpc/users/dic/projects/DYNAMIC_metagenomics_2020/sunbeam_output/annotation/genes/prodigal/s.175.VEO.Feces.Week_8_genes_nucl.fa
    output: /mnt/isilon/zackular_lab_hpc/users/dic/projects/DYNAMIC_metagenomics_2020/sunbeam_output/annotation/blastx/nr/prodigal/s.175.VEO.Feces.Week_8.xml
    jobid: 867
    wildcards: db=nr, orf_finder=prodigal, sample=s.175.VEO.Feces.Week_8
    threads: 8

Submitted job 867 with external jobid 'Submitted batch job 7157725'.

[Fri Sep  3 21:50:37 2021]
rule run_blastx:
    input: /mnt/isilon/zackular_lab_hpc/users/dic/projects/DYNAMIC_metagenomics_2020/sunbeam_output/annotation/genes/prodigal/s.190.Healthy.Antibiotics.Feces.Week.8_genes_nucl.fa
    output: /mnt/isilon/zackular_lab_hpc/users/dic/projects/DYNAMIC_metagenomics_2020/sunbeam_output/annotation/blastx/nr/prodigal/s.190.Healthy.Antibiotics.Feces.Week.8.xml
    jobid: 303
    wildcards: db=nr, orf_finder=prodigal, sample=s.190.Healthy.Antibiotics.Feces.Week.8
    threads: 8

Submitted job 303 with external jobid 'Submitted batch job 7157726'.

[Fri Sep  3 21:50:37 2021]
rule run_blastx:
    input: /mnt/isilon/zackular_lab_hpc/users/dic/projects/DYNAMIC_metagenomics_2020/sunbeam_output/annotation/genes/prodigal/s.327.Healthy.Antibiotics.Stool.2.2643_genes_nucl.fa
    output: /mnt/isilon/zackular_lab_hpc/users/dic/projects/DYNAMIC_metagenomics_2020/sunbeam_output/annotation/blastx/nr/prodigal/s.327.Healthy.Antibiotics.Stool.2.2643.xml
    jobid: 535
    wildcards: db=nr, orf_finder=prodigal, sample=s.327.Healthy.Antibiotics.Stool.2.2643
    threads: 8

Submitted job 535 with external jobid 'Submitted batch job 7157727'.

[Fri Sep  3 21:50:38 2021]
rule run_blastx:
    input: /mnt/isilon/zackular_lab_hpc/users/dic/projects/DYNAMIC_metagenomics_2020/sunbeam_output/annotation/genes/prodigal/s.347.IBDTherapy.Stool.3.2886_genes_nucl.fa
    output: /mnt/isilon/zackular_lab_hpc/users/dic/projects/DYNAMIC_metagenomics_2020/sunbeam_output/annotation/blastx/nr/prodigal/s.347.IBDTherapy.Stool.3.2886.xml
    jobid: 671
    wildcards: db=nr, orf_finder=prodigal, sample=s.347.IBDTherapy.Stool.3.2886
    threads: 8

Submitted job 671 with external jobid 'Submitted batch job 7157728'.

[Fri Sep  3 21:50:38 2021]
rule run_blastx:
    input: /mnt/isilon/zackular_lab_hpc/users/dic/projects/DYNAMIC_metagenomics_2020/sunbeam_output/annotation/genes/prodigal/s.175.VEO.Feces.Baseline_genes_nucl.fa
    output: /mnt/isilon/zackular_lab_hpc/users/dic/projects/DYNAMIC_metagenomics_2020/sunbeam_output/annotation/blastx/nr/prodigal/s.175.VEO.Feces.Baseline.xml
    jobid: 1035
    wildcards: db=nr, orf_finder=prodigal, sample=s.175.VEO.Feces.Baseline
    threads: 8

Submitted job 1035 with external jobid 'Submitted batch job 7157729'.

[Fri Sep  3 21:50:39 2021]
rule run_blastx:
    input: /mnt/isilon/zackular_lab_hpc/users/dic/projects/DYNAMIC_metagenomics_2020/sunbeam_output/annotation/genes/prodigal/s.347.IBDTherapy.Stool.1.2668_genes_nucl.fa
    output: /mnt/isilon/zackular_lab_hpc/users/dic/projects/DYNAMIC_metagenomics_2020/sunbeam_output/annotation/blastx/nr/prodigal/s.347.IBDTherapy.Stool.1.2668.xml
    jobid: 1287
    wildcards: db=nr, orf_finder=prodigal, sample=s.347.IBDTherapy.Stool.1.2668
    threads: 8

Submitted job 1287 with external jobid 'Submitted batch job 7157730'.

[Fri Sep  3 21:50:40 2021]
rule run_blastx:
    input: /mnt/isilon/zackular_lab_hpc/users/dic/projects/DYNAMIC_metagenomics_2020/sunbeam_output/annotation/genes/prodigal/s25.IBD_Therapy.Feces.Week_8_genes_nucl.fa
    output: /mnt/isilon/zackular_lab_hpc/users/dic/projects/DYNAMIC_metagenomics_2020/sunbeam_output/annotation/blastx/nr/prodigal/s25.IBD_Therapy.Feces.Week_8.xml
    jobid: 971
    wildcards: db=nr, orf_finder=prodigal, sample=s25.IBD_Therapy.Feces.Week_8
    threads: 8

Submitted job 971 with external jobid 'Submitted batch job 7157731'.

[Fri Sep  3 21:50:41 2021]
rule run_blastx:
    input: /mnt/isilon/zackular_lab_hpc/users/dic/projects/DYNAMIC_metagenomics_2020/sunbeam_output/annotation/genes/prodigal/s20.C_diff.Feces.Visit1_genes_nucl.fa
    output: /mnt/isilon/zackular_lab_hpc/users/dic/projects/DYNAMIC_metagenomics_2020/sunbeam_output/annotation/blastx/nr/prodigal/s20.C_diff.Feces.Visit1.xml
    jobid: 1123
    wildcards: db=nr, orf_finder=prodigal, sample=s20.C_diff.Feces.Visit1
    threads: 8

Submitted job 1123 with external jobid 'Submitted batch job 7157732'.

[Fri Sep  3 21:50:42 2021]
rule run_blastx:
    input: /mnt/isilon/zackular_lab_hpc/users/dic/projects/DYNAMIC_metagenomics_2020/sunbeam_output/annotation/genes/prodigal/s70.Healthy_greaterthan5.Feces.Week_8_genes_nucl.fa
    output: /mnt/isilon/zackular_lab_hpc/users/dic/projects/DYNAMIC_metagenomics_2020/sunbeam_output/annotation/blastx/nr/prodigal/s70.Healthy_greaterthan5.Feces.Week_8.xml
    jobid: 287
    wildcards: db=nr, orf_finder=prodigal, sample=s70.Healthy_greaterthan5.Feces.Week_8
    threads: 8

Submitted job 287 with external jobid 'Submitted batch job 7157733'.

[Fri Sep  3 21:50:43 2021]
rule run_blastx:
    input: /mnt/isilon/zackular_lab_hpc/users/dic/projects/DYNAMIC_metagenomics_2020/sunbeam_output/annotation/genes/prodigal/s.355.IBD.Antibiotics.Stool.2.2866_genes_nucl.fa
    output: /mnt/isilon/zackular_lab_hpc/users/dic/projects/DYNAMIC_metagenomics_2020/sunbeam_output/annotation/blastx/nr/prodigal/s.355.IBD.Antibiotics.Stool.2.2866.xml
    jobid: 363
    wildcards: db=nr, orf_finder=prodigal, sample=s.355.IBD.Antibiotics.Stool.2.2866
    threads: 8

Submitted job 363 with external jobid 'Submitted batch job 7157734'.

[Fri Sep  3 21:50:43 2021]
rule run_blastx:
    input: /mnt/isilon/zackular_lab_hpc/users/dic/projects/DYNAMIC_metagenomics_2020/sunbeam_output/annotation/genes/prodigal/s.316.IBDC.Diff.Stool.visit4.2742_genes_nucl.fa
    output: /mnt/isilon/zackular_lab_hpc/users/dic/projects/DYNAMIC_metagenomics_2020/sunbeam_output/annotation/blastx/nr/prodigal/s.316.IBDC.Diff.Stool.visit4.2742.xml
    jobid: 543
    wildcards: db=nr, orf_finder=prodigal, sample=s.316.IBDC.Diff.Stool.visit4.2742
    threads: 8

Submitted job 543 with external jobid 'Submitted batch job 7157735'.

[Fri Sep  3 21:50:43 2021]
rule run_blastx:
    input: /mnt/isilon/zackular_lab_hpc/users/dic/projects/DYNAMIC_metagenomics_2020/sunbeam_output/annotation/genes/prodigal/s152.Healthy.Antibiotics.Feces.Week.8_genes_nucl.fa
    output: /mnt/isilon/zackular_lab_hpc/users/dic/projects/DYNAMIC_metagenomics_2020/sunbeam_output/annotation/blastx/nr/prodigal/s152.Healthy.Antibiotics.Feces.Week.8.xml
    jobid: 1231
    wildcards: db=nr, orf_finder=prodigal, sample=s152.Healthy.Antibiotics.Feces.Week.8
    threads: 8

Submitted job 1231 with external jobid 'Submitted batch job 7157736'.

[Fri Sep  3 21:50:44 2021]
rule run_blastx:
    input: /mnt/isilon/zackular_lab_hpc/users/dic/projects/DYNAMIC_metagenomics_2020/sunbeam_output/annotation/genes/prodigal/s.209.Healthy.Antibiotics.Feces.Week.4_genes_nucl.fa
    output: /mnt/isilon/zackular_lab_hpc/users/dic/projects/DYNAMIC_metagenomics_2020/sunbeam_output/annotation/blastx/nr/prodigal/s.209.Healthy.Antibiotics.Feces.Week.4.xml
    jobid: 463
    wildcards: db=nr, orf_finder=prodigal, sample=s.209.Healthy.Antibiotics.Feces.Week.4
    threads: 8

Submitted job 463 with external jobid 'Submitted batch job 7157737'.

[Fri Sep  3 21:50:44 2021]
rule run_blastx:
    input: /mnt/isilon/zackular_lab_hpc/users/dic/projects/DYNAMIC_metagenomics_2020/sunbeam_output/annotation/genes/prodigal/s95.Healthy.lessthan5.Feces.Week.8_genes_nucl.fa
    output: /mnt/isilon/zackular_lab_hpc/users/dic/projects/DYNAMIC_metagenomics_2020/sunbeam_output/annotation/blastx/nr/prodigal/s95.Healthy.lessthan5.Feces.Week.8.xml
    jobid: 1087
    wildcards: db=nr, orf_finder=prodigal, sample=s95.Healthy.lessthan5.Feces.Week.8
    threads: 8

Submitted job 1087 with external jobid 'Submitted batch job 7157738'.

[Fri Sep  3 21:50:45 2021]
rule run_blastx:
    input: /mnt/isilon/zackular_lab_hpc/users/dic/projects/DYNAMIC_metagenomics_2020/sunbeam_output/annotation/genes/prodigal/s.109.Healthy.greaterthan5.Stool.1.910_genes_nucl.fa
    output: /mnt/isilon/zackular_lab_hpc/users/dic/projects/DYNAMIC_metagenomics_2020/sunbeam_output/annotation/blastx/nr/prodigal/s.109.Healthy.greaterthan5.Stool.1.910.xml
    jobid: 407
    wildcards: db=nr, orf_finder=prodigal, sample=s.109.Healthy.greaterthan5.Stool.1.910
    threads: 8

Submitted job 407 with external jobid 'Submitted batch job 7157739'.

[Fri Sep  3 21:50:45 2021]
rule run_blastx:
    input: /mnt/isilon/zackular_lab_hpc/users/dic/projects/DYNAMIC_metagenomics_2020/sunbeam_output/annotation/genes/prodigal/s.200.Healthy.Antibiotics.Feces.Week.8_genes_nucl.fa
    output: /mnt/isilon/zackular_lab_hpc/users/dic/projects/DYNAMIC_metagenomics_2020/sunbeam_output/annotation/blastx/nr/prodigal/s.200.Healthy.Antibiotics.Feces.Week.8.xml
    jobid: 991
    wildcards: db=nr, orf_finder=prodigal, sample=s.200.Healthy.Antibiotics.Feces.Week.8
    threads: 8

Submitted job 991 with external jobid 'Submitted batch job 7157740'.

[Fri Sep  3 21:50:46 2021]
rule run_blastx:
    input: /mnt/isilon/zackular_lab_hpc/users/dic/projects/DYNAMIC_metagenomics_2020/sunbeam_output/annotation/genes/prodigal/s159.Healthy.Antibiotics.Feces.Baseline_genes_nucl.fa
    output: /mnt/isilon/zackular_lab_hpc/users/dic/projects/DYNAMIC_metagenomics_2020/sunbeam_output/annotation/blastx/nr/prodigal/s159.Healthy.Antibiotics.Feces.Baseline.xml
    jobid: 523
    wildcards: db=nr, orf_finder=prodigal, sample=s159.Healthy.Antibiotics.Feces.Baseline
    threads: 8

Submitted job 523 with external jobid 'Submitted batch job 7157741'.

[Fri Sep  3 21:50:46 2021]
rule run_blastp:
    input: /mnt/isilon/zackular_lab_hpc/users/dic/projects/DYNAMIC_metagenomics_2020/sunbeam_output/annotation/genes/prodigal/s.347.IBDTherapy.Stool.1.2668_genes_prot.fa
    output: /mnt/isilon/zackular_lab_hpc/users/dic/projects/DYNAMIC_metagenomics_2020/sunbeam_output/annotation/blastp/nr/prodigal/s.347.IBDTherapy.Stool.1.2668.xml
    jobid: 1286
    wildcards: db=nr, orf_finder=prodigal, sample=s.347.IBDTherapy.Stool.1.2668
    threads: 8

Submitted job 1286 with external jobid 'Submitted batch job 7157742'.

[Fri Sep  3 21:50:46 2021]
rule run_blastx:
    input: /mnt/isilon/zackular_lab_hpc/users/dic/projects/DYNAMIC_metagenomics_2020/sunbeam_output/annotation/genes/prodigal/s157_genes_nucl.fa
    output: /mnt/isilon/zackular_lab_hpc/users/dic/projects/DYNAMIC_metagenomics_2020/sunbeam_output/annotation/blastx/nr/prodigal/s157.xml
    jobid: 1191
    wildcards: db=nr, orf_finder=prodigal, sample=s157
    threads: 8

Submitted job 1191 with external jobid 'Submitted batch job 7157743'.

[Fri Sep  3 21:50:47 2021]
rule run_blastx:
    input: /mnt/isilon/zackular_lab_hpc/users/dic/projects/DYNAMIC_metagenomics_2020/sunbeam_output/annotation/genes/prodigal/s.155.Healthy.Antibiotics.Feces.Week.4_genes_nucl.fa
    output: /mnt/isilon/zackular_lab_hpc/users/dic/projects/DYNAMIC_metagenomics_2020/sunbeam_output/annotation/blastx/nr/prodigal/s.155.Healthy.Antibiotics.Feces.Week.4.xml
    jobid: 375
    wildcards: db=nr, orf_finder=prodigal, sample=s.155.Healthy.Antibiotics.Feces.Week.4
    threads: 8

Submitted job 375 with external jobid 'Submitted batch job 7157744'.

[Fri Sep  3 21:50:47 2021]
rule run_blastx:
    input: /mnt/isilon/zackular_lab_hpc/users/dic/projects/DYNAMIC_metagenomics_2020/sunbeam_output/annotation/genes/prodigal/s20.C_diff.Feces.Visit2_genes_nucl.fa
    output: /mnt/isilon/zackular_lab_hpc/users/dic/projects/DYNAMIC_metagenomics_2020/sunbeam_output/annotation/blastx/nr/prodigal/s20.C_diff.Feces.Visit2.xml
    jobid: 707
    wildcards: db=nr, orf_finder=prodigal, sample=s20.C_diff.Feces.Visit2
    threads: 8

Submitted job 707 with external jobid 'Submitted batch job 7157745'.

[Fri Sep  3 21:50:48 2021]
rule run_blastx:
    input: /mnt/isilon/zackular_lab_hpc/users/dic/projects/DYNAMIC_metagenomics_2020/sunbeam_output/annotation/genes/prodigal/s26.Healthy.Feces.Visit1_genes_nucl.fa
    output: /mnt/isilon/zackular_lab_hpc/users/dic/projects/DYNAMIC_metagenomics_2020/sunbeam_output/annotation/blastx/nr/prodigal/s26.Healthy.Feces.Visit1.xml
    jobid: 643
    wildcards: db=nr, orf_finder=prodigal, sample=s26.Healthy.Feces.Visit1
    threads: 8

Submitted job 643 with external jobid 'Submitted batch job 7157746'.

[Fri Sep  3 21:50:48 2021]
rule run_blastx:
    input: /mnt/isilon/zackular_lab_hpc/users/dic/projects/DYNAMIC_metagenomics_2020/sunbeam_output/annotation/genes/prodigal/s2_genes_nucl.fa
    output: /mnt/isilon/zackular_lab_hpc/users/dic/projects/DYNAMIC_metagenomics_2020/sunbeam_output/annotation/blastx/nr/prodigal/s2.xml
    jobid: 667
    wildcards: db=nr, orf_finder=prodigal, sample=s2
    threads: 8

Submitted job 667 with external jobid 'Submitted batch job 7157747'.

[Fri Sep  3 21:50:49 2021]
rule run_blastx:
    input: /mnt/isilon/zackular_lab_hpc/users/dic/projects/DYNAMIC_metagenomics_2020/sunbeam_output/annotation/genes/prodigal/s.271.C.Diff_Oncology.Feces.Baseline_genes_nucl.fa
    output: /mnt/isilon/zackular_lab_hpc/users/dic/projects/DYNAMIC_metagenomics_2020/sunbeam_output/annotation/blastx/nr/prodigal/s.271.C.Diff_Oncology.Feces.Baseline.xml
    jobid: 467
    wildcards: db=nr, orf_finder=prodigal, sample=s.271.C.Diff_Oncology.Feces.Baseline
    threads: 8

Submitted job 467 with external jobid 'Submitted batch job 7157748'.

[Fri Sep  3 21:50:50 2021]
rule run_blastx:
    input: /mnt/isilon/zackular_lab_hpc/users/dic/projects/DYNAMIC_metagenomics_2020/sunbeam_output/annotation/genes/prodigal/s.200.Healthy.Antibiotics.Feces.Baseline_genes_nucl.fa
    output: /mnt/isilon/zackular_lab_hpc/users/dic/projects/DYNAMIC_metagenomics_2020/sunbeam_output/annotation/blastx/nr/prodigal/s.200.Healthy.Antibiotics.Feces.Baseline.xml
    jobid: 1107
    wildcards: db=nr, orf_finder=prodigal, sample=s.200.Healthy.Antibiotics.Feces.Baseline
    threads: 8

Submitted job 1107 with external jobid 'Submitted batch job 7157749'.

[Fri Sep  3 21:50:50 2021]
rule run_blastx:
    input: /mnt/isilon/zackular_lab_hpc/users/dic/projects/DYNAMIC_metagenomics_2020/sunbeam_output/annotation/genes/prodigal/s.293.Healthy.Antibiotics.Feces.week.8_genes_nucl.fa
    output: /mnt/isilon/zackular_lab_hpc/users/dic/projects/DYNAMIC_metagenomics_2020/sunbeam_output/annotation/blastx/nr/prodigal/s.293.Healthy.Antibiotics.Feces.week.8.xml
    jobid: 827
    wildcards: db=nr, orf_finder=prodigal, sample=s.293.Healthy.Antibiotics.Feces.week.8
    threads: 8

Submitted job 827 with external jobid 'Submitted batch job 7157750'.

[Fri Sep  3 21:50:50 2021]
rule run_blastx:
    input: /mnt/isilon/zackular_lab_hpc/users/dic/projects/DYNAMIC_metagenomics_2020/sunbeam_output/annotation/genes/prodigal/s38_genes_nucl.fa
    output: /mnt/isilon/zackular_lab_hpc/users/dic/projects/DYNAMIC_metagenomics_2020/sunbeam_output/annotation/blastx/nr/prodigal/s38.xml
    jobid: 1071
    wildcards: db=nr, orf_finder=prodigal, sample=s38
    threads: 8

Submitted job 1071 with external jobid 'Submitted batch job 7157751'.

[Fri Sep  3 21:50:51 2021]
rule run_blastx:
    input: /mnt/isilon/zackular_lab_hpc/users/dic/projects/DYNAMIC_metagenomics_2020/sunbeam_output/annotation/genes/prodigal/s061.IBD_Therapy.Feces.Week_8_genes_nucl.fa
    output: /mnt/isilon/zackular_lab_hpc/users/dic/projects/DYNAMIC_metagenomics_2020/sunbeam_output/annotation/blastx/nr/prodigal/s061.IBD_Therapy.Feces.Week_8.xml
    jobid: 879
    wildcards: db=nr, orf_finder=prodigal, sample=s061.IBD_Therapy.Feces.Week_8
    threads: 8

Submitted job 879 with external jobid 'Submitted batch job 7157752'.

[Fri Sep  3 21:50:51 2021]
rule run_blastx:
    input: /mnt/isilon/zackular_lab_hpc/users/dic/projects/DYNAMIC_metagenomics_2020/sunbeam_output/annotation/genes/prodigal/s077.IBD_C.Diff.Feces.Week_8_genes_nucl.fa
    output: /mnt/isilon/zackular_lab_hpc/users/dic/projects/DYNAMIC_metagenomics_2020/sunbeam_output/annotation/blastx/nr/prodigal/s077.IBD_C.Diff.Feces.Week_8.xml
    jobid: 903
    wildcards: db=nr, orf_finder=prodigal, sample=s077.IBD_C.Diff.Feces.Week_8
    threads: 8

Submitted job 903 with external jobid 'Submitted batch job 7157753'.

[Fri Sep  3 21:50:51 2021]
rule run_blastx:
    input: /mnt/isilon/zackular_lab_hpc/users/dic/projects/DYNAMIC_metagenomics_2020/sunbeam_output/annotation/genes/prodigal/s49_genes_nucl.fa
    output: /mnt/isilon/zackular_lab_hpc/users/dic/projects/DYNAMIC_metagenomics_2020/sunbeam_output/annotation/blastx/nr/prodigal/s49.xml
    jobid: 1411
    wildcards: db=nr, orf_finder=prodigal, sample=s49
    threads: 8

Submitted job 1411 with external jobid 'Submitted batch job 7157754'.

[Fri Sep  3 21:50:51 2021]
rule run_blastx:
    input: /mnt/isilon/zackular_lab_hpc/users/dic/projects/DYNAMIC_metagenomics_2020/sunbeam_output/annotation/genes/prodigal/s067.Healthy.Antibiotics.Feces.Week.8_genes_nucl.fa
    output: /mnt/isilon/zackular_lab_hpc/users/dic/projects/DYNAMIC_metagenomics_2020/sunbeam_output/annotation/blastx/nr/prodigal/s067.Healthy.Antibiotics.Feces.Week.8.xml
    jobid: 1307
    wildcards: db=nr, orf_finder=prodigal, sample=s067.Healthy.Antibiotics.Feces.Week.8
    threads: 8

Submitted job 1307 with external jobid 'Submitted batch job 7157755'.

[Fri Sep  3 21:50:52 2021]
rule run_blastx:
    input: /mnt/isilon/zackular_lab_hpc/users/dic/projects/DYNAMIC_metagenomics_2020/sunbeam_output/annotation/genes/prodigal/s.88.Healthy.greaterthan5.Feces.Week.4_genes_nucl.fa
    output: /mnt/isilon/zackular_lab_hpc/users/dic/projects/DYNAMIC_metagenomics_2020/sunbeam_output/annotation/blastx/nr/prodigal/s.88.Healthy.greaterthan5.Feces.Week.4.xml
    jobid: 1183
    wildcards: db=nr, orf_finder=prodigal, sample=s.88.Healthy.greaterthan5.Feces.Week.4
    threads: 8

Submitted job 1183 with external jobid 'Submitted batch job 7157756'.

[Fri Sep  3 21:50:53 2021]
rule run_blastx:
    input: /mnt/isilon/zackular_lab_hpc/users/dic/projects/DYNAMIC_metagenomics_2020/sunbeam_output/annotation/genes/prodigal/s6.Healthy.Feces.Visit3_genes_nucl.fa
    output: /mnt/isilon/zackular_lab_hpc/users/dic/projects/DYNAMIC_metagenomics_2020/sunbeam_output/annotation/blastx/nr/prodigal/s6.Healthy.Feces.Visit3.xml
    jobid: 1027
    wildcards: db=nr, orf_finder=prodigal, sample=s6.Healthy.Feces.Visit3
    threads: 8

Submitted job 1027 with external jobid 'Submitted batch job 7157757'.

[Fri Sep  3 21:50:53 2021]
rule run_blastx:
    input: /mnt/isilon/zackular_lab_hpc/users/dic/projects/DYNAMIC_metagenomics_2020/sunbeam_output/annotation/genes/prodigal/s157.IBD_CDiff.Feces.Baseline_genes_nucl.fa
    output: /mnt/isilon/zackular_lab_hpc/users/dic/projects/DYNAMIC_metagenomics_2020/sunbeam_output/annotation/blastx/nr/prodigal/s157.IBD_CDiff.Feces.Baseline.xml
    jobid: 1003
    wildcards: db=nr, orf_finder=prodigal, sample=s157.IBD_CDiff.Feces.Baseline
    threads: 8

Submitted job 1003 with external jobid 'Submitted batch job 7157758'.

[Fri Sep  3 21:50:54 2021]
rule run_blastx:
    input: /mnt/isilon/zackular_lab_hpc/users/dic/projects/DYNAMIC_metagenomics_2020/sunbeam_output/annotation/genes/prodigal/s55.IBD_Therapy.Feces.Week_4_genes_nucl.fa
    output: /mnt/isilon/zackular_lab_hpc/users/dic/projects/DYNAMIC_metagenomics_2020/sunbeam_output/annotation/blastx/nr/prodigal/s55.IBD_Therapy.Feces.Week_4.xml
    jobid: 1355
    wildcards: db=nr, orf_finder=prodigal, sample=s55.IBD_Therapy.Feces.Week_4
    threads: 8

Submitted job 1355 with external jobid 'Submitted batch job 7157759'.

[Fri Sep  3 21:50:54 2021]
rule run_blastx:
    input: /mnt/isilon/zackular_lab_hpc/users/dic/projects/DYNAMIC_metagenomics_2020/sunbeam_output/annotation/genes/prodigal/s31.IBDNaturalHistory.Feces.Visit1_genes_nucl.fa
    output: /mnt/isilon/zackular_lab_hpc/users/dic/projects/DYNAMIC_metagenomics_2020/sunbeam_output/annotation/blastx/nr/prodigal/s31.IBDNaturalHistory.Feces.Visit1.xml
    jobid: 631
    wildcards: db=nr, orf_finder=prodigal, sample=s31.IBDNaturalHistory.Feces.Visit1
    threads: 8

Submitted job 631 with external jobid 'Submitted batch job 7157760'.

[Fri Sep  3 21:50:55 2021]
rule run_blastx:
    input: /mnt/isilon/zackular_lab_hpc/users/dic/projects/DYNAMIC_metagenomics_2020/sunbeam_output/annotation/genes/prodigal/s.135.Healthy.Antibiotics.Feces.Week.4_genes_nucl.fa
    output: /mnt/isilon/zackular_lab_hpc/users/dic/projects/DYNAMIC_metagenomics_2020/sunbeam_output/annotation/blastx/nr/prodigal/s.135.Healthy.Antibiotics.Feces.Week.4.xml
    jobid: 1083
    wildcards: db=nr, orf_finder=prodigal, sample=s.135.Healthy.Antibiotics.Feces.Week.4
    threads: 8

Submitted job 1083 with external jobid 'Submitted batch job 7157761'.

[Fri Sep  3 21:50:55 2021]
rule run_blastx:
    input: /mnt/isilon/zackular_lab_hpc/users/dic/projects/DYNAMIC_metagenomics_2020/sunbeam_output/annotation/genes/prodigal/s.135.Healthy.Antibiotics.Feces.Week.8_genes_nucl.fa
    output: /mnt/isilon/zackular_lab_hpc/users/dic/projects/DYNAMIC_metagenomics_2020/sunbeam_output/annotation/blastx/nr/prodigal/s.135.Healthy.Antibiotics.Feces.Week.8.xml
    jobid: 443
    wildcards: db=nr, orf_finder=prodigal, sample=s.135.Healthy.Antibiotics.Feces.Week.8
    threads: 8

Submitted job 443 with external jobid 'Submitted batch job 7157762'.

[Fri Sep  3 21:50:56 2021]
rule run_blastx:
    input: /mnt/isilon/zackular_lab_hpc/users/dic/projects/DYNAMIC_metagenomics_2020/sunbeam_output/annotation/genes/prodigal/s3_genes_nucl.fa
    output: /mnt/isilon/zackular_lab_hpc/users/dic/projects/DYNAMIC_metagenomics_2020/sunbeam_output/annotation/blastx/nr/prodigal/s3.xml
    jobid: 699
    wildcards: db=nr, orf_finder=prodigal, sample=s3
    threads: 8

Submitted job 699 with external jobid 'Submitted batch job 7157763'.

[Fri Sep  3 21:50:56 2021]
rule run_blastx:
    input: /mnt/isilon/zackular_lab_hpc/users/dic/projects/DYNAMIC_metagenomics_2020/sunbeam_output/annotation/genes/prodigal/s.327.Healthy.Antibiotics.Stool.3.2644_genes_nucl.fa
    output: /mnt/isilon/zackular_lab_hpc/users/dic/projects/DYNAMIC_metagenomics_2020/sunbeam_output/annotation/blastx/nr/prodigal/s.327.Healthy.Antibiotics.Stool.3.2644.xml
    jobid: 1323
    wildcards: db=nr, orf_finder=prodigal, sample=s.327.Healthy.Antibiotics.Stool.3.2644
    threads: 8

Submitted job 1323 with external jobid 'Submitted batch job 7157764'.

[Fri Sep  3 21:50:57 2021]
rule run_blastx:
    input: /mnt/isilon/zackular_lab_hpc/users/dic/projects/DYNAMIC_metagenomics_2020/sunbeam_output/annotation/genes/prodigal/s26.Healthy.Feces.Visit2_genes_nucl.fa
    output: /mnt/isilon/zackular_lab_hpc/users/dic/projects/DYNAMIC_metagenomics_2020/sunbeam_output/annotation/blastx/nr/prodigal/s26.Healthy.Feces.Visit2.xml
    jobid: 519
    wildcards: db=nr, orf_finder=prodigal, sample=s26.Healthy.Feces.Visit2
    threads: 8

Submitted job 519 with external jobid 'Submitted batch job 7157765'.

[Fri Sep  3 21:50:58 2021]
rule run_blastx:
    input: /mnt/isilon/zackular_lab_hpc/users/dic/projects/DYNAMIC_metagenomics_2020/sunbeam_output/annotation/genes/prodigal/s.314.Healthy.Antibiotics.Stool.1.2490_genes_nucl.fa
    output: /mnt/isilon/zackular_lab_hpc/users/dic/projects/DYNAMIC_metagenomics_2020/sunbeam_output/annotation/blastx/nr/prodigal/s.314.Healthy.Antibiotics.Stool.1.2490.xml
    jobid: 1403
    wildcards: db=nr, orf_finder=prodigal, sample=s.314.Healthy.Antibiotics.Stool.1.2490
    threads: 8

Submitted job 1403 with external jobid 'Submitted batch job 7157766'.

[Fri Sep  3 21:50:58 2021]
rule run_blastx:
    input: /mnt/isilon/zackular_lab_hpc/users/dic/projects/DYNAMIC_metagenomics_2020/sunbeam_output/annotation/genes/prodigal/s.173.VEO.Feces.Week.8_genes_nucl.fa
    output: /mnt/isilon/zackular_lab_hpc/users/dic/projects/DYNAMIC_metagenomics_2020/sunbeam_output/annotation/blastx/nr/prodigal/s.173.VEO.Feces.Week.8.xml
    jobid: 367
    wildcards: db=nr, orf_finder=prodigal, sample=s.173.VEO.Feces.Week.8
    threads: 8

Submitted job 367 with external jobid 'Submitted batch job 7157767'.

[Fri Sep  3 21:50:59 2021]
rule run_blastx:
    input: /mnt/isilon/zackular_lab_hpc/users/dic/projects/DYNAMIC_metagenomics_2020/sunbeam_output/annotation/genes/prodigal/s55.IBD_Therapy.Feces.Baseline_genes_nucl.fa
    output: /mnt/isilon/zackular_lab_hpc/users/dic/projects/DYNAMIC_metagenomics_2020/sunbeam_output/annotation/blastx/nr/prodigal/s55.IBD_Therapy.Feces.Baseline.xml
    jobid: 511
    wildcards: db=nr, orf_finder=prodigal, sample=s55.IBD_Therapy.Feces.Baseline
    threads: 8

Submitted job 511 with external jobid 'Submitted batch job 7157768'.

[Fri Sep  3 21:50:59 2021]
rule run_blastx:
    input: /mnt/isilon/zackular_lab_hpc/users/dic/projects/DYNAMIC_metagenomics_2020/sunbeam_output/annotation/genes/prodigal/s067.Healthy.Antibiotics.Feces.Baseline_genes_nucl.fa
    output: /mnt/isilon/zackular_lab_hpc/users/dic/projects/DYNAMIC_metagenomics_2020/sunbeam_output/annotation/blastx/nr/prodigal/s067.Healthy.Antibiotics.Feces.Baseline.xml
    jobid: 567
    wildcards: db=nr, orf_finder=prodigal, sample=s067.Healthy.Antibiotics.Feces.Baseline
    threads: 8

Submitted job 567 with external jobid 'Submitted batch job 7157769'.

[Fri Sep  3 21:50:59 2021]
rule run_blastx:
    input: /mnt/isilon/zackular_lab_hpc/users/dic/projects/DYNAMIC_metagenomics_2020/sunbeam_output/annotation/genes/prodigal/s22.Healthy.Feces.Visit1_genes_nucl.fa
    output: /mnt/isilon/zackular_lab_hpc/users/dic/projects/DYNAMIC_metagenomics_2020/sunbeam_output/annotation/blastx/nr/prodigal/s22.Healthy.Feces.Visit1.xml
    jobid: 439
    wildcards: db=nr, orf_finder=prodigal, sample=s22.Healthy.Feces.Visit1
    threads: 8

Submitted job 439 with external jobid 'Submitted batch job 7157770'.

[Fri Sep  3 21:50:59 2021]
rule run_blastx:
    input: /mnt/isilon/zackular_lab_hpc/users/dic/projects/DYNAMIC_metagenomics_2020/sunbeam_output/annotation/genes/prodigal/s58.Healthy_greaterthan5.Feces.Baseline_genes_nucl.fa
    output: /mnt/isilon/zackular_lab_hpc/users/dic/projects/DYNAMIC_metagenomics_2020/sunbeam_output/annotation/blastx/nr/prodigal/s58.Healthy_greaterthan5.Feces.Baseline.xml
    jobid: 755
    wildcards: db=nr, orf_finder=prodigal, sample=s58.Healthy_greaterthan5.Feces.Baseline
    threads: 8

Submitted job 755 with external jobid 'Submitted batch job 7157771'.

[Fri Sep  3 21:51:00 2021]
rule run_blastx:
    input: /mnt/isilon/zackular_lab_hpc/users/dic/projects/DYNAMIC_metagenomics_2020/sunbeam_output/annotation/genes/prodigal/s.355.IBD.Antibiotics.Stool.3.2867_genes_nucl.fa
    output: /mnt/isilon/zackular_lab_hpc/users/dic/projects/DYNAMIC_metagenomics_2020/sunbeam_output/annotation/blastx/nr/prodigal/s.355.IBD.Antibiotics.Stool.3.2867.xml
    jobid: 331
    wildcards: db=nr, orf_finder=prodigal, sample=s.355.IBD.Antibiotics.Stool.3.2867
    threads: 8

Submitted job 331 with external jobid 'Submitted batch job 7157772'.

[Fri Sep  3 21:51:00 2021]
rule run_blastx:
    input: /mnt/isilon/zackular_lab_hpc/users/dic/projects/DYNAMIC_metagenomics_2020/sunbeam_output/annotation/genes/prodigal/s60.Healthy_greaterthan5.Feces.Week_4_genes_nucl.fa
    output: /mnt/isilon/zackular_lab_hpc/users/dic/projects/DYNAMIC_metagenomics_2020/sunbeam_output/annotation/blastx/nr/prodigal/s60.Healthy_greaterthan5.Feces.Week_4.xml
    jobid: 1299
    wildcards: db=nr, orf_finder=prodigal, sample=s60.Healthy_greaterthan5.Feces.Week_4
    threads: 8

Submitted job 1299 with external jobid 'Submitted batch job 7157773'.

[Fri Sep  3 21:51:01 2021]
rule run_blastx:
    input: /mnt/isilon/zackular_lab_hpc/users/dic/projects/DYNAMIC_metagenomics_2020/sunbeam_output/annotation/genes/prodigal/s.204.Healthy.Antibiotics.Feces.Week.8_genes_nucl.fa
    output: /mnt/isilon/zackular_lab_hpc/users/dic/projects/DYNAMIC_metagenomics_2020/sunbeam_output/annotation/blastx/nr/prodigal/s.204.Healthy.Antibiotics.Feces.Week.8.xml
    jobid: 1339
    wildcards: db=nr, orf_finder=prodigal, sample=s.204.Healthy.Antibiotics.Feces.Week.8
    threads: 8

Submitted job 1339 with external jobid 'Submitted batch job 7157774'.

[Fri Sep  3 21:51:01 2021]
rule run_blastx:
    input: /mnt/isilon/zackular_lab_hpc/users/dic/projects/DYNAMIC_metagenomics_2020/sunbeam_output/annotation/genes/prodigal/s157.IBD_CDiff.Feces.Week_4_genes_nucl.fa
    output: /mnt/isilon/zackular_lab_hpc/users/dic/projects/DYNAMIC_metagenomics_2020/sunbeam_output/annotation/blastx/nr/prodigal/s157.IBD_CDiff.Feces.Week_4.xml
    jobid: 819
    wildcards: db=nr, orf_finder=prodigal, sample=s157.IBD_CDiff.Feces.Week_4
    threads: 8

Submitted job 819 with external jobid 'Submitted batch job 7157775'.

[Fri Sep  3 21:51:01 2021]
rule run_blastx:
    input: /mnt/isilon/zackular_lab_hpc/users/dic/projects/DYNAMIC_metagenomics_2020/sunbeam_output/annotation/genes/prodigal/s.308.IBDC.Diff.Stool.visit4.2660_genes_nucl.fa
    output: /mnt/isilon/zackular_lab_hpc/users/dic/projects/DYNAMIC_metagenomics_2020/sunbeam_output/annotation/blastx/nr/prodigal/s.308.IBDC.Diff.Stool.visit4.2660.xml
    jobid: 711
    wildcards: db=nr, orf_finder=prodigal, sample=s.308.IBDC.Diff.Stool.visit4.2660
    threads: 8

Submitted job 711 with external jobid 'Submitted batch job 7157776'.

[Fri Sep  3 21:51:02 2021]
rule run_blastx:
    input: /mnt/isilon/zackular_lab_hpc/users/dic/projects/DYNAMIC_metagenomics_2020/sunbeam_output/annotation/genes/prodigal/s.175.VEO.Feces.Week_4_genes_nucl.fa
    output: /mnt/isilon/zackular_lab_hpc/users/dic/projects/DYNAMIC_metagenomics_2020/sunbeam_output/annotation/blastx/nr/prodigal/s.175.VEO.Feces.Week_4.xml
    jobid: 327
    wildcards: db=nr, orf_finder=prodigal, sample=s.175.VEO.Feces.Week_4
    threads: 8

Submitted job 327 with external jobid 'Submitted batch job 7157777'.

[Fri Sep  3 21:51:02 2021]
rule run_blastx:
    input: /mnt/isilon/zackular_lab_hpc/users/dic/projects/DYNAMIC_metagenomics_2020/sunbeam_output/annotation/genes/prodigal/s.147.IBD_Therapy.Feces.Week_4_genes_nucl.fa
    output: /mnt/isilon/zackular_lab_hpc/users/dic/projects/DYNAMIC_metagenomics_2020/sunbeam_output/annotation/blastx/nr/prodigal/s.147.IBD_Therapy.Feces.Week_4.xml
    jobid: 471
    wildcards: db=nr, orf_finder=prodigal, sample=s.147.IBD_Therapy.Feces.Week_4
    threads: 8

Submitted job 471 with external jobid 'Submitted batch job 7157778'.

[Fri Sep  3 21:51:03 2021]
rule run_blastx:
    input: /mnt/isilon/zackular_lab_hpc/users/dic/projects/DYNAMIC_metagenomics_2020/sunbeam_output/annotation/genes/prodigal/s.109.Healthy.greaterthan5.Stool.2.1046_genes_nucl.fa
    output: /mnt/isilon/zackular_lab_hpc/users/dic/projects/DYNAMIC_metagenomics_2020/sunbeam_output/annotation/blastx/nr/prodigal/s.109.Healthy.greaterthan5.Stool.2.1046.xml
    jobid: 847
    wildcards: db=nr, orf_finder=prodigal, sample=s.109.Healthy.greaterthan5.Stool.2.1046
    threads: 8

Submitted job 847 with external jobid 'Submitted batch job 7157779'.

[Fri Sep  3 21:51:03 2021]
rule run_blastx:
    input: /mnt/isilon/zackular_lab_hpc/users/dic/projects/DYNAMIC_metagenomics_2020/sunbeam_output/annotation/genes/prodigal/s53.VEO.Feces.Week_16_genes_nucl.fa
    output: /mnt/isilon/zackular_lab_hpc/users/dic/projects/DYNAMIC_metagenomics_2020/sunbeam_output/annotation/blastx/nr/prodigal/s53.VEO.Feces.Week_16.xml
    jobid: 1103
    wildcards: db=nr, orf_finder=prodigal, sample=s53.VEO.Feces.Week_16
    threads: 8

Submitted job 1103 with external jobid 'Submitted batch job 7157780'.

[Fri Sep  3 21:51:03 2021]
rule run_blastx:
    input: /mnt/isilon/zackular_lab_hpc/users/dic/projects/DYNAMIC_metagenomics_2020/sunbeam_output/annotation/genes/prodigal/s58.Healthy_greaterthan5.Feces.Week_4_genes_nucl.fa
    output: /mnt/isilon/zackular_lab_hpc/users/dic/projects/DYNAMIC_metagenomics_2020/sunbeam_output/annotation/blastx/nr/prodigal/s58.Healthy_greaterthan5.Feces.Week_4.xml
    jobid: 963
    wildcards: db=nr, orf_finder=prodigal, sample=s58.Healthy_greaterthan5.Feces.Week_4
    threads: 8

Submitted job 963 with external jobid 'Submitted batch job 7157781'.

[Fri Sep  3 21:51:04 2021]
rule run_blastx:
    input: /mnt/isilon/zackular_lab_hpc/users/dic/projects/DYNAMIC_metagenomics_2020/sunbeam_output/annotation/genes/prodigal/s172.IBD_CDiff.Feces.Week_8_genes_nucl.fa
    output: /mnt/isilon/zackular_lab_hpc/users/dic/projects/DYNAMIC_metagenomics_2020/sunbeam_output/annotation/blastx/nr/prodigal/s172.IBD_CDiff.Feces.Week_8.xml
    jobid: 1363
    wildcards: db=nr, orf_finder=prodigal, sample=s172.IBD_CDiff.Feces.Week_8
    threads: 8

Submitted job 1363 with external jobid 'Submitted batch job 7157782'.

[Fri Sep  3 21:51:05 2021]
rule run_blastx:
    input: /mnt/isilon/zackular_lab_hpc/users/dic/projects/DYNAMIC_metagenomics_2020/sunbeam_output/annotation/genes/prodigal/s.308.IBDC.Diff.Stool.visit2.2500_genes_nucl.fa
    output: /mnt/isilon/zackular_lab_hpc/users/dic/projects/DYNAMIC_metagenomics_2020/sunbeam_output/annotation/blastx/nr/prodigal/s.308.IBDC.Diff.Stool.visit2.2500.xml
    jobid: 1159
    wildcards: db=nr, orf_finder=prodigal, sample=s.308.IBDC.Diff.Stool.visit2.2500
    threads: 8

Submitted job 1159 with external jobid 'Submitted batch job 7157783'.

[Fri Sep  3 21:51:05 2021]
rule run_blastx:
    input: /mnt/isilon/zackular_lab_hpc/users/dic/projects/DYNAMIC_metagenomics_2020/sunbeam_output/annotation/genes/prodigal/s53.VEO.Feces.Week_8_genes_nucl.fa
    output: /mnt/isilon/zackular_lab_hpc/users/dic/projects/DYNAMIC_metagenomics_2020/sunbeam_output/annotation/blastx/nr/prodigal/s53.VEO.Feces.Week_8.xml
    jobid: 475
    wildcards: db=nr, orf_finder=prodigal, sample=s53.VEO.Feces.Week_8
    threads: 8

Submitted job 475 with external jobid 'Submitted batch job 7157784'.

[Fri Sep  3 21:51:06 2021]
rule run_blastx:
    input: /mnt/isilon/zackular_lab_hpc/users/dic/projects/DYNAMIC_metagenomics_2020/sunbeam_output/annotation/genes/prodigal/s70.Healthy_greaterthan5.Feces.Week_4_genes_nucl.fa
    output: /mnt/isilon/zackular_lab_hpc/users/dic/projects/DYNAMIC_metagenomics_2020/sunbeam_output/annotation/blastx/nr/prodigal/s70.Healthy_greaterthan5.Feces.Week_4.xml
    jobid: 1171
    wildcards: db=nr, orf_finder=prodigal, sample=s70.Healthy_greaterthan5.Feces.Week_4
    threads: 8

Submitted job 1171 with external jobid 'Submitted batch job 7157785'.

[Fri Sep  3 21:51:06 2021]
rule run_blastx:
    input: /mnt/isilon/zackular_lab_hpc/users/dic/projects/DYNAMIC_metagenomics_2020/sunbeam_output/annotation/genes/prodigal/s078.IBD.Therapy.Feces.Week.4_genes_nucl.fa
    output: /mnt/isilon/zackular_lab_hpc/users/dic/projects/DYNAMIC_metagenomics_2020/sunbeam_output/annotation/blastx/nr/prodigal/s078.IBD.Therapy.Feces.Week.4.xml
    jobid: 891
    wildcards: db=nr, orf_finder=prodigal, sample=s078.IBD.Therapy.Feces.Week.4
    threads: 8

Submitted job 891 with external jobid 'Submitted batch job 7157786'.

[Fri Sep  3 21:51:06 2021]
rule run_blastx:
    input: /mnt/isilon/zackular_lab_hpc/users/dic/projects/DYNAMIC_metagenomics_2020/sunbeam_output/annotation/genes/prodigal/s.88.Healthy.greaterthan5.Feces.Baseline_genes_nucl.fa
    output: /mnt/isilon/zackular_lab_hpc/users/dic/projects/DYNAMIC_metagenomics_2020/sunbeam_output/annotation/blastx/nr/prodigal/s.88.Healthy.greaterthan5.Feces.Baseline.xml
    jobid: 659
    wildcards: db=nr, orf_finder=prodigal, sample=s.88.Healthy.greaterthan5.Feces.Baseline
    threads: 8

Submitted job 659 with external jobid 'Submitted batch job 7157787'.

[Fri Sep  3 21:51:07 2021]
rule run_blastx:
    input: /mnt/isilon/zackular_lab_hpc/users/dic/projects/DYNAMIC_metagenomics_2020/sunbeam_output/annotation/genes/prodigal/s.314.Healthy.Antibiotics.Stool.2.2505_genes_nucl.fa
    output: /mnt/isilon/zackular_lab_hpc/users/dic/projects/DYNAMIC_metagenomics_2020/sunbeam_output/annotation/blastx/nr/prodigal/s.314.Healthy.Antibiotics.Stool.2.2505.xml
    jobid: 1327
    wildcards: db=nr, orf_finder=prodigal, sample=s.314.Healthy.Antibiotics.Stool.2.2505
    threads: 8

Submitted job 1327 with external jobid 'Submitted batch job 7157788'.

[Fri Sep  3 21:51:07 2021]
rule run_blastx:
    input: /mnt/isilon/zackular_lab_hpc/users/dic/projects/DYNAMIC_metagenomics_2020/sunbeam_output/annotation/genes/prodigal/s.197.Healthy.Antibiotics.Feces.Baseline_genes_nucl.fa
    output: /mnt/isilon/zackular_lab_hpc/users/dic/projects/DYNAMIC_metagenomics_2020/sunbeam_output/annotation/blastx/nr/prodigal/s.197.Healthy.Antibiotics.Feces.Baseline.xml
    jobid: 491
    wildcards: db=nr, orf_finder=prodigal, sample=s.197.Healthy.Antibiotics.Feces.Baseline
    threads: 8

Submitted job 491 with external jobid 'Submitted batch job 7157789'.

[Fri Sep  3 21:51:07 2021]
rule run_blastx:
    input: /mnt/isilon/zackular_lab_hpc/users/dic/projects/DYNAMIC_metagenomics_2020/sunbeam_output/annotation/genes/prodigal/s.197.Healthy.Antibiotics.Feces.Week.4_genes_nucl.fa
    output: /mnt/isilon/zackular_lab_hpc/users/dic/projects/DYNAMIC_metagenomics_2020/sunbeam_output/annotation/blastx/nr/prodigal/s.197.Healthy.Antibiotics.Feces.Week.4.xml
    jobid: 347
    wildcards: db=nr, orf_finder=prodigal, sample=s.197.Healthy.Antibiotics.Feces.Week.4
    threads: 8

Submitted job 347 with external jobid 'Submitted batch job 7157790'.

[Fri Sep  3 21:51:07 2021]
rule run_blastx:
    input: /mnt/isilon/zackular_lab_hpc/users/dic/projects/DYNAMIC_metagenomics_2020/sunbeam_output/annotation/genes/prodigal/s078.IBD.Therapy.Feces.Week.8_genes_nucl.fa
    output: /mnt/isilon/zackular_lab_hpc/users/dic/projects/DYNAMIC_metagenomics_2020/sunbeam_output/annotation/blastx/nr/prodigal/s078.IBD.Therapy.Feces.Week.8.xml
    jobid: 795
    wildcards: db=nr, orf_finder=prodigal, sample=s078.IBD.Therapy.Feces.Week.8
    threads: 8

Submitted job 795 with external jobid 'Submitted batch job 7157791'.

[Fri Sep  3 21:51:07 2021]
rule run_blastx:
    input: /mnt/isilon/zackular_lab_hpc/users/dic/projects/DYNAMIC_metagenomics_2020/sunbeam_output/annotation/genes/prodigal/s065.IBD.Antibiotics.Feces.Baseline_genes_nucl.fa
    output: /mnt/isilon/zackular_lab_hpc/users/dic/projects/DYNAMIC_metagenomics_2020/sunbeam_output/annotation/blastx/nr/prodigal/s065.IBD.Antibiotics.Feces.Baseline.xml
    jobid: 1375
    wildcards: db=nr, orf_finder=prodigal, sample=s065.IBD.Antibiotics.Feces.Baseline
    threads: 8

Submitted job 1375 with external jobid 'Submitted batch job 7157792'.

[Fri Sep  3 21:51:08 2021]
rule run_blastx:
    input: /mnt/isilon/zackular_lab_hpc/users/dic/projects/DYNAMIC_metagenomics_2020/sunbeam_output/annotation/genes/prodigal/s159.Healthy.Antibiotics.Feces.Week.4_genes_nucl.fa
    output: /mnt/isilon/zackular_lab_hpc/users/dic/projects/DYNAMIC_metagenomics_2020/sunbeam_output/annotation/blastx/nr/prodigal/s159.Healthy.Antibiotics.Feces.Week.4.xml
    jobid: 499
    wildcards: db=nr, orf_finder=prodigal, sample=s159.Healthy.Antibiotics.Feces.Week.4
    threads: 8

Submitted job 499 with external jobid 'Submitted batch job 7157793'.

[Fri Sep  3 21:51:08 2021]
rule run_blastx:
    input: /mnt/isilon/zackular_lab_hpc/users/dic/projects/DYNAMIC_metagenomics_2020/sunbeam_output/annotation/genes/prodigal/s22.Healthy.Feces.Visit2_genes_nucl.fa
    output: /mnt/isilon/zackular_lab_hpc/users/dic/projects/DYNAMIC_metagenomics_2020/sunbeam_output/annotation/blastx/nr/prodigal/s22.Healthy.Feces.Visit2.xml
    jobid: 431
    wildcards: db=nr, orf_finder=prodigal, sample=s22.Healthy.Feces.Visit2
    threads: 8

Submitted job 431 with external jobid 'Submitted batch job 7157794'.

[Fri Sep  3 21:51:09 2021]
rule run_blastx:
    input: /mnt/isilon/zackular_lab_hpc/users/dic/projects/DYNAMIC_metagenomics_2020/sunbeam_output/annotation/genes/prodigal/s.355.IBD.Antibiotics.Stool.1.2765_genes_nucl.fa
    output: /mnt/isilon/zackular_lab_hpc/users/dic/projects/DYNAMIC_metagenomics_2020/sunbeam_output/annotation/blastx/nr/prodigal/s.355.IBD.Antibiotics.Stool.1.2765.xml
    jobid: 783
    wildcards: db=nr, orf_finder=prodigal, sample=s.355.IBD.Antibiotics.Stool.1.2765
    threads: 8

Submitted job 783 with external jobid 'Submitted batch job 7157795'.

[Fri Sep  3 21:51:09 2021]
rule run_blastx:
    input: /mnt/isilon/zackular_lab_hpc/users/dic/projects/DYNAMIC_metagenomics_2020/sunbeam_output/annotation/genes/prodigal/s077.IBD_C.Diff.Feces.Baseline_genes_nucl.fa
    output: /mnt/isilon/zackular_lab_hpc/users/dic/projects/DYNAMIC_metagenomics_2020/sunbeam_output/annotation/blastx/nr/prodigal/s077.IBD_C.Diff.Feces.Baseline.xml
    jobid: 615
    wildcards: db=nr, orf_finder=prodigal, sample=s077.IBD_C.Diff.Feces.Baseline
    threads: 8

Submitted job 615 with external jobid 'Submitted batch job 7157796'.

[Fri Sep  3 21:51:09 2021]
rule run_blastx:
    input: /mnt/isilon/zackular_lab_hpc/users/dic/projects/DYNAMIC_metagenomics_2020/sunbeam_output/annotation/genes/prodigal/s32.C_diff.Feces.Visit3_genes_nucl.fa
    output: /mnt/isilon/zackular_lab_hpc/users/dic/projects/DYNAMIC_metagenomics_2020/sunbeam_output/annotation/blastx/nr/prodigal/s32.C_diff.Feces.Visit3.xml
    jobid: 299
    wildcards: db=nr, orf_finder=prodigal, sample=s32.C_diff.Feces.Visit3
    threads: 8

Submitted job 299 with external jobid 'Submitted batch job 7157797'.

[Fri Sep  3 21:51:10 2021]
rule run_blastx:
    input: /mnt/isilon/zackular_lab_hpc/users/dic/projects/DYNAMIC_metagenomics_2020/sunbeam_output/annotation/genes/prodigal/s39.VEO.Feces.Visit1_genes_nucl.fa
    output: /mnt/isilon/zackular_lab_hpc/users/dic/projects/DYNAMIC_metagenomics_2020/sunbeam_output/annotation/blastx/nr/prodigal/s39.VEO.Feces.Visit1.xml
    jobid: 503
    wildcards: db=nr, orf_finder=prodigal, sample=s39.VEO.Feces.Visit1
    threads: 8

Submitted job 503 with external jobid 'Submitted batch job 7157798'.

[Fri Sep  3 21:51:10 2021]
rule run_blastx:
    input: /mnt/isilon/zackular_lab_hpc/users/dic/projects/DYNAMIC_metagenomics_2020/sunbeam_output/annotation/genes/prodigal/s55.IBD_Therapy.Feces.Week_8_genes_nucl.fa
    output: /mnt/isilon/zackular_lab_hpc/users/dic/projects/DYNAMIC_metagenomics_2020/sunbeam_output/annotation/blastx/nr/prodigal/s55.IBD_Therapy.Feces.Week_8.xml
    jobid: 591
    wildcards: db=nr, orf_finder=prodigal, sample=s55.IBD_Therapy.Feces.Week_8
    threads: 8

Submitted job 591 with external jobid 'Submitted batch job 7157799'.

[Fri Sep  3 21:51:10 2021]
rule run_blastx:
    input: /mnt/isilon/zackular_lab_hpc/users/dic/projects/DYNAMIC_metagenomics_2020/sunbeam_output/annotation/genes/prodigal/s.259.Healthy.Antibiotics.Feces.Week.8_genes_nucl.fa
    output: /mnt/isilon/zackular_lab_hpc/users/dic/projects/DYNAMIC_metagenomics_2020/sunbeam_output/annotation/blastx/nr/prodigal/s.259.Healthy.Antibiotics.Feces.Week.8.xml
    jobid: 771
    wildcards: db=nr, orf_finder=prodigal, sample=s.259.Healthy.Antibiotics.Feces.Week.8
    threads: 8

Submitted job 771 with external jobid 'Submitted batch job 7157800'.

[Fri Sep  3 21:51:10 2021]
rule run_blastx:
    input: /mnt/isilon/zackular_lab_hpc/users/dic/projects/DYNAMIC_metagenomics_2020/sunbeam_output/annotation/genes/prodigal/s.135.Healthy.Antibiotics.Feces.Baseline_genes_nucl.fa
    output: /mnt/isilon/zackular_lab_hpc/users/dic/projects/DYNAMIC_metagenomics_2020/sunbeam_output/annotation/blastx/nr/prodigal/s.135.Healthy.Antibiotics.Feces.Baseline.xml
    jobid: 943
    wildcards: db=nr, orf_finder=prodigal, sample=s.135.Healthy.Antibiotics.Feces.Baseline
    threads: 8

Submitted job 943 with external jobid 'Submitted batch job 7157801'.

[Fri Sep  3 21:51:11 2021]
rule run_blastx:
    input: /mnt/isilon/zackular_lab_hpc/users/dic/projects/DYNAMIC_metagenomics_2020/sunbeam_output/annotation/genes/prodigal/s.100.Healthygreaterthan5.Stool.visit3.918_genes_nucl.fa
    output: /mnt/isilon/zackular_lab_hpc/users/dic/projects/DYNAMIC_metagenomics_2020/sunbeam_output/annotation/blastx/nr/prodigal/s.100.Healthygreaterthan5.Stool.visit3.918.xml
    jobid: 911
    wildcards: db=nr, orf_finder=prodigal, sample=s.100.Healthygreaterthan5.Stool.visit3.918
    threads: 8

Submitted job 911 with external jobid 'Submitted batch job 7157802'.

[Fri Sep  3 21:51:11 2021]
rule run_blastx:
    input: /mnt/isilon/zackular_lab_hpc/users/dic/projects/DYNAMIC_metagenomics_2020/sunbeam_output/annotation/genes/prodigal/s102.IBD.Therapy.Feces.Week.4_genes_nucl.fa
    output: /mnt/isilon/zackular_lab_hpc/users/dic/projects/DYNAMIC_metagenomics_2020/sunbeam_output/annotation/blastx/nr/prodigal/s102.IBD.Therapy.Feces.Week.4.xml
    jobid: 635
    wildcards: db=nr, orf_finder=prodigal, sample=s102.IBD.Therapy.Feces.Week.4
    threads: 8

Submitted job 635 with external jobid 'Submitted batch job 7157803'.

[Fri Sep  3 21:51:12 2021]
rule run_blastx:
    input: /mnt/isilon/zackular_lab_hpc/users/dic/projects/DYNAMIC_metagenomics_2020/sunbeam_output/annotation/genes/prodigal/s.347.IBDTherapy.Stool.2.2758_genes_nucl.fa
    output: /mnt/isilon/zackular_lab_hpc/users/dic/projects/DYNAMIC_metagenomics_2020/sunbeam_output/annotation/blastx/nr/prodigal/s.347.IBDTherapy.Stool.2.2758.xml
    jobid: 383
    wildcards: db=nr, orf_finder=prodigal, sample=s.347.IBDTherapy.Stool.2.2758
    threads: 8

Submitted job 383 with external jobid 'Submitted batch job 7157804'.

[Fri Sep  3 21:51:12 2021]
rule run_blastx:
    input: /mnt/isilon/zackular_lab_hpc/users/dic/projects/DYNAMIC_metagenomics_2020/sunbeam_output/annotation/genes/prodigal/s159.Healthy.Antibiotics.Feces.Week.8_genes_nucl.fa
    output: /mnt/isilon/zackular_lab_hpc/users/dic/projects/DYNAMIC_metagenomics_2020/sunbeam_output/annotation/blastx/nr/prodigal/s159.Healthy.Antibiotics.Feces.Week.8.xml
    jobid: 639
    wildcards: db=nr, orf_finder=prodigal, sample=s159.Healthy.Antibiotics.Feces.Week.8
    threads: 8

Submitted job 639 with external jobid 'Submitted batch job 7157805'.

[Fri Sep  3 21:51:12 2021]
rule run_blastx:
    input: /mnt/isilon/zackular_lab_hpc/users/dic/projects/DYNAMIC_metagenomics_2020/sunbeam_output/annotation/genes/prodigal/s.197.Healthy.Antibiotics.Feces.Week.8_genes_nucl.fa
    output: /mnt/isilon/zackular_lab_hpc/users/dic/projects/DYNAMIC_metagenomics_2020/sunbeam_output/annotation/blastx/nr/prodigal/s.197.Healthy.Antibiotics.Feces.Week.8.xml
    jobid: 579
    wildcards: db=nr, orf_finder=prodigal, sample=s.197.Healthy.Antibiotics.Feces.Week.8
    threads: 8

Submitted job 579 with external jobid 'Submitted batch job 7157806'.

[Fri Sep  3 21:51:13 2021]
rule run_blastx:
    input: /mnt/isilon/zackular_lab_hpc/users/dic/projects/DYNAMIC_metagenomics_2020/sunbeam_output/annotation/genes/prodigal/s097.IBD.Antibiotics.Feces.Baseline_genes_nucl.fa
    output: /mnt/isilon/zackular_lab_hpc/users/dic/projects/DYNAMIC_metagenomics_2020/sunbeam_output/annotation/blastx/nr/prodigal/s097.IBD.Antibiotics.Feces.Baseline.xml
    jobid: 379
    wildcards: db=nr, orf_finder=prodigal, sample=s097.IBD.Antibiotics.Feces.Baseline
    threads: 8

Submitted job 379 with external jobid 'Submitted batch job 7157807'.

[Fri Sep  3 21:51:13 2021]
rule run_blastx:
    input: /mnt/isilon/zackular_lab_hpc/users/dic/projects/DYNAMIC_metagenomics_2020/sunbeam_output/annotation/genes/prodigal/s58.Healthy_greaterthan5.Feces.Week_8_genes_nucl.fa
    output: /mnt/isilon/zackular_lab_hpc/users/dic/projects/DYNAMIC_metagenomics_2020/sunbeam_output/annotation/blastx/nr/prodigal/s58.Healthy_greaterthan5.Feces.Week_8.xml
    jobid: 539
    wildcards: db=nr, orf_finder=prodigal, sample=s58.Healthy_greaterthan5.Feces.Week_8
    threads: 8

Submitted job 539 with external jobid 'Submitted batch job 7157808'.

[Fri Sep  3 21:51:13 2021]
rule run_blastx:
    input: /mnt/isilon/zackular_lab_hpc/users/dic/projects/DYNAMIC_metagenomics_2020/sunbeam_output/annotation/genes/prodigal/s38.IBD.Antibiotics.Feces.Week.4_genes_nucl.fa
    output: /mnt/isilon/zackular_lab_hpc/users/dic/projects/DYNAMIC_metagenomics_2020/sunbeam_output/annotation/blastx/nr/prodigal/s38.IBD.Antibiotics.Feces.Week.4.xml
    jobid: 863
    wildcards: db=nr, orf_finder=prodigal, sample=s38.IBD.Antibiotics.Feces.Week.4
    threads: 8

Submitted job 863 with external jobid 'Submitted batch job 7157809'.

[Fri Sep  3 21:51:13 2021]
rule run_blastx:
    input: /mnt/isilon/zackular_lab_hpc/users/dic/projects/DYNAMIC_metagenomics_2020/sunbeam_output/annotation/genes/prodigal/s172.IBD_CDiff.Feces.Week_4_genes_nucl.fa
    output: /mnt/isilon/zackular_lab_hpc/users/dic/projects/DYNAMIC_metagenomics_2020/sunbeam_output/annotation/blastx/nr/prodigal/s172.IBD_CDiff.Feces.Week_4.xml
    jobid: 1247
    wildcards: db=nr, orf_finder=prodigal, sample=s172.IBD_CDiff.Feces.Week_4
    threads: 8

Submitted job 1247 with external jobid 'Submitted batch job 7157810'.

[Fri Sep  3 21:51:14 2021]
rule run_blastx:
    input: /mnt/isilon/zackular_lab_hpc/users/dic/projects/DYNAMIC_metagenomics_2020/sunbeam_output/annotation/genes/prodigal/s143.VEO.Feces.Week.4_genes_nucl.fa
    output: /mnt/isilon/zackular_lab_hpc/users/dic/projects/DYNAMIC_metagenomics_2020/sunbeam_output/annotation/blastx/nr/prodigal/s143.VEO.Feces.Week.4.xml
    jobid: 619
    wildcards: db=nr, orf_finder=prodigal, sample=s143.VEO.Feces.Week.4
    threads: 8

Submitted job 619 with external jobid 'Submitted batch job 7157811'.

[Fri Sep  3 21:51:14 2021]
rule run_blastx:
    input: /mnt/isilon/zackular_lab_hpc/users/dic/projects/DYNAMIC_metagenomics_2020/sunbeam_output/annotation/genes/prodigal/s.293.Healthy.Antibiotics.Feces.Baseline_genes_nucl.fa
    output: /mnt/isilon/zackular_lab_hpc/users/dic/projects/DYNAMIC_metagenomics_2020/sunbeam_output/annotation/blastx/nr/prodigal/s.293.Healthy.Antibiotics.Feces.Baseline.xml
    jobid: 599
    wildcards: db=nr, orf_finder=prodigal, sample=s.293.Healthy.Antibiotics.Feces.Baseline
    threads: 8

Submitted job 599 with external jobid 'Submitted batch job 7157812'.
