Building DAG of jobs...
Using shell: /usr/bin/bash
Provided cluster nodes: 20
Job counts:
	count	jobs
	1	all_assembly
	283	final_filter
	283	megahit_paired
	567

[Wed Aug 25 10:09:44 2021]
rule megahit_paired:
    input: /mnt/isilon/zackular_lab_hpc/users/dic/projects/DYNAMIC_metagenomics_2020/sunbeam_output/qc/decontam/s25.IBD_Therapy.Feces.Week_8_1.fastq.gz, /mnt/isilon/zackular_lab_hpc/users/dic/projects/DYNAMIC_metagenomics_2020/sunbeam_output/qc/decontam/s25.IBD_Therapy.Feces.Week_8_2.fastq.gz
    output: /mnt/isilon/zackular_lab_hpc/users/dic/projects/DYNAMIC_metagenomics_2020/sunbeam_output/assembly/megahit/s25.IBD_Therapy.Feces.Week_8_asm/final.contigs.fa
    jobid: 455
    wildcards: sample=s25.IBD_Therapy.Feces.Week_8
    threads: 4

Submitted job 455 with external jobid 'Submitted batch job 6462647'.

[Wed Aug 25 10:09:44 2021]
rule megahit_paired:
    input: /mnt/isilon/zackular_lab_hpc/users/dic/projects/DYNAMIC_metagenomics_2020/sunbeam_output/qc/decontam/s.235.C_Diff_Oncology.Feces.Week_8_1.fastq.gz, /mnt/isilon/zackular_lab_hpc/users/dic/projects/DYNAMIC_metagenomics_2020/sunbeam_output/qc/decontam/s.235.C_Diff_Oncology.Feces.Week_8_2.fastq.gz
    output: /mnt/isilon/zackular_lab_hpc/users/dic/projects/DYNAMIC_metagenomics_2020/sunbeam_output/assembly/megahit/s.235.C_Diff_Oncology.Feces.Week_8_asm/final.contigs.fa
    jobid: 363
    wildcards: sample=s.235.C_Diff_Oncology.Feces.Week_8
    threads: 4

Submitted job 363 with external jobid 'Submitted batch job 6462648'.

[Wed Aug 25 10:09:44 2021]
rule megahit_paired:
    input: /mnt/isilon/zackular_lab_hpc/users/dic/projects/DYNAMIC_metagenomics_2020/sunbeam_output/qc/decontam/s32.C_diff.Feces.Visit3_1.fastq.gz, /mnt/isilon/zackular_lab_hpc/users/dic/projects/DYNAMIC_metagenomics_2020/sunbeam_output/qc/decontam/s32.C_diff.Feces.Visit3_2.fastq.gz
    output: /mnt/isilon/zackular_lab_hpc/users/dic/projects/DYNAMIC_metagenomics_2020/sunbeam_output/assembly/megahit/s32.C_diff.Feces.Visit3_asm/final.contigs.fa
    jobid: 287
    wildcards: sample=s32.C_diff.Feces.Visit3
    threads: 4

Submitted job 287 with external jobid 'Submitted batch job 6462649'.

[Wed Aug 25 10:09:44 2021]
rule megahit_paired:
    input: /mnt/isilon/zackular_lab_hpc/users/dic/projects/DYNAMIC_metagenomics_2020/sunbeam_output/qc/decontam/s152.Healthy.Antibiotics.Feces.Baseline_1.fastq.gz, /mnt/isilon/zackular_lab_hpc/users/dic/projects/DYNAMIC_metagenomics_2020/sunbeam_output/qc/decontam/s152.Healthy.Antibiotics.Feces.Baseline_2.fastq.gz
    output: /mnt/isilon/zackular_lab_hpc/users/dic/projects/DYNAMIC_metagenomics_2020/sunbeam_output/assembly/megahit/s152.Healthy.Antibiotics.Feces.Baseline_asm/final.contigs.fa
    jobid: 290
    wildcards: sample=s152.Healthy.Antibiotics.Feces.Baseline
    threads: 4

Submitted job 290 with external jobid 'Submitted batch job 6462650'.

[Wed Aug 25 10:09:44 2021]
rule megahit_paired:
    input: /mnt/isilon/zackular_lab_hpc/users/dic/projects/DYNAMIC_metagenomics_2020/sunbeam_output/qc/decontam/s159.Healthy.Antibiotics.Feces.Week.8_1.fastq.gz, /mnt/isilon/zackular_lab_hpc/users/dic/projects/DYNAMIC_metagenomics_2020/sunbeam_output/qc/decontam/s159.Healthy.Antibiotics.Feces.Week.8_2.fastq.gz
    output: /mnt/isilon/zackular_lab_hpc/users/dic/projects/DYNAMIC_metagenomics_2020/sunbeam_output/assembly/megahit/s159.Healthy.Antibiotics.Feces.Week.8_asm/final.contigs.fa
    jobid: 372
    wildcards: sample=s159.Healthy.Antibiotics.Feces.Week.8
    threads: 4

Submitted job 372 with external jobid 'Submitted batch job 6462651'.

[Wed Aug 25 10:09:44 2021]
rule megahit_paired:
    input: /mnt/isilon/zackular_lab_hpc/users/dic/projects/DYNAMIC_metagenomics_2020/sunbeam_output/qc/decontam/s.359.IBDC.Diff.Stool.3.2873_1.fastq.gz, /mnt/isilon/zackular_lab_hpc/users/dic/projects/DYNAMIC_metagenomics_2020/sunbeam_output/qc/decontam/s.359.IBDC.Diff.Stool.3.2873_2.fastq.gz
    output: /mnt/isilon/zackular_lab_hpc/users/dic/projects/DYNAMIC_metagenomics_2020/sunbeam_output/assembly/megahit/s.359.IBDC.Diff.Stool.3.2873_asm/final.contigs.fa
    jobid: 383
    wildcards: sample=s.359.IBDC.Diff.Stool.3.2873
    threads: 4

Submitted job 383 with external jobid 'Submitted batch job 6462652'.

[Wed Aug 25 10:09:44 2021]
rule megahit_paired:
    input: /mnt/isilon/zackular_lab_hpc/users/dic/projects/DYNAMIC_metagenomics_2020/sunbeam_output/qc/decontam/s159.Healthy.Antibiotics.Feces.Week.4_1.fastq.gz, /mnt/isilon/zackular_lab_hpc/users/dic/projects/DYNAMIC_metagenomics_2020/sunbeam_output/qc/decontam/s159.Healthy.Antibiotics.Feces.Week.4_2.fastq.gz
    output: /mnt/isilon/zackular_lab_hpc/users/dic/projects/DYNAMIC_metagenomics_2020/sunbeam_output/assembly/megahit/s159.Healthy.Antibiotics.Feces.Week.4_asm/final.contigs.fa
    jobid: 337
    wildcards: sample=s159.Healthy.Antibiotics.Feces.Week.4
    threads: 4

Submitted job 337 with external jobid 'Submitted batch job 6462657'.

[Wed Aug 25 10:09:45 2021]
rule megahit_paired:
    input: /mnt/isilon/zackular_lab_hpc/users/dic/projects/DYNAMIC_metagenomics_2020/sunbeam_output/qc/decontam/s.235.C_Diff_Oncology.Feces.Baseline_1.fastq.gz, /mnt/isilon/zackular_lab_hpc/users/dic/projects/DYNAMIC_metagenomics_2020/sunbeam_output/qc/decontam/s.235.C_Diff_Oncology.Feces.Baseline_2.fastq.gz
    output: /mnt/isilon/zackular_lab_hpc/users/dic/projects/DYNAMIC_metagenomics_2020/sunbeam_output/assembly/megahit/s.235.C_Diff_Oncology.Feces.Baseline_asm/final.contigs.fa
    jobid: 442
    wildcards: sample=s.235.C_Diff_Oncology.Feces.Baseline
    threads: 4

Submitted job 442 with external jobid 'Submitted batch job 6462658'.

[Wed Aug 25 10:09:45 2021]
rule megahit_paired:
    input: /mnt/isilon/zackular_lab_hpc/users/dic/projects/DYNAMIC_metagenomics_2020/sunbeam_output/qc/decontam/s078.IBD.Therapy.Feces.Week.4_1.fastq.gz, /mnt/isilon/zackular_lab_hpc/users/dic/projects/DYNAMIC_metagenomics_2020/sunbeam_output/qc/decontam/s078.IBD.Therapy.Feces.Week.4_2.fastq.gz
    output: /mnt/isilon/zackular_lab_hpc/users/dic/projects/DYNAMIC_metagenomics_2020/sunbeam_output/assembly/megahit/s078.IBD.Therapy.Feces.Week.4_asm/final.contigs.fa
    jobid: 435
    wildcards: sample=s078.IBD.Therapy.Feces.Week.4
    threads: 4

Submitted job 435 with external jobid 'Submitted batch job 6462659'.

[Wed Aug 25 10:09:45 2021]
rule megahit_paired:
    input: /mnt/isilon/zackular_lab_hpc/users/dic/projects/DYNAMIC_metagenomics_2020/sunbeam_output/qc/decontam/s17_1.fastq.gz, /mnt/isilon/zackular_lab_hpc/users/dic/projects/DYNAMIC_metagenomics_2020/sunbeam_output/qc/decontam/s17_2.fastq.gz
    output: /mnt/isilon/zackular_lab_hpc/users/dic/projects/DYNAMIC_metagenomics_2020/sunbeam_output/assembly/megahit/s17_asm/final.contigs.fa
    jobid: 465
    wildcards: sample=s17
    threads: 4

Submitted job 465 with external jobid 'Submitted batch job 6462660'.

[Wed Aug 25 10:09:45 2021]
rule megahit_paired:
    input: /mnt/isilon/zackular_lab_hpc/users/dic/projects/DYNAMIC_metagenomics_2020/sunbeam_output/qc/decontam/s.347.IBDTherapy.Stool.1.2668_1.fastq.gz, /mnt/isilon/zackular_lab_hpc/users/dic/projects/DYNAMIC_metagenomics_2020/sunbeam_output/qc/decontam/s.347.IBDTherapy.Stool.1.2668_2.fastq.gz
    output: /mnt/isilon/zackular_lab_hpc/users/dic/projects/DYNAMIC_metagenomics_2020/sunbeam_output/assembly/megahit/s.347.IBDTherapy.Stool.1.2668_asm/final.contigs.fa
    jobid: 534
    wildcards: sample=s.347.IBDTherapy.Stool.1.2668
    threads: 4

Submitted job 534 with external jobid 'Submitted batch job 6462661'.

[Wed Aug 25 10:09:45 2021]
rule megahit_paired:
    input: /mnt/isilon/zackular_lab_hpc/users/dic/projects/DYNAMIC_metagenomics_2020/sunbeam_output/qc/decontam/s.201.IBD_Therapy.Feces.Week_4_1.fastq.gz, /mnt/isilon/zackular_lab_hpc/users/dic/projects/DYNAMIC_metagenomics_2020/sunbeam_output/qc/decontam/s.201.IBD_Therapy.Feces.Week_4_2.fastq.gz
    output: /mnt/isilon/zackular_lab_hpc/users/dic/projects/DYNAMIC_metagenomics_2020/sunbeam_output/assembly/megahit/s.201.IBD_Therapy.Feces.Week_4_asm/final.contigs.fa
    jobid: 548
    wildcards: sample=s.201.IBD_Therapy.Feces.Week_4
    threads: 4

Submitted job 548 with external jobid 'Submitted batch job 6462662'.

[Wed Aug 25 10:09:45 2021]
rule megahit_paired:
    input: /mnt/isilon/zackular_lab_hpc/users/dic/projects/DYNAMIC_metagenomics_2020/sunbeam_output/qc/decontam/s.361.C.DiffOncology.Stool.1.2876_1.fastq.gz, /mnt/isilon/zackular_lab_hpc/users/dic/projects/DYNAMIC_metagenomics_2020/sunbeam_output/qc/decontam/s.361.C.DiffOncology.Stool.1.2876_2.fastq.gz
    output: /mnt/isilon/zackular_lab_hpc/users/dic/projects/DYNAMIC_metagenomics_2020/sunbeam_output/assembly/megahit/s.361.C.DiffOncology.Stool.1.2876_asm/final.contigs.fa
    jobid: 359
    wildcards: sample=s.361.C.DiffOncology.Stool.1.2876
    threads: 4

Submitted job 359 with external jobid 'Submitted batch job 6462663'.

[Wed Aug 25 10:09:45 2021]
rule megahit_paired:
    input: /mnt/isilon/zackular_lab_hpc/users/dic/projects/DYNAMIC_metagenomics_2020/sunbeam_output/qc/decontam/s.359.IBDC.Diff.Stool.2.2872_1.fastq.gz, /mnt/isilon/zackular_lab_hpc/users/dic/projects/DYNAMIC_metagenomics_2020/sunbeam_output/qc/decontam/s.359.IBDC.Diff.Stool.2.2872_2.fastq.gz
    output: /mnt/isilon/zackular_lab_hpc/users/dic/projects/DYNAMIC_metagenomics_2020/sunbeam_output/assembly/megahit/s.359.IBDC.Diff.Stool.2.2872_asm/final.contigs.fa
    jobid: 293
    wildcards: sample=s.359.IBDC.Diff.Stool.2.2872
    threads: 4

Submitted job 293 with external jobid 'Submitted batch job 6462664'.

[Wed Aug 25 10:09:45 2021]
rule megahit_paired:
    input: /mnt/isilon/zackular_lab_hpc/users/dic/projects/DYNAMIC_metagenomics_2020/sunbeam_output/qc/decontam/s.201.IBD_Therapy.Feces.Week_8_1.fastq.gz, /mnt/isilon/zackular_lab_hpc/users/dic/projects/DYNAMIC_metagenomics_2020/sunbeam_output/qc/decontam/s.201.IBD_Therapy.Feces.Week_8_2.fastq.gz
    output: /mnt/isilon/zackular_lab_hpc/users/dic/projects/DYNAMIC_metagenomics_2020/sunbeam_output/assembly/megahit/s.201.IBD_Therapy.Feces.Week_8_asm/final.contigs.fa
    jobid: 324
    wildcards: sample=s.201.IBD_Therapy.Feces.Week_8
    threads: 4

Submitted job 324 with external jobid 'Submitted batch job 6462665'.

[Wed Aug 25 10:09:45 2021]
rule megahit_paired:
    input: /mnt/isilon/zackular_lab_hpc/users/dic/projects/DYNAMIC_metagenomics_2020/sunbeam_output/qc/decontam/s143.VEO.Feces.Week.4_1.fastq.gz, /mnt/isilon/zackular_lab_hpc/users/dic/projects/DYNAMIC_metagenomics_2020/sunbeam_output/qc/decontam/s143.VEO.Feces.Week.4_2.fastq.gz
    output: /mnt/isilon/zackular_lab_hpc/users/dic/projects/DYNAMIC_metagenomics_2020/sunbeam_output/assembly/megahit/s143.VEO.Feces.Week.4_asm/final.contigs.fa
    jobid: 367
    wildcards: sample=s143.VEO.Feces.Week.4
    threads: 4

Submitted job 367 with external jobid 'Submitted batch job 6462666'.

[Wed Aug 25 10:09:46 2021]
rule megahit_paired:
    input: /mnt/isilon/zackular_lab_hpc/users/dic/projects/DYNAMIC_metagenomics_2020/sunbeam_output/qc/decontam/s102.IBD.Therapy.Feces.Week.8_1.fastq.gz, /mnt/isilon/zackular_lab_hpc/users/dic/projects/DYNAMIC_metagenomics_2020/sunbeam_output/qc/decontam/s102.IBD.Therapy.Feces.Week.8_2.fastq.gz
    output: /mnt/isilon/zackular_lab_hpc/users/dic/projects/DYNAMIC_metagenomics_2020/sunbeam_output/assembly/megahit/s102.IBD.Therapy.Feces.Week.8_asm/final.contigs.fa
    jobid: 486
    wildcards: sample=s102.IBD.Therapy.Feces.Week.8
    threads: 4

Submitted job 486 with external jobid 'Submitted batch job 6462667'.

[Wed Aug 25 10:09:46 2021]
rule megahit_paired:
    input: /mnt/isilon/zackular_lab_hpc/users/dic/projects/DYNAMIC_metagenomics_2020/sunbeam_output/qc/decontam/s.135.Healthy.Antibiotics.Feces.Week.8_1.fastq.gz, /mnt/isilon/zackular_lab_hpc/users/dic/projects/DYNAMIC_metagenomics_2020/sunbeam_output/qc/decontam/s.135.Healthy.Antibiotics.Feces.Week.8_2.fastq.gz
    output: /mnt/isilon/zackular_lab_hpc/users/dic/projects/DYNAMIC_metagenomics_2020/sunbeam_output/assembly/megahit/s.135.Healthy.Antibiotics.Feces.Week.8_asm/final.contigs.fa
    jobid: 323
    wildcards: sample=s.135.Healthy.Antibiotics.Feces.Week.8
    threads: 4

Submitted job 323 with external jobid 'Submitted batch job 6462668'.

[Wed Aug 25 10:09:46 2021]
rule megahit_paired:
    input: /mnt/isilon/zackular_lab_hpc/users/dic/projects/DYNAMIC_metagenomics_2020/sunbeam_output/qc/decontam/s20.C_diff.Feces.Visit1_1.fastq.gz, /mnt/isilon/zackular_lab_hpc/users/dic/projects/DYNAMIC_metagenomics_2020/sunbeam_output/qc/decontam/s20.C_diff.Feces.Visit1_2.fastq.gz
    output: /mnt/isilon/zackular_lab_hpc/users/dic/projects/DYNAMIC_metagenomics_2020/sunbeam_output/assembly/megahit/s20.C_diff.Feces.Visit1_asm/final.contigs.fa
    jobid: 493
    wildcards: sample=s20.C_diff.Feces.Visit1
    threads: 4

Submitted job 493 with external jobid 'Submitted batch job 6462669'.

[Wed Aug 25 10:09:46 2021]
rule megahit_paired:
    input: /mnt/isilon/zackular_lab_hpc/users/dic/projects/DYNAMIC_metagenomics_2020/sunbeam_output/qc/decontam/s.222.IBD_CDiff.Feces.Baseline_1.fastq.gz, /mnt/isilon/zackular_lab_hpc/users/dic/projects/DYNAMIC_metagenomics_2020/sunbeam_output/qc/decontam/s.222.IBD_CDiff.Feces.Baseline_2.fastq.gz
    output: /mnt/isilon/zackular_lab_hpc/users/dic/projects/DYNAMIC_metagenomics_2020/sunbeam_output/assembly/megahit/s.222.IBD_CDiff.Feces.Baseline_asm/final.contigs.fa
    jobid: 452
    wildcards: sample=s.222.IBD_CDiff.Feces.Baseline
    threads: 4

Submitted job 452 with external jobid 'Submitted batch job 6462670'.
[Wed Aug 25 10:11:17 2021]
Error in rule megahit_paired:
    jobid: 363
    output: /mnt/isilon/zackular_lab_hpc/users/dic/projects/DYNAMIC_metagenomics_2020/sunbeam_output/assembly/megahit/s.235.C_Diff_Oncology.Feces.Week_8_asm/final.contigs.fa
    shell:
        
        ## turn off bash strict mode
        set +o pipefail

        ## sometimes the error is due to lack of memory
        exitcode=0
        megahit -t 4 -1 /mnt/isilon/zackular_lab_hpc/users/dic/projects/DYNAMIC_metagenomics_2020/sunbeam_output/qc/decontam/s.235.C_Diff_Oncology.Feces.Week_8_1.fastq.gz -2 /mnt/isilon/zackular_lab_hpc/users/dic/projects/DYNAMIC_metagenomics_2020/sunbeam_output/qc/decontam/s.235.C_Diff_Oncology.Feces.Week_8_2.fastq.gz -o /mnt/isilon/zackular_lab_hpc/users/dic/projects/DYNAMIC_metagenomics_2020/sunbeam_output/assembly/megahit/s.235.C_Diff_Oncology.Feces.Week_8_asm --continue || exitcode=$?

        if [ $exitcode -eq 255 ]
        then
            echo "Empty contigs"
            touch /mnt/isilon/zackular_lab_hpc/users/dic/projects/DYNAMIC_metagenomics_2020/sunbeam_output/assembly/megahit/s.235.C_Diff_Oncology.Feces.Week_8_asm/final.contigs.fa
        elif [ $exitcode -gt 1 ]
        then
            echo "Check your memory"
        fi
        
        (exited with non-zero exit code)
    cluster_jobid: Submitted batch job 6462648

Error executing rule megahit_paired on cluster (jobid: 363, external: Submitted batch job 6462648, jobscript: /mnt/isilon/zackular_lab_hpc/users/dic/projects/DYNAMIC_metagenomics_2020/sunbeam_output/.snakemake/tmp.u93sqjwg/snakejob.megahit_paired.363.sh). For error details see the cluster log and the log files of the involved rule(s).
[Wed Aug 25 10:11:17 2021]
Error in rule megahit_paired:
    jobid: 465
    output: /mnt/isilon/zackular_lab_hpc/users/dic/projects/DYNAMIC_metagenomics_2020/sunbeam_output/assembly/megahit/s17_asm/final.contigs.fa
    shell:
        
        ## turn off bash strict mode
        set +o pipefail

        ## sometimes the error is due to lack of memory
        exitcode=0
        megahit -t 4 -1 /mnt/isilon/zackular_lab_hpc/users/dic/projects/DYNAMIC_metagenomics_2020/sunbeam_output/qc/decontam/s17_1.fastq.gz -2 /mnt/isilon/zackular_lab_hpc/users/dic/projects/DYNAMIC_metagenomics_2020/sunbeam_output/qc/decontam/s17_2.fastq.gz -o /mnt/isilon/zackular_lab_hpc/users/dic/projects/DYNAMIC_metagenomics_2020/sunbeam_output/assembly/megahit/s17_asm --continue || exitcode=$?

        if [ $exitcode -eq 255 ]
        then
            echo "Empty contigs"
            touch /mnt/isilon/zackular_lab_hpc/users/dic/projects/DYNAMIC_metagenomics_2020/sunbeam_output/assembly/megahit/s17_asm/final.contigs.fa
        elif [ $exitcode -gt 1 ]
        then
            echo "Check your memory"
        fi
        
        (exited with non-zero exit code)
    cluster_jobid: Submitted batch job 6462660

Error executing rule megahit_paired on cluster (jobid: 465, external: Submitted batch job 6462660, jobscript: /mnt/isilon/zackular_lab_hpc/users/dic/projects/DYNAMIC_metagenomics_2020/sunbeam_output/.snakemake/tmp.u93sqjwg/snakejob.megahit_paired.465.sh). For error details see the cluster log and the log files of the involved rule(s).
[Wed Aug 25 10:11:18 2021]
Error in rule megahit_paired:
    jobid: 324
    output: /mnt/isilon/zackular_lab_hpc/users/dic/projects/DYNAMIC_metagenomics_2020/sunbeam_output/assembly/megahit/s.201.IBD_Therapy.Feces.Week_8_asm/final.contigs.fa
    shell:
        
        ## turn off bash strict mode
        set +o pipefail

        ## sometimes the error is due to lack of memory
        exitcode=0
        megahit -t 4 -1 /mnt/isilon/zackular_lab_hpc/users/dic/projects/DYNAMIC_metagenomics_2020/sunbeam_output/qc/decontam/s.201.IBD_Therapy.Feces.Week_8_1.fastq.gz -2 /mnt/isilon/zackular_lab_hpc/users/dic/projects/DYNAMIC_metagenomics_2020/sunbeam_output/qc/decontam/s.201.IBD_Therapy.Feces.Week_8_2.fastq.gz -o /mnt/isilon/zackular_lab_hpc/users/dic/projects/DYNAMIC_metagenomics_2020/sunbeam_output/assembly/megahit/s.201.IBD_Therapy.Feces.Week_8_asm --continue || exitcode=$?

        if [ $exitcode -eq 255 ]
        then
            echo "Empty contigs"
            touch /mnt/isilon/zackular_lab_hpc/users/dic/projects/DYNAMIC_metagenomics_2020/sunbeam_output/assembly/megahit/s.201.IBD_Therapy.Feces.Week_8_asm/final.contigs.fa
        elif [ $exitcode -gt 1 ]
        then
            echo "Check your memory"
        fi
        
        (exited with non-zero exit code)
    cluster_jobid: Submitted batch job 6462665

Error executing rule megahit_paired on cluster (jobid: 324, external: Submitted batch job 6462665, jobscript: /mnt/isilon/zackular_lab_hpc/users/dic/projects/DYNAMIC_metagenomics_2020/sunbeam_output/.snakemake/tmp.u93sqjwg/snakejob.megahit_paired.324.sh). For error details see the cluster log and the log files of the involved rule(s).
[Wed Aug 25 10:11:18 2021]
Error in rule megahit_paired:
    jobid: 452
    output: /mnt/isilon/zackular_lab_hpc/users/dic/projects/DYNAMIC_metagenomics_2020/sunbeam_output/assembly/megahit/s.222.IBD_CDiff.Feces.Baseline_asm/final.contigs.fa
    shell:
        
        ## turn off bash strict mode
        set +o pipefail

        ## sometimes the error is due to lack of memory
        exitcode=0
        megahit -t 4 -1 /mnt/isilon/zackular_lab_hpc/users/dic/projects/DYNAMIC_metagenomics_2020/sunbeam_output/qc/decontam/s.222.IBD_CDiff.Feces.Baseline_1.fastq.gz -2 /mnt/isilon/zackular_lab_hpc/users/dic/projects/DYNAMIC_metagenomics_2020/sunbeam_output/qc/decontam/s.222.IBD_CDiff.Feces.Baseline_2.fastq.gz -o /mnt/isilon/zackular_lab_hpc/users/dic/projects/DYNAMIC_metagenomics_2020/sunbeam_output/assembly/megahit/s.222.IBD_CDiff.Feces.Baseline_asm --continue || exitcode=$?

        if [ $exitcode -eq 255 ]
        then
            echo "Empty contigs"
            touch /mnt/isilon/zackular_lab_hpc/users/dic/projects/DYNAMIC_metagenomics_2020/sunbeam_output/assembly/megahit/s.222.IBD_CDiff.Feces.Baseline_asm/final.contigs.fa
        elif [ $exitcode -gt 1 ]
        then
            echo "Check your memory"
        fi
        
        (exited with non-zero exit code)
    cluster_jobid: Submitted batch job 6462670

Error executing rule megahit_paired on cluster (jobid: 452, external: Submitted batch job 6462670, jobscript: /mnt/isilon/zackular_lab_hpc/users/dic/projects/DYNAMIC_metagenomics_2020/sunbeam_output/.snakemake/tmp.u93sqjwg/snakejob.megahit_paired.452.sh). For error details see the cluster log and the log files of the involved rule(s).
[Wed Aug 25 10:11:29 2021]
Error in rule megahit_paired:
    jobid: 383
    output: /mnt/isilon/zackular_lab_hpc/users/dic/projects/DYNAMIC_metagenomics_2020/sunbeam_output/assembly/megahit/s.359.IBDC.Diff.Stool.3.2873_asm/final.contigs.fa
    shell:
        
        ## turn off bash strict mode
        set +o pipefail

        ## sometimes the error is due to lack of memory
        exitcode=0
        megahit -t 4 -1 /mnt/isilon/zackular_lab_hpc/users/dic/projects/DYNAMIC_metagenomics_2020/sunbeam_output/qc/decontam/s.359.IBDC.Diff.Stool.3.2873_1.fastq.gz -2 /mnt/isilon/zackular_lab_hpc/users/dic/projects/DYNAMIC_metagenomics_2020/sunbeam_output/qc/decontam/s.359.IBDC.Diff.Stool.3.2873_2.fastq.gz -o /mnt/isilon/zackular_lab_hpc/users/dic/projects/DYNAMIC_metagenomics_2020/sunbeam_output/assembly/megahit/s.359.IBDC.Diff.Stool.3.2873_asm --continue || exitcode=$?

        if [ $exitcode -eq 255 ]
        then
            echo "Empty contigs"
            touch /mnt/isilon/zackular_lab_hpc/users/dic/projects/DYNAMIC_metagenomics_2020/sunbeam_output/assembly/megahit/s.359.IBDC.Diff.Stool.3.2873_asm/final.contigs.fa
        elif [ $exitcode -gt 1 ]
        then
            echo "Check your memory"
        fi
        
        (exited with non-zero exit code)
    cluster_jobid: Submitted batch job 6462652

Error executing rule megahit_paired on cluster (jobid: 383, external: Submitted batch job 6462652, jobscript: /mnt/isilon/zackular_lab_hpc/users/dic/projects/DYNAMIC_metagenomics_2020/sunbeam_output/.snakemake/tmp.u93sqjwg/snakejob.megahit_paired.383.sh). For error details see the cluster log and the log files of the involved rule(s).
[Wed Aug 25 10:11:29 2021]
Error in rule megahit_paired:
    jobid: 442
    output: /mnt/isilon/zackular_lab_hpc/users/dic/projects/DYNAMIC_metagenomics_2020/sunbeam_output/assembly/megahit/s.235.C_Diff_Oncology.Feces.Baseline_asm/final.contigs.fa
    shell:
        
        ## turn off bash strict mode
        set +o pipefail

        ## sometimes the error is due to lack of memory
        exitcode=0
        megahit -t 4 -1 /mnt/isilon/zackular_lab_hpc/users/dic/projects/DYNAMIC_metagenomics_2020/sunbeam_output/qc/decontam/s.235.C_Diff_Oncology.Feces.Baseline_1.fastq.gz -2 /mnt/isilon/zackular_lab_hpc/users/dic/projects/DYNAMIC_metagenomics_2020/sunbeam_output/qc/decontam/s.235.C_Diff_Oncology.Feces.Baseline_2.fastq.gz -o /mnt/isilon/zackular_lab_hpc/users/dic/projects/DYNAMIC_metagenomics_2020/sunbeam_output/assembly/megahit/s.235.C_Diff_Oncology.Feces.Baseline_asm --continue || exitcode=$?

        if [ $exitcode -eq 255 ]
        then
            echo "Empty contigs"
            touch /mnt/isilon/zackular_lab_hpc/users/dic/projects/DYNAMIC_metagenomics_2020/sunbeam_output/assembly/megahit/s.235.C_Diff_Oncology.Feces.Baseline_asm/final.contigs.fa
        elif [ $exitcode -gt 1 ]
        then
            echo "Check your memory"
        fi
        
        (exited with non-zero exit code)
    cluster_jobid: Submitted batch job 6462658

Error executing rule megahit_paired on cluster (jobid: 442, external: Submitted batch job 6462658, jobscript: /mnt/isilon/zackular_lab_hpc/users/dic/projects/DYNAMIC_metagenomics_2020/sunbeam_output/.snakemake/tmp.u93sqjwg/snakejob.megahit_paired.442.sh). For error details see the cluster log and the log files of the involved rule(s).
[Wed Aug 25 10:12:13 2021]
Error in rule megahit_paired:
    jobid: 548
    output: /mnt/isilon/zackular_lab_hpc/users/dic/projects/DYNAMIC_metagenomics_2020/sunbeam_output/assembly/megahit/s.201.IBD_Therapy.Feces.Week_4_asm/final.contigs.fa
    shell:
        
        ## turn off bash strict mode
        set +o pipefail

        ## sometimes the error is due to lack of memory
        exitcode=0
        megahit -t 4 -1 /mnt/isilon/zackular_lab_hpc/users/dic/projects/DYNAMIC_metagenomics_2020/sunbeam_output/qc/decontam/s.201.IBD_Therapy.Feces.Week_4_1.fastq.gz -2 /mnt/isilon/zackular_lab_hpc/users/dic/projects/DYNAMIC_metagenomics_2020/sunbeam_output/qc/decontam/s.201.IBD_Therapy.Feces.Week_4_2.fastq.gz -o /mnt/isilon/zackular_lab_hpc/users/dic/projects/DYNAMIC_metagenomics_2020/sunbeam_output/assembly/megahit/s.201.IBD_Therapy.Feces.Week_4_asm --continue || exitcode=$?

        if [ $exitcode -eq 255 ]
        then
            echo "Empty contigs"
            touch /mnt/isilon/zackular_lab_hpc/users/dic/projects/DYNAMIC_metagenomics_2020/sunbeam_output/assembly/megahit/s.201.IBD_Therapy.Feces.Week_4_asm/final.contigs.fa
        elif [ $exitcode -gt 1 ]
        then
            echo "Check your memory"
        fi
        
        (exited with non-zero exit code)
    cluster_jobid: Submitted batch job 6462662

Error executing rule megahit_paired on cluster (jobid: 548, external: Submitted batch job 6462662, jobscript: /mnt/isilon/zackular_lab_hpc/users/dic/projects/DYNAMIC_metagenomics_2020/sunbeam_output/.snakemake/tmp.u93sqjwg/snakejob.megahit_paired.548.sh). For error details see the cluster log and the log files of the involved rule(s).
[Wed Aug 25 10:12:13 2021]
Error in rule megahit_paired:
    jobid: 359
    output: /mnt/isilon/zackular_lab_hpc/users/dic/projects/DYNAMIC_metagenomics_2020/sunbeam_output/assembly/megahit/s.361.C.DiffOncology.Stool.1.2876_asm/final.contigs.fa
    shell:
        
        ## turn off bash strict mode
        set +o pipefail

        ## sometimes the error is due to lack of memory
        exitcode=0
        megahit -t 4 -1 /mnt/isilon/zackular_lab_hpc/users/dic/projects/DYNAMIC_metagenomics_2020/sunbeam_output/qc/decontam/s.361.C.DiffOncology.Stool.1.2876_1.fastq.gz -2 /mnt/isilon/zackular_lab_hpc/users/dic/projects/DYNAMIC_metagenomics_2020/sunbeam_output/qc/decontam/s.361.C.DiffOncology.Stool.1.2876_2.fastq.gz -o /mnt/isilon/zackular_lab_hpc/users/dic/projects/DYNAMIC_metagenomics_2020/sunbeam_output/assembly/megahit/s.361.C.DiffOncology.Stool.1.2876_asm --continue || exitcode=$?

        if [ $exitcode -eq 255 ]
        then
            echo "Empty contigs"
            touch /mnt/isilon/zackular_lab_hpc/users/dic/projects/DYNAMIC_metagenomics_2020/sunbeam_output/assembly/megahit/s.361.C.DiffOncology.Stool.1.2876_asm/final.contigs.fa
        elif [ $exitcode -gt 1 ]
        then
            echo "Check your memory"
        fi
        
        (exited with non-zero exit code)
    cluster_jobid: Submitted batch job 6462663

Error executing rule megahit_paired on cluster (jobid: 359, external: Submitted batch job 6462663, jobscript: /mnt/isilon/zackular_lab_hpc/users/dic/projects/DYNAMIC_metagenomics_2020/sunbeam_output/.snakemake/tmp.u93sqjwg/snakejob.megahit_paired.359.sh). For error details see the cluster log and the log files of the involved rule(s).
[Wed Aug 25 10:12:24 2021]
Error in rule megahit_paired:
    jobid: 290
    output: /mnt/isilon/zackular_lab_hpc/users/dic/projects/DYNAMIC_metagenomics_2020/sunbeam_output/assembly/megahit/s152.Healthy.Antibiotics.Feces.Baseline_asm/final.contigs.fa
    shell:
        
        ## turn off bash strict mode
        set +o pipefail

        ## sometimes the error is due to lack of memory
        exitcode=0
        megahit -t 4 -1 /mnt/isilon/zackular_lab_hpc/users/dic/projects/DYNAMIC_metagenomics_2020/sunbeam_output/qc/decontam/s152.Healthy.Antibiotics.Feces.Baseline_1.fastq.gz -2 /mnt/isilon/zackular_lab_hpc/users/dic/projects/DYNAMIC_metagenomics_2020/sunbeam_output/qc/decontam/s152.Healthy.Antibiotics.Feces.Baseline_2.fastq.gz -o /mnt/isilon/zackular_lab_hpc/users/dic/projects/DYNAMIC_metagenomics_2020/sunbeam_output/assembly/megahit/s152.Healthy.Antibiotics.Feces.Baseline_asm --continue || exitcode=$?

        if [ $exitcode -eq 255 ]
        then
            echo "Empty contigs"
            touch /mnt/isilon/zackular_lab_hpc/users/dic/projects/DYNAMIC_metagenomics_2020/sunbeam_output/assembly/megahit/s152.Healthy.Antibiotics.Feces.Baseline_asm/final.contigs.fa
        elif [ $exitcode -gt 1 ]
        then
            echo "Check your memory"
        fi
        
        (exited with non-zero exit code)
    cluster_jobid: Submitted batch job 6462650

Error executing rule megahit_paired on cluster (jobid: 290, external: Submitted batch job 6462650, jobscript: /mnt/isilon/zackular_lab_hpc/users/dic/projects/DYNAMIC_metagenomics_2020/sunbeam_output/.snakemake/tmp.u93sqjwg/snakejob.megahit_paired.290.sh). For error details see the cluster log and the log files of the involved rule(s).
[Wed Aug 25 10:12:25 2021]
Error in rule megahit_paired:
    jobid: 293
    output: /mnt/isilon/zackular_lab_hpc/users/dic/projects/DYNAMIC_metagenomics_2020/sunbeam_output/assembly/megahit/s.359.IBDC.Diff.Stool.2.2872_asm/final.contigs.fa
    shell:
        
        ## turn off bash strict mode
        set +o pipefail

        ## sometimes the error is due to lack of memory
        exitcode=0
        megahit -t 4 -1 /mnt/isilon/zackular_lab_hpc/users/dic/projects/DYNAMIC_metagenomics_2020/sunbeam_output/qc/decontam/s.359.IBDC.Diff.Stool.2.2872_1.fastq.gz -2 /mnt/isilon/zackular_lab_hpc/users/dic/projects/DYNAMIC_metagenomics_2020/sunbeam_output/qc/decontam/s.359.IBDC.Diff.Stool.2.2872_2.fastq.gz -o /mnt/isilon/zackular_lab_hpc/users/dic/projects/DYNAMIC_metagenomics_2020/sunbeam_output/assembly/megahit/s.359.IBDC.Diff.Stool.2.2872_asm --continue || exitcode=$?

        if [ $exitcode -eq 255 ]
        then
            echo "Empty contigs"
            touch /mnt/isilon/zackular_lab_hpc/users/dic/projects/DYNAMIC_metagenomics_2020/sunbeam_output/assembly/megahit/s.359.IBDC.Diff.Stool.2.2872_asm/final.contigs.fa
        elif [ $exitcode -gt 1 ]
        then
            echo "Check your memory"
        fi
        
        (exited with non-zero exit code)
    cluster_jobid: Submitted batch job 6462664

Error executing rule megahit_paired on cluster (jobid: 293, external: Submitted batch job 6462664, jobscript: /mnt/isilon/zackular_lab_hpc/users/dic/projects/DYNAMIC_metagenomics_2020/sunbeam_output/.snakemake/tmp.u93sqjwg/snakejob.megahit_paired.293.sh). For error details see the cluster log and the log files of the involved rule(s).
[Wed Aug 25 10:13:09 2021]
Error in rule megahit_paired:
    jobid: 337
    output: /mnt/isilon/zackular_lab_hpc/users/dic/projects/DYNAMIC_metagenomics_2020/sunbeam_output/assembly/megahit/s159.Healthy.Antibiotics.Feces.Week.4_asm/final.contigs.fa
    shell:
        
        ## turn off bash strict mode
        set +o pipefail

        ## sometimes the error is due to lack of memory
        exitcode=0
        megahit -t 4 -1 /mnt/isilon/zackular_lab_hpc/users/dic/projects/DYNAMIC_metagenomics_2020/sunbeam_output/qc/decontam/s159.Healthy.Antibiotics.Feces.Week.4_1.fastq.gz -2 /mnt/isilon/zackular_lab_hpc/users/dic/projects/DYNAMIC_metagenomics_2020/sunbeam_output/qc/decontam/s159.Healthy.Antibiotics.Feces.Week.4_2.fastq.gz -o /mnt/isilon/zackular_lab_hpc/users/dic/projects/DYNAMIC_metagenomics_2020/sunbeam_output/assembly/megahit/s159.Healthy.Antibiotics.Feces.Week.4_asm --continue || exitcode=$?

        if [ $exitcode -eq 255 ]
        then
            echo "Empty contigs"
            touch /mnt/isilon/zackular_lab_hpc/users/dic/projects/DYNAMIC_metagenomics_2020/sunbeam_output/assembly/megahit/s159.Healthy.Antibiotics.Feces.Week.4_asm/final.contigs.fa
        elif [ $exitcode -gt 1 ]
        then
            echo "Check your memory"
        fi
        
        (exited with non-zero exit code)
    cluster_jobid: Submitted batch job 6462657

Error executing rule megahit_paired on cluster (jobid: 337, external: Submitted batch job 6462657, jobscript: /mnt/isilon/zackular_lab_hpc/users/dic/projects/DYNAMIC_metagenomics_2020/sunbeam_output/.snakemake/tmp.u93sqjwg/snakejob.megahit_paired.337.sh). For error details see the cluster log and the log files of the involved rule(s).
[Wed Aug 25 10:13:09 2021]
Error in rule megahit_paired:
    jobid: 486
    output: /mnt/isilon/zackular_lab_hpc/users/dic/projects/DYNAMIC_metagenomics_2020/sunbeam_output/assembly/megahit/s102.IBD.Therapy.Feces.Week.8_asm/final.contigs.fa
    shell:
        
        ## turn off bash strict mode
        set +o pipefail

        ## sometimes the error is due to lack of memory
        exitcode=0
        megahit -t 4 -1 /mnt/isilon/zackular_lab_hpc/users/dic/projects/DYNAMIC_metagenomics_2020/sunbeam_output/qc/decontam/s102.IBD.Therapy.Feces.Week.8_1.fastq.gz -2 /mnt/isilon/zackular_lab_hpc/users/dic/projects/DYNAMIC_metagenomics_2020/sunbeam_output/qc/decontam/s102.IBD.Therapy.Feces.Week.8_2.fastq.gz -o /mnt/isilon/zackular_lab_hpc/users/dic/projects/DYNAMIC_metagenomics_2020/sunbeam_output/assembly/megahit/s102.IBD.Therapy.Feces.Week.8_asm --continue || exitcode=$?

        if [ $exitcode -eq 255 ]
        then
            echo "Empty contigs"
            touch /mnt/isilon/zackular_lab_hpc/users/dic/projects/DYNAMIC_metagenomics_2020/sunbeam_output/assembly/megahit/s102.IBD.Therapy.Feces.Week.8_asm/final.contigs.fa
        elif [ $exitcode -gt 1 ]
        then
            echo "Check your memory"
        fi
        
        (exited with non-zero exit code)
    cluster_jobid: Submitted batch job 6462667

Error executing rule megahit_paired on cluster (jobid: 486, external: Submitted batch job 6462667, jobscript: /mnt/isilon/zackular_lab_hpc/users/dic/projects/DYNAMIC_metagenomics_2020/sunbeam_output/.snakemake/tmp.u93sqjwg/snakejob.megahit_paired.486.sh). For error details see the cluster log and the log files of the involved rule(s).
[Wed Aug 25 10:13:20 2021]
Error in rule megahit_paired:
    jobid: 287
    output: /mnt/isilon/zackular_lab_hpc/users/dic/projects/DYNAMIC_metagenomics_2020/sunbeam_output/assembly/megahit/s32.C_diff.Feces.Visit3_asm/final.contigs.fa
    shell:
        
        ## turn off bash strict mode
        set +o pipefail

        ## sometimes the error is due to lack of memory
        exitcode=0
        megahit -t 4 -1 /mnt/isilon/zackular_lab_hpc/users/dic/projects/DYNAMIC_metagenomics_2020/sunbeam_output/qc/decontam/s32.C_diff.Feces.Visit3_1.fastq.gz -2 /mnt/isilon/zackular_lab_hpc/users/dic/projects/DYNAMIC_metagenomics_2020/sunbeam_output/qc/decontam/s32.C_diff.Feces.Visit3_2.fastq.gz -o /mnt/isilon/zackular_lab_hpc/users/dic/projects/DYNAMIC_metagenomics_2020/sunbeam_output/assembly/megahit/s32.C_diff.Feces.Visit3_asm --continue || exitcode=$?

        if [ $exitcode -eq 255 ]
        then
            echo "Empty contigs"
            touch /mnt/isilon/zackular_lab_hpc/users/dic/projects/DYNAMIC_metagenomics_2020/sunbeam_output/assembly/megahit/s32.C_diff.Feces.Visit3_asm/final.contigs.fa
        elif [ $exitcode -gt 1 ]
        then
            echo "Check your memory"
        fi
        
        (exited with non-zero exit code)
    cluster_jobid: Submitted batch job 6462649

Error executing rule megahit_paired on cluster (jobid: 287, external: Submitted batch job 6462649, jobscript: /mnt/isilon/zackular_lab_hpc/users/dic/projects/DYNAMIC_metagenomics_2020/sunbeam_output/.snakemake/tmp.u93sqjwg/snakejob.megahit_paired.287.sh). For error details see the cluster log and the log files of the involved rule(s).
[Wed Aug 25 10:14:00 2021]
Error in rule megahit_paired:
    jobid: 435
    output: /mnt/isilon/zackular_lab_hpc/users/dic/projects/DYNAMIC_metagenomics_2020/sunbeam_output/assembly/megahit/s078.IBD.Therapy.Feces.Week.4_asm/final.contigs.fa
    shell:
        
        ## turn off bash strict mode
        set +o pipefail

        ## sometimes the error is due to lack of memory
        exitcode=0
        megahit -t 4 -1 /mnt/isilon/zackular_lab_hpc/users/dic/projects/DYNAMIC_metagenomics_2020/sunbeam_output/qc/decontam/s078.IBD.Therapy.Feces.Week.4_1.fastq.gz -2 /mnt/isilon/zackular_lab_hpc/users/dic/projects/DYNAMIC_metagenomics_2020/sunbeam_output/qc/decontam/s078.IBD.Therapy.Feces.Week.4_2.fastq.gz -o /mnt/isilon/zackular_lab_hpc/users/dic/projects/DYNAMIC_metagenomics_2020/sunbeam_output/assembly/megahit/s078.IBD.Therapy.Feces.Week.4_asm --continue || exitcode=$?

        if [ $exitcode -eq 255 ]
        then
            echo "Empty contigs"
            touch /mnt/isilon/zackular_lab_hpc/users/dic/projects/DYNAMIC_metagenomics_2020/sunbeam_output/assembly/megahit/s078.IBD.Therapy.Feces.Week.4_asm/final.contigs.fa
        elif [ $exitcode -gt 1 ]
        then
            echo "Check your memory"
        fi
        
        (exited with non-zero exit code)
    cluster_jobid: Submitted batch job 6462659

Error executing rule megahit_paired on cluster (jobid: 435, external: Submitted batch job 6462659, jobscript: /mnt/isilon/zackular_lab_hpc/users/dic/projects/DYNAMIC_metagenomics_2020/sunbeam_output/.snakemake/tmp.u93sqjwg/snakejob.megahit_paired.435.sh). For error details see the cluster log and the log files of the involved rule(s).
[Wed Aug 25 10:14:40 2021]
Error in rule megahit_paired:
    jobid: 372
    output: /mnt/isilon/zackular_lab_hpc/users/dic/projects/DYNAMIC_metagenomics_2020/sunbeam_output/assembly/megahit/s159.Healthy.Antibiotics.Feces.Week.8_asm/final.contigs.fa
    shell:
        
        ## turn off bash strict mode
        set +o pipefail

        ## sometimes the error is due to lack of memory
        exitcode=0
        megahit -t 4 -1 /mnt/isilon/zackular_lab_hpc/users/dic/projects/DYNAMIC_metagenomics_2020/sunbeam_output/qc/decontam/s159.Healthy.Antibiotics.Feces.Week.8_1.fastq.gz -2 /mnt/isilon/zackular_lab_hpc/users/dic/projects/DYNAMIC_metagenomics_2020/sunbeam_output/qc/decontam/s159.Healthy.Antibiotics.Feces.Week.8_2.fastq.gz -o /mnt/isilon/zackular_lab_hpc/users/dic/projects/DYNAMIC_metagenomics_2020/sunbeam_output/assembly/megahit/s159.Healthy.Antibiotics.Feces.Week.8_asm --continue || exitcode=$?

        if [ $exitcode -eq 255 ]
        then
            echo "Empty contigs"
            touch /mnt/isilon/zackular_lab_hpc/users/dic/projects/DYNAMIC_metagenomics_2020/sunbeam_output/assembly/megahit/s159.Healthy.Antibiotics.Feces.Week.8_asm/final.contigs.fa
        elif [ $exitcode -gt 1 ]
        then
            echo "Check your memory"
        fi
        
        (exited with non-zero exit code)
    cluster_jobid: Submitted batch job 6462651

Error executing rule megahit_paired on cluster (jobid: 372, external: Submitted batch job 6462651, jobscript: /mnt/isilon/zackular_lab_hpc/users/dic/projects/DYNAMIC_metagenomics_2020/sunbeam_output/.snakemake/tmp.u93sqjwg/snakejob.megahit_paired.372.sh). For error details see the cluster log and the log files of the involved rule(s).
[Wed Aug 25 10:14:50 2021]
Error in rule megahit_paired:
    jobid: 455
    output: /mnt/isilon/zackular_lab_hpc/users/dic/projects/DYNAMIC_metagenomics_2020/sunbeam_output/assembly/megahit/s25.IBD_Therapy.Feces.Week_8_asm/final.contigs.fa
    shell:
        
        ## turn off bash strict mode
        set +o pipefail

        ## sometimes the error is due to lack of memory
        exitcode=0
        megahit -t 4 -1 /mnt/isilon/zackular_lab_hpc/users/dic/projects/DYNAMIC_metagenomics_2020/sunbeam_output/qc/decontam/s25.IBD_Therapy.Feces.Week_8_1.fastq.gz -2 /mnt/isilon/zackular_lab_hpc/users/dic/projects/DYNAMIC_metagenomics_2020/sunbeam_output/qc/decontam/s25.IBD_Therapy.Feces.Week_8_2.fastq.gz -o /mnt/isilon/zackular_lab_hpc/users/dic/projects/DYNAMIC_metagenomics_2020/sunbeam_output/assembly/megahit/s25.IBD_Therapy.Feces.Week_8_asm --continue || exitcode=$?

        if [ $exitcode -eq 255 ]
        then
            echo "Empty contigs"
            touch /mnt/isilon/zackular_lab_hpc/users/dic/projects/DYNAMIC_metagenomics_2020/sunbeam_output/assembly/megahit/s25.IBD_Therapy.Feces.Week_8_asm/final.contigs.fa
        elif [ $exitcode -gt 1 ]
        then
            echo "Check your memory"
        fi
        
        (exited with non-zero exit code)
    cluster_jobid: Submitted batch job 6462647

Error executing rule megahit_paired on cluster (jobid: 455, external: Submitted batch job 6462647, jobscript: /mnt/isilon/zackular_lab_hpc/users/dic/projects/DYNAMIC_metagenomics_2020/sunbeam_output/.snakemake/tmp.u93sqjwg/snakejob.megahit_paired.455.sh). For error details see the cluster log and the log files of the involved rule(s).
[Wed Aug 25 10:16:20 2021]
Error in rule megahit_paired:
    jobid: 367
    output: /mnt/isilon/zackular_lab_hpc/users/dic/projects/DYNAMIC_metagenomics_2020/sunbeam_output/assembly/megahit/s143.VEO.Feces.Week.4_asm/final.contigs.fa
    shell:
        
        ## turn off bash strict mode
        set +o pipefail

        ## sometimes the error is due to lack of memory
        exitcode=0
        megahit -t 4 -1 /mnt/isilon/zackular_lab_hpc/users/dic/projects/DYNAMIC_metagenomics_2020/sunbeam_output/qc/decontam/s143.VEO.Feces.Week.4_1.fastq.gz -2 /mnt/isilon/zackular_lab_hpc/users/dic/projects/DYNAMIC_metagenomics_2020/sunbeam_output/qc/decontam/s143.VEO.Feces.Week.4_2.fastq.gz -o /mnt/isilon/zackular_lab_hpc/users/dic/projects/DYNAMIC_metagenomics_2020/sunbeam_output/assembly/megahit/s143.VEO.Feces.Week.4_asm --continue || exitcode=$?

        if [ $exitcode -eq 255 ]
        then
            echo "Empty contigs"
            touch /mnt/isilon/zackular_lab_hpc/users/dic/projects/DYNAMIC_metagenomics_2020/sunbeam_output/assembly/megahit/s143.VEO.Feces.Week.4_asm/final.contigs.fa
        elif [ $exitcode -gt 1 ]
        then
            echo "Check your memory"
        fi
        
        (exited with non-zero exit code)
    cluster_jobid: Submitted batch job 6462666

Error executing rule megahit_paired on cluster (jobid: 367, external: Submitted batch job 6462666, jobscript: /mnt/isilon/zackular_lab_hpc/users/dic/projects/DYNAMIC_metagenomics_2020/sunbeam_output/.snakemake/tmp.u93sqjwg/snakejob.megahit_paired.367.sh). For error details see the cluster log and the log files of the involved rule(s).
[Wed Aug 25 10:16:20 2021]
Error in rule megahit_paired:
    jobid: 493
    output: /mnt/isilon/zackular_lab_hpc/users/dic/projects/DYNAMIC_metagenomics_2020/sunbeam_output/assembly/megahit/s20.C_diff.Feces.Visit1_asm/final.contigs.fa
    shell:
        
        ## turn off bash strict mode
        set +o pipefail

        ## sometimes the error is due to lack of memory
        exitcode=0
        megahit -t 4 -1 /mnt/isilon/zackular_lab_hpc/users/dic/projects/DYNAMIC_metagenomics_2020/sunbeam_output/qc/decontam/s20.C_diff.Feces.Visit1_1.fastq.gz -2 /mnt/isilon/zackular_lab_hpc/users/dic/projects/DYNAMIC_metagenomics_2020/sunbeam_output/qc/decontam/s20.C_diff.Feces.Visit1_2.fastq.gz -o /mnt/isilon/zackular_lab_hpc/users/dic/projects/DYNAMIC_metagenomics_2020/sunbeam_output/assembly/megahit/s20.C_diff.Feces.Visit1_asm --continue || exitcode=$?

        if [ $exitcode -eq 255 ]
        then
            echo "Empty contigs"
            touch /mnt/isilon/zackular_lab_hpc/users/dic/projects/DYNAMIC_metagenomics_2020/sunbeam_output/assembly/megahit/s20.C_diff.Feces.Visit1_asm/final.contigs.fa
        elif [ $exitcode -gt 1 ]
        then
            echo "Check your memory"
        fi
        
        (exited with non-zero exit code)
    cluster_jobid: Submitted batch job 6462669

Error executing rule megahit_paired on cluster (jobid: 493, external: Submitted batch job 6462669, jobscript: /mnt/isilon/zackular_lab_hpc/users/dic/projects/DYNAMIC_metagenomics_2020/sunbeam_output/.snakemake/tmp.u93sqjwg/snakejob.megahit_paired.493.sh). For error details see the cluster log and the log files of the involved rule(s).
[Wed Aug 25 10:17:00 2021]
Error in rule megahit_paired:
    jobid: 323
    output: /mnt/isilon/zackular_lab_hpc/users/dic/projects/DYNAMIC_metagenomics_2020/sunbeam_output/assembly/megahit/s.135.Healthy.Antibiotics.Feces.Week.8_asm/final.contigs.fa
    shell:
        
        ## turn off bash strict mode
        set +o pipefail

        ## sometimes the error is due to lack of memory
        exitcode=0
        megahit -t 4 -1 /mnt/isilon/zackular_lab_hpc/users/dic/projects/DYNAMIC_metagenomics_2020/sunbeam_output/qc/decontam/s.135.Healthy.Antibiotics.Feces.Week.8_1.fastq.gz -2 /mnt/isilon/zackular_lab_hpc/users/dic/projects/DYNAMIC_metagenomics_2020/sunbeam_output/qc/decontam/s.135.Healthy.Antibiotics.Feces.Week.8_2.fastq.gz -o /mnt/isilon/zackular_lab_hpc/users/dic/projects/DYNAMIC_metagenomics_2020/sunbeam_output/assembly/megahit/s.135.Healthy.Antibiotics.Feces.Week.8_asm --continue || exitcode=$?

        if [ $exitcode -eq 255 ]
        then
            echo "Empty contigs"
            touch /mnt/isilon/zackular_lab_hpc/users/dic/projects/DYNAMIC_metagenomics_2020/sunbeam_output/assembly/megahit/s.135.Healthy.Antibiotics.Feces.Week.8_asm/final.contigs.fa
        elif [ $exitcode -gt 1 ]
        then
            echo "Check your memory"
        fi
        
        (exited with non-zero exit code)
    cluster_jobid: Submitted batch job 6462668

Error executing rule megahit_paired on cluster (jobid: 323, external: Submitted batch job 6462668, jobscript: /mnt/isilon/zackular_lab_hpc/users/dic/projects/DYNAMIC_metagenomics_2020/sunbeam_output/.snakemake/tmp.u93sqjwg/snakejob.megahit_paired.323.sh). For error details see the cluster log and the log files of the involved rule(s).
[Wed Aug 25 10:17:40 2021]
Error in rule megahit_paired:
    jobid: 534
    output: /mnt/isilon/zackular_lab_hpc/users/dic/projects/DYNAMIC_metagenomics_2020/sunbeam_output/assembly/megahit/s.347.IBDTherapy.Stool.1.2668_asm/final.contigs.fa
    shell:
        
        ## turn off bash strict mode
        set +o pipefail

        ## sometimes the error is due to lack of memory
        exitcode=0
        megahit -t 4 -1 /mnt/isilon/zackular_lab_hpc/users/dic/projects/DYNAMIC_metagenomics_2020/sunbeam_output/qc/decontam/s.347.IBDTherapy.Stool.1.2668_1.fastq.gz -2 /mnt/isilon/zackular_lab_hpc/users/dic/projects/DYNAMIC_metagenomics_2020/sunbeam_output/qc/decontam/s.347.IBDTherapy.Stool.1.2668_2.fastq.gz -o /mnt/isilon/zackular_lab_hpc/users/dic/projects/DYNAMIC_metagenomics_2020/sunbeam_output/assembly/megahit/s.347.IBDTherapy.Stool.1.2668_asm --continue || exitcode=$?

        if [ $exitcode -eq 255 ]
        then
            echo "Empty contigs"
            touch /mnt/isilon/zackular_lab_hpc/users/dic/projects/DYNAMIC_metagenomics_2020/sunbeam_output/assembly/megahit/s.347.IBDTherapy.Stool.1.2668_asm/final.contigs.fa
        elif [ $exitcode -gt 1 ]
        then
            echo "Check your memory"
        fi
        
        (exited with non-zero exit code)
    cluster_jobid: Submitted batch job 6462661

Error executing rule megahit_paired on cluster (jobid: 534, external: Submitted batch job 6462661, jobscript: /mnt/isilon/zackular_lab_hpc/users/dic/projects/DYNAMIC_metagenomics_2020/sunbeam_output/.snakemake/tmp.u93sqjwg/snakejob.megahit_paired.534.sh). For error details see the cluster log and the log files of the involved rule(s).
Shutting down, this might take some time.
Exiting because a job execution failed. Look above for error message
Complete log: /mnt/isilon/zackular_lab_hpc/users/dic/projects/DYNAMIC_metagenomics_2020/.snakemake/log/2021-08-25T100823.862576.snakemake.log
