Building DAG of jobs...
Using shell: /usr/bin/bash
Provided cluster nodes: 100
Job counts:
	count	jobs
	1	all_classify
	1	classic_biom
	1	kraken_biom
	23	kraken_classify
	23	kraken_report
	49

[Tue Aug 10 10:44:01 2021]
rule kraken_classify:
    input: /mnt/isilon/zackular_lab_hpc/users/dic/projects/DYNAMIC_metagenomics_2020/sunbeam_output/qc/decontam/SRR10029133_1.fastq.gz, /mnt/isilon/zackular_lab_hpc/users/dic/projects/DYNAMIC_metagenomics_2020/sunbeam_output/qc/decontam/SRR10029133_2.fastq.gz
    output: /mnt/isilon/zackular_lab_hpc/users/dic/projects/DYNAMIC_metagenomics_2020/sunbeam_output/classify/kraken/raw/SRR10029133-raw.tsv
    jobid: 228
    wildcards: sample=SRR10029133
    threads: 4

Submitted job 228 with external jobid 'Submitted batch job 5973302'.

[Tue Aug 10 10:44:01 2021]
rule kraken_classify:
    input: /mnt/isilon/zackular_lab_hpc/users/dic/projects/DYNAMIC_metagenomics_2020/sunbeam_output/qc/decontam/SRR10029124_1.fastq.gz, /mnt/isilon/zackular_lab_hpc/users/dic/projects/DYNAMIC_metagenomics_2020/sunbeam_output/qc/decontam/SRR10029124_2.fastq.gz
    output: /mnt/isilon/zackular_lab_hpc/users/dic/projects/DYNAMIC_metagenomics_2020/sunbeam_output/classify/kraken/raw/SRR10029124-raw.tsv
    jobid: 263
    wildcards: sample=SRR10029124
    threads: 4

Submitted job 263 with external jobid 'Submitted batch job 5973303'.

[Tue Aug 10 10:44:03 2021]
rule kraken_classify:
    input: /mnt/isilon/zackular_lab_hpc/users/dic/projects/DYNAMIC_metagenomics_2020/sunbeam_output/qc/decontam/SRR10029247_1.fastq.gz, /mnt/isilon/zackular_lab_hpc/users/dic/projects/DYNAMIC_metagenomics_2020/sunbeam_output/qc/decontam/SRR10029247_2.fastq.gz
    output: /mnt/isilon/zackular_lab_hpc/users/dic/projects/DYNAMIC_metagenomics_2020/sunbeam_output/classify/kraken/raw/SRR10029247-raw.tsv
    jobid: 157
    wildcards: sample=SRR10029247
    threads: 4

Submitted job 157 with external jobid 'Submitted batch job 5973304'.

[Tue Aug 10 10:44:03 2021]
rule kraken_classify:
    input: /mnt/isilon/zackular_lab_hpc/users/dic/projects/DYNAMIC_metagenomics_2020/sunbeam_output/qc/decontam/SRR10029209_1.fastq.gz, /mnt/isilon/zackular_lab_hpc/users/dic/projects/DYNAMIC_metagenomics_2020/sunbeam_output/qc/decontam/SRR10029209_2.fastq.gz
    output: /mnt/isilon/zackular_lab_hpc/users/dic/projects/DYNAMIC_metagenomics_2020/sunbeam_output/classify/kraken/raw/SRR10029209-raw.tsv
    jobid: 247
    wildcards: sample=SRR10029209
    threads: 4

Submitted job 247 with external jobid 'Submitted batch job 5973305'.

[Tue Aug 10 10:44:04 2021]
rule kraken_classify:
    input: /mnt/isilon/zackular_lab_hpc/users/dic/projects/DYNAMIC_metagenomics_2020/sunbeam_output/qc/decontam/SRR10029126_1.fastq.gz, /mnt/isilon/zackular_lab_hpc/users/dic/projects/DYNAMIC_metagenomics_2020/sunbeam_output/qc/decontam/SRR10029126_2.fastq.gz
    output: /mnt/isilon/zackular_lab_hpc/users/dic/projects/DYNAMIC_metagenomics_2020/sunbeam_output/classify/kraken/raw/SRR10029126-raw.tsv
    jobid: 152
    wildcards: sample=SRR10029126
    threads: 4

Submitted job 152 with external jobid 'Submitted batch job 5973306'.

[Tue Aug 10 10:44:04 2021]
rule kraken_classify:
    input: /mnt/isilon/zackular_lab_hpc/users/dic/projects/DYNAMIC_metagenomics_2020/sunbeam_output/qc/decontam/SRR10029230_1.fastq.gz, /mnt/isilon/zackular_lab_hpc/users/dic/projects/DYNAMIC_metagenomics_2020/sunbeam_output/qc/decontam/SRR10029230_2.fastq.gz
    output: /mnt/isilon/zackular_lab_hpc/users/dic/projects/DYNAMIC_metagenomics_2020/sunbeam_output/classify/kraken/raw/SRR10029230-raw.tsv
    jobid: 205
    wildcards: sample=SRR10029230
    threads: 4

Submitted job 205 with external jobid 'Submitted batch job 5973307'.

[Tue Aug 10 10:44:05 2021]
rule kraken_classify:
    input: /mnt/isilon/zackular_lab_hpc/users/dic/projects/DYNAMIC_metagenomics_2020/sunbeam_output/qc/decontam/SRR10029205_1.fastq.gz, /mnt/isilon/zackular_lab_hpc/users/dic/projects/DYNAMIC_metagenomics_2020/sunbeam_output/qc/decontam/SRR10029205_2.fastq.gz
    output: /mnt/isilon/zackular_lab_hpc/users/dic/projects/DYNAMIC_metagenomics_2020/sunbeam_output/classify/kraken/raw/SRR10029205-raw.tsv
    jobid: 156
    wildcards: sample=SRR10029205
    threads: 4

Submitted job 156 with external jobid 'Submitted batch job 5973308'.

[Tue Aug 10 10:44:05 2021]
rule kraken_classify:
    input: /mnt/isilon/zackular_lab_hpc/users/dic/projects/DYNAMIC_metagenomics_2020/sunbeam_output/qc/decontam/SRR10029136_1.fastq.gz, /mnt/isilon/zackular_lab_hpc/users/dic/projects/DYNAMIC_metagenomics_2020/sunbeam_output/qc/decontam/SRR10029136_2.fastq.gz
    output: /mnt/isilon/zackular_lab_hpc/users/dic/projects/DYNAMIC_metagenomics_2020/sunbeam_output/classify/kraken/raw/SRR10029136-raw.tsv
    jobid: 290
    wildcards: sample=SRR10029136
    threads: 4

Submitted job 290 with external jobid 'Submitted batch job 5973309'.

[Tue Aug 10 10:44:06 2021]
rule kraken_classify:
    input: /mnt/isilon/zackular_lab_hpc/users/dic/projects/DYNAMIC_metagenomics_2020/sunbeam_output/qc/decontam/SRR10029198_1.fastq.gz, /mnt/isilon/zackular_lab_hpc/users/dic/projects/DYNAMIC_metagenomics_2020/sunbeam_output/qc/decontam/SRR10029198_2.fastq.gz
    output: /mnt/isilon/zackular_lab_hpc/users/dic/projects/DYNAMIC_metagenomics_2020/sunbeam_output/classify/kraken/raw/SRR10029198-raw.tsv
    jobid: 206
    wildcards: sample=SRR10029198
    threads: 4

Submitted job 206 with external jobid 'Submitted batch job 5973310'.

[Tue Aug 10 10:44:07 2021]
rule kraken_classify:
    input: /mnt/isilon/zackular_lab_hpc/users/dic/projects/DYNAMIC_metagenomics_2020/sunbeam_output/qc/decontam/SRR10029134_1.fastq.gz, /mnt/isilon/zackular_lab_hpc/users/dic/projects/DYNAMIC_metagenomics_2020/sunbeam_output/qc/decontam/SRR10029134_2.fastq.gz
    output: /mnt/isilon/zackular_lab_hpc/users/dic/projects/DYNAMIC_metagenomics_2020/sunbeam_output/classify/kraken/raw/SRR10029134-raw.tsv
    jobid: 171
    wildcards: sample=SRR10029134
    threads: 4

Submitted job 171 with external jobid 'Submitted batch job 5973311'.

[Tue Aug 10 10:44:10 2021]
rule kraken_classify:
    input: /mnt/isilon/zackular_lab_hpc/users/dic/projects/DYNAMIC_metagenomics_2020/sunbeam_output/qc/decontam/SRR10029223_1.fastq.gz, /mnt/isilon/zackular_lab_hpc/users/dic/projects/DYNAMIC_metagenomics_2020/sunbeam_output/qc/decontam/SRR10029223_2.fastq.gz
    output: /mnt/isilon/zackular_lab_hpc/users/dic/projects/DYNAMIC_metagenomics_2020/sunbeam_output/classify/kraken/raw/SRR10029223-raw.tsv
    jobid: 251
    wildcards: sample=SRR10029223
    threads: 4

Submitted job 251 with external jobid 'Submitted batch job 5973312'.

[Tue Aug 10 10:44:11 2021]
rule kraken_classify:
    input: /mnt/isilon/zackular_lab_hpc/users/dic/projects/DYNAMIC_metagenomics_2020/sunbeam_output/qc/decontam/SRR10029208_1.fastq.gz, /mnt/isilon/zackular_lab_hpc/users/dic/projects/DYNAMIC_metagenomics_2020/sunbeam_output/qc/decontam/SRR10029208_2.fastq.gz
    output: /mnt/isilon/zackular_lab_hpc/users/dic/projects/DYNAMIC_metagenomics_2020/sunbeam_output/classify/kraken/raw/SRR10029208-raw.tsv
    jobid: 196
    wildcards: sample=SRR10029208
    threads: 4

Submitted job 196 with external jobid 'Submitted batch job 5973313'.

[Tue Aug 10 10:44:11 2021]
rule kraken_classify:
    input: /mnt/isilon/zackular_lab_hpc/users/dic/projects/DYNAMIC_metagenomics_2020/sunbeam_output/qc/decontam/SRR10029241_1.fastq.gz, /mnt/isilon/zackular_lab_hpc/users/dic/projects/DYNAMIC_metagenomics_2020/sunbeam_output/qc/decontam/SRR10029241_2.fastq.gz
    output: /mnt/isilon/zackular_lab_hpc/users/dic/projects/DYNAMIC_metagenomics_2020/sunbeam_output/classify/kraken/raw/SRR10029241-raw.tsv
    jobid: 185
    wildcards: sample=SRR10029241
    threads: 4

Submitted job 185 with external jobid 'Submitted batch job 5973314'.

[Tue Aug 10 10:44:12 2021]
rule kraken_classify:
    input: /mnt/isilon/zackular_lab_hpc/users/dic/projects/DYNAMIC_metagenomics_2020/sunbeam_output/qc/decontam/SRR10029165_1.fastq.gz, /mnt/isilon/zackular_lab_hpc/users/dic/projects/DYNAMIC_metagenomics_2020/sunbeam_output/qc/decontam/SRR10029165_2.fastq.gz
    output: /mnt/isilon/zackular_lab_hpc/users/dic/projects/DYNAMIC_metagenomics_2020/sunbeam_output/classify/kraken/raw/SRR10029165-raw.tsv
    jobid: 187
    wildcards: sample=SRR10029165
    threads: 4

Submitted job 187 with external jobid 'Submitted batch job 5973315'.

[Tue Aug 10 10:44:13 2021]
rule kraken_classify:
    input: /mnt/isilon/zackular_lab_hpc/users/dic/projects/DYNAMIC_metagenomics_2020/sunbeam_output/qc/decontam/SRR10029211_1.fastq.gz, /mnt/isilon/zackular_lab_hpc/users/dic/projects/DYNAMIC_metagenomics_2020/sunbeam_output/qc/decontam/SRR10029211_2.fastq.gz
    output: /mnt/isilon/zackular_lab_hpc/users/dic/projects/DYNAMIC_metagenomics_2020/sunbeam_output/classify/kraken/raw/SRR10029211-raw.tsv
    jobid: 218
    wildcards: sample=SRR10029211
    threads: 4

Submitted job 218 with external jobid 'Submitted batch job 5973316'.

[Tue Aug 10 10:44:14 2021]
rule kraken_classify:
    input: /mnt/isilon/zackular_lab_hpc/users/dic/projects/DYNAMIC_metagenomics_2020/sunbeam_output/qc/decontam/SRR10029271_1.fastq.gz, /mnt/isilon/zackular_lab_hpc/users/dic/projects/DYNAMIC_metagenomics_2020/sunbeam_output/qc/decontam/SRR10029271_2.fastq.gz
    output: /mnt/isilon/zackular_lab_hpc/users/dic/projects/DYNAMIC_metagenomics_2020/sunbeam_output/classify/kraken/raw/SRR10029271-raw.tsv
    jobid: 246
    wildcards: sample=SRR10029271
    threads: 4

Submitted job 246 with external jobid 'Submitted batch job 5973317'.

[Tue Aug 10 10:44:15 2021]
rule kraken_classify:
    input: /mnt/isilon/zackular_lab_hpc/users/dic/projects/DYNAMIC_metagenomics_2020/sunbeam_output/qc/decontam/SRR10029180_1.fastq.gz, /mnt/isilon/zackular_lab_hpc/users/dic/projects/DYNAMIC_metagenomics_2020/sunbeam_output/qc/decontam/SRR10029180_2.fastq.gz
    output: /mnt/isilon/zackular_lab_hpc/users/dic/projects/DYNAMIC_metagenomics_2020/sunbeam_output/classify/kraken/raw/SRR10029180-raw.tsv
    jobid: 158
    wildcards: sample=SRR10029180
    threads: 4

Submitted job 158 with external jobid 'Submitted batch job 5973318'.

[Tue Aug 10 10:44:16 2021]
rule kraken_classify:
    input: /mnt/isilon/zackular_lab_hpc/users/dic/projects/DYNAMIC_metagenomics_2020/sunbeam_output/qc/decontam/SRR10029206_1.fastq.gz, /mnt/isilon/zackular_lab_hpc/users/dic/projects/DYNAMIC_metagenomics_2020/sunbeam_output/qc/decontam/SRR10029206_2.fastq.gz
    output: /mnt/isilon/zackular_lab_hpc/users/dic/projects/DYNAMIC_metagenomics_2020/sunbeam_output/classify/kraken/raw/SRR10029206-raw.tsv
    jobid: 219
    wildcards: sample=SRR10029206
    threads: 4

Submitted job 219 with external jobid 'Submitted batch job 5973319'.

[Tue Aug 10 10:44:17 2021]
rule kraken_classify:
    input: /mnt/isilon/zackular_lab_hpc/users/dic/projects/DYNAMIC_metagenomics_2020/sunbeam_output/qc/decontam/SRR10029181_1.fastq.gz, /mnt/isilon/zackular_lab_hpc/users/dic/projects/DYNAMIC_metagenomics_2020/sunbeam_output/qc/decontam/SRR10029181_2.fastq.gz
    output: /mnt/isilon/zackular_lab_hpc/users/dic/projects/DYNAMIC_metagenomics_2020/sunbeam_output/classify/kraken/raw/SRR10029181-raw.tsv
    jobid: 294
    wildcards: sample=SRR10029181
    threads: 4

Submitted job 294 with external jobid 'Submitted batch job 5973320'.

[Tue Aug 10 10:44:18 2021]
rule kraken_classify:
    input: /mnt/isilon/zackular_lab_hpc/users/dic/projects/DYNAMIC_metagenomics_2020/sunbeam_output/qc/decontam/SRR10029150_1.fastq.gz, /mnt/isilon/zackular_lab_hpc/users/dic/projects/DYNAMIC_metagenomics_2020/sunbeam_output/qc/decontam/SRR10029150_2.fastq.gz
    output: /mnt/isilon/zackular_lab_hpc/users/dic/projects/DYNAMIC_metagenomics_2020/sunbeam_output/classify/kraken/raw/SRR10029150-raw.tsv
    jobid: 191
    wildcards: sample=SRR10029150
    threads: 4

Submitted job 191 with external jobid 'Submitted batch job 5973321'.

[Tue Aug 10 10:44:18 2021]
rule kraken_classify:
    input: /mnt/isilon/zackular_lab_hpc/users/dic/projects/DYNAMIC_metagenomics_2020/sunbeam_output/qc/decontam/SRR10029135_1.fastq.gz, /mnt/isilon/zackular_lab_hpc/users/dic/projects/DYNAMIC_metagenomics_2020/sunbeam_output/qc/decontam/SRR10029135_2.fastq.gz
    output: /mnt/isilon/zackular_lab_hpc/users/dic/projects/DYNAMIC_metagenomics_2020/sunbeam_output/classify/kraken/raw/SRR10029135-raw.tsv
    jobid: 195
    wildcards: sample=SRR10029135
    threads: 4

Submitted job 195 with external jobid 'Submitted batch job 5973322'.

[Tue Aug 10 10:44:19 2021]
rule kraken_classify:
    input: /mnt/isilon/zackular_lab_hpc/users/dic/projects/DYNAMIC_metagenomics_2020/sunbeam_output/qc/decontam/SRR10029236_1.fastq.gz, /mnt/isilon/zackular_lab_hpc/users/dic/projects/DYNAMIC_metagenomics_2020/sunbeam_output/qc/decontam/SRR10029236_2.fastq.gz
    output: /mnt/isilon/zackular_lab_hpc/users/dic/projects/DYNAMIC_metagenomics_2020/sunbeam_output/classify/kraken/raw/SRR10029236-raw.tsv
    jobid: 245
    wildcards: sample=SRR10029236
    threads: 4

Submitted job 245 with external jobid 'Submitted batch job 5973323'.

[Tue Aug 10 10:44:20 2021]
rule kraken_classify:
    input: /mnt/isilon/zackular_lab_hpc/users/dic/projects/DYNAMIC_metagenomics_2020/sunbeam_output/qc/decontam/SRR10029159_1.fastq.gz, /mnt/isilon/zackular_lab_hpc/users/dic/projects/DYNAMIC_metagenomics_2020/sunbeam_output/qc/decontam/SRR10029159_2.fastq.gz
    output: /mnt/isilon/zackular_lab_hpc/users/dic/projects/DYNAMIC_metagenomics_2020/sunbeam_output/classify/kraken/raw/SRR10029159-raw.tsv
    jobid: 186
    wildcards: sample=SRR10029159
    threads: 4

Submitted job 186 with external jobid 'Submitted batch job 5973324'.
[Tue Aug 10 10:46:35 2021]
Finished job 158.
1 of 49 steps (2%) done

[Tue Aug 10 10:46:35 2021]
rule kraken_report:
    input: /mnt/isilon/zackular_lab_hpc/users/dic/projects/DYNAMIC_metagenomics_2020/sunbeam_output/classify/kraken/raw/SRR10029180-raw.tsv
    output: /mnt/isilon/zackular_lab_hpc/users/dic/projects/DYNAMIC_metagenomics_2020/sunbeam_output/classify/kraken/SRR10029180-taxa.tsv
    jobid: 10
    wildcards: sample=SRR10029180

Submitted job 10 with external jobid 'Submitted batch job 5973335'.
[Tue Aug 10 10:47:23 2021]
Finished job 187.
2 of 49 steps (4%) done

[Tue Aug 10 10:47:23 2021]
rule kraken_report:
    input: /mnt/isilon/zackular_lab_hpc/users/dic/projects/DYNAMIC_metagenomics_2020/sunbeam_output/classify/kraken/raw/SRR10029165-raw.tsv
    output: /mnt/isilon/zackular_lab_hpc/users/dic/projects/DYNAMIC_metagenomics_2020/sunbeam_output/classify/kraken/SRR10029165-taxa.tsv
    jobid: 39
    wildcards: sample=SRR10029165

Submitted job 39 with external jobid 'Submitted batch job 5973340'.
[Tue Aug 10 10:47:34 2021]
Finished job 156.
3 of 49 steps (6%) done

[Tue Aug 10 10:47:34 2021]
rule kraken_report:
    input: /mnt/isilon/zackular_lab_hpc/users/dic/projects/DYNAMIC_metagenomics_2020/sunbeam_output/classify/kraken/raw/SRR10029205-raw.tsv
    output: /mnt/isilon/zackular_lab_hpc/users/dic/projects/DYNAMIC_metagenomics_2020/sunbeam_output/classify/kraken/SRR10029205-taxa.tsv
    jobid: 8
    wildcards: sample=SRR10029205

Submitted job 8 with external jobid 'Submitted batch job 5973341'.
[Tue Aug 10 10:47:35 2021]
Finished job 171.
4 of 49 steps (8%) done

[Tue Aug 10 10:47:35 2021]
rule kraken_report:
    input: /mnt/isilon/zackular_lab_hpc/users/dic/projects/DYNAMIC_metagenomics_2020/sunbeam_output/classify/kraken/raw/SRR10029134-raw.tsv
    output: /mnt/isilon/zackular_lab_hpc/users/dic/projects/DYNAMIC_metagenomics_2020/sunbeam_output/classify/kraken/SRR10029134-taxa.tsv
    jobid: 23
    wildcards: sample=SRR10029134

Submitted job 23 with external jobid 'Submitted batch job 5973342'.
[Tue Aug 10 10:47:46 2021]
Finished job 10.
5 of 49 steps (10%) done
[Tue Aug 10 10:48:35 2021]
Finished job 39.
6 of 49 steps (12%) done
[Tue Aug 10 10:48:35 2021]
Finished job 186.
7 of 49 steps (14%) done

[Tue Aug 10 10:48:35 2021]
rule kraken_report:
    input: /mnt/isilon/zackular_lab_hpc/users/dic/projects/DYNAMIC_metagenomics_2020/sunbeam_output/classify/kraken/raw/SRR10029159-raw.tsv
    output: /mnt/isilon/zackular_lab_hpc/users/dic/projects/DYNAMIC_metagenomics_2020/sunbeam_output/classify/kraken/SRR10029159-taxa.tsv
    jobid: 38
    wildcards: sample=SRR10029159

Submitted job 38 with external jobid 'Submitted batch job 5973346'.
[Tue Aug 10 10:48:35 2021]
Finished job 157.
8 of 49 steps (16%) done

[Tue Aug 10 10:48:35 2021]
rule kraken_report:
    input: /mnt/isilon/zackular_lab_hpc/users/dic/projects/DYNAMIC_metagenomics_2020/sunbeam_output/classify/kraken/raw/SRR10029247-raw.tsv
    output: /mnt/isilon/zackular_lab_hpc/users/dic/projects/DYNAMIC_metagenomics_2020/sunbeam_output/classify/kraken/SRR10029247-taxa.tsv
    jobid: 9
    wildcards: sample=SRR10029247

Submitted job 9 with external jobid 'Submitted batch job 5973347'.
[Tue Aug 10 10:48:48 2021]
Finished job 206.
9 of 49 steps (18%) done

[Tue Aug 10 10:48:48 2021]
rule kraken_report:
    input: /mnt/isilon/zackular_lab_hpc/users/dic/projects/DYNAMIC_metagenomics_2020/sunbeam_output/classify/kraken/raw/SRR10029198-raw.tsv
    output: /mnt/isilon/zackular_lab_hpc/users/dic/projects/DYNAMIC_metagenomics_2020/sunbeam_output/classify/kraken/SRR10029198-taxa.tsv
    jobid: 58
    wildcards: sample=SRR10029198

Submitted job 58 with external jobid 'Submitted batch job 5973349'.
[Tue Aug 10 10:48:59 2021]
Finished job 23.
10 of 49 steps (20%) done
[Tue Aug 10 10:49:47 2021]
Finished job 8.
11 of 49 steps (22%) done
[Tue Aug 10 10:49:48 2021]
Finished job 219.
12 of 49 steps (24%) done

[Tue Aug 10 10:49:48 2021]
rule kraken_report:
    input: /mnt/isilon/zackular_lab_hpc/users/dic/projects/DYNAMIC_metagenomics_2020/sunbeam_output/classify/kraken/raw/SRR10029206-raw.tsv
    output: /mnt/isilon/zackular_lab_hpc/users/dic/projects/DYNAMIC_metagenomics_2020/sunbeam_output/classify/kraken/SRR10029206-taxa.tsv
    jobid: 71
    wildcards: sample=SRR10029206

[Tue Aug 10 10:49:48 2021]
Finished job 195.
13 of 49 steps (27%) done
Submitted job 71 with external jobid 'Submitted batch job 5973350'.

[Tue Aug 10 10:49:48 2021]
rule kraken_report:
    input: /mnt/isilon/zackular_lab_hpc/users/dic/projects/DYNAMIC_metagenomics_2020/sunbeam_output/classify/kraken/raw/SRR10029135-raw.tsv
    output: /mnt/isilon/zackular_lab_hpc/users/dic/projects/DYNAMIC_metagenomics_2020/sunbeam_output/classify/kraken/SRR10029135-taxa.tsv
    jobid: 47
    wildcards: sample=SRR10029135

Submitted job 47 with external jobid 'Submitted batch job 5973351'.
[Tue Aug 10 10:50:32 2021]
Finished job 38.
14 of 49 steps (29%) done
[Tue Aug 10 10:50:32 2021]
Finished job 9.
15 of 49 steps (31%) done
[Tue Aug 10 10:50:44 2021]
Finished job 247.
16 of 49 steps (33%) done

[Tue Aug 10 10:50:44 2021]
rule kraken_report:
    input: /mnt/isilon/zackular_lab_hpc/users/dic/projects/DYNAMIC_metagenomics_2020/sunbeam_output/classify/kraken/raw/SRR10029209-raw.tsv
    output: /mnt/isilon/zackular_lab_hpc/users/dic/projects/DYNAMIC_metagenomics_2020/sunbeam_output/classify/kraken/SRR10029209-taxa.tsv
    jobid: 99
    wildcards: sample=SRR10029209

Submitted job 99 with external jobid 'Submitted batch job 5973352'.
[Tue Aug 10 10:50:55 2021]
Finished job 58.
17 of 49 steps (35%) done
[Tue Aug 10 10:50:56 2021]
Finished job 47.
18 of 49 steps (37%) done
[Tue Aug 10 10:51:40 2021]
Finished job 71.
19 of 49 steps (39%) done
[Tue Aug 10 10:53:29 2021]
Finished job 99.
20 of 49 steps (41%) done
[Tue Aug 10 19:30:01 2021]
Finished job 294.
21 of 49 steps (43%) done

[Tue Aug 10 19:30:01 2021]
rule kraken_report:
    input: /mnt/isilon/zackular_lab_hpc/users/dic/projects/DYNAMIC_metagenomics_2020/sunbeam_output/classify/kraken/raw/SRR10029181-raw.tsv
    output: /mnt/isilon/zackular_lab_hpc/users/dic/projects/DYNAMIC_metagenomics_2020/sunbeam_output/classify/kraken/SRR10029181-taxa.tsv
    jobid: 146
    wildcards: sample=SRR10029181

Submitted job 146 with external jobid 'Submitted batch job 5981628'.
[Tue Aug 10 19:31:51 2021]
Finished job 146.
22 of 49 steps (45%) done
